[0.128s] DEBUG:colcon:Command line arguments: ['/usr/bin/colcon', 'build']
[0.128s] DEBUG:colcon:Parsed command line arguments: Namespace(log_base=None, log_level=None, verb_name='build', build_base='build', install_base='install', merge_install=False, symlink_install=False, test_result_base=None, continue_on_error=False, executor='parallel', parallel_workers=20, event_handlers=None, ignore_user_meta=False, metas=['./colcon.meta'], base_paths=['.'], packages_ignore=None, packages_ignore_regex=None, paths=None, packages_up_to=None, packages_up_to_regex=None, packages_above=None, packages_above_and_dependencies=None, packages_above_depth=None, packages_select_by_dep=None, packages_skip_by_dep=None, packages_skip_up_to=None, packages_select_build_failed=False, packages_skip_build_finished=False, packages_select_test_failures=False, packages_skip_test_passed=False, packages_select=None, packages_skip=None, packages_select_regex=None, packages_skip_regex=None, packages_start=None, packages_end=None, allow_overriding=[], cmake_args=None, cmake_target=None, cmake_target_skip_unavailable=False, cmake_clean_cache=False, cmake_clean_first=False, cmake_force_configure=False, ament_cmake_args=None, catkin_cmake_args=None, catkin_skip_building_tests=False, mixin_files=None, mixin=None, verb_parser=<colcon_mixin.mixin.mixin_argument.MixinArgumentDecorator object at 0x798790338aa0>, verb_extension=<colcon_core.verb.build.BuildVerb object at 0x7987903387a0>, main=<bound method BuildVerb.main of <colcon_core.verb.build.BuildVerb object at 0x7987903387a0>>, mixin_verb=('build',))
[0.175s] Level 1:colcon.colcon_core.package_discovery:discover_packages(colcon_meta) check parameters
[0.175s] Level 1:colcon.colcon_core.package_discovery:discover_packages(recursive) check parameters
[0.175s] Level 1:colcon.colcon_core.package_discovery:discover_packages(ignore) check parameters
[0.175s] Level 1:colcon.colcon_core.package_discovery:discover_packages(path) check parameters
[0.175s] Level 1:colcon.colcon_core.package_discovery:discover_packages(colcon_meta) discover
[0.175s] Level 1:colcon.colcon_core.package_discovery:discover_packages(recursive) discover
[0.175s] INFO:colcon.colcon_core.package_discovery:Crawling recursively for packages in '/home/eren/ern/projects/main_kasva_ws'
[0.175s] Level 1:colcon.colcon_core.package_identification:_identify(.) by extensions ['ignore', 'ignore_ament_install']
[0.175s] Level 1:colcon.colcon_core.package_identification:_identify(.) by extension 'ignore'
[0.176s] Level 1:colcon.colcon_core.package_identification:_identify(.) by extension 'ignore_ament_install'
[0.176s] Level 1:colcon.colcon_core.package_identification:_identify(.) by extensions ['colcon_pkg']
[0.176s] Level 1:colcon.colcon_core.package_identification:_identify(.) by extension 'colcon_pkg'
[0.176s] Level 1:colcon.colcon_core.package_identification:_identify(.) by extensions ['colcon_meta']
[0.176s] Level 1:colcon.colcon_core.package_identification:_identify(.) by extension 'colcon_meta'
[0.176s] Level 1:colcon.colcon_core.package_identification:_identify(.) by extensions ['ros']
[0.176s] Level 1:colcon.colcon_core.package_identification:_identify(.) by extension 'ros'
[0.209s] Level 1:colcon.colcon_core.package_identification:_identify(.) by extensions ['cmake', 'python']
[0.209s] Level 1:colcon.colcon_core.package_identification:_identify(.) by extension 'cmake'
[0.209s] Level 1:colcon.colcon_core.package_identification:_identify(.) by extension 'python'
[0.209s] Level 1:colcon.colcon_core.package_identification:_identify(.) by extensions ['python_setup_py']
[0.209s] Level 1:colcon.colcon_core.package_identification:_identify(.) by extension 'python_setup_py'
[0.209s] Level 1:colcon.colcon_core.package_identification:_identify(build) by extensions ['ignore', 'ignore_ament_install']
[0.210s] Level 1:colcon.colcon_core.package_identification:_identify(build) by extension 'ignore'
[0.210s] Level 1:colcon.colcon_core.package_identification:_identify(build) ignored
[0.210s] Level 1:colcon.colcon_core.package_identification:_identify(install) by extensions ['ignore', 'ignore_ament_install']
[0.210s] Level 1:colcon.colcon_core.package_identification:_identify(install) by extension 'ignore'
[0.210s] Level 1:colcon.colcon_core.package_identification:_identify(install) ignored
[0.210s] Level 1:colcon.colcon_core.package_identification:_identify(log) by extensions ['ignore', 'ignore_ament_install']
[0.210s] Level 1:colcon.colcon_core.package_identification:_identify(log) by extension 'ignore'
[0.210s] Level 1:colcon.colcon_core.package_identification:_identify(log) ignored
[0.210s] Level 1:colcon.colcon_core.package_identification:_identify(src) by extensions ['ignore', 'ignore_ament_install']
[0.211s] Level 1:colcon.colcon_core.package_identification:_identify(src) by extension 'ignore'
[0.211s] Level 1:colcon.colcon_core.package_identification:_identify(src) by extension 'ignore_ament_install'
[0.211s] Level 1:colcon.colcon_core.package_identification:_identify(src) by extensions ['colcon_pkg']
[0.211s] Level 1:colcon.colcon_core.package_identification:_identify(src) by extension 'colcon_pkg'
[0.211s] Level 1:colcon.colcon_core.package_identification:_identify(src) by extensions ['colcon_meta']
[0.211s] Level 1:colcon.colcon_core.package_identification:_identify(src) by extension 'colcon_meta'
[0.211s] Level 1:colcon.colcon_core.package_identification:_identify(src) by extensions ['ros']
[0.211s] Level 1:colcon.colcon_core.package_identification:_identify(src) by extension 'ros'
[0.211s] Level 1:colcon.colcon_core.package_identification:_identify(src) by extensions ['cmake', 'python']
[0.211s] Level 1:colcon.colcon_core.package_identification:_identify(src) by extension 'cmake'
[0.211s] Level 1:colcon.colcon_core.package_identification:_identify(src) by extension 'python'
[0.211s] Level 1:colcon.colcon_core.package_identification:_identify(src) by extensions ['python_setup_py']
[0.211s] Level 1:colcon.colcon_core.package_identification:_identify(src) by extension 'python_setup_py'
[0.211s] Level 1:colcon.colcon_core.package_identification:_identify(src/gui) by extensions ['ignore', 'ignore_ament_install']
[0.211s] Level 1:colcon.colcon_core.package_identification:_identify(src/gui) by extension 'ignore'
[0.211s] Level 1:colcon.colcon_core.package_identification:_identify(src/gui) by extension 'ignore_ament_install'
[0.211s] Level 1:colcon.colcon_core.package_identification:_identify(src/gui) by extensions ['colcon_pkg']
[0.211s] Level 1:colcon.colcon_core.package_identification:_identify(src/gui) by extension 'colcon_pkg'
[0.211s] Level 1:colcon.colcon_core.package_identification:_identify(src/gui) by extensions ['colcon_meta']
[0.211s] Level 1:colcon.colcon_core.package_identification:_identify(src/gui) by extension 'colcon_meta'
[0.211s] Level 1:colcon.colcon_core.package_identification:_identify(src/gui) by extensions ['ros']
[0.211s] Level 1:colcon.colcon_core.package_identification:_identify(src/gui) by extension 'ros'
[0.214s] DEBUG:colcon.colcon_core.package_identification:Package 'src/gui' with type 'ros.ament_python' and name 'gui'
[0.215s] Level 1:colcon.colcon_core.package_identification:_identify(src/img_pro) by extensions ['ignore', 'ignore_ament_install']
[0.215s] Level 1:colcon.colcon_core.package_identification:_identify(src/img_pro) by extension 'ignore'
[0.215s] Level 1:colcon.colcon_core.package_identification:_identify(src/img_pro) by extension 'ignore_ament_install'
[0.215s] Level 1:colcon.colcon_core.package_identification:_identify(src/img_pro) by extensions ['colcon_pkg']
[0.215s] Level 1:colcon.colcon_core.package_identification:_identify(src/img_pro) by extension 'colcon_pkg'
[0.215s] Level 1:colcon.colcon_core.package_identification:_identify(src/img_pro) by extensions ['colcon_meta']
[0.215s] Level 1:colcon.colcon_core.package_identification:_identify(src/img_pro) by extension 'colcon_meta'
[0.215s] Level 1:colcon.colcon_core.package_identification:_identify(src/img_pro) by extensions ['ros']
[0.215s] Level 1:colcon.colcon_core.package_identification:_identify(src/img_pro) by extension 'ros'
[0.216s] DEBUG:colcon.colcon_core.package_identification:Package 'src/img_pro' with type 'ros.ament_python' and name 'img_pro'
[0.216s] Level 1:colcon.colcon_core.package_identification:_identify(src/interfaces) by extensions ['ignore', 'ignore_ament_install']
[0.216s] Level 1:colcon.colcon_core.package_identification:_identify(src/interfaces) by extension 'ignore'
[0.216s] Level 1:colcon.colcon_core.package_identification:_identify(src/interfaces) by extension 'ignore_ament_install'
[0.216s] Level 1:colcon.colcon_core.package_identification:_identify(src/interfaces) by extensions ['colcon_pkg']
[0.216s] Level 1:colcon.colcon_core.package_identification:_identify(src/interfaces) by extension 'colcon_pkg'
[0.216s] Level 1:colcon.colcon_core.package_identification:_identify(src/interfaces) by extensions ['colcon_meta']
[0.216s] Level 1:colcon.colcon_core.package_identification:_identify(src/interfaces) by extension 'colcon_meta'
[0.216s] Level 1:colcon.colcon_core.package_identification:_identify(src/interfaces) by extensions ['ros']
[0.216s] Level 1:colcon.colcon_core.package_identification:_identify(src/interfaces) by extension 'ros'
[0.217s] DEBUG:colcon.colcon_core.package_identification:Package 'src/interfaces' with type 'ros.ament_cmake' and name 'interfaces'
[0.217s] Level 1:colcon.colcon_core.package_identification:_identify(src/kasva_odom) by extensions ['ignore', 'ignore_ament_install']
[0.217s] Level 1:colcon.colcon_core.package_identification:_identify(src/kasva_odom) by extension 'ignore'
[0.217s] Level 1:colcon.colcon_core.package_identification:_identify(src/kasva_odom) by extension 'ignore_ament_install'
[0.217s] Level 1:colcon.colcon_core.package_identification:_identify(src/kasva_odom) by extensions ['colcon_pkg']
[0.217s] Level 1:colcon.colcon_core.package_identification:_identify(src/kasva_odom) by extension 'colcon_pkg'
[0.217s] Level 1:colcon.colcon_core.package_identification:_identify(src/kasva_odom) by extensions ['colcon_meta']
[0.217s] Level 1:colcon.colcon_core.package_identification:_identify(src/kasva_odom) by extension 'colcon_meta'
[0.217s] Level 1:colcon.colcon_core.package_identification:_identify(src/kasva_odom) by extensions ['ros']
[0.217s] Level 1:colcon.colcon_core.package_identification:_identify(src/kasva_odom) by extension 'ros'
[0.218s] DEBUG:colcon.colcon_core.package_identification:Package 'src/kasva_odom' with type 'ros.ament_cmake' and name 'kasva_odom'
[0.218s] Level 1:colcon.colcon_core.package_identification:_identify(src/kasva_sekli) by extensions ['ignore', 'ignore_ament_install']
[0.219s] Level 1:colcon.colcon_core.package_identification:_identify(src/kasva_sekli) by extension 'ignore'
[0.219s] Level 1:colcon.colcon_core.package_identification:_identify(src/kasva_sekli) by extension 'ignore_ament_install'
[0.219s] Level 1:colcon.colcon_core.package_identification:_identify(src/kasva_sekli) by extensions ['colcon_pkg']
[0.219s] Level 1:colcon.colcon_core.package_identification:_identify(src/kasva_sekli) by extension 'colcon_pkg'
[0.219s] Level 1:colcon.colcon_core.package_identification:_identify(src/kasva_sekli) by extensions ['colcon_meta']
[0.219s] Level 1:colcon.colcon_core.package_identification:_identify(src/kasva_sekli) by extension 'colcon_meta'
[0.219s] Level 1:colcon.colcon_core.package_identification:_identify(src/kasva_sekli) by extensions ['ros']
[0.219s] Level 1:colcon.colcon_core.package_identification:_identify(src/kasva_sekli) by extension 'ros'
[0.219s] DEBUG:colcon.colcon_core.package_identification:Package 'src/kasva_sekli' with type 'ros.ament_cmake' and name 'kasva_sekli'
[0.219s] Level 1:colcon.colcon_core.package_identification:_identify(src/manager) by extensions ['ignore', 'ignore_ament_install']
[0.219s] Level 1:colcon.colcon_core.package_identification:_identify(src/manager) by extension 'ignore'
[0.219s] Level 1:colcon.colcon_core.package_identification:_identify(src/manager) by extension 'ignore_ament_install'
[0.220s] Level 1:colcon.colcon_core.package_identification:_identify(src/manager) by extensions ['colcon_pkg']
[0.220s] Level 1:colcon.colcon_core.package_identification:_identify(src/manager) by extension 'colcon_pkg'
[0.220s] Level 1:colcon.colcon_core.package_identification:_identify(src/manager) by extensions ['colcon_meta']
[0.220s] Level 1:colcon.colcon_core.package_identification:_identify(src/manager) by extension 'colcon_meta'
[0.220s] Level 1:colcon.colcon_core.package_identification:_identify(src/manager) by extensions ['ros']
[0.220s] Level 1:colcon.colcon_core.package_identification:_identify(src/manager) by extension 'ros'
[0.220s] DEBUG:colcon.colcon_core.package_identification:Package 'src/manager' with type 'ros.ament_python' and name 'manager'
[0.220s] Level 1:colcon.colcon_core.package_identification:_identify(src/obstacle) by extensions ['ignore', 'ignore_ament_install']
[0.220s] Level 1:colcon.colcon_core.package_identification:_identify(src/obstacle) by extension 'ignore'
[0.220s] Level 1:colcon.colcon_core.package_identification:_identify(src/obstacle) by extension 'ignore_ament_install'
[0.221s] Level 1:colcon.colcon_core.package_identification:_identify(src/obstacle) by extensions ['colcon_pkg']
[0.221s] Level 1:colcon.colcon_core.package_identification:_identify(src/obstacle) by extension 'colcon_pkg'
[0.221s] Level 1:colcon.colcon_core.package_identification:_identify(src/obstacle) by extensions ['colcon_meta']
[0.221s] Level 1:colcon.colcon_core.package_identification:_identify(src/obstacle) by extension 'colcon_meta'
[0.221s] Level 1:colcon.colcon_core.package_identification:_identify(src/obstacle) by extensions ['ros']
[0.221s] Level 1:colcon.colcon_core.package_identification:_identify(src/obstacle) by extension 'ros'
[0.221s] DEBUG:colcon.colcon_core.package_identification:Package 'src/obstacle' with type 'ros.ament_python' and name 'obstacle'
[0.221s] Level 1:colcon.colcon_core.package_discovery:discover_packages(recursive) using defaults
[0.221s] Level 1:colcon.colcon_core.package_discovery:discover_packages(ignore) discover
[0.221s] Level 1:colcon.colcon_core.package_discovery:discover_packages(ignore) using defaults
[0.221s] Level 1:colcon.colcon_core.package_discovery:discover_packages(path) discover
[0.221s] Level 1:colcon.colcon_core.package_discovery:discover_packages(path) using defaults
[0.244s] Level 1:colcon.colcon_core.package_discovery:discover_packages(prefix_path) check parameters
[0.244s] Level 1:colcon.colcon_core.package_discovery:discover_packages(prefix_path) discover
[0.247s] DEBUG:colcon.colcon_installed_package_information.package_discovery:Found 7 installed packages in /home/eren/ern/projects/main_kasva_ws/install
[0.249s] DEBUG:colcon.colcon_installed_package_information.package_discovery:Found 367 installed packages in /opt/ros/jazzy
[0.250s] Level 1:colcon.colcon_core.package_discovery:discover_packages(prefix_path) using defaults
[0.300s] Level 5:colcon.colcon_core.verb:set package 'gui' build argument 'cmake_args' from command line to 'None'
[0.301s] Level 5:colcon.colcon_core.verb:set package 'gui' build argument 'cmake_target' from command line to 'None'
[0.301s] Level 5:colcon.colcon_core.verb:set package 'gui' build argument 'cmake_target_skip_unavailable' from command line to 'False'
[0.301s] Level 5:colcon.colcon_core.verb:set package 'gui' build argument 'cmake_clean_cache' from command line to 'False'
[0.301s] Level 5:colcon.colcon_core.verb:set package 'gui' build argument 'cmake_clean_first' from command line to 'False'
[0.301s] Level 5:colcon.colcon_core.verb:set package 'gui' build argument 'cmake_force_configure' from command line to 'False'
[0.301s] Level 5:colcon.colcon_core.verb:set package 'gui' build argument 'ament_cmake_args' from command line to 'None'
[0.301s] Level 5:colcon.colcon_core.verb:set package 'gui' build argument 'catkin_cmake_args' from command line to 'None'
[0.301s] Level 5:colcon.colcon_core.verb:set package 'gui' build argument 'catkin_skip_building_tests' from command line to 'False'
[0.301s] DEBUG:colcon.colcon_core.verb:Building package 'gui' with the following arguments: {'ament_cmake_args': None, 'build_base': '/home/eren/ern/projects/main_kasva_ws/build/gui', 'catkin_cmake_args': None, 'catkin_skip_building_tests': False, 'cmake_args': None, 'cmake_clean_cache': False, 'cmake_clean_first': False, 'cmake_force_configure': False, 'cmake_target': None, 'cmake_target_skip_unavailable': False, 'install_base': '/home/eren/ern/projects/main_kasva_ws/install/gui', 'merge_install': False, 'path': '/home/eren/ern/projects/main_kasva_ws/src/gui', 'symlink_install': False, 'test_result_base': None}
[0.301s] Level 5:colcon.colcon_core.verb:set package 'img_pro' build argument 'cmake_args' from command line to 'None'
[0.301s] Level 5:colcon.colcon_core.verb:set package 'img_pro' build argument 'cmake_target' from command line to 'None'
[0.301s] Level 5:colcon.colcon_core.verb:set package 'img_pro' build argument 'cmake_target_skip_unavailable' from command line to 'False'
[0.301s] Level 5:colcon.colcon_core.verb:set package 'img_pro' build argument 'cmake_clean_cache' from command line to 'False'
[0.301s] Level 5:colcon.colcon_core.verb:set package 'img_pro' build argument 'cmake_clean_first' from command line to 'False'
[0.301s] Level 5:colcon.colcon_core.verb:set package 'img_pro' build argument 'cmake_force_configure' from command line to 'False'
[0.301s] Level 5:colcon.colcon_core.verb:set package 'img_pro' build argument 'ament_cmake_args' from command line to 'None'
[0.301s] Level 5:colcon.colcon_core.verb:set package 'img_pro' build argument 'catkin_cmake_args' from command line to 'None'
[0.301s] Level 5:colcon.colcon_core.verb:set package 'img_pro' build argument 'catkin_skip_building_tests' from command line to 'False'
[0.301s] DEBUG:colcon.colcon_core.verb:Building package 'img_pro' with the following arguments: {'ament_cmake_args': None, 'build_base': '/home/eren/ern/projects/main_kasva_ws/build/img_pro', 'catkin_cmake_args': None, 'catkin_skip_building_tests': False, 'cmake_args': None, 'cmake_clean_cache': False, 'cmake_clean_first': False, 'cmake_force_configure': False, 'cmake_target': None, 'cmake_target_skip_unavailable': False, 'install_base': '/home/eren/ern/projects/main_kasva_ws/install/img_pro', 'merge_install': False, 'path': '/home/eren/ern/projects/main_kasva_ws/src/img_pro', 'symlink_install': False, 'test_result_base': None}
[0.302s] Level 5:colcon.colcon_core.verb:set package 'interfaces' build argument 'cmake_args' from command line to 'None'
[0.302s] Level 5:colcon.colcon_core.verb:set package 'interfaces' build argument 'cmake_target' from command line to 'None'
[0.302s] Level 5:colcon.colcon_core.verb:set package 'interfaces' build argument 'cmake_target_skip_unavailable' from command line to 'False'
[0.302s] Level 5:colcon.colcon_core.verb:set package 'interfaces' build argument 'cmake_clean_cache' from command line to 'False'
[0.302s] Level 5:colcon.colcon_core.verb:set package 'interfaces' build argument 'cmake_clean_first' from command line to 'False'
[0.302s] Level 5:colcon.colcon_core.verb:set package 'interfaces' build argument 'cmake_force_configure' from command line to 'False'
[0.302s] Level 5:colcon.colcon_core.verb:set package 'interfaces' build argument 'ament_cmake_args' from command line to 'None'
[0.302s] Level 5:colcon.colcon_core.verb:set package 'interfaces' build argument 'catkin_cmake_args' from command line to 'None'
[0.302s] Level 5:colcon.colcon_core.verb:set package 'interfaces' build argument 'catkin_skip_building_tests' from command line to 'False'
[0.302s] DEBUG:colcon.colcon_core.verb:Building package 'interfaces' with the following arguments: {'ament_cmake_args': None, 'build_base': '/home/eren/ern/projects/main_kasva_ws/build/interfaces', 'catkin_cmake_args': None, 'catkin_skip_building_tests': False, 'cmake_args': None, 'cmake_clean_cache': False, 'cmake_clean_first': False, 'cmake_force_configure': False, 'cmake_target': None, 'cmake_target_skip_unavailable': False, 'install_base': '/home/eren/ern/projects/main_kasva_ws/install/interfaces', 'merge_install': False, 'path': '/home/eren/ern/projects/main_kasva_ws/src/interfaces', 'symlink_install': False, 'test_result_base': None}
[0.302s] Level 5:colcon.colcon_core.verb:set package 'kasva_odom' build argument 'cmake_args' from command line to 'None'
[0.302s] Level 5:colcon.colcon_core.verb:set package 'kasva_odom' build argument 'cmake_target' from command line to 'None'
[0.302s] Level 5:colcon.colcon_core.verb:set package 'kasva_odom' build argument 'cmake_target_skip_unavailable' from command line to 'False'
[0.302s] Level 5:colcon.colcon_core.verb:set package 'kasva_odom' build argument 'cmake_clean_cache' from command line to 'False'
[0.302s] Level 5:colcon.colcon_core.verb:set package 'kasva_odom' build argument 'cmake_clean_first' from command line to 'False'
[0.302s] Level 5:colcon.colcon_core.verb:set package 'kasva_odom' build argument 'cmake_force_configure' from command line to 'False'
[0.302s] Level 5:colcon.colcon_core.verb:set package 'kasva_odom' build argument 'ament_cmake_args' from command line to 'None'
[0.302s] Level 5:colcon.colcon_core.verb:set package 'kasva_odom' build argument 'catkin_cmake_args' from command line to 'None'
[0.302s] Level 5:colcon.colcon_core.verb:set package 'kasva_odom' build argument 'catkin_skip_building_tests' from command line to 'False'
[0.302s] DEBUG:colcon.colcon_core.verb:Building package 'kasva_odom' with the following arguments: {'ament_cmake_args': None, 'build_base': '/home/eren/ern/projects/main_kasva_ws/build/kasva_odom', 'catkin_cmake_args': None, 'catkin_skip_building_tests': False, 'cmake_args': None, 'cmake_clean_cache': False, 'cmake_clean_first': False, 'cmake_force_configure': False, 'cmake_target': None, 'cmake_target_skip_unavailable': False, 'install_base': '/home/eren/ern/projects/main_kasva_ws/install/kasva_odom', 'merge_install': False, 'path': '/home/eren/ern/projects/main_kasva_ws/src/kasva_odom', 'symlink_install': False, 'test_result_base': None}
[0.303s] Level 5:colcon.colcon_core.verb:set package 'kasva_sekli' build argument 'cmake_args' from command line to 'None'
[0.303s] Level 5:colcon.colcon_core.verb:set package 'kasva_sekli' build argument 'cmake_target' from command line to 'None'
[0.303s] Level 5:colcon.colcon_core.verb:set package 'kasva_sekli' build argument 'cmake_target_skip_unavailable' from command line to 'False'
[0.303s] Level 5:colcon.colcon_core.verb:set package 'kasva_sekli' build argument 'cmake_clean_cache' from command line to 'False'
[0.303s] Level 5:colcon.colcon_core.verb:set package 'kasva_sekli' build argument 'cmake_clean_first' from command line to 'False'
[0.303s] Level 5:colcon.colcon_core.verb:set package 'kasva_sekli' build argument 'cmake_force_configure' from command line to 'False'
[0.303s] Level 5:colcon.colcon_core.verb:set package 'kasva_sekli' build argument 'ament_cmake_args' from command line to 'None'
[0.303s] Level 5:colcon.colcon_core.verb:set package 'kasva_sekli' build argument 'catkin_cmake_args' from command line to 'None'
[0.303s] Level 5:colcon.colcon_core.verb:set package 'kasva_sekli' build argument 'catkin_skip_building_tests' from command line to 'False'
[0.303s] DEBUG:colcon.colcon_core.verb:Building package 'kasva_sekli' with the following arguments: {'ament_cmake_args': None, 'build_base': '/home/eren/ern/projects/main_kasva_ws/build/kasva_sekli', 'catkin_cmake_args': None, 'catkin_skip_building_tests': False, 'cmake_args': None, 'cmake_clean_cache': False, 'cmake_clean_first': False, 'cmake_force_configure': False, 'cmake_target': None, 'cmake_target_skip_unavailable': False, 'install_base': '/home/eren/ern/projects/main_kasva_ws/install/kasva_sekli', 'merge_install': False, 'path': '/home/eren/ern/projects/main_kasva_ws/src/kasva_sekli', 'symlink_install': False, 'test_result_base': None}
[0.303s] Level 5:colcon.colcon_core.verb:set package 'manager' build argument 'cmake_args' from command line to 'None'
[0.303s] Level 5:colcon.colcon_core.verb:set package 'manager' build argument 'cmake_target' from command line to 'None'
[0.303s] Level 5:colcon.colcon_core.verb:set package 'manager' build argument 'cmake_target_skip_unavailable' from command line to 'False'
[0.303s] Level 5:colcon.colcon_core.verb:set package 'manager' build argument 'cmake_clean_cache' from command line to 'False'
[0.303s] Level 5:colcon.colcon_core.verb:set package 'manager' build argument 'cmake_clean_first' from command line to 'False'
[0.303s] Level 5:colcon.colcon_core.verb:set package 'manager' build argument 'cmake_force_configure' from command line to 'False'
[0.303s] Level 5:colcon.colcon_core.verb:set package 'manager' build argument 'ament_cmake_args' from command line to 'None'
[0.303s] Level 5:colcon.colcon_core.verb:set package 'manager' build argument 'catkin_cmake_args' from command line to 'None'
[0.303s] Level 5:colcon.colcon_core.verb:set package 'manager' build argument 'catkin_skip_building_tests' from command line to 'False'
[0.303s] DEBUG:colcon.colcon_core.verb:Building package 'manager' with the following arguments: {'ament_cmake_args': None, 'build_base': '/home/eren/ern/projects/main_kasva_ws/build/manager', 'catkin_cmake_args': None, 'catkin_skip_building_tests': False, 'cmake_args': None, 'cmake_clean_cache': False, 'cmake_clean_first': False, 'cmake_force_configure': False, 'cmake_target': None, 'cmake_target_skip_unavailable': False, 'install_base': '/home/eren/ern/projects/main_kasva_ws/install/manager', 'merge_install': False, 'path': '/home/eren/ern/projects/main_kasva_ws/src/manager', 'symlink_install': False, 'test_result_base': None}
[0.304s] Level 5:colcon.colcon_core.verb:set package 'obstacle' build argument 'cmake_args' from command line to 'None'
[0.304s] Level 5:colcon.colcon_core.verb:set package 'obstacle' build argument 'cmake_target' from command line to 'None'
[0.304s] Level 5:colcon.colcon_core.verb:set package 'obstacle' build argument 'cmake_target_skip_unavailable' from command line to 'False'
[0.304s] Level 5:colcon.colcon_core.verb:set package 'obstacle' build argument 'cmake_clean_cache' from command line to 'False'
[0.304s] Level 5:colcon.colcon_core.verb:set package 'obstacle' build argument 'cmake_clean_first' from command line to 'False'
[0.304s] Level 5:colcon.colcon_core.verb:set package 'obstacle' build argument 'cmake_force_configure' from command line to 'False'
[0.304s] Level 5:colcon.colcon_core.verb:set package 'obstacle' build argument 'ament_cmake_args' from command line to 'None'
[0.304s] Level 5:colcon.colcon_core.verb:set package 'obstacle' build argument 'catkin_cmake_args' from command line to 'None'
[0.304s] Level 5:colcon.colcon_core.verb:set package 'obstacle' build argument 'catkin_skip_building_tests' from command line to 'False'
[0.304s] DEBUG:colcon.colcon_core.verb:Building package 'obstacle' with the following arguments: {'ament_cmake_args': None, 'build_base': '/home/eren/ern/projects/main_kasva_ws/build/obstacle', 'catkin_cmake_args': None, 'catkin_skip_building_tests': False, 'cmake_args': None, 'cmake_clean_cache': False, 'cmake_clean_first': False, 'cmake_force_configure': False, 'cmake_target': None, 'cmake_target_skip_unavailable': False, 'install_base': '/home/eren/ern/projects/main_kasva_ws/install/obstacle', 'merge_install': False, 'path': '/home/eren/ern/projects/main_kasva_ws/src/obstacle', 'symlink_install': False, 'test_result_base': None}
[0.304s] INFO:colcon.colcon_core.executor:Executing jobs using 'parallel' executor
[0.305s] DEBUG:colcon.colcon_parallel_executor.executor.parallel:run_until_complete
[0.305s] INFO:colcon.colcon_ros.task.ament_python.build:Building ROS package in '/home/eren/ern/projects/main_kasva_ws/src/gui' with build type 'ament_python'
[0.305s] Level 1:colcon.colcon_core.shell:create_environment_hook('gui', 'ament_prefix_path')
[0.308s] INFO:colcon.colcon_core.plugin_system:Skipping extension 'colcon_core.shell.bat': Not used on non-Windows systems
[0.308s] INFO:colcon.colcon_core.shell:Creating environment hook '/home/eren/ern/projects/main_kasva_ws/install/gui/share/gui/hook/ament_prefix_path.ps1'
[0.309s] INFO:colcon.colcon_core.shell:Creating environment descriptor '/home/eren/ern/projects/main_kasva_ws/install/gui/share/gui/hook/ament_prefix_path.dsv'
[0.309s] INFO:colcon.colcon_core.shell:Creating environment hook '/home/eren/ern/projects/main_kasva_ws/install/gui/share/gui/hook/ament_prefix_path.sh'
[0.310s] INFO:colcon.colcon_core.shell:Skip shell extension 'powershell' for command environment: Not usable outside of PowerShell
[0.310s] DEBUG:colcon.colcon_core.shell:Skip shell extension 'dsv' for command environment
[0.314s] INFO:colcon.colcon_ros.task.ament_python.build:Building ROS package in '/home/eren/ern/projects/main_kasva_ws/src/img_pro' with build type 'ament_python'
[0.314s] Level 1:colcon.colcon_core.shell:create_environment_hook('img_pro', 'ament_prefix_path')
[0.314s] INFO:colcon.colcon_core.shell:Creating environment hook '/home/eren/ern/projects/main_kasva_ws/install/img_pro/share/img_pro/hook/ament_prefix_path.ps1'
[0.315s] INFO:colcon.colcon_core.shell:Creating environment descriptor '/home/eren/ern/projects/main_kasva_ws/install/img_pro/share/img_pro/hook/ament_prefix_path.dsv'
[0.315s] INFO:colcon.colcon_core.shell:Creating environment hook '/home/eren/ern/projects/main_kasva_ws/install/img_pro/share/img_pro/hook/ament_prefix_path.sh'
[0.316s] INFO:colcon.colcon_core.shell:Skip shell extension 'powershell' for command environment: Not usable outside of PowerShell
[0.316s] DEBUG:colcon.colcon_core.shell:Skip shell extension 'dsv' for command environment
[0.321s] INFO:colcon.colcon_ros.task.ament_cmake.build:Building ROS package in '/home/eren/ern/projects/main_kasva_ws/src/interfaces' with build type 'ament_cmake'
[0.321s] INFO:colcon.colcon_cmake.task.cmake.build:Building CMake package in '/home/eren/ern/projects/main_kasva_ws/src/interfaces'
[0.321s] INFO:colcon.colcon_core.shell:Skip shell extension 'powershell' for command environment: Not usable outside of PowerShell
[0.321s] DEBUG:colcon.colcon_core.shell:Skip shell extension 'dsv' for command environment
[0.326s] INFO:colcon.colcon_ros.task.ament_cmake.build:Building ROS package in '/home/eren/ern/projects/main_kasva_ws/src/kasva_odom' with build type 'ament_cmake'
[0.327s] INFO:colcon.colcon_cmake.task.cmake.build:Building CMake package in '/home/eren/ern/projects/main_kasva_ws/src/kasva_odom'
[0.327s] INFO:colcon.colcon_core.shell:Skip shell extension 'powershell' for command environment: Not usable outside of PowerShell
[0.327s] DEBUG:colcon.colcon_core.shell:Skip shell extension 'dsv' for command environment
[0.331s] INFO:colcon.colcon_ros.task.ament_cmake.build:Building ROS package in '/home/eren/ern/projects/main_kasva_ws/src/kasva_sekli' with build type 'ament_cmake'
[0.331s] INFO:colcon.colcon_cmake.task.cmake.build:Building CMake package in '/home/eren/ern/projects/main_kasva_ws/src/kasva_sekli'
[0.331s] INFO:colcon.colcon_core.shell:Skip shell extension 'powershell' for command environment: Not usable outside of PowerShell
[0.331s] DEBUG:colcon.colcon_core.shell:Skip shell extension 'dsv' for command environment
[0.336s] INFO:colcon.colcon_ros.task.ament_python.build:Building ROS package in '/home/eren/ern/projects/main_kasva_ws/src/manager' with build type 'ament_python'
[0.336s] Level 1:colcon.colcon_core.shell:create_environment_hook('manager', 'ament_prefix_path')
[0.336s] INFO:colcon.colcon_core.shell:Creating environment hook '/home/eren/ern/projects/main_kasva_ws/install/manager/share/manager/hook/ament_prefix_path.ps1'
[0.337s] INFO:colcon.colcon_core.shell:Creating environment descriptor '/home/eren/ern/projects/main_kasva_ws/install/manager/share/manager/hook/ament_prefix_path.dsv'
[0.337s] INFO:colcon.colcon_core.shell:Creating environment hook '/home/eren/ern/projects/main_kasva_ws/install/manager/share/manager/hook/ament_prefix_path.sh'
[0.338s] INFO:colcon.colcon_core.shell:Skip shell extension 'powershell' for command environment: Not usable outside of PowerShell
[0.338s] DEBUG:colcon.colcon_core.shell:Skip shell extension 'dsv' for command environment
[0.342s] INFO:colcon.colcon_ros.task.ament_python.build:Building ROS package in '/home/eren/ern/projects/main_kasva_ws/src/obstacle' with build type 'ament_python'
[0.342s] Level 1:colcon.colcon_core.shell:create_environment_hook('obstacle', 'ament_prefix_path')
[0.342s] INFO:colcon.colcon_core.shell:Creating environment hook '/home/eren/ern/projects/main_kasva_ws/install/obstacle/share/obstacle/hook/ament_prefix_path.ps1'
[0.343s] INFO:colcon.colcon_core.shell:Creating environment descriptor '/home/eren/ern/projects/main_kasva_ws/install/obstacle/share/obstacle/hook/ament_prefix_path.dsv'
[0.343s] INFO:colcon.colcon_core.shell:Creating environment hook '/home/eren/ern/projects/main_kasva_ws/install/obstacle/share/obstacle/hook/ament_prefix_path.sh'
[0.343s] INFO:colcon.colcon_core.shell:Skip shell extension 'powershell' for command environment: Not usable outside of PowerShell
[0.344s] DEBUG:colcon.colcon_core.shell:Skip shell extension 'dsv' for command environment
[0.605s] INFO:colcon.colcon_core.task.python.build:Building Python package in '/home/eren/ern/projects/main_kasva_ws/src/gui'
[0.605s] INFO:colcon.colcon_core.shell:Skip shell extension 'powershell' for command environment: Not usable outside of PowerShell
[0.605s] DEBUG:colcon.colcon_core.shell:Skip shell extension 'dsv' for command environment
[0.866s] INFO:colcon.colcon_core.task.python.build:Building Python package in '/home/eren/ern/projects/main_kasva_ws/src/img_pro'
[0.867s] INFO:colcon.colcon_core.shell:Skip shell extension 'powershell' for command environment: Not usable outside of PowerShell
[0.867s] DEBUG:colcon.colcon_core.shell:Skip shell extension 'dsv' for command environment
[0.876s] DEBUG:colcon.colcon_core.event_handler.log_command:Invoking command in '/home/eren/ern/projects/main_kasva_ws/build/interfaces': CMAKE_PREFIX_PATH=${CMAKE_PREFIX_PATH}:/home/eren/ern/projects/main_kasva_ws/install/obstacle:/home/eren/ern/projects/main_kasva_ws/install/manager:/home/eren/ern/projects/main_kasva_ws/install/img_pro:/home/eren/ern/projects/main_kasva_ws/install/gui:/opt/ros/jazzy DEBUGINFOD_URLS=https://debuginfod.ubuntu.com /usr/bin/cmake --build /home/eren/ern/projects/main_kasva_ws/build/interfaces -- -j20 -l20
[0.879s] DEBUG:colcon.colcon_core.event_handler.log_command:Invoking command in '/home/eren/ern/projects/main_kasva_ws/build/kasva_odom': CMAKE_PREFIX_PATH=${CMAKE_PREFIX_PATH}:/home/eren/ern/projects/main_kasva_ws/install/obstacle:/home/eren/ern/projects/main_kasva_ws/install/manager:/home/eren/ern/projects/main_kasva_ws/install/img_pro:/home/eren/ern/projects/main_kasva_ws/install/gui:/opt/ros/jazzy DEBUGINFOD_URLS=https://debuginfod.ubuntu.com /usr/bin/cmake --build /home/eren/ern/projects/main_kasva_ws/build/kasva_odom -- -j20 -l20
[0.882s] DEBUG:colcon.colcon_core.event_handler.log_command:Invoking command in '/home/eren/ern/projects/main_kasva_ws/build/kasva_sekli': CMAKE_PREFIX_PATH=${CMAKE_PREFIX_PATH}:/home/eren/ern/projects/main_kasva_ws/install/obstacle:/home/eren/ern/projects/main_kasva_ws/install/manager:/home/eren/ern/projects/main_kasva_ws/install/img_pro:/home/eren/ern/projects/main_kasva_ws/install/gui:/opt/ros/jazzy DEBUGINFOD_URLS=https://debuginfod.ubuntu.com /usr/bin/cmake --build /home/eren/ern/projects/main_kasva_ws/build/kasva_sekli -- -j20 -l20
[1.174s] INFO:colcon.colcon_core.task.python.build:Building Python package in '/home/eren/ern/projects/main_kasva_ws/src/manager'
[1.174s] INFO:colcon.colcon_core.shell:Skip shell extension 'powershell' for command environment: Not usable outside of PowerShell
[1.174s] DEBUG:colcon.colcon_core.shell:Skip shell extension 'dsv' for command environment
[1.189s] DEBUG:colcon.colcon_core.event_handler.log_command:Invoked command in '/home/eren/ern/projects/main_kasva_ws/build/kasva_sekli' returned '0': CMAKE_PREFIX_PATH=${CMAKE_PREFIX_PATH}:/home/eren/ern/projects/main_kasva_ws/install/obstacle:/home/eren/ern/projects/main_kasva_ws/install/manager:/home/eren/ern/projects/main_kasva_ws/install/img_pro:/home/eren/ern/projects/main_kasva_ws/install/gui:/opt/ros/jazzy DEBUGINFOD_URLS=https://debuginfod.ubuntu.com /usr/bin/cmake --build /home/eren/ern/projects/main_kasva_ws/build/kasva_sekli -- -j20 -l20
[1.204s] DEBUG:colcon.colcon_core.event_handler.log_command:Invoking command in '/home/eren/ern/projects/main_kasva_ws/build/kasva_sekli': CMAKE_PREFIX_PATH=${CMAKE_PREFIX_PATH}:/home/eren/ern/projects/main_kasva_ws/install/obstacle:/home/eren/ern/projects/main_kasva_ws/install/manager:/home/eren/ern/projects/main_kasva_ws/install/img_pro:/home/eren/ern/projects/main_kasva_ws/install/gui:/opt/ros/jazzy DEBUGINFOD_URLS=https://debuginfod.ubuntu.com /usr/bin/cmake --install /home/eren/ern/projects/main_kasva_ws/build/kasva_sekli
[1.476s] INFO:colcon.colcon_core.task.python.build:Building Python package in '/home/eren/ern/projects/main_kasva_ws/src/obstacle'
[1.476s] INFO:colcon.colcon_core.shell:Skip shell extension 'powershell' for command environment: Not usable outside of PowerShell
[1.476s] DEBUG:colcon.colcon_core.shell:Skip shell extension 'dsv' for command environment
[1.493s] Level 1:colcon.colcon_core.environment:create_environment_scripts_only(kasva_sekli)
[1.493s] DEBUG:colcon.colcon_core.event_handler.log_command:Invoked command in '/home/eren/ern/projects/main_kasva_ws/build/kasva_sekli' returned '0': CMAKE_PREFIX_PATH=${CMAKE_PREFIX_PATH}:/home/eren/ern/projects/main_kasva_ws/install/obstacle:/home/eren/ern/projects/main_kasva_ws/install/manager:/home/eren/ern/projects/main_kasva_ws/install/img_pro:/home/eren/ern/projects/main_kasva_ws/install/gui:/opt/ros/jazzy DEBUGINFOD_URLS=https://debuginfod.ubuntu.com /usr/bin/cmake --install /home/eren/ern/projects/main_kasva_ws/build/kasva_sekli
[1.497s] Level 1:colcon.colcon_core.environment:checking '/home/eren/ern/projects/main_kasva_ws/install/kasva_sekli' for CMake module files
[1.498s] Level 1:colcon.colcon_core.environment:checking '/home/eren/ern/projects/main_kasva_ws/install/kasva_sekli' for CMake config files
[1.499s] Level 1:colcon.colcon_core.shell:create_environment_hook('kasva_sekli', 'cmake_prefix_path')
[1.499s] INFO:colcon.colcon_core.shell:Creating environment hook '/home/eren/ern/projects/main_kasva_ws/install/kasva_sekli/share/kasva_sekli/hook/cmake_prefix_path.ps1'
[1.500s] INFO:colcon.colcon_core.shell:Creating environment descriptor '/home/eren/ern/projects/main_kasva_ws/install/kasva_sekli/share/kasva_sekli/hook/cmake_prefix_path.dsv'
[1.500s] INFO:colcon.colcon_core.shell:Creating environment hook '/home/eren/ern/projects/main_kasva_ws/install/kasva_sekli/share/kasva_sekli/hook/cmake_prefix_path.sh'
[1.502s] Level 1:colcon.colcon_core.environment:checking '/home/eren/ern/projects/main_kasva_ws/install/kasva_sekli/bin'
[1.502s] Level 1:colcon.colcon_core.environment:checking '/home/eren/ern/projects/main_kasva_ws/install/kasva_sekli/lib/pkgconfig/kasva_sekli.pc'
[1.502s] Level 1:colcon.colcon_core.environment:checking '/home/eren/ern/projects/main_kasva_ws/install/kasva_sekli/lib/python3.12/site-packages'
[1.502s] Level 1:colcon.colcon_core.environment:checking '/home/eren/ern/projects/main_kasva_ws/install/kasva_sekli/bin'
[1.503s] INFO:colcon.colcon_core.shell:Creating package script '/home/eren/ern/projects/main_kasva_ws/install/kasva_sekli/share/kasva_sekli/package.ps1'
[1.503s] INFO:colcon.colcon_core.shell:Creating package descriptor '/home/eren/ern/projects/main_kasva_ws/install/kasva_sekli/share/kasva_sekli/package.dsv'
[1.504s] INFO:colcon.colcon_core.shell:Creating package script '/home/eren/ern/projects/main_kasva_ws/install/kasva_sekli/share/kasva_sekli/package.sh'
[1.505s] INFO:colcon.colcon_core.shell:Creating package script '/home/eren/ern/projects/main_kasva_ws/install/kasva_sekli/share/kasva_sekli/package.bash'
[1.506s] INFO:colcon.colcon_core.shell:Creating package script '/home/eren/ern/projects/main_kasva_ws/install/kasva_sekli/share/kasva_sekli/package.zsh'
[1.506s] Level 1:colcon.colcon_core.environment:create_file_with_runtime_dependencies(/home/eren/ern/projects/main_kasva_ws/install/kasva_sekli/share/colcon-core/packages/kasva_sekli)
[1.507s] Level 1:colcon.colcon_core.environment:create_environment_scripts_only(kasva_sekli)
[1.507s] Level 1:colcon.colcon_core.environment:checking '/home/eren/ern/projects/main_kasva_ws/install/kasva_sekli' for CMake module files
[1.507s] Level 1:colcon.colcon_core.environment:checking '/home/eren/ern/projects/main_kasva_ws/install/kasva_sekli' for CMake config files
[1.508s] Level 1:colcon.colcon_core.shell:create_environment_hook('kasva_sekli', 'cmake_prefix_path')
[1.508s] INFO:colcon.colcon_core.shell:Creating environment hook '/home/eren/ern/projects/main_kasva_ws/install/kasva_sekli/share/kasva_sekli/hook/cmake_prefix_path.ps1'
[1.509s] INFO:colcon.colcon_core.shell:Creating environment descriptor '/home/eren/ern/projects/main_kasva_ws/install/kasva_sekli/share/kasva_sekli/hook/cmake_prefix_path.dsv'
[1.509s] INFO:colcon.colcon_core.shell:Creating environment hook '/home/eren/ern/projects/main_kasva_ws/install/kasva_sekli/share/kasva_sekli/hook/cmake_prefix_path.sh'
[1.510s] Level 1:colcon.colcon_core.environment:checking '/home/eren/ern/projects/main_kasva_ws/install/kasva_sekli/bin'
[1.510s] Level 1:colcon.colcon_core.environment:checking '/home/eren/ern/projects/main_kasva_ws/install/kasva_sekli/lib/pkgconfig/kasva_sekli.pc'
[1.510s] Level 1:colcon.colcon_core.environment:checking '/home/eren/ern/projects/main_kasva_ws/install/kasva_sekli/lib/python3.12/site-packages'
[1.510s] Level 1:colcon.colcon_core.environment:checking '/home/eren/ern/projects/main_kasva_ws/install/kasva_sekli/bin'
[1.510s] INFO:colcon.colcon_core.shell:Creating package script '/home/eren/ern/projects/main_kasva_ws/install/kasva_sekli/share/kasva_sekli/package.ps1'
[1.511s] INFO:colcon.colcon_core.shell:Creating package descriptor '/home/eren/ern/projects/main_kasva_ws/install/kasva_sekli/share/kasva_sekli/package.dsv'
[1.511s] INFO:colcon.colcon_core.shell:Creating package script '/home/eren/ern/projects/main_kasva_ws/install/kasva_sekli/share/kasva_sekli/package.sh'
[1.512s] INFO:colcon.colcon_core.shell:Creating package script '/home/eren/ern/projects/main_kasva_ws/install/kasva_sekli/share/kasva_sekli/package.bash'
[1.512s] INFO:colcon.colcon_core.shell:Creating package script '/home/eren/ern/projects/main_kasva_ws/install/kasva_sekli/share/kasva_sekli/package.zsh'
[1.513s] Level 1:colcon.colcon_core.environment:create_file_with_runtime_dependencies(/home/eren/ern/projects/main_kasva_ws/install/kasva_sekli/share/colcon-core/packages/kasva_sekli)
[1.516s] DEBUG:colcon.colcon_core.event_handler.log_command:Invoked command in '/home/eren/ern/projects/main_kasva_ws/build/interfaces' returned '0': CMAKE_PREFIX_PATH=${CMAKE_PREFIX_PATH}:/home/eren/ern/projects/main_kasva_ws/install/obstacle:/home/eren/ern/projects/main_kasva_ws/install/manager:/home/eren/ern/projects/main_kasva_ws/install/img_pro:/home/eren/ern/projects/main_kasva_ws/install/gui:/opt/ros/jazzy DEBUGINFOD_URLS=https://debuginfod.ubuntu.com /usr/bin/cmake --build /home/eren/ern/projects/main_kasva_ws/build/interfaces -- -j20 -l20
[1.516s] DEBUG:colcon.colcon_core.event_handler.log_command:Invoking command in '/home/eren/ern/projects/main_kasva_ws/build/interfaces': CMAKE_PREFIX_PATH=${CMAKE_PREFIX_PATH}:/home/eren/ern/projects/main_kasva_ws/install/obstacle:/home/eren/ern/projects/main_kasva_ws/install/manager:/home/eren/ern/projects/main_kasva_ws/install/img_pro:/home/eren/ern/projects/main_kasva_ws/install/gui:/opt/ros/jazzy DEBUGINFOD_URLS=https://debuginfod.ubuntu.com /usr/bin/cmake --install /home/eren/ern/projects/main_kasva_ws/build/interfaces
[1.612s] Level 1:colcon.colcon_core.environment:create_environment_scripts_only(interfaces)
[1.612s] Level 1:colcon.colcon_core.environment:checking '/home/eren/ern/projects/main_kasva_ws/install/interfaces' for CMake module files
[1.615s] Level 1:colcon.colcon_core.environment:checking '/home/eren/ern/projects/main_kasva_ws/install/interfaces' for CMake config files
[1.617s] DEBUG:colcon.colcon_core.event_handler.log_command:Invoked command in '/home/eren/ern/projects/main_kasva_ws/build/interfaces' returned '0': CMAKE_PREFIX_PATH=${CMAKE_PREFIX_PATH}:/home/eren/ern/projects/main_kasva_ws/install/obstacle:/home/eren/ern/projects/main_kasva_ws/install/manager:/home/eren/ern/projects/main_kasva_ws/install/img_pro:/home/eren/ern/projects/main_kasva_ws/install/gui:/opt/ros/jazzy DEBUGINFOD_URLS=https://debuginfod.ubuntu.com /usr/bin/cmake --install /home/eren/ern/projects/main_kasva_ws/build/interfaces
[1.617s] Level 1:colcon.colcon_core.shell:create_environment_hook('interfaces', 'cmake_prefix_path')
[1.617s] INFO:colcon.colcon_core.shell:Creating environment hook '/home/eren/ern/projects/main_kasva_ws/install/interfaces/share/interfaces/hook/cmake_prefix_path.ps1'
[1.618s] INFO:colcon.colcon_core.shell:Creating environment descriptor '/home/eren/ern/projects/main_kasva_ws/install/interfaces/share/interfaces/hook/cmake_prefix_path.dsv'
[1.618s] INFO:colcon.colcon_core.shell:Creating environment hook '/home/eren/ern/projects/main_kasva_ws/install/interfaces/share/interfaces/hook/cmake_prefix_path.sh'
[1.619s] Level 1:colcon.colcon_core.environment:checking '/home/eren/ern/projects/main_kasva_ws/install/interfaces/lib'
[1.619s] Level 1:colcon.colcon_core.shell:create_environment_hook('interfaces', 'ld_library_path_lib')
[1.620s] INFO:colcon.colcon_core.shell:Creating environment hook '/home/eren/ern/projects/main_kasva_ws/install/interfaces/share/interfaces/hook/ld_library_path_lib.ps1'
[1.620s] INFO:colcon.colcon_core.shell:Creating environment descriptor '/home/eren/ern/projects/main_kasva_ws/install/interfaces/share/interfaces/hook/ld_library_path_lib.dsv'
[1.620s] INFO:colcon.colcon_core.shell:Creating environment hook '/home/eren/ern/projects/main_kasva_ws/install/interfaces/share/interfaces/hook/ld_library_path_lib.sh'
[1.621s] Level 1:colcon.colcon_core.environment:checking '/home/eren/ern/projects/main_kasva_ws/install/interfaces/bin'
[1.621s] Level 1:colcon.colcon_core.environment:checking '/home/eren/ern/projects/main_kasva_ws/install/interfaces/lib/pkgconfig/interfaces.pc'
[1.621s] Level 1:colcon.colcon_core.environment:checking '/home/eren/ern/projects/main_kasva_ws/install/interfaces/lib/python3.12/site-packages'
[1.621s] Level 1:colcon.colcon_core.shell:create_environment_hook('interfaces', 'pythonpath')
[1.621s] INFO:colcon.colcon_core.shell:Creating environment hook '/home/eren/ern/projects/main_kasva_ws/install/interfaces/share/interfaces/hook/pythonpath.ps1'
[1.622s] INFO:colcon.colcon_core.shell:Creating environment descriptor '/home/eren/ern/projects/main_kasva_ws/install/interfaces/share/interfaces/hook/pythonpath.dsv'
[1.622s] INFO:colcon.colcon_core.shell:Creating environment hook '/home/eren/ern/projects/main_kasva_ws/install/interfaces/share/interfaces/hook/pythonpath.sh'
[1.623s] Level 1:colcon.colcon_core.environment:checking '/home/eren/ern/projects/main_kasva_ws/install/interfaces/bin'
[1.624s] INFO:colcon.colcon_core.shell:Creating package script '/home/eren/ern/projects/main_kasva_ws/install/interfaces/share/interfaces/package.ps1'
[1.624s] INFO:colcon.colcon_core.shell:Creating package descriptor '/home/eren/ern/projects/main_kasva_ws/install/interfaces/share/interfaces/package.dsv'
[1.625s] INFO:colcon.colcon_core.shell:Creating package script '/home/eren/ern/projects/main_kasva_ws/install/interfaces/share/interfaces/package.sh'
[1.625s] INFO:colcon.colcon_core.shell:Creating package script '/home/eren/ern/projects/main_kasva_ws/install/interfaces/share/interfaces/package.bash'
[1.626s] INFO:colcon.colcon_core.shell:Creating package script '/home/eren/ern/projects/main_kasva_ws/install/interfaces/share/interfaces/package.zsh'
[1.626s] Level 1:colcon.colcon_core.environment:create_file_with_runtime_dependencies(/home/eren/ern/projects/main_kasva_ws/install/interfaces/share/colcon-core/packages/interfaces)
[1.626s] Level 1:colcon.colcon_core.environment:create_environment_scripts_only(interfaces)
[1.627s] Level 1:colcon.colcon_core.environment:checking '/home/eren/ern/projects/main_kasva_ws/install/interfaces' for CMake module files
[1.627s] Level 1:colcon.colcon_core.environment:checking '/home/eren/ern/projects/main_kasva_ws/install/interfaces' for CMake config files
[1.628s] Level 1:colcon.colcon_core.shell:create_environment_hook('interfaces', 'cmake_prefix_path')
[1.628s] INFO:colcon.colcon_core.shell:Creating environment hook '/home/eren/ern/projects/main_kasva_ws/install/interfaces/share/interfaces/hook/cmake_prefix_path.ps1'
[1.628s] INFO:colcon.colcon_core.shell:Creating environment descriptor '/home/eren/ern/projects/main_kasva_ws/install/interfaces/share/interfaces/hook/cmake_prefix_path.dsv'
[1.629s] INFO:colcon.colcon_core.shell:Creating environment hook '/home/eren/ern/projects/main_kasva_ws/install/interfaces/share/interfaces/hook/cmake_prefix_path.sh'
[1.629s] Level 1:colcon.colcon_core.environment:checking '/home/eren/ern/projects/main_kasva_ws/install/interfaces/lib'
[1.629s] Level 1:colcon.colcon_core.shell:create_environment_hook('interfaces', 'ld_library_path_lib')
[1.629s] INFO:colcon.colcon_core.shell:Creating environment hook '/home/eren/ern/projects/main_kasva_ws/install/interfaces/share/interfaces/hook/ld_library_path_lib.ps1'
[1.630s] INFO:colcon.colcon_core.shell:Creating environment descriptor '/home/eren/ern/projects/main_kasva_ws/install/interfaces/share/interfaces/hook/ld_library_path_lib.dsv'
[1.630s] INFO:colcon.colcon_core.shell:Creating environment hook '/home/eren/ern/projects/main_kasva_ws/install/interfaces/share/interfaces/hook/ld_library_path_lib.sh'
[1.630s] Level 1:colcon.colcon_core.environment:checking '/home/eren/ern/projects/main_kasva_ws/install/interfaces/bin'
[1.631s] Level 1:colcon.colcon_core.environment:checking '/home/eren/ern/projects/main_kasva_ws/install/interfaces/lib/pkgconfig/interfaces.pc'
[1.631s] Level 1:colcon.colcon_core.environment:checking '/home/eren/ern/projects/main_kasva_ws/install/interfaces/lib/python3.12/site-packages'
[1.631s] Level 1:colcon.colcon_core.shell:create_environment_hook('interfaces', 'pythonpath')
[1.631s] INFO:colcon.colcon_core.shell:Creating environment hook '/home/eren/ern/projects/main_kasva_ws/install/interfaces/share/interfaces/hook/pythonpath.ps1'
[1.632s] INFO:colcon.colcon_core.shell:Creating environment descriptor '/home/eren/ern/projects/main_kasva_ws/install/interfaces/share/interfaces/hook/pythonpath.dsv'
[1.632s] INFO:colcon.colcon_core.shell:Creating environment hook '/home/eren/ern/projects/main_kasva_ws/install/interfaces/share/interfaces/hook/pythonpath.sh'
[1.632s] Level 1:colcon.colcon_core.environment:checking '/home/eren/ern/projects/main_kasva_ws/install/interfaces/bin'
[1.633s] INFO:colcon.colcon_core.shell:Creating package script '/home/eren/ern/projects/main_kasva_ws/install/interfaces/share/interfaces/package.ps1'
[1.633s] INFO:colcon.colcon_core.shell:Creating package descriptor '/home/eren/ern/projects/main_kasva_ws/install/interfaces/share/interfaces/package.dsv'
[1.634s] INFO:colcon.colcon_core.shell:Creating package script '/home/eren/ern/projects/main_kasva_ws/install/interfaces/share/interfaces/package.sh'
[1.634s] INFO:colcon.colcon_core.shell:Creating package script '/home/eren/ern/projects/main_kasva_ws/install/interfaces/share/interfaces/package.bash'
[1.635s] INFO:colcon.colcon_core.shell:Creating package script '/home/eren/ern/projects/main_kasva_ws/install/interfaces/share/interfaces/package.zsh'
[1.635s] Level 1:colcon.colcon_core.environment:create_file_with_runtime_dependencies(/home/eren/ern/projects/main_kasva_ws/install/interfaces/share/colcon-core/packages/interfaces)
[2.177s] DEBUG:colcon.colcon_core.event_handler.log_command:Invoking command in '/home/eren/ern/projects/main_kasva_ws/src/img_pro': DEBUGINFOD_URLS=https://debuginfod.ubuntu.com PYTHONPATH=/home/eren/ern/projects/main_kasva_ws/build/img_pro/prefix_override:/usr/lib/python3/dist-packages/colcon_core/task/python/colcon_distutils_commands:/home/eren/ern/projects/main_kasva_ws/install/img_pro/lib/python3.12/site-packages:${PYTHONPATH} /usr/bin/python3 -W ignore:setup.py install is deprecated -W ignore:easy_install command is deprecated setup.py egg_info --egg-base ../../build/img_pro build --build-base /home/eren/ern/projects/main_kasva_ws/build/img_pro/build install --record /home/eren/ern/projects/main_kasva_ws/build/img_pro/install.log --single-version-externally-managed install_data
[2.210s] DEBUG:colcon.colcon_core.event_handler.log_command:Invoking command in '/home/eren/ern/projects/main_kasva_ws/src/gui': DEBUGINFOD_URLS=https://debuginfod.ubuntu.com PYTHONPATH=/home/eren/ern/projects/main_kasva_ws/build/gui/prefix_override:/usr/lib/python3/dist-packages/colcon_core/task/python/colcon_distutils_commands:/home/eren/ern/projects/main_kasva_ws/install/gui/lib/python3.12/site-packages:${PYTHONPATH} /usr/bin/python3 -W ignore:setup.py install is deprecated -W ignore:easy_install command is deprecated setup.py egg_info --egg-base ../../build/gui build --build-base /home/eren/ern/projects/main_kasva_ws/build/gui/build install --record /home/eren/ern/projects/main_kasva_ws/build/gui/install.log --single-version-externally-managed install_data
[2.233s] DEBUG:colcon.colcon_core.event_handler.log_command:Invoking command in '/home/eren/ern/projects/main_kasva_ws/src/manager': DEBUGINFOD_URLS=https://debuginfod.ubuntu.com PYTHONPATH=/home/eren/ern/projects/main_kasva_ws/build/manager/prefix_override:/usr/lib/python3/dist-packages/colcon_core/task/python/colcon_distutils_commands:/home/eren/ern/projects/main_kasva_ws/install/manager/lib/python3.12/site-packages:${PYTHONPATH} /usr/bin/python3 -W ignore:setup.py install is deprecated -W ignore:easy_install command is deprecated setup.py egg_info --egg-base ../../build/manager build --build-base /home/eren/ern/projects/main_kasva_ws/build/manager/build install --record /home/eren/ern/projects/main_kasva_ws/build/manager/install.log --single-version-externally-managed install_data
[2.324s] DEBUG:colcon.colcon_core.event_handler.log_command:Invoking command in '/home/eren/ern/projects/main_kasva_ws/src/obstacle': DEBUGINFOD_URLS=https://debuginfod.ubuntu.com PYTHONPATH=/home/eren/ern/projects/main_kasva_ws/build/obstacle/prefix_override:/usr/lib/python3/dist-packages/colcon_core/task/python/colcon_distutils_commands:/home/eren/ern/projects/main_kasva_ws/install/obstacle/lib/python3.12/site-packages:${PYTHONPATH} /usr/bin/python3 -W ignore:setup.py install is deprecated -W ignore:easy_install command is deprecated setup.py egg_info --egg-base ../../build/obstacle build --build-base /home/eren/ern/projects/main_kasva_ws/build/obstacle/build install --record /home/eren/ern/projects/main_kasva_ws/build/obstacle/install.log --single-version-externally-managed install_data
[2.804s] Level 1:colcon.colcon_core.environment:checking '/home/eren/ern/projects/main_kasva_ws/install/img_pro' for CMake module files
[2.805s] DEBUG:colcon.colcon_core.event_handler.log_command:Invoked command in '/home/eren/ern/projects/main_kasva_ws/src/img_pro' returned '0': DEBUGINFOD_URLS=https://debuginfod.ubuntu.com PYTHONPATH=/home/eren/ern/projects/main_kasva_ws/build/img_pro/prefix_override:/usr/lib/python3/dist-packages/colcon_core/task/python/colcon_distutils_commands:/home/eren/ern/projects/main_kasva_ws/install/img_pro/lib/python3.12/site-packages:${PYTHONPATH} /usr/bin/python3 -W ignore:setup.py install is deprecated -W ignore:easy_install command is deprecated setup.py egg_info --egg-base ../../build/img_pro build --build-base /home/eren/ern/projects/main_kasva_ws/build/img_pro/build install --record /home/eren/ern/projects/main_kasva_ws/build/img_pro/install.log --single-version-externally-managed install_data
[2.805s] Level 1:colcon.colcon_core.environment:checking '/home/eren/ern/projects/main_kasva_ws/install/img_pro' for CMake config files
[2.806s] Level 1:colcon.colcon_core.environment:checking '/home/eren/ern/projects/main_kasva_ws/install/img_pro/lib'
[2.806s] Level 1:colcon.colcon_core.environment:checking '/home/eren/ern/projects/main_kasva_ws/install/img_pro/bin'
[2.806s] Level 1:colcon.colcon_core.environment:checking '/home/eren/ern/projects/main_kasva_ws/install/img_pro/lib/pkgconfig/img_pro.pc'
[2.807s] Level 1:colcon.colcon_core.environment:checking '/home/eren/ern/projects/main_kasva_ws/install/img_pro/lib/python3.12/site-packages'
[2.807s] Level 1:colcon.colcon_core.shell:create_environment_hook('img_pro', 'pythonpath')
[2.807s] INFO:colcon.colcon_core.shell:Creating environment hook '/home/eren/ern/projects/main_kasva_ws/install/img_pro/share/img_pro/hook/pythonpath.ps1'
[2.808s] INFO:colcon.colcon_core.shell:Creating environment descriptor '/home/eren/ern/projects/main_kasva_ws/install/img_pro/share/img_pro/hook/pythonpath.dsv'
[2.809s] INFO:colcon.colcon_core.shell:Creating environment hook '/home/eren/ern/projects/main_kasva_ws/install/img_pro/share/img_pro/hook/pythonpath.sh'
[2.810s] Level 1:colcon.colcon_core.environment:checking '/home/eren/ern/projects/main_kasva_ws/install/img_pro/bin'
[2.810s] Level 1:colcon.colcon_core.environment:create_environment_scripts_only(img_pro)
[2.810s] INFO:colcon.colcon_core.shell:Creating package script '/home/eren/ern/projects/main_kasva_ws/install/img_pro/share/img_pro/package.ps1'
[2.811s] INFO:colcon.colcon_core.shell:Creating package descriptor '/home/eren/ern/projects/main_kasva_ws/install/img_pro/share/img_pro/package.dsv'
[2.811s] INFO:colcon.colcon_core.shell:Creating package script '/home/eren/ern/projects/main_kasva_ws/install/img_pro/share/img_pro/package.sh'
[2.812s] INFO:colcon.colcon_core.shell:Creating package script '/home/eren/ern/projects/main_kasva_ws/install/img_pro/share/img_pro/package.bash'
[2.813s] INFO:colcon.colcon_core.shell:Creating package script '/home/eren/ern/projects/main_kasva_ws/install/img_pro/share/img_pro/package.zsh'
[2.813s] Level 1:colcon.colcon_core.environment:create_file_with_runtime_dependencies(/home/eren/ern/projects/main_kasva_ws/install/img_pro/share/colcon-core/packages/img_pro)
[2.821s] Level 1:colcon.colcon_core.environment:checking '/home/eren/ern/projects/main_kasva_ws/install/gui' for CMake module files
[2.822s] DEBUG:colcon.colcon_core.event_handler.log_command:Invoked command in '/home/eren/ern/projects/main_kasva_ws/src/gui' returned '0': DEBUGINFOD_URLS=https://debuginfod.ubuntu.com PYTHONPATH=/home/eren/ern/projects/main_kasva_ws/build/gui/prefix_override:/usr/lib/python3/dist-packages/colcon_core/task/python/colcon_distutils_commands:/home/eren/ern/projects/main_kasva_ws/install/gui/lib/python3.12/site-packages:${PYTHONPATH} /usr/bin/python3 -W ignore:setup.py install is deprecated -W ignore:easy_install command is deprecated setup.py egg_info --egg-base ../../build/gui build --build-base /home/eren/ern/projects/main_kasva_ws/build/gui/build install --record /home/eren/ern/projects/main_kasva_ws/build/gui/install.log --single-version-externally-managed install_data
[2.823s] Level 1:colcon.colcon_core.environment:checking '/home/eren/ern/projects/main_kasva_ws/install/gui' for CMake config files
[2.823s] Level 1:colcon.colcon_core.environment:checking '/home/eren/ern/projects/main_kasva_ws/install/gui/lib'
[2.823s] Level 1:colcon.colcon_core.environment:checking '/home/eren/ern/projects/main_kasva_ws/install/gui/bin'
[2.824s] Level 1:colcon.colcon_core.environment:checking '/home/eren/ern/projects/main_kasva_ws/install/gui/lib/pkgconfig/gui.pc'
[2.824s] Level 1:colcon.colcon_core.environment:checking '/home/eren/ern/projects/main_kasva_ws/install/gui/lib/python3.12/site-packages'
[2.825s] Level 1:colcon.colcon_core.shell:create_environment_hook('gui', 'pythonpath')
[2.825s] INFO:colcon.colcon_core.shell:Creating environment hook '/home/eren/ern/projects/main_kasva_ws/install/gui/share/gui/hook/pythonpath.ps1'
[2.826s] INFO:colcon.colcon_core.shell:Creating environment descriptor '/home/eren/ern/projects/main_kasva_ws/install/gui/share/gui/hook/pythonpath.dsv'
[2.827s] INFO:colcon.colcon_core.shell:Creating environment hook '/home/eren/ern/projects/main_kasva_ws/install/gui/share/gui/hook/pythonpath.sh'
[2.828s] Level 1:colcon.colcon_core.environment:checking '/home/eren/ern/projects/main_kasva_ws/install/gui/bin'
[2.828s] Level 1:colcon.colcon_core.environment:create_environment_scripts_only(gui)
[2.828s] INFO:colcon.colcon_core.shell:Creating package script '/home/eren/ern/projects/main_kasva_ws/install/gui/share/gui/package.ps1'
[2.829s] INFO:colcon.colcon_core.shell:Creating package descriptor '/home/eren/ern/projects/main_kasva_ws/install/gui/share/gui/package.dsv'
[2.830s] INFO:colcon.colcon_core.shell:Creating package script '/home/eren/ern/projects/main_kasva_ws/install/gui/share/gui/package.sh'
[2.832s] INFO:colcon.colcon_core.shell:Creating package script '/home/eren/ern/projects/main_kasva_ws/install/gui/share/gui/package.bash'
[2.834s] INFO:colcon.colcon_core.shell:Creating package script '/home/eren/ern/projects/main_kasva_ws/install/gui/share/gui/package.zsh'
[2.835s] Level 1:colcon.colcon_core.environment:create_file_with_runtime_dependencies(/home/eren/ern/projects/main_kasva_ws/install/gui/share/colcon-core/packages/gui)
[2.855s] Level 1:colcon.colcon_core.environment:checking '/home/eren/ern/projects/main_kasva_ws/install/manager' for CMake module files
[2.857s] DEBUG:colcon.colcon_core.event_handler.log_command:Invoked command in '/home/eren/ern/projects/main_kasva_ws/src/manager' returned '0': DEBUGINFOD_URLS=https://debuginfod.ubuntu.com PYTHONPATH=/home/eren/ern/projects/main_kasva_ws/build/manager/prefix_override:/usr/lib/python3/dist-packages/colcon_core/task/python/colcon_distutils_commands:/home/eren/ern/projects/main_kasva_ws/install/manager/lib/python3.12/site-packages:${PYTHONPATH} /usr/bin/python3 -W ignore:setup.py install is deprecated -W ignore:easy_install command is deprecated setup.py egg_info --egg-base ../../build/manager build --build-base /home/eren/ern/projects/main_kasva_ws/build/manager/build install --record /home/eren/ern/projects/main_kasva_ws/build/manager/install.log --single-version-externally-managed install_data
[2.857s] Level 1:colcon.colcon_core.environment:checking '/home/eren/ern/projects/main_kasva_ws/install/manager' for CMake config files
[2.859s] Level 1:colcon.colcon_core.environment:checking '/home/eren/ern/projects/main_kasva_ws/install/manager/lib'
[2.859s] Level 1:colcon.colcon_core.environment:checking '/home/eren/ern/projects/main_kasva_ws/install/manager/bin'
[2.859s] Level 1:colcon.colcon_core.environment:checking '/home/eren/ern/projects/main_kasva_ws/install/manager/lib/pkgconfig/manager.pc'
[2.860s] Level 1:colcon.colcon_core.environment:checking '/home/eren/ern/projects/main_kasva_ws/install/manager/lib/python3.12/site-packages'
[2.860s] Level 1:colcon.colcon_core.shell:create_environment_hook('manager', 'pythonpath')
[2.860s] INFO:colcon.colcon_core.shell:Creating environment hook '/home/eren/ern/projects/main_kasva_ws/install/manager/share/manager/hook/pythonpath.ps1'
[2.861s] INFO:colcon.colcon_core.shell:Creating environment descriptor '/home/eren/ern/projects/main_kasva_ws/install/manager/share/manager/hook/pythonpath.dsv'
[2.862s] INFO:colcon.colcon_core.shell:Creating environment hook '/home/eren/ern/projects/main_kasva_ws/install/manager/share/manager/hook/pythonpath.sh'
[2.863s] Level 1:colcon.colcon_core.environment:checking '/home/eren/ern/projects/main_kasva_ws/install/manager/bin'
[2.863s] Level 1:colcon.colcon_core.environment:create_environment_scripts_only(manager)
[2.863s] INFO:colcon.colcon_core.shell:Creating package script '/home/eren/ern/projects/main_kasva_ws/install/manager/share/manager/package.ps1'
[2.864s] INFO:colcon.colcon_core.shell:Creating package descriptor '/home/eren/ern/projects/main_kasva_ws/install/manager/share/manager/package.dsv'
[2.865s] INFO:colcon.colcon_core.shell:Creating package script '/home/eren/ern/projects/main_kasva_ws/install/manager/share/manager/package.sh'
[2.865s] INFO:colcon.colcon_core.shell:Creating package script '/home/eren/ern/projects/main_kasva_ws/install/manager/share/manager/package.bash'
[2.865s] INFO:colcon.colcon_core.shell:Creating package script '/home/eren/ern/projects/main_kasva_ws/install/manager/share/manager/package.zsh'
[2.866s] Level 1:colcon.colcon_core.environment:create_file_with_runtime_dependencies(/home/eren/ern/projects/main_kasva_ws/install/manager/share/colcon-core/packages/manager)
[3.076s] Level 1:colcon.colcon_core.environment:checking '/home/eren/ern/projects/main_kasva_ws/install/obstacle' for CMake module files
[3.077s] DEBUG:colcon.colcon_core.event_handler.log_command:Invoked command in '/home/eren/ern/projects/main_kasva_ws/src/obstacle' returned '0': DEBUGINFOD_URLS=https://debuginfod.ubuntu.com PYTHONPATH=/home/eren/ern/projects/main_kasva_ws/build/obstacle/prefix_override:/usr/lib/python3/dist-packages/colcon_core/task/python/colcon_distutils_commands:/home/eren/ern/projects/main_kasva_ws/install/obstacle/lib/python3.12/site-packages:${PYTHONPATH} /usr/bin/python3 -W ignore:setup.py install is deprecated -W ignore:easy_install command is deprecated setup.py egg_info --egg-base ../../build/obstacle build --build-base /home/eren/ern/projects/main_kasva_ws/build/obstacle/build install --record /home/eren/ern/projects/main_kasva_ws/build/obstacle/install.log --single-version-externally-managed install_data
[3.077s] Level 1:colcon.colcon_core.environment:checking '/home/eren/ern/projects/main_kasva_ws/install/obstacle' for CMake config files
[3.078s] Level 1:colcon.colcon_core.environment:checking '/home/eren/ern/projects/main_kasva_ws/install/obstacle/lib'
[3.078s] Level 1:colcon.colcon_core.environment:checking '/home/eren/ern/projects/main_kasva_ws/install/obstacle/bin'
[3.078s] Level 1:colcon.colcon_core.environment:checking '/home/eren/ern/projects/main_kasva_ws/install/obstacle/lib/pkgconfig/obstacle.pc'
[3.078s] Level 1:colcon.colcon_core.environment:checking '/home/eren/ern/projects/main_kasva_ws/install/obstacle/lib/python3.12/site-packages'
[3.079s] Level 1:colcon.colcon_core.shell:create_environment_hook('obstacle', 'pythonpath')
[3.079s] INFO:colcon.colcon_core.shell:Creating environment hook '/home/eren/ern/projects/main_kasva_ws/install/obstacle/share/obstacle/hook/pythonpath.ps1'
[3.079s] INFO:colcon.colcon_core.shell:Creating environment descriptor '/home/eren/ern/projects/main_kasva_ws/install/obstacle/share/obstacle/hook/pythonpath.dsv'
[3.080s] INFO:colcon.colcon_core.shell:Creating environment hook '/home/eren/ern/projects/main_kasva_ws/install/obstacle/share/obstacle/hook/pythonpath.sh'
[3.080s] Level 1:colcon.colcon_core.environment:checking '/home/eren/ern/projects/main_kasva_ws/install/obstacle/bin'
[3.080s] Level 1:colcon.colcon_core.environment:create_environment_scripts_only(obstacle)
[3.081s] INFO:colcon.colcon_core.shell:Creating package script '/home/eren/ern/projects/main_kasva_ws/install/obstacle/share/obstacle/package.ps1'
[3.081s] INFO:colcon.colcon_core.shell:Creating package descriptor '/home/eren/ern/projects/main_kasva_ws/install/obstacle/share/obstacle/package.dsv'
[3.082s] INFO:colcon.colcon_core.shell:Creating package script '/home/eren/ern/projects/main_kasva_ws/install/obstacle/share/obstacle/package.sh'
[3.082s] INFO:colcon.colcon_core.shell:Creating package script '/home/eren/ern/projects/main_kasva_ws/install/obstacle/share/obstacle/package.bash'
[3.082s] INFO:colcon.colcon_core.shell:Creating package script '/home/eren/ern/projects/main_kasva_ws/install/obstacle/share/obstacle/package.zsh'
[3.083s] Level 1:colcon.colcon_core.environment:create_file_with_runtime_dependencies(/home/eren/ern/projects/main_kasva_ws/install/obstacle/share/colcon-core/packages/obstacle)
[5.557s] DEBUG:colcon.colcon_core.event_handler.log_command:Invoked command in '/home/eren/ern/projects/main_kasva_ws/build/kasva_odom' returned '0': CMAKE_PREFIX_PATH=${CMAKE_PREFIX_PATH}:/home/eren/ern/projects/main_kasva_ws/install/obstacle:/home/eren/ern/projects/main_kasva_ws/install/manager:/home/eren/ern/projects/main_kasva_ws/install/img_pro:/home/eren/ern/projects/main_kasva_ws/install/gui:/opt/ros/jazzy DEBUGINFOD_URLS=https://debuginfod.ubuntu.com /usr/bin/cmake --build /home/eren/ern/projects/main_kasva_ws/build/kasva_odom -- -j20 -l20
[5.559s] DEBUG:colcon.colcon_core.event_handler.log_command:Invoking command in '/home/eren/ern/projects/main_kasva_ws/build/kasva_odom': CMAKE_PREFIX_PATH=${CMAKE_PREFIX_PATH}:/home/eren/ern/projects/main_kasva_ws/install/obstacle:/home/eren/ern/projects/main_kasva_ws/install/manager:/home/eren/ern/projects/main_kasva_ws/install/img_pro:/home/eren/ern/projects/main_kasva_ws/install/gui:/opt/ros/jazzy DEBUGINFOD_URLS=https://debuginfod.ubuntu.com /usr/bin/cmake --install /home/eren/ern/projects/main_kasva_ws/build/kasva_odom
[5.575s] Level 1:colcon.colcon_core.environment:create_environment_scripts_only(kasva_odom)
[5.575s] Level 1:colcon.colcon_core.environment:checking '/home/eren/ern/projects/main_kasva_ws/install/kasva_odom' for CMake module files
[5.575s] DEBUG:colcon.colcon_core.event_handler.log_command:Invoked command in '/home/eren/ern/projects/main_kasva_ws/build/kasva_odom' returned '0': CMAKE_PREFIX_PATH=${CMAKE_PREFIX_PATH}:/home/eren/ern/projects/main_kasva_ws/install/obstacle:/home/eren/ern/projects/main_kasva_ws/install/manager:/home/eren/ern/projects/main_kasva_ws/install/img_pro:/home/eren/ern/projects/main_kasva_ws/install/gui:/opt/ros/jazzy DEBUGINFOD_URLS=https://debuginfod.ubuntu.com /usr/bin/cmake --install /home/eren/ern/projects/main_kasva_ws/build/kasva_odom
[5.576s] Level 1:colcon.colcon_core.environment:checking '/home/eren/ern/projects/main_kasva_ws/install/kasva_odom' for CMake config files
[5.576s] Level 1:colcon.colcon_core.shell:create_environment_hook('kasva_odom', 'cmake_prefix_path')
[5.576s] INFO:colcon.colcon_core.shell:Creating environment hook '/home/eren/ern/projects/main_kasva_ws/install/kasva_odom/share/kasva_odom/hook/cmake_prefix_path.ps1'
[5.577s] INFO:colcon.colcon_core.shell:Creating environment descriptor '/home/eren/ern/projects/main_kasva_ws/install/kasva_odom/share/kasva_odom/hook/cmake_prefix_path.dsv'
[5.577s] INFO:colcon.colcon_core.shell:Creating environment hook '/home/eren/ern/projects/main_kasva_ws/install/kasva_odom/share/kasva_odom/hook/cmake_prefix_path.sh'
[5.578s] Level 1:colcon.colcon_core.environment:checking '/home/eren/ern/projects/main_kasva_ws/install/kasva_odom/lib'
[5.578s] Level 1:colcon.colcon_core.environment:checking '/home/eren/ern/projects/main_kasva_ws/install/kasva_odom/bin'
[5.578s] Level 1:colcon.colcon_core.environment:checking '/home/eren/ern/projects/main_kasva_ws/install/kasva_odom/lib/pkgconfig/kasva_odom.pc'
[5.578s] Level 1:colcon.colcon_core.environment:checking '/home/eren/ern/projects/main_kasva_ws/install/kasva_odom/lib/python3.12/site-packages'
[5.578s] Level 1:colcon.colcon_core.environment:checking '/home/eren/ern/projects/main_kasva_ws/install/kasva_odom/bin'
[5.579s] INFO:colcon.colcon_core.shell:Creating package script '/home/eren/ern/projects/main_kasva_ws/install/kasva_odom/share/kasva_odom/package.ps1'
[5.579s] INFO:colcon.colcon_core.shell:Creating package descriptor '/home/eren/ern/projects/main_kasva_ws/install/kasva_odom/share/kasva_odom/package.dsv'
[5.579s] INFO:colcon.colcon_core.shell:Creating package script '/home/eren/ern/projects/main_kasva_ws/install/kasva_odom/share/kasva_odom/package.sh'
[5.580s] INFO:colcon.colcon_core.shell:Creating package script '/home/eren/ern/projects/main_kasva_ws/install/kasva_odom/share/kasva_odom/package.bash'
[5.580s] INFO:colcon.colcon_core.shell:Creating package script '/home/eren/ern/projects/main_kasva_ws/install/kasva_odom/share/kasva_odom/package.zsh'
[5.581s] Level 1:colcon.colcon_core.environment:create_file_with_runtime_dependencies(/home/eren/ern/projects/main_kasva_ws/install/kasva_odom/share/colcon-core/packages/kasva_odom)
[5.581s] Level 1:colcon.colcon_core.environment:create_environment_scripts_only(kasva_odom)
[5.581s] Level 1:colcon.colcon_core.environment:checking '/home/eren/ern/projects/main_kasva_ws/install/kasva_odom' for CMake module files
[5.582s] Level 1:colcon.colcon_core.environment:checking '/home/eren/ern/projects/main_kasva_ws/install/kasva_odom' for CMake config files
[5.582s] Level 1:colcon.colcon_core.shell:create_environment_hook('kasva_odom', 'cmake_prefix_path')
[5.582s] INFO:colcon.colcon_core.shell:Creating environment hook '/home/eren/ern/projects/main_kasva_ws/install/kasva_odom/share/kasva_odom/hook/cmake_prefix_path.ps1'
[5.583s] INFO:colcon.colcon_core.shell:Creating environment descriptor '/home/eren/ern/projects/main_kasva_ws/install/kasva_odom/share/kasva_odom/hook/cmake_prefix_path.dsv'
[5.583s] INFO:colcon.colcon_core.shell:Creating environment hook '/home/eren/ern/projects/main_kasva_ws/install/kasva_odom/share/kasva_odom/hook/cmake_prefix_path.sh'
[5.584s] Level 1:colcon.colcon_core.environment:checking '/home/eren/ern/projects/main_kasva_ws/install/kasva_odom/lib'
[5.584s] Level 1:colcon.colcon_core.environment:checking '/home/eren/ern/projects/main_kasva_ws/install/kasva_odom/bin'
[5.584s] Level 1:colcon.colcon_core.environment:checking '/home/eren/ern/projects/main_kasva_ws/install/kasva_odom/lib/pkgconfig/kasva_odom.pc'
[5.584s] Level 1:colcon.colcon_core.environment:checking '/home/eren/ern/projects/main_kasva_ws/install/kasva_odom/lib/python3.12/site-packages'
[5.584s] Level 1:colcon.colcon_core.environment:checking '/home/eren/ern/projects/main_kasva_ws/install/kasva_odom/bin'
[5.585s] INFO:colcon.colcon_core.shell:Creating package script '/home/eren/ern/projects/main_kasva_ws/install/kasva_odom/share/kasva_odom/package.ps1'
[5.585s] INFO:colcon.colcon_core.shell:Creating package descriptor '/home/eren/ern/projects/main_kasva_ws/install/kasva_odom/share/kasva_odom/package.dsv'
[5.586s] INFO:colcon.colcon_core.shell:Creating package script '/home/eren/ern/projects/main_kasva_ws/install/kasva_odom/share/kasva_odom/package.sh'
[5.586s] INFO:colcon.colcon_core.shell:Creating package script '/home/eren/ern/projects/main_kasva_ws/install/kasva_odom/share/kasva_odom/package.bash'
[5.586s] INFO:colcon.colcon_core.shell:Creating package script '/home/eren/ern/projects/main_kasva_ws/install/kasva_odom/share/kasva_odom/package.zsh'
[5.587s] Level 1:colcon.colcon_core.environment:create_file_with_runtime_dependencies(/home/eren/ern/projects/main_kasva_ws/install/kasva_odom/share/colcon-core/packages/kasva_odom)
[5.587s] DEBUG:colcon.colcon_parallel_executor.executor.parallel:closing loop
[5.588s] DEBUG:colcon.colcon_parallel_executor.executor.parallel:loop closed
[5.588s] DEBUG:colcon.colcon_parallel_executor.executor.parallel:run_until_complete finished with '0'
[5.588s] DEBUG:colcon.colcon_core.event_reactor:joining thread
[5.594s] INFO:colcon.colcon_core.plugin_system:Skipping extension 'colcon_notification.desktop_notification.terminal_notifier': Not used on non-Darwin systems
[5.594s] INFO:colcon.colcon_core.plugin_system:Skipping extension 'colcon_notification.desktop_notification.win32': Not used on non-Windows systems
[5.594s] INFO:colcon.colcon_notification.desktop_notification:Sending desktop notification using 'notify2'
[5.615s] DEBUG:colcon.colcon_core.event_reactor:joined thread
[5.615s] INFO:colcon.colcon_core.shell:Creating prefix script '/home/eren/ern/projects/main_kasva_ws/install/local_setup.ps1'
[5.616s] INFO:colcon.colcon_core.shell:Creating prefix util module '/home/eren/ern/projects/main_kasva_ws/install/_local_setup_util_ps1.py'
[5.618s] INFO:colcon.colcon_core.shell:Creating prefix chain script '/home/eren/ern/projects/main_kasva_ws/install/setup.ps1'
[5.619s] INFO:colcon.colcon_core.shell:Creating prefix script '/home/eren/ern/projects/main_kasva_ws/install/local_setup.sh'
[5.619s] INFO:colcon.colcon_core.shell:Creating prefix util module '/home/eren/ern/projects/main_kasva_ws/install/_local_setup_util_sh.py'
[5.620s] INFO:colcon.colcon_core.shell:Creating prefix chain script '/home/eren/ern/projects/main_kasva_ws/install/setup.sh'
[5.621s] INFO:colcon.colcon_core.shell:Creating prefix script '/home/eren/ern/projects/main_kasva_ws/install/local_setup.bash'
[5.622s] INFO:colcon.colcon_core.shell:Creating prefix chain script '/home/eren/ern/projects/main_kasva_ws/install/setup.bash'
[5.623s] INFO:colcon.colcon_core.shell:Creating prefix script '/home/eren/ern/projects/main_kasva_ws/install/local_setup.zsh'
[5.623s] INFO:colcon.colcon_core.shell:Creating prefix chain script '/home/eren/ern/projects/main_kasva_ws/install/setup.zsh'
