[1.769s] Invoking command in '/home/eren/ern/projects/main_kasva_ws/src/obstacle': DEBUGINFOD_URLS=https://debuginfod.ubuntu.com PYTHONPATH=/home/eren/ern/projects/main_kasva_ws/build/obstacle/prefix_override:/usr/lib/python3/dist-packages/colcon_core/task/python/colcon_distutils_commands:/home/eren/ern/projects/main_kasva_ws/install/obstacle/lib/python3.12/site-packages:${PYTHONPATH} /usr/bin/python3 -W ignore:setup.py install is deprecated -W ignore:easy_install command is deprecated setup.py egg_info --egg-base ../../build/obstacle build --build-base /home/eren/ern/projects/main_kasva_ws/build/obstacle/build install --record /home/eren/ern/projects/main_kasva_ws/build/obstacle/install.log --single-version-externally-managed install_data
[2.064s] running egg_info
[2.085s] writing ../../build/obstacle/obstacle.egg-info/PKG-INFO
[2.085s] writing dependency_links to ../../build/obstacle/obstacle.egg-info/dependency_links.txt
[2.085s] writing entry points to ../../build/obstacle/obstacle.egg-info/entry_points.txt
[2.085s] writing requirements to ../../build/obstacle/obstacle.egg-info/requires.txt
[2.085s] writing top-level names to ../../build/obstacle/obstacle.egg-info/top_level.txt
[2.126s] reading manifest file '../../build/obstacle/obstacle.egg-info/SOURCES.txt'
[2.127s] writing manifest file '../../build/obstacle/obstacle.egg-info/SOURCES.txt'
[2.127s] running build
[2.127s] running build_py
[2.128s] copying obstacle/obstacle.py -> /home/eren/ern/projects/main_kasva_ws/build/obstacle/build/lib/obstacle
[2.128s] running install
[2.135s] running install_lib
[2.156s] copying /home/eren/ern/projects/main_kasva_ws/build/obstacle/build/lib/obstacle/obstacle.py -> /home/eren/ern/projects/main_kasva_ws/install/obstacle/lib/python3.12/site-packages/obstacle
[2.157s] byte-compiling /home/eren/ern/projects/main_kasva_ws/install/obstacle/lib/python3.12/site-packages/obstacle/obstacle.py to obstacle.cpython-312.pyc
[2.158s] running install_data
[2.159s] running install_egg_info
[2.181s] removing '/home/eren/ern/projects/main_kasva_ws/install/obstacle/lib/python3.12/site-packages/obstacle-0.0.0-py3.12.egg-info' (and everything under it)
[2.181s] Copying ../../build/obstacle/obstacle.egg-info to /home/eren/ern/projects/main_kasva_ws/install/obstacle/lib/python3.12/site-packages/obstacle-0.0.0-py3.12.egg-info
[2.182s] running install_scripts
[2.322s] Installing obstacle script to /home/eren/ern/projects/main_kasva_ws/install/obstacle/lib/obstacle
[2.322s] writing list of installed files to '/home/eren/ern/projects/main_kasva_ws/build/obstacle/install.log'
[2.356s] Invoked command in '/home/eren/ern/projects/main_kasva_ws/src/obstacle' returned '0': DEBUGINFOD_URLS=https://debuginfod.ubuntu.com PYTHONPATH=/home/eren/ern/projects/main_kasva_ws/build/obstacle/prefix_override:/usr/lib/python3/dist-packages/colcon_core/task/python/colcon_distutils_commands:/home/eren/ern/projects/main_kasva_ws/install/obstacle/lib/python3.12/site-packages:${PYTHONPATH} /usr/bin/python3 -W ignore:setup.py install is deprecated -W ignore:easy_install command is deprecated setup.py egg_info --egg-base ../../build/obstacle build --build-base /home/eren/ern/projects/main_kasva_ws/build/obstacle/build install --record /home/eren/ern/projects/main_kasva_ws/build/obstacle/install.log --single-version-externally-managed install_data
