-- The C compiler identification is GNU 13.3.0
-- The CXX compiler identification is GNU 13.3.0
-- Detecting C compiler ABI info
-- Detecting C compiler ABI info - done
-- Check for working C compiler: /usr/bin/cc - skipped
-- Detecting C compile features
-- Detecting C compile features - done
-- Detecting CXX compiler ABI info
-- Detecting CXX compiler ABI info - done
-- Check for working CXX compiler: /usr/bin/c++ - skipped
-- Detecting CXX compile features
-- Detecting CXX compile features - done
-- Found ament_cmake: 2.5.3 (/opt/ros/jazzy/share/ament_cmake/cmake)
-- Found Python3: /usr/bin/python3 (found version "3.12.3") found components: Interpreter 
-- Found ament_lint_auto: 0.17.1 (/opt/ros/jazzy/share/ament_lint_auto/cmake)
-- Added test 'flake8' to check Python code syntax and style conventions
-- Configured 'flake8' exclude dirs and/or files: 
-- Added test 'lint_cmake' to check CMake code style
-- Added test 'pep257' to check Python code against some of the docstring style conventions in PEP 257
-- Added test 'xmllint' to check XML markup files
-- Configuring done (0.6s)
-- Generating done (0.0s)
-- Build files have been written to: /home/eren/ern/projects/main_kasva_ws/build/kasva_sekli
-- Install configuration: ""
-- Installing: /home/eren/ern/projects/main_kasva_ws/install/kasva_sekli/share/ament_index/resource_index/package_run_dependencies/kasva_sekli
-- Installing: /home/eren/ern/projects/main_kasva_ws/install/kasva_sekli/share/ament_index/resource_index/parent_prefix_path/kasva_sekli
-- Installing: /home/eren/ern/projects/main_kasva_ws/install/kasva_sekli/share/kasva_sekli/environment/ament_prefix_path.sh
-- Installing: /home/eren/ern/projects/main_kasva_ws/install/kasva_sekli/share/kasva_sekli/environment/ament_prefix_path.dsv
-- Installing: /home/eren/ern/projects/main_kasva_ws/install/kasva_sekli/share/kasva_sekli/environment/path.sh
-- Installing: /home/eren/ern/projects/main_kasva_ws/install/kasva_sekli/share/kasva_sekli/environment/path.dsv
-- Installing: /home/eren/ern/projects/main_kasva_ws/install/kasva_sekli/share/kasva_sekli/local_setup.bash
-- Installing: /home/eren/ern/projects/main_kasva_ws/install/kasva_sekli/share/kasva_sekli/local_setup.sh
-- Installing: /home/eren/ern/projects/main_kasva_ws/install/kasva_sekli/share/kasva_sekli/local_setup.zsh
-- Installing: /home/eren/ern/projects/main_kasva_ws/install/kasva_sekli/share/kasva_sekli/local_setup.dsv
-- Installing: /home/eren/ern/projects/main_kasva_ws/install/kasva_sekli/share/kasva_sekli/package.dsv
-- Installing: /home/eren/ern/projects/main_kasva_ws/install/kasva_sekli/share/ament_index/resource_index/packages/kasva_sekli
-- Installing: /home/eren/ern/projects/main_kasva_ws/install/kasva_sekli/share/kasva_sekli/cmake/kasva_sekliConfig.cmake
-- Installing: /home/eren/ern/projects/main_kasva_ws/install/kasva_sekli/share/kasva_sekli/cmake/kasva_sekliConfig-version.cmake
-- Installing: /home/eren/ern/projects/main_kasva_ws/install/kasva_sekli/share/kasva_sekli/package.xml
