[0.005s] Invoking command in '/home/eren/ern/projects/main_kasva_ws/build/kasva_sekli': CMAKE_PREFIX_PATH=${CMAKE_PREFIX_PATH}:/opt/ros/jazzy DEBUGINFOD_URLS=https://debuginfod.ubuntu.com /usr/bin/cmake /home/eren/ern/projects/main_kasva_ws/src/kasva_sekli -DCMAKE_INSTALL_PREFIX=/home/eren/ern/projects/main_kasva_ws/install/kasva_sekli
[0.048s] -- The C compiler identification is GNU 13.3.0
[0.094s] -- The CXX compiler identification is GNU 13.3.0
[0.106s] -- Detecting C compiler ABI info
[0.209s] -- Detecting C compiler ABI info - done
[0.215s] -- Check for working C compiler: /usr/bin/cc - skipped
[0.215s] -- Detecting C compile features
[0.215s] -- Detecting C compile features - done
[0.223s] -- Detecting CXX compiler ABI info
[0.312s] -- Detecting CXX compiler ABI info - done
[0.317s] -- Check for working CXX compiler: /usr/bin/c++ - skipped
[0.317s] -- Detecting CXX compile features
[0.318s] -- Detecting CXX compile features - done
[0.320s] -- Found ament_cmake: 2.5.3 (/opt/ros/jazzy/share/ament_cmake/cmake)
[0.432s] -- Found Python3: /usr/bin/python3 (found version "3.12.3") found components: Interpreter 
[0.507s] -- Found ament_lint_auto: 0.17.1 (/opt/ros/jazzy/share/ament_lint_auto/cmake)
[0.579s] -- Added test 'flake8' to check Python code syntax and style conventions
[0.579s] -- Configured 'flake8' exclude dirs and/or files: 
[0.579s] -- Added test 'lint_cmake' to check CMake code style
[0.580s] -- Added test 'pep257' to check Python code against some of the docstring style conventions in PEP 257
[0.580s] -- Added test 'xmllint' to check XML markup files
[0.581s] -- Configuring done (0.6s)
[0.583s] -- Generating done (0.0s)
[0.584s] -- Build files have been written to: /home/eren/ern/projects/main_kasva_ws/build/kasva_sekli
[0.588s] Invoked command in '/home/eren/ern/projects/main_kasva_ws/build/kasva_sekli' returned '0': CMAKE_PREFIX_PATH=${CMAKE_PREFIX_PATH}:/opt/ros/jazzy DEBUGINFOD_URLS=https://debuginfod.ubuntu.com /usr/bin/cmake /home/eren/ern/projects/main_kasva_ws/src/kasva_sekli -DCMAKE_INSTALL_PREFIX=/home/eren/ern/projects/main_kasva_ws/install/kasva_sekli
[0.589s] Invoking command in '/home/eren/ern/projects/main_kasva_ws/build/kasva_sekli': CMAKE_PREFIX_PATH=${CMAKE_PREFIX_PATH}:/opt/ros/jazzy DEBUGINFOD_URLS=https://debuginfod.ubuntu.com /usr/bin/cmake --build /home/eren/ern/projects/main_kasva_ws/build/kasva_sekli -- -j20 -l20
[0.620s] Invoked command in '/home/eren/ern/projects/main_kasva_ws/build/kasva_sekli' returned '0': CMAKE_PREFIX_PATH=${CMAKE_PREFIX_PATH}:/opt/ros/jazzy DEBUGINFOD_URLS=https://debuginfod.ubuntu.com /usr/bin/cmake --build /home/eren/ern/projects/main_kasva_ws/build/kasva_sekli -- -j20 -l20
[0.629s] Invoking command in '/home/eren/ern/projects/main_kasva_ws/build/kasva_sekli': CMAKE_PREFIX_PATH=${CMAKE_PREFIX_PATH}:/opt/ros/jazzy DEBUGINFOD_URLS=https://debuginfod.ubuntu.com /usr/bin/cmake --install /home/eren/ern/projects/main_kasva_ws/build/kasva_sekli
[0.635s] -- Install configuration: ""
[0.635s] -- Installing: /home/eren/ern/projects/main_kasva_ws/install/kasva_sekli/share/ament_index/resource_index/package_run_dependencies/kasva_sekli
[0.635s] -- Installing: /home/eren/ern/projects/main_kasva_ws/install/kasva_sekli/share/ament_index/resource_index/parent_prefix_path/kasva_sekli
[0.635s] -- Installing: /home/eren/ern/projects/main_kasva_ws/install/kasva_sekli/share/kasva_sekli/environment/ament_prefix_path.sh
[0.635s] -- Installing: /home/eren/ern/projects/main_kasva_ws/install/kasva_sekli/share/kasva_sekli/environment/ament_prefix_path.dsv
[0.635s] -- Installing: /home/eren/ern/projects/main_kasva_ws/install/kasva_sekli/share/kasva_sekli/environment/path.sh
[0.635s] -- Installing: /home/eren/ern/projects/main_kasva_ws/install/kasva_sekli/share/kasva_sekli/environment/path.dsv
[0.635s] -- Installing: /home/eren/ern/projects/main_kasva_ws/install/kasva_sekli/share/kasva_sekli/local_setup.bash
[0.636s] -- Installing: /home/eren/ern/projects/main_kasva_ws/install/kasva_sekli/share/kasva_sekli/local_setup.sh
[0.636s] -- Installing: /home/eren/ern/projects/main_kasva_ws/install/kasva_sekli/share/kasva_sekli/local_setup.zsh
[0.636s] -- Installing: /home/eren/ern/projects/main_kasva_ws/install/kasva_sekli/share/kasva_sekli/local_setup.dsv
[0.636s] -- Installing: /home/eren/ern/projects/main_kasva_ws/install/kasva_sekli/share/kasva_sekli/package.dsv
[0.636s] -- Installing: /home/eren/ern/projects/main_kasva_ws/install/kasva_sekli/share/ament_index/resource_index/packages/kasva_sekli
[0.636s] -- Installing: /home/eren/ern/projects/main_kasva_ws/install/kasva_sekli/share/kasva_sekli/cmake/kasva_sekliConfig.cmake
[0.636s] -- Installing: /home/eren/ern/projects/main_kasva_ws/install/kasva_sekli/share/kasva_sekli/cmake/kasva_sekliConfig-version.cmake
[0.636s] -- Installing: /home/eren/ern/projects/main_kasva_ws/install/kasva_sekli/share/kasva_sekli/package.xml
[0.637s] Invoked command in '/home/eren/ern/projects/main_kasva_ws/build/kasva_sekli' returned '0': CMAKE_PREFIX_PATH=${CMAKE_PREFIX_PATH}:/opt/ros/jazzy DEBUGINFOD_URLS=https://debuginfod.ubuntu.com /usr/bin/cmake --install /home/eren/ern/projects/main_kasva_ws/build/kasva_sekli
