[0.260s] Invoking command in '/home/eren/ern/projects/main_kasva_ws/build/kasva_sekli': CMAKE_PREFIX_PATH=${CMAKE_PREFIX_PATH}:/home/eren/ern/projects/main_kasva_ws/install/obstacle:/home/eren/ern/projects/main_kasva_ws/install/manager:/home/eren/ern/projects/main_kasva_ws/install/img_pro:/home/eren/ern/projects/main_kasva_ws/install/gui:/opt/ros/jazzy DEBUGINFOD_URLS=https://debuginfod.ubuntu.com /usr/bin/cmake --build /home/eren/ern/projects/main_kasva_ws/build/kasva_sekli -- -j20 -l20
[0.411s] Invoked command in '/home/eren/ern/projects/main_kasva_ws/build/kasva_sekli' returned '0': CMAKE_PREFIX_PATH=${CMAKE_PREFIX_PATH}:/home/eren/ern/projects/main_kasva_ws/install/obstacle:/home/eren/ern/projects/main_kasva_ws/install/manager:/home/eren/ern/projects/main_kasva_ws/install/img_pro:/home/eren/ern/projects/main_kasva_ws/install/gui:/opt/ros/jazzy DEBUGINFOD_URLS=https://debuginfod.ubuntu.com /usr/bin/cmake --build /home/eren/ern/projects/main_kasva_ws/build/kasva_sekli -- -j20 -l20
[0.417s] Invoking command in '/home/eren/ern/projects/main_kasva_ws/build/kasva_sekli': CMAKE_PREFIX_PATH=${CMAKE_PREFIX_PATH}:/home/eren/ern/projects/main_kasva_ws/install/obstacle:/home/eren/ern/projects/main_kasva_ws/install/manager:/home/eren/ern/projects/main_kasva_ws/install/img_pro:/home/eren/ern/projects/main_kasva_ws/install/gui:/opt/ros/jazzy DEBUGINFOD_URLS=https://debuginfod.ubuntu.com /usr/bin/cmake --install /home/eren/ern/projects/main_kasva_ws/build/kasva_sekli
[0.551s] -- Install configuration: ""
[0.552s] -- Up-to-date: /home/eren/ern/projects/main_kasva_ws/install/kasva_sekli/share/kasva_sekli/config
[0.552s] -- Up-to-date: /home/eren/ern/projects/main_kasva_ws/install/kasva_sekli/share/kasva_sekli/config/gz_bridge.yaml
[0.552s] -- Up-to-date: /home/eren/ern/projects/main_kasva_ws/install/kasva_sekli/share/kasva_sekli/config/my_controllers.yaml
[0.552s] -- Up-to-date: /home/eren/ern/projects/main_kasva_ws/install/kasva_sekli/share/kasva_sekli/description
[0.552s] -- Up-to-date: /home/eren/ern/projects/main_kasva_ws/install/kasva_sekli/share/kasva_sekli/description/camera.xacro
[0.552s] -- Up-to-date: /home/eren/ern/projects/main_kasva_ws/install/kasva_sekli/share/kasva_sekli/description/lidar.xacro
[0.552s] -- Up-to-date: /home/eren/ern/projects/main_kasva_ws/install/kasva_sekli/share/kasva_sekli/description/robot.urdf.xacro
[0.552s] -- Up-to-date: /home/eren/ern/projects/main_kasva_ws/install/kasva_sekli/share/kasva_sekli/description/inertial_macros.xacro
[0.552s] -- Up-to-date: /home/eren/ern/projects/main_kasva_ws/install/kasva_sekli/share/kasva_sekli/description/robot_core.xacro
[0.552s] -- Up-to-date: /home/eren/ern/projects/main_kasva_ws/install/kasva_sekli/share/kasva_sekli/description/gazebo_control.xacro
[0.552s] -- Up-to-date: /home/eren/ern/projects/main_kasva_ws/install/kasva_sekli/share/kasva_sekli/description/ros2_control.xacro
[0.552s] -- Up-to-date: /home/eren/ern/projects/main_kasva_ws/install/kasva_sekli/share/kasva_sekli/launch
[0.552s] -- Up-to-date: /home/eren/ern/projects/main_kasva_ws/install/kasva_sekli/share/kasva_sekli/launch/launch_sim.launch.py
[0.552s] -- Up-to-date: /home/eren/ern/projects/main_kasva_ws/install/kasva_sekli/share/kasva_sekli/worlds
[0.552s] -- Up-to-date: /home/eren/ern/projects/main_kasva_ws/install/kasva_sekli/share/kasva_sekli/worlds/empty.world
[0.552s] -- Up-to-date: /home/eren/ern/projects/main_kasva_ws/install/kasva_sekli/share/kasva_sekli/worlds/lines.world
[0.552s] -- Up-to-date: /home/eren/ern/projects/main_kasva_ws/install/kasva_sekli/share/kasva_sekli/meshes
[0.552s] -- Up-to-date: /home/eren/ern/projects/main_kasva_ws/install/kasva_sekli/share/kasva_sekli/meshes/robo_kasva_sekil_002.STL
[0.552s] -- Up-to-date: /home/eren/ern/projects/main_kasva_ws/install/kasva_sekli/share/kasva_sekli/meshes/robo_kasva_sekil_004.STL
[0.552s] -- Up-to-date: /home/eren/ern/projects/main_kasva_ws/install/kasva_sekli/share/kasva_sekli/meshes/robo_kasva_sekil_003.STL
[0.552s] -- Up-to-date: /home/eren/ern/projects/main_kasva_ws/install/kasva_sekli/share/kasva_sekli/meshes/robo_kasva_sekil_001.STL
[0.552s] -- Up-to-date: /home/eren/ern/projects/main_kasva_ws/install/kasva_sekli/share/ament_index/resource_index/package_run_dependencies/kasva_sekli
[0.552s] -- Up-to-date: /home/eren/ern/projects/main_kasva_ws/install/kasva_sekli/share/ament_index/resource_index/parent_prefix_path/kasva_sekli
[0.552s] -- Up-to-date: /home/eren/ern/projects/main_kasva_ws/install/kasva_sekli/share/kasva_sekli/environment/ament_prefix_path.sh
[0.553s] -- Up-to-date: /home/eren/ern/projects/main_kasva_ws/install/kasva_sekli/share/kasva_sekli/environment/ament_prefix_path.dsv
[0.553s] -- Up-to-date: /home/eren/ern/projects/main_kasva_ws/install/kasva_sekli/share/kasva_sekli/environment/path.sh
[0.553s] -- Up-to-date: /home/eren/ern/projects/main_kasva_ws/install/kasva_sekli/share/kasva_sekli/environment/path.dsv
[0.553s] -- Up-to-date: /home/eren/ern/projects/main_kasva_ws/install/kasva_sekli/share/kasva_sekli/local_setup.bash
[0.553s] -- Up-to-date: /home/eren/ern/projects/main_kasva_ws/install/kasva_sekli/share/kasva_sekli/local_setup.sh
[0.553s] -- Up-to-date: /home/eren/ern/projects/main_kasva_ws/install/kasva_sekli/share/kasva_sekli/local_setup.zsh
[0.553s] -- Up-to-date: /home/eren/ern/projects/main_kasva_ws/install/kasva_sekli/share/kasva_sekli/local_setup.dsv
[0.553s] -- Installing: /home/eren/ern/projects/main_kasva_ws/install/kasva_sekli/share/kasva_sekli/package.dsv
[0.553s] -- Up-to-date: /home/eren/ern/projects/main_kasva_ws/install/kasva_sekli/share/ament_index/resource_index/packages/kasva_sekli
[0.553s] -- Up-to-date: /home/eren/ern/projects/main_kasva_ws/install/kasva_sekli/share/kasva_sekli/cmake/kasva_sekliConfig.cmake
[0.553s] -- Up-to-date: /home/eren/ern/projects/main_kasva_ws/install/kasva_sekli/share/kasva_sekli/cmake/kasva_sekliConfig-version.cmake
[0.553s] -- Up-to-date: /home/eren/ern/projects/main_kasva_ws/install/kasva_sekli/share/kasva_sekli/package.xml
[0.557s] Invoked command in '/home/eren/ern/projects/main_kasva_ws/build/kasva_sekli' returned '0': CMAKE_PREFIX_PATH=${CMAKE_PREFIX_PATH}:/home/eren/ern/projects/main_kasva_ws/install/obstacle:/home/eren/ern/projects/main_kasva_ws/install/manager:/home/eren/ern/projects/main_kasva_ws/install/img_pro:/home/eren/ern/projects/main_kasva_ws/install/gui:/opt/ros/jazzy DEBUGINFOD_URLS=https://debuginfod.ubuntu.com /usr/bin/cmake --install /home/eren/ern/projects/main_kasva_ws/build/kasva_sekli
