[0.578s] Invoking command in '/home/eren/ern/projects/main_kasva_ws/build/kasva_sekli': CMAKE_PREFIX_PATH=${CMAKE_PREFIX_PATH}:/home/eren/ern/projects/main_kasva_ws/install/obstacle:/home/eren/ern/projects/main_kasva_ws/install/manager:/home/eren/ern/projects/main_kasva_ws/install/img_pro:/home/eren/ern/projects/main_kasva_ws/install/gui:/opt/ros/jazzy DEBUGINFOD_URLS=https://debuginfod.ubuntu.com /usr/bin/cmake --build /home/eren/ern/projects/main_kasva_ws/build/kasva_sekli -- -j20 -l20
[0.868s] Invoked command in '/home/eren/ern/projects/main_kasva_ws/build/kasva_sekli' returned '0': CMAKE_PREFIX_PATH=${CMAKE_PREFIX_PATH}:/home/eren/ern/projects/main_kasva_ws/install/obstacle:/home/eren/ern/projects/main_kasva_ws/install/manager:/home/eren/ern/projects/main_kasva_ws/install/img_pro:/home/eren/ern/projects/main_kasva_ws/install/gui:/opt/ros/jazzy DEBUGINFOD_URLS=https://debuginfod.ubuntu.com /usr/bin/cmake --build /home/eren/ern/projects/main_kasva_ws/build/kasva_sekli -- -j20 -l20
[0.879s] Invoking command in '/home/eren/ern/projects/main_kasva_ws/build/kasva_sekli': CMAKE_PREFIX_PATH=${CMAKE_PREFIX_PATH}:/home/eren/ern/projects/main_kasva_ws/install/obstacle:/home/eren/ern/projects/main_kasva_ws/install/manager:/home/eren/ern/projects/main_kasva_ws/install/img_pro:/home/eren/ern/projects/main_kasva_ws/install/gui:/opt/ros/jazzy DEBUGINFOD_URLS=https://debuginfod.ubuntu.com /usr/bin/cmake --install /home/eren/ern/projects/main_kasva_ws/build/kasva_sekli
[1.132s] -- Install configuration: ""
[1.133s] -- Up-to-date: /home/eren/ern/projects/main_kasva_ws/install/kasva_sekli/share/kasva_sekli/config
[1.133s] -- Up-to-date: /home/eren/ern/projects/main_kasva_ws/install/kasva_sekli/share/kasva_sekli/config/gz_bridge.yaml
[1.134s] -- Up-to-date: /home/eren/ern/projects/main_kasva_ws/install/kasva_sekli/share/kasva_sekli/config/my_controllers.yaml
[1.134s] -- Up-to-date: /home/eren/ern/projects/main_kasva_ws/install/kasva_sekli/share/kasva_sekli/description
[1.135s] -- Up-to-date: /home/eren/ern/projects/main_kasva_ws/install/kasva_sekli/share/kasva_sekli/description/camera.xacro
[1.135s] -- Up-to-date: /home/eren/ern/projects/main_kasva_ws/install/kasva_sekli/share/kasva_sekli/description/lidar.xacro
[1.135s] -- Up-to-date: /home/eren/ern/projects/main_kasva_ws/install/kasva_sekli/share/kasva_sekli/description/robot.urdf.xacro
[1.136s] -- Up-to-date: /home/eren/ern/projects/main_kasva_ws/install/kasva_sekli/share/kasva_sekli/description/inertial_macros.xacro
[1.137s] -- Up-to-date: /home/eren/ern/projects/main_kasva_ws/install/kasva_sekli/share/kasva_sekli/description/robot_core.xacro
[1.137s] -- Up-to-date: /home/eren/ern/projects/main_kasva_ws/install/kasva_sekli/share/kasva_sekli/description/gazebo_control.xacro
[1.137s] -- Up-to-date: /home/eren/ern/projects/main_kasva_ws/install/kasva_sekli/share/kasva_sekli/description/ros2_control.xacro
[1.137s] -- Up-to-date: /home/eren/ern/projects/main_kasva_ws/install/kasva_sekli/share/kasva_sekli/launch
[1.137s] -- Up-to-date: /home/eren/ern/projects/main_kasva_ws/install/kasva_sekli/share/kasva_sekli/launch/launch_sim.launch.py
[1.138s] -- Up-to-date: /home/eren/ern/projects/main_kasva_ws/install/kasva_sekli/share/kasva_sekli/worlds
[1.138s] -- Up-to-date: /home/eren/ern/projects/main_kasva_ws/install/kasva_sekli/share/kasva_sekli/worlds/empty.world
[1.138s] -- Up-to-date: /home/eren/ern/projects/main_kasva_ws/install/kasva_sekli/share/kasva_sekli/worlds/lines.world
[1.138s] -- Up-to-date: /home/eren/ern/projects/main_kasva_ws/install/kasva_sekli/share/kasva_sekli/meshes
[1.138s] -- Up-to-date: /home/eren/ern/projects/main_kasva_ws/install/kasva_sekli/share/kasva_sekli/meshes/robo_kasva_sekil_002.STL
[1.138s] -- Up-to-date: /home/eren/ern/projects/main_kasva_ws/install/kasva_sekli/share/kasva_sekli/meshes/robo_kasva_sekil_004.STL
[1.138s] -- Up-to-date: /home/eren/ern/projects/main_kasva_ws/install/kasva_sekli/share/kasva_sekli/meshes/robo_kasva_sekil_003.STL
[1.138s] -- Up-to-date: /home/eren/ern/projects/main_kasva_ws/install/kasva_sekli/share/kasva_sekli/meshes/robo_kasva_sekil_001.STL
[1.138s] -- Up-to-date: /home/eren/ern/projects/main_kasva_ws/install/kasva_sekli/share/ament_index/resource_index/package_run_dependencies/kasva_sekli
[1.138s] -- Up-to-date: /home/eren/ern/projects/main_kasva_ws/install/kasva_sekli/share/ament_index/resource_index/parent_prefix_path/kasva_sekli
[1.138s] -- Up-to-date: /home/eren/ern/projects/main_kasva_ws/install/kasva_sekli/share/kasva_sekli/environment/ament_prefix_path.sh
[1.139s] -- Up-to-date: /home/eren/ern/projects/main_kasva_ws/install/kasva_sekli/share/kasva_sekli/environment/ament_prefix_path.dsv
[1.139s] -- Up-to-date: /home/eren/ern/projects/main_kasva_ws/install/kasva_sekli/share/kasva_sekli/environment/path.sh
[1.139s] -- Up-to-date: /home/eren/ern/projects/main_kasva_ws/install/kasva_sekli/share/kasva_sekli/environment/path.dsv
[1.139s] -- Up-to-date: /home/eren/ern/projects/main_kasva_ws/install/kasva_sekli/share/kasva_sekli/local_setup.bash
[1.139s] -- Up-to-date: /home/eren/ern/projects/main_kasva_ws/install/kasva_sekli/share/kasva_sekli/local_setup.sh
[1.139s] -- Up-to-date: /home/eren/ern/projects/main_kasva_ws/install/kasva_sekli/share/kasva_sekli/local_setup.zsh
[1.139s] -- Up-to-date: /home/eren/ern/projects/main_kasva_ws/install/kasva_sekli/share/kasva_sekli/local_setup.dsv
[1.139s] -- Installing: /home/eren/ern/projects/main_kasva_ws/install/kasva_sekli/share/kasva_sekli/package.dsv
[1.139s] -- Up-to-date: /home/eren/ern/projects/main_kasva_ws/install/kasva_sekli/share/ament_index/resource_index/packages/kasva_sekli
[1.139s] -- Up-to-date: /home/eren/ern/projects/main_kasva_ws/install/kasva_sekli/share/kasva_sekli/cmake/kasva_sekliConfig.cmake
[1.139s] -- Up-to-date: /home/eren/ern/projects/main_kasva_ws/install/kasva_sekli/share/kasva_sekli/cmake/kasva_sekliConfig-version.cmake
[1.140s] -- Up-to-date: /home/eren/ern/projects/main_kasva_ws/install/kasva_sekli/share/kasva_sekli/package.xml
[1.148s] Invoked command in '/home/eren/ern/projects/main_kasva_ws/build/kasva_sekli' returned '0': CMAKE_PREFIX_PATH=${CMAKE_PREFIX_PATH}:/home/eren/ern/projects/main_kasva_ws/install/obstacle:/home/eren/ern/projects/main_kasva_ws/install/manager:/home/eren/ern/projects/main_kasva_ws/install/img_pro:/home/eren/ern/projects/main_kasva_ws/install/gui:/opt/ros/jazzy DEBUGINFOD_URLS=https://debuginfod.ubuntu.com /usr/bin/cmake --install /home/eren/ern/projects/main_kasva_ws/build/kasva_sekli
