[0.058s] DEBUG:colcon:Command line arguments: ['/usr/bin/colcon', 'build']
[0.058s] DEBUG:colcon:Parsed command line arguments: Namespace(log_base=None, log_level=None, verb_name='build', build_base='build', install_base='install', merge_install=False, symlink_install=False, test_result_base=None, continue_on_error=False, executor='parallel', parallel_workers=20, event_handlers=None, ignore_user_meta=False, metas=['./colcon.meta'], base_paths=['.'], packages_ignore=None, packages_ignore_regex=None, paths=None, packages_up_to=None, packages_up_to_regex=None, packages_above=None, packages_above_and_dependencies=None, packages_above_depth=None, packages_select_by_dep=None, packages_skip_by_dep=None, packages_skip_up_to=None, packages_select_build_failed=False, packages_skip_build_finished=False, packages_select_test_failures=False, packages_skip_test_passed=False, packages_select=None, packages_skip=None, packages_select_regex=None, packages_skip_regex=None, packages_start=None, packages_end=None, allow_overriding=[], cmake_args=None, cmake_target=None, cmake_target_skip_unavailable=False, cmake_clean_cache=False, cmake_clean_first=False, cmake_force_configure=False, ament_cmake_args=None, catkin_cmake_args=None, catkin_skip_building_tests=False, mixin_files=None, mixin=None, verb_parser=<colcon_mixin.mixin.mixin_argument.MixinArgumentDecorator object at 0x7d7cd6258c50>, verb_extension=<colcon_core.verb.build.BuildVerb object at 0x7d7cd6258890>, main=<bound method BuildVerb.main of <colcon_core.verb.build.BuildVerb object at 0x7d7cd6258890>>, mixin_verb=('build',))
[0.080s] Level 1:colcon.colcon_core.package_discovery:discover_packages(colcon_meta) check parameters
[0.080s] Level 1:colcon.colcon_core.package_discovery:discover_packages(recursive) check parameters
[0.080s] Level 1:colcon.colcon_core.package_discovery:discover_packages(ignore) check parameters
[0.080s] Level 1:colcon.colcon_core.package_discovery:discover_packages(path) check parameters
[0.080s] Level 1:colcon.colcon_core.package_discovery:discover_packages(colcon_meta) discover
[0.080s] Level 1:colcon.colcon_core.package_discovery:discover_packages(recursive) discover
[0.080s] INFO:colcon.colcon_core.package_discovery:Crawling recursively for packages in '/home/eren/ern/projects/main_kasva_ws'
[0.080s] Level 1:colcon.colcon_core.package_identification:_identify(.) by extensions ['ignore', 'ignore_ament_install']
[0.080s] Level 1:colcon.colcon_core.package_identification:_identify(.) by extension 'ignore'
[0.080s] Level 1:colcon.colcon_core.package_identification:_identify(.) by extension 'ignore_ament_install'
[0.080s] Level 1:colcon.colcon_core.package_identification:_identify(.) by extensions ['colcon_pkg']
[0.080s] Level 1:colcon.colcon_core.package_identification:_identify(.) by extension 'colcon_pkg'
[0.080s] Level 1:colcon.colcon_core.package_identification:_identify(.) by extensions ['colcon_meta']
[0.080s] Level 1:colcon.colcon_core.package_identification:_identify(.) by extension 'colcon_meta'
[0.080s] Level 1:colcon.colcon_core.package_identification:_identify(.) by extensions ['ros']
[0.080s] Level 1:colcon.colcon_core.package_identification:_identify(.) by extension 'ros'
[0.095s] Level 1:colcon.colcon_core.package_identification:_identify(.) by extensions ['cmake', 'python']
[0.095s] Level 1:colcon.colcon_core.package_identification:_identify(.) by extension 'cmake'
[0.095s] Level 1:colcon.colcon_core.package_identification:_identify(.) by extension 'python'
[0.095s] Level 1:colcon.colcon_core.package_identification:_identify(.) by extensions ['python_setup_py']
[0.096s] Level 1:colcon.colcon_core.package_identification:_identify(.) by extension 'python_setup_py'
[0.096s] Level 1:colcon.colcon_core.package_identification:_identify(build) by extensions ['ignore', 'ignore_ament_install']
[0.096s] Level 1:colcon.colcon_core.package_identification:_identify(build) by extension 'ignore'
[0.096s] Level 1:colcon.colcon_core.package_identification:_identify(build) ignored
[0.096s] Level 1:colcon.colcon_core.package_identification:_identify(install) by extensions ['ignore', 'ignore_ament_install']
[0.096s] Level 1:colcon.colcon_core.package_identification:_identify(install) by extension 'ignore'
[0.096s] Level 1:colcon.colcon_core.package_identification:_identify(install) ignored
[0.096s] Level 1:colcon.colcon_core.package_identification:_identify(log) by extensions ['ignore', 'ignore_ament_install']
[0.096s] Level 1:colcon.colcon_core.package_identification:_identify(log) by extension 'ignore'
[0.096s] Level 1:colcon.colcon_core.package_identification:_identify(log) ignored
[0.096s] Level 1:colcon.colcon_core.package_identification:_identify(src) by extensions ['ignore', 'ignore_ament_install']
[0.096s] Level 1:colcon.colcon_core.package_identification:_identify(src) by extension 'ignore'
[0.096s] Level 1:colcon.colcon_core.package_identification:_identify(src) by extension 'ignore_ament_install'
[0.096s] Level 1:colcon.colcon_core.package_identification:_identify(src) by extensions ['colcon_pkg']
[0.096s] Level 1:colcon.colcon_core.package_identification:_identify(src) by extension 'colcon_pkg'
[0.096s] Level 1:colcon.colcon_core.package_identification:_identify(src) by extensions ['colcon_meta']
[0.096s] Level 1:colcon.colcon_core.package_identification:_identify(src) by extension 'colcon_meta'
[0.096s] Level 1:colcon.colcon_core.package_identification:_identify(src) by extensions ['ros']
[0.096s] Level 1:colcon.colcon_core.package_identification:_identify(src) by extension 'ros'
[0.096s] Level 1:colcon.colcon_core.package_identification:_identify(src) by extensions ['cmake', 'python']
[0.096s] Level 1:colcon.colcon_core.package_identification:_identify(src) by extension 'cmake'
[0.096s] Level 1:colcon.colcon_core.package_identification:_identify(src) by extension 'python'
[0.096s] Level 1:colcon.colcon_core.package_identification:_identify(src) by extensions ['python_setup_py']
[0.096s] Level 1:colcon.colcon_core.package_identification:_identify(src) by extension 'python_setup_py'
[0.096s] Level 1:colcon.colcon_core.package_identification:_identify(src/gui) by extensions ['ignore', 'ignore_ament_install']
[0.096s] Level 1:colcon.colcon_core.package_identification:_identify(src/gui) by extension 'ignore'
[0.096s] Level 1:colcon.colcon_core.package_identification:_identify(src/gui) by extension 'ignore_ament_install'
[0.096s] Level 1:colcon.colcon_core.package_identification:_identify(src/gui) by extensions ['colcon_pkg']
[0.096s] Level 1:colcon.colcon_core.package_identification:_identify(src/gui) by extension 'colcon_pkg'
[0.096s] Level 1:colcon.colcon_core.package_identification:_identify(src/gui) by extensions ['colcon_meta']
[0.096s] Level 1:colcon.colcon_core.package_identification:_identify(src/gui) by extension 'colcon_meta'
[0.096s] Level 1:colcon.colcon_core.package_identification:_identify(src/gui) by extensions ['ros']
[0.096s] Level 1:colcon.colcon_core.package_identification:_identify(src/gui) by extension 'ros'
[0.098s] DEBUG:colcon.colcon_core.package_identification:Package 'src/gui' with type 'ros.ament_python' and name 'gui'
[0.098s] Level 1:colcon.colcon_core.package_identification:_identify(src/img_pro) by extensions ['ignore', 'ignore_ament_install']
[0.098s] Level 1:colcon.colcon_core.package_identification:_identify(src/img_pro) by extension 'ignore'
[0.098s] Level 1:colcon.colcon_core.package_identification:_identify(src/img_pro) by extension 'ignore_ament_install'
[0.098s] Level 1:colcon.colcon_core.package_identification:_identify(src/img_pro) by extensions ['colcon_pkg']
[0.098s] Level 1:colcon.colcon_core.package_identification:_identify(src/img_pro) by extension 'colcon_pkg'
[0.098s] Level 1:colcon.colcon_core.package_identification:_identify(src/img_pro) by extensions ['colcon_meta']
[0.098s] Level 1:colcon.colcon_core.package_identification:_identify(src/img_pro) by extension 'colcon_meta'
[0.098s] Level 1:colcon.colcon_core.package_identification:_identify(src/img_pro) by extensions ['ros']
[0.098s] Level 1:colcon.colcon_core.package_identification:_identify(src/img_pro) by extension 'ros'
[0.098s] DEBUG:colcon.colcon_core.package_identification:Package 'src/img_pro' with type 'ros.ament_python' and name 'img_pro'
[0.099s] Level 1:colcon.colcon_core.package_identification:_identify(src/interfaces) by extensions ['ignore', 'ignore_ament_install']
[0.099s] Level 1:colcon.colcon_core.package_identification:_identify(src/interfaces) by extension 'ignore'
[0.099s] Level 1:colcon.colcon_core.package_identification:_identify(src/interfaces) by extension 'ignore_ament_install'
[0.099s] Level 1:colcon.colcon_core.package_identification:_identify(src/interfaces) by extensions ['colcon_pkg']
[0.099s] Level 1:colcon.colcon_core.package_identification:_identify(src/interfaces) by extension 'colcon_pkg'
[0.099s] Level 1:colcon.colcon_core.package_identification:_identify(src/interfaces) by extensions ['colcon_meta']
[0.099s] Level 1:colcon.colcon_core.package_identification:_identify(src/interfaces) by extension 'colcon_meta'
[0.099s] Level 1:colcon.colcon_core.package_identification:_identify(src/interfaces) by extensions ['ros']
[0.099s] Level 1:colcon.colcon_core.package_identification:_identify(src/interfaces) by extension 'ros'
[0.099s] DEBUG:colcon.colcon_core.package_identification:Package 'src/interfaces' with type 'ros.ament_cmake' and name 'interfaces'
[0.099s] Level 1:colcon.colcon_core.package_identification:_identify(src/kasva_odom) by extensions ['ignore', 'ignore_ament_install']
[0.099s] Level 1:colcon.colcon_core.package_identification:_identify(src/kasva_odom) by extension 'ignore'
[0.099s] Level 1:colcon.colcon_core.package_identification:_identify(src/kasva_odom) by extension 'ignore_ament_install'
[0.099s] Level 1:colcon.colcon_core.package_identification:_identify(src/kasva_odom) by extensions ['colcon_pkg']
[0.099s] Level 1:colcon.colcon_core.package_identification:_identify(src/kasva_odom) by extension 'colcon_pkg'
[0.099s] Level 1:colcon.colcon_core.package_identification:_identify(src/kasva_odom) by extensions ['colcon_meta']
[0.099s] Level 1:colcon.colcon_core.package_identification:_identify(src/kasva_odom) by extension 'colcon_meta'
[0.099s] Level 1:colcon.colcon_core.package_identification:_identify(src/kasva_odom) by extensions ['ros']
[0.099s] Level 1:colcon.colcon_core.package_identification:_identify(src/kasva_odom) by extension 'ros'
[0.100s] DEBUG:colcon.colcon_core.package_identification:Package 'src/kasva_odom' with type 'ros.ament_cmake' and name 'kasva_odom'
[0.100s] Level 1:colcon.colcon_core.package_identification:_identify(src/kasva_sekli) by extensions ['ignore', 'ignore_ament_install']
[0.100s] Level 1:colcon.colcon_core.package_identification:_identify(src/kasva_sekli) by extension 'ignore'
[0.100s] Level 1:colcon.colcon_core.package_identification:_identify(src/kasva_sekli) by extension 'ignore_ament_install'
[0.100s] Level 1:colcon.colcon_core.package_identification:_identify(src/kasva_sekli) by extensions ['colcon_pkg']
[0.100s] Level 1:colcon.colcon_core.package_identification:_identify(src/kasva_sekli) by extension 'colcon_pkg'
[0.100s] Level 1:colcon.colcon_core.package_identification:_identify(src/kasva_sekli) by extensions ['colcon_meta']
[0.100s] Level 1:colcon.colcon_core.package_identification:_identify(src/kasva_sekli) by extension 'colcon_meta'
[0.100s] Level 1:colcon.colcon_core.package_identification:_identify(src/kasva_sekli) by extensions ['ros']
[0.100s] Level 1:colcon.colcon_core.package_identification:_identify(src/kasva_sekli) by extension 'ros'
[0.100s] DEBUG:colcon.colcon_core.package_identification:Package 'src/kasva_sekli' with type 'ros.ament_cmake' and name 'kasva_sekli'
[0.100s] Level 1:colcon.colcon_core.package_identification:_identify(src/manager) by extensions ['ignore', 'ignore_ament_install']
[0.100s] Level 1:colcon.colcon_core.package_identification:_identify(src/manager) by extension 'ignore'
[0.100s] Level 1:colcon.colcon_core.package_identification:_identify(src/manager) by extension 'ignore_ament_install'
[0.100s] Level 1:colcon.colcon_core.package_identification:_identify(src/manager) by extensions ['colcon_pkg']
[0.100s] Level 1:colcon.colcon_core.package_identification:_identify(src/manager) by extension 'colcon_pkg'
[0.100s] Level 1:colcon.colcon_core.package_identification:_identify(src/manager) by extensions ['colcon_meta']
[0.100s] Level 1:colcon.colcon_core.package_identification:_identify(src/manager) by extension 'colcon_meta'
[0.100s] Level 1:colcon.colcon_core.package_identification:_identify(src/manager) by extensions ['ros']
[0.100s] Level 1:colcon.colcon_core.package_identification:_identify(src/manager) by extension 'ros'
[0.101s] DEBUG:colcon.colcon_core.package_identification:Package 'src/manager' with type 'ros.ament_python' and name 'manager'
[0.101s] Level 1:colcon.colcon_core.package_identification:_identify(src/obstacle) by extensions ['ignore', 'ignore_ament_install']
[0.101s] Level 1:colcon.colcon_core.package_identification:_identify(src/obstacle) by extension 'ignore'
[0.101s] Level 1:colcon.colcon_core.package_identification:_identify(src/obstacle) by extension 'ignore_ament_install'
[0.101s] Level 1:colcon.colcon_core.package_identification:_identify(src/obstacle) by extensions ['colcon_pkg']
[0.101s] Level 1:colcon.colcon_core.package_identification:_identify(src/obstacle) by extension 'colcon_pkg'
[0.101s] Level 1:colcon.colcon_core.package_identification:_identify(src/obstacle) by extensions ['colcon_meta']
[0.101s] Level 1:colcon.colcon_core.package_identification:_identify(src/obstacle) by extension 'colcon_meta'
[0.101s] Level 1:colcon.colcon_core.package_identification:_identify(src/obstacle) by extensions ['ros']
[0.101s] Level 1:colcon.colcon_core.package_identification:_identify(src/obstacle) by extension 'ros'
[0.101s] DEBUG:colcon.colcon_core.package_identification:Package 'src/obstacle' with type 'ros.ament_python' and name 'obstacle'
[0.101s] Level 1:colcon.colcon_core.package_discovery:discover_packages(recursive) using defaults
[0.101s] Level 1:colcon.colcon_core.package_discovery:discover_packages(ignore) discover
[0.101s] Level 1:colcon.colcon_core.package_discovery:discover_packages(ignore) using defaults
[0.101s] Level 1:colcon.colcon_core.package_discovery:discover_packages(path) discover
[0.101s] Level 1:colcon.colcon_core.package_discovery:discover_packages(path) using defaults
[0.112s] Level 1:colcon.colcon_core.package_discovery:discover_packages(prefix_path) check parameters
[0.112s] Level 1:colcon.colcon_core.package_discovery:discover_packages(prefix_path) discover
[0.113s] DEBUG:colcon.colcon_installed_package_information.package_discovery:Found 7 installed packages in /home/eren/ern/projects/main_kasva_ws/install
[0.114s] DEBUG:colcon.colcon_installed_package_information.package_discovery:Found 367 installed packages in /opt/ros/jazzy
[0.115s] Level 1:colcon.colcon_core.package_discovery:discover_packages(prefix_path) using defaults
[0.140s] Level 5:colcon.colcon_core.verb:set package 'gui' build argument 'cmake_args' from command line to 'None'
[0.140s] Level 5:colcon.colcon_core.verb:set package 'gui' build argument 'cmake_target' from command line to 'None'
[0.140s] Level 5:colcon.colcon_core.verb:set package 'gui' build argument 'cmake_target_skip_unavailable' from command line to 'False'
[0.140s] Level 5:colcon.colcon_core.verb:set package 'gui' build argument 'cmake_clean_cache' from command line to 'False'
[0.140s] Level 5:colcon.colcon_core.verb:set package 'gui' build argument 'cmake_clean_first' from command line to 'False'
[0.140s] Level 5:colcon.colcon_core.verb:set package 'gui' build argument 'cmake_force_configure' from command line to 'False'
[0.140s] Level 5:colcon.colcon_core.verb:set package 'gui' build argument 'ament_cmake_args' from command line to 'None'
[0.140s] Level 5:colcon.colcon_core.verb:set package 'gui' build argument 'catkin_cmake_args' from command line to 'None'
[0.140s] Level 5:colcon.colcon_core.verb:set package 'gui' build argument 'catkin_skip_building_tests' from command line to 'False'
[0.140s] DEBUG:colcon.colcon_core.verb:Building package 'gui' with the following arguments: {'ament_cmake_args': None, 'build_base': '/home/eren/ern/projects/main_kasva_ws/build/gui', 'catkin_cmake_args': None, 'catkin_skip_building_tests': False, 'cmake_args': None, 'cmake_clean_cache': False, 'cmake_clean_first': False, 'cmake_force_configure': False, 'cmake_target': None, 'cmake_target_skip_unavailable': False, 'install_base': '/home/eren/ern/projects/main_kasva_ws/install/gui', 'merge_install': False, 'path': '/home/eren/ern/projects/main_kasva_ws/src/gui', 'symlink_install': False, 'test_result_base': None}
[0.140s] Level 5:colcon.colcon_core.verb:set package 'img_pro' build argument 'cmake_args' from command line to 'None'
[0.140s] Level 5:colcon.colcon_core.verb:set package 'img_pro' build argument 'cmake_target' from command line to 'None'
[0.140s] Level 5:colcon.colcon_core.verb:set package 'img_pro' build argument 'cmake_target_skip_unavailable' from command line to 'False'
[0.140s] Level 5:colcon.colcon_core.verb:set package 'img_pro' build argument 'cmake_clean_cache' from command line to 'False'
[0.140s] Level 5:colcon.colcon_core.verb:set package 'img_pro' build argument 'cmake_clean_first' from command line to 'False'
[0.140s] Level 5:colcon.colcon_core.verb:set package 'img_pro' build argument 'cmake_force_configure' from command line to 'False'
[0.140s] Level 5:colcon.colcon_core.verb:set package 'img_pro' build argument 'ament_cmake_args' from command line to 'None'
[0.140s] Level 5:colcon.colcon_core.verb:set package 'img_pro' build argument 'catkin_cmake_args' from command line to 'None'
[0.140s] Level 5:colcon.colcon_core.verb:set package 'img_pro' build argument 'catkin_skip_building_tests' from command line to 'False'
[0.140s] DEBUG:colcon.colcon_core.verb:Building package 'img_pro' with the following arguments: {'ament_cmake_args': None, 'build_base': '/home/eren/ern/projects/main_kasva_ws/build/img_pro', 'catkin_cmake_args': None, 'catkin_skip_building_tests': False, 'cmake_args': None, 'cmake_clean_cache': False, 'cmake_clean_first': False, 'cmake_force_configure': False, 'cmake_target': None, 'cmake_target_skip_unavailable': False, 'install_base': '/home/eren/ern/projects/main_kasva_ws/install/img_pro', 'merge_install': False, 'path': '/home/eren/ern/projects/main_kasva_ws/src/img_pro', 'symlink_install': False, 'test_result_base': None}
[0.140s] Level 5:colcon.colcon_core.verb:set package 'interfaces' build argument 'cmake_args' from command line to 'None'
[0.140s] Level 5:colcon.colcon_core.verb:set package 'interfaces' build argument 'cmake_target' from command line to 'None'
[0.140s] Level 5:colcon.colcon_core.verb:set package 'interfaces' build argument 'cmake_target_skip_unavailable' from command line to 'False'
[0.140s] Level 5:colcon.colcon_core.verb:set package 'interfaces' build argument 'cmake_clean_cache' from command line to 'False'
[0.140s] Level 5:colcon.colcon_core.verb:set package 'interfaces' build argument 'cmake_clean_first' from command line to 'False'
[0.140s] Level 5:colcon.colcon_core.verb:set package 'interfaces' build argument 'cmake_force_configure' from command line to 'False'
[0.140s] Level 5:colcon.colcon_core.verb:set package 'interfaces' build argument 'ament_cmake_args' from command line to 'None'
[0.140s] Level 5:colcon.colcon_core.verb:set package 'interfaces' build argument 'catkin_cmake_args' from command line to 'None'
[0.140s] Level 5:colcon.colcon_core.verb:set package 'interfaces' build argument 'catkin_skip_building_tests' from command line to 'False'
[0.140s] DEBUG:colcon.colcon_core.verb:Building package 'interfaces' with the following arguments: {'ament_cmake_args': None, 'build_base': '/home/eren/ern/projects/main_kasva_ws/build/interfaces', 'catkin_cmake_args': None, 'catkin_skip_building_tests': False, 'cmake_args': None, 'cmake_clean_cache': False, 'cmake_clean_first': False, 'cmake_force_configure': False, 'cmake_target': None, 'cmake_target_skip_unavailable': False, 'install_base': '/home/eren/ern/projects/main_kasva_ws/install/interfaces', 'merge_install': False, 'path': '/home/eren/ern/projects/main_kasva_ws/src/interfaces', 'symlink_install': False, 'test_result_base': None}
[0.140s] Level 5:colcon.colcon_core.verb:set package 'kasva_odom' build argument 'cmake_args' from command line to 'None'
[0.140s] Level 5:colcon.colcon_core.verb:set package 'kasva_odom' build argument 'cmake_target' from command line to 'None'
[0.141s] Level 5:colcon.colcon_core.verb:set package 'kasva_odom' build argument 'cmake_target_skip_unavailable' from command line to 'False'
[0.141s] Level 5:colcon.colcon_core.verb:set package 'kasva_odom' build argument 'cmake_clean_cache' from command line to 'False'
[0.141s] Level 5:colcon.colcon_core.verb:set package 'kasva_odom' build argument 'cmake_clean_first' from command line to 'False'
[0.141s] Level 5:colcon.colcon_core.verb:set package 'kasva_odom' build argument 'cmake_force_configure' from command line to 'False'
[0.141s] Level 5:colcon.colcon_core.verb:set package 'kasva_odom' build argument 'ament_cmake_args' from command line to 'None'
[0.141s] Level 5:colcon.colcon_core.verb:set package 'kasva_odom' build argument 'catkin_cmake_args' from command line to 'None'
[0.141s] Level 5:colcon.colcon_core.verb:set package 'kasva_odom' build argument 'catkin_skip_building_tests' from command line to 'False'
[0.141s] DEBUG:colcon.colcon_core.verb:Building package 'kasva_odom' with the following arguments: {'ament_cmake_args': None, 'build_base': '/home/eren/ern/projects/main_kasva_ws/build/kasva_odom', 'catkin_cmake_args': None, 'catkin_skip_building_tests': False, 'cmake_args': None, 'cmake_clean_cache': False, 'cmake_clean_first': False, 'cmake_force_configure': False, 'cmake_target': None, 'cmake_target_skip_unavailable': False, 'install_base': '/home/eren/ern/projects/main_kasva_ws/install/kasva_odom', 'merge_install': False, 'path': '/home/eren/ern/projects/main_kasva_ws/src/kasva_odom', 'symlink_install': False, 'test_result_base': None}
[0.141s] Level 5:colcon.colcon_core.verb:set package 'kasva_sekli' build argument 'cmake_args' from command line to 'None'
[0.141s] Level 5:colcon.colcon_core.verb:set package 'kasva_sekli' build argument 'cmake_target' from command line to 'None'
[0.141s] Level 5:colcon.colcon_core.verb:set package 'kasva_sekli' build argument 'cmake_target_skip_unavailable' from command line to 'False'
[0.141s] Level 5:colcon.colcon_core.verb:set package 'kasva_sekli' build argument 'cmake_clean_cache' from command line to 'False'
[0.141s] Level 5:colcon.colcon_core.verb:set package 'kasva_sekli' build argument 'cmake_clean_first' from command line to 'False'
[0.141s] Level 5:colcon.colcon_core.verb:set package 'kasva_sekli' build argument 'cmake_force_configure' from command line to 'False'
[0.141s] Level 5:colcon.colcon_core.verb:set package 'kasva_sekli' build argument 'ament_cmake_args' from command line to 'None'
[0.141s] Level 5:colcon.colcon_core.verb:set package 'kasva_sekli' build argument 'catkin_cmake_args' from command line to 'None'
[0.141s] Level 5:colcon.colcon_core.verb:set package 'kasva_sekli' build argument 'catkin_skip_building_tests' from command line to 'False'
[0.141s] DEBUG:colcon.colcon_core.verb:Building package 'kasva_sekli' with the following arguments: {'ament_cmake_args': None, 'build_base': '/home/eren/ern/projects/main_kasva_ws/build/kasva_sekli', 'catkin_cmake_args': None, 'catkin_skip_building_tests': False, 'cmake_args': None, 'cmake_clean_cache': False, 'cmake_clean_first': False, 'cmake_force_configure': False, 'cmake_target': None, 'cmake_target_skip_unavailable': False, 'install_base': '/home/eren/ern/projects/main_kasva_ws/install/kasva_sekli', 'merge_install': False, 'path': '/home/eren/ern/projects/main_kasva_ws/src/kasva_sekli', 'symlink_install': False, 'test_result_base': None}
[0.141s] Level 5:colcon.colcon_core.verb:set package 'manager' build argument 'cmake_args' from command line to 'None'
[0.141s] Level 5:colcon.colcon_core.verb:set package 'manager' build argument 'cmake_target' from command line to 'None'
[0.141s] Level 5:colcon.colcon_core.verb:set package 'manager' build argument 'cmake_target_skip_unavailable' from command line to 'False'
[0.141s] Level 5:colcon.colcon_core.verb:set package 'manager' build argument 'cmake_clean_cache' from command line to 'False'
[0.141s] Level 5:colcon.colcon_core.verb:set package 'manager' build argument 'cmake_clean_first' from command line to 'False'
[0.141s] Level 5:colcon.colcon_core.verb:set package 'manager' build argument 'cmake_force_configure' from command line to 'False'
[0.141s] Level 5:colcon.colcon_core.verb:set package 'manager' build argument 'ament_cmake_args' from command line to 'None'
[0.141s] Level 5:colcon.colcon_core.verb:set package 'manager' build argument 'catkin_cmake_args' from command line to 'None'
[0.141s] Level 5:colcon.colcon_core.verb:set package 'manager' build argument 'catkin_skip_building_tests' from command line to 'False'
[0.141s] DEBUG:colcon.colcon_core.verb:Building package 'manager' with the following arguments: {'ament_cmake_args': None, 'build_base': '/home/eren/ern/projects/main_kasva_ws/build/manager', 'catkin_cmake_args': None, 'catkin_skip_building_tests': False, 'cmake_args': None, 'cmake_clean_cache': False, 'cmake_clean_first': False, 'cmake_force_configure': False, 'cmake_target': None, 'cmake_target_skip_unavailable': False, 'install_base': '/home/eren/ern/projects/main_kasva_ws/install/manager', 'merge_install': False, 'path': '/home/eren/ern/projects/main_kasva_ws/src/manager', 'symlink_install': False, 'test_result_base': None}
[0.141s] Level 5:colcon.colcon_core.verb:set package 'obstacle' build argument 'cmake_args' from command line to 'None'
[0.141s] Level 5:colcon.colcon_core.verb:set package 'obstacle' build argument 'cmake_target' from command line to 'None'
[0.141s] Level 5:colcon.colcon_core.verb:set package 'obstacle' build argument 'cmake_target_skip_unavailable' from command line to 'False'
[0.141s] Level 5:colcon.colcon_core.verb:set package 'obstacle' build argument 'cmake_clean_cache' from command line to 'False'
[0.141s] Level 5:colcon.colcon_core.verb:set package 'obstacle' build argument 'cmake_clean_first' from command line to 'False'
[0.141s] Level 5:colcon.colcon_core.verb:set package 'obstacle' build argument 'cmake_force_configure' from command line to 'False'
[0.141s] Level 5:colcon.colcon_core.verb:set package 'obstacle' build argument 'ament_cmake_args' from command line to 'None'
[0.141s] Level 5:colcon.colcon_core.verb:set package 'obstacle' build argument 'catkin_cmake_args' from command line to 'None'
[0.141s] Level 5:colcon.colcon_core.verb:set package 'obstacle' build argument 'catkin_skip_building_tests' from command line to 'False'
[0.141s] DEBUG:colcon.colcon_core.verb:Building package 'obstacle' with the following arguments: {'ament_cmake_args': None, 'build_base': '/home/eren/ern/projects/main_kasva_ws/build/obstacle', 'catkin_cmake_args': None, 'catkin_skip_building_tests': False, 'cmake_args': None, 'cmake_clean_cache': False, 'cmake_clean_first': False, 'cmake_force_configure': False, 'cmake_target': None, 'cmake_target_skip_unavailable': False, 'install_base': '/home/eren/ern/projects/main_kasva_ws/install/obstacle', 'merge_install': False, 'path': '/home/eren/ern/projects/main_kasva_ws/src/obstacle', 'symlink_install': False, 'test_result_base': None}
[0.141s] INFO:colcon.colcon_core.executor:Executing jobs using 'parallel' executor
[0.142s] DEBUG:colcon.colcon_parallel_executor.executor.parallel:run_until_complete
[0.142s] INFO:colcon.colcon_ros.task.ament_python.build:Building ROS package in '/home/eren/ern/projects/main_kasva_ws/src/gui' with build type 'ament_python'
[0.143s] Level 1:colcon.colcon_core.shell:create_environment_hook('gui', 'ament_prefix_path')
[0.144s] INFO:colcon.colcon_core.plugin_system:Skipping extension 'colcon_core.shell.bat': Not used on non-Windows systems
[0.144s] INFO:colcon.colcon_core.shell:Creating environment hook '/home/eren/ern/projects/main_kasva_ws/install/gui/share/gui/hook/ament_prefix_path.ps1'
[0.144s] INFO:colcon.colcon_core.shell:Creating environment descriptor '/home/eren/ern/projects/main_kasva_ws/install/gui/share/gui/hook/ament_prefix_path.dsv'
[0.144s] INFO:colcon.colcon_core.shell:Creating environment hook '/home/eren/ern/projects/main_kasva_ws/install/gui/share/gui/hook/ament_prefix_path.sh'
[0.145s] INFO:colcon.colcon_core.shell:Skip shell extension 'powershell' for command environment: Not usable outside of PowerShell
[0.145s] DEBUG:colcon.colcon_core.shell:Skip shell extension 'dsv' for command environment
[0.147s] INFO:colcon.colcon_ros.task.ament_python.build:Building ROS package in '/home/eren/ern/projects/main_kasva_ws/src/img_pro' with build type 'ament_python'
[0.147s] Level 1:colcon.colcon_core.shell:create_environment_hook('img_pro', 'ament_prefix_path')
[0.147s] INFO:colcon.colcon_core.shell:Creating environment hook '/home/eren/ern/projects/main_kasva_ws/install/img_pro/share/img_pro/hook/ament_prefix_path.ps1'
[0.148s] INFO:colcon.colcon_core.shell:Creating environment descriptor '/home/eren/ern/projects/main_kasva_ws/install/img_pro/share/img_pro/hook/ament_prefix_path.dsv'
[0.148s] INFO:colcon.colcon_core.shell:Creating environment hook '/home/eren/ern/projects/main_kasva_ws/install/img_pro/share/img_pro/hook/ament_prefix_path.sh'
[0.148s] INFO:colcon.colcon_core.shell:Skip shell extension 'powershell' for command environment: Not usable outside of PowerShell
[0.148s] DEBUG:colcon.colcon_core.shell:Skip shell extension 'dsv' for command environment
[0.150s] INFO:colcon.colcon_ros.task.ament_cmake.build:Building ROS package in '/home/eren/ern/projects/main_kasva_ws/src/interfaces' with build type 'ament_cmake'
[0.150s] INFO:colcon.colcon_cmake.task.cmake.build:Building CMake package in '/home/eren/ern/projects/main_kasva_ws/src/interfaces'
[0.150s] INFO:colcon.colcon_core.shell:Skip shell extension 'powershell' for command environment: Not usable outside of PowerShell
[0.150s] DEBUG:colcon.colcon_core.shell:Skip shell extension 'dsv' for command environment
[0.152s] INFO:colcon.colcon_ros.task.ament_cmake.build:Building ROS package in '/home/eren/ern/projects/main_kasva_ws/src/kasva_odom' with build type 'ament_cmake'
[0.152s] INFO:colcon.colcon_cmake.task.cmake.build:Building CMake package in '/home/eren/ern/projects/main_kasva_ws/src/kasva_odom'
[0.153s] INFO:colcon.colcon_core.shell:Skip shell extension 'powershell' for command environment: Not usable outside of PowerShell
[0.153s] DEBUG:colcon.colcon_core.shell:Skip shell extension 'dsv' for command environment
[0.155s] INFO:colcon.colcon_ros.task.ament_cmake.build:Building ROS package in '/home/eren/ern/projects/main_kasva_ws/src/kasva_sekli' with build type 'ament_cmake'
[0.155s] INFO:colcon.colcon_cmake.task.cmake.build:Building CMake package in '/home/eren/ern/projects/main_kasva_ws/src/kasva_sekli'
[0.155s] INFO:colcon.colcon_core.shell:Skip shell extension 'powershell' for command environment: Not usable outside of PowerShell
[0.155s] DEBUG:colcon.colcon_core.shell:Skip shell extension 'dsv' for command environment
[0.157s] INFO:colcon.colcon_ros.task.ament_python.build:Building ROS package in '/home/eren/ern/projects/main_kasva_ws/src/manager' with build type 'ament_python'
[0.157s] Level 1:colcon.colcon_core.shell:create_environment_hook('manager', 'ament_prefix_path')
[0.157s] INFO:colcon.colcon_core.shell:Creating environment hook '/home/eren/ern/projects/main_kasva_ws/install/manager/share/manager/hook/ament_prefix_path.ps1'
[0.157s] INFO:colcon.colcon_core.shell:Creating environment descriptor '/home/eren/ern/projects/main_kasva_ws/install/manager/share/manager/hook/ament_prefix_path.dsv'
[0.157s] INFO:colcon.colcon_core.shell:Creating environment hook '/home/eren/ern/projects/main_kasva_ws/install/manager/share/manager/hook/ament_prefix_path.sh'
[0.158s] INFO:colcon.colcon_core.shell:Skip shell extension 'powershell' for command environment: Not usable outside of PowerShell
[0.158s] DEBUG:colcon.colcon_core.shell:Skip shell extension 'dsv' for command environment
[0.160s] INFO:colcon.colcon_ros.task.ament_python.build:Building ROS package in '/home/eren/ern/projects/main_kasva_ws/src/obstacle' with build type 'ament_python'
[0.160s] Level 1:colcon.colcon_core.shell:create_environment_hook('obstacle', 'ament_prefix_path')
[0.160s] INFO:colcon.colcon_core.shell:Creating environment hook '/home/eren/ern/projects/main_kasva_ws/install/obstacle/share/obstacle/hook/ament_prefix_path.ps1'
[0.160s] INFO:colcon.colcon_core.shell:Creating environment descriptor '/home/eren/ern/projects/main_kasva_ws/install/obstacle/share/obstacle/hook/ament_prefix_path.dsv'
[0.160s] INFO:colcon.colcon_core.shell:Creating environment hook '/home/eren/ern/projects/main_kasva_ws/install/obstacle/share/obstacle/hook/ament_prefix_path.sh'
[0.160s] INFO:colcon.colcon_core.shell:Skip shell extension 'powershell' for command environment: Not usable outside of PowerShell
[0.160s] DEBUG:colcon.colcon_core.shell:Skip shell extension 'dsv' for command environment
[0.282s] INFO:colcon.colcon_core.task.python.build:Building Python package in '/home/eren/ern/projects/main_kasva_ws/src/gui'
[0.282s] INFO:colcon.colcon_core.shell:Skip shell extension 'powershell' for command environment: Not usable outside of PowerShell
[0.282s] DEBUG:colcon.colcon_core.shell:Skip shell extension 'dsv' for command environment
[0.404s] INFO:colcon.colcon_core.task.python.build:Building Python package in '/home/eren/ern/projects/main_kasva_ws/src/img_pro'
[0.404s] INFO:colcon.colcon_core.shell:Skip shell extension 'powershell' for command environment: Not usable outside of PowerShell
[0.404s] DEBUG:colcon.colcon_core.shell:Skip shell extension 'dsv' for command environment
[0.409s] DEBUG:colcon.colcon_core.event_handler.log_command:Invoking command in '/home/eren/ern/projects/main_kasva_ws/build/interfaces': CMAKE_PREFIX_PATH=${CMAKE_PREFIX_PATH}:/home/eren/ern/projects/main_kasva_ws/install/obstacle:/home/eren/ern/projects/main_kasva_ws/install/manager:/home/eren/ern/projects/main_kasva_ws/install/img_pro:/home/eren/ern/projects/main_kasva_ws/install/gui:/opt/ros/jazzy DEBUGINFOD_URLS=https://debuginfod.ubuntu.com /usr/bin/cmake --build /home/eren/ern/projects/main_kasva_ws/build/interfaces -- -j20 -l20
[0.410s] DEBUG:colcon.colcon_core.event_handler.log_command:Invoking command in '/home/eren/ern/projects/main_kasva_ws/build/kasva_odom': CMAKE_PREFIX_PATH=${CMAKE_PREFIX_PATH}:/home/eren/ern/projects/main_kasva_ws/install/obstacle:/home/eren/ern/projects/main_kasva_ws/install/manager:/home/eren/ern/projects/main_kasva_ws/install/img_pro:/home/eren/ern/projects/main_kasva_ws/install/gui:/opt/ros/jazzy DEBUGINFOD_URLS=https://debuginfod.ubuntu.com /usr/bin/cmake --build /home/eren/ern/projects/main_kasva_ws/build/kasva_odom -- -j20 -l20
[0.411s] DEBUG:colcon.colcon_core.event_handler.log_command:Invoking command in '/home/eren/ern/projects/main_kasva_ws/build/kasva_sekli': CMAKE_PREFIX_PATH=${CMAKE_PREFIX_PATH}:/home/eren/ern/projects/main_kasva_ws/install/obstacle:/home/eren/ern/projects/main_kasva_ws/install/manager:/home/eren/ern/projects/main_kasva_ws/install/img_pro:/home/eren/ern/projects/main_kasva_ws/install/gui:/opt/ros/jazzy DEBUGINFOD_URLS=https://debuginfod.ubuntu.com /usr/bin/cmake --build /home/eren/ern/projects/main_kasva_ws/build/kasva_sekli -- -j20 -l20
[0.547s] INFO:colcon.colcon_core.task.python.build:Building Python package in '/home/eren/ern/projects/main_kasva_ws/src/manager'
[0.548s] INFO:colcon.colcon_core.shell:Skip shell extension 'powershell' for command environment: Not usable outside of PowerShell
[0.548s] DEBUG:colcon.colcon_core.shell:Skip shell extension 'dsv' for command environment
[0.556s] DEBUG:colcon.colcon_core.event_handler.log_command:Invoked command in '/home/eren/ern/projects/main_kasva_ws/build/kasva_odom' returned '0': CMAKE_PREFIX_PATH=${CMAKE_PREFIX_PATH}:/home/eren/ern/projects/main_kasva_ws/install/obstacle:/home/eren/ern/projects/main_kasva_ws/install/manager:/home/eren/ern/projects/main_kasva_ws/install/img_pro:/home/eren/ern/projects/main_kasva_ws/install/gui:/opt/ros/jazzy DEBUGINFOD_URLS=https://debuginfod.ubuntu.com /usr/bin/cmake --build /home/eren/ern/projects/main_kasva_ws/build/kasva_odom -- -j20 -l20
[0.564s] DEBUG:colcon.colcon_core.event_handler.log_command:Invoking command in '/home/eren/ern/projects/main_kasva_ws/build/kasva_odom': CMAKE_PREFIX_PATH=${CMAKE_PREFIX_PATH}:/home/eren/ern/projects/main_kasva_ws/install/obstacle:/home/eren/ern/projects/main_kasva_ws/install/manager:/home/eren/ern/projects/main_kasva_ws/install/img_pro:/home/eren/ern/projects/main_kasva_ws/install/gui:/opt/ros/jazzy DEBUGINFOD_URLS=https://debuginfod.ubuntu.com /usr/bin/cmake --install /home/eren/ern/projects/main_kasva_ws/build/kasva_odom
[0.564s] DEBUG:colcon.colcon_core.event_handler.log_command:Invoked command in '/home/eren/ern/projects/main_kasva_ws/build/kasva_sekli' returned '0': CMAKE_PREFIX_PATH=${CMAKE_PREFIX_PATH}:/home/eren/ern/projects/main_kasva_ws/install/obstacle:/home/eren/ern/projects/main_kasva_ws/install/manager:/home/eren/ern/projects/main_kasva_ws/install/img_pro:/home/eren/ern/projects/main_kasva_ws/install/gui:/opt/ros/jazzy DEBUGINFOD_URLS=https://debuginfod.ubuntu.com /usr/bin/cmake --build /home/eren/ern/projects/main_kasva_ws/build/kasva_sekli -- -j20 -l20
[0.565s] DEBUG:colcon.colcon_core.event_handler.log_command:Invoking command in '/home/eren/ern/projects/main_kasva_ws/build/kasva_sekli': CMAKE_PREFIX_PATH=${CMAKE_PREFIX_PATH}:/home/eren/ern/projects/main_kasva_ws/install/obstacle:/home/eren/ern/projects/main_kasva_ws/install/manager:/home/eren/ern/projects/main_kasva_ws/install/img_pro:/home/eren/ern/projects/main_kasva_ws/install/gui:/opt/ros/jazzy DEBUGINFOD_URLS=https://debuginfod.ubuntu.com /usr/bin/cmake --install /home/eren/ern/projects/main_kasva_ws/build/kasva_sekli
[0.701s] INFO:colcon.colcon_core.task.python.build:Building Python package in '/home/eren/ern/projects/main_kasva_ws/src/obstacle'
[0.701s] INFO:colcon.colcon_core.shell:Skip shell extension 'powershell' for command environment: Not usable outside of PowerShell
[0.701s] DEBUG:colcon.colcon_core.shell:Skip shell extension 'dsv' for command environment
[0.711s] Level 1:colcon.colcon_core.environment:create_environment_scripts_only(kasva_sekli)
[0.711s] DEBUG:colcon.colcon_core.event_handler.log_command:Invoked command in '/home/eren/ern/projects/main_kasva_ws/build/kasva_sekli' returned '0': CMAKE_PREFIX_PATH=${CMAKE_PREFIX_PATH}:/home/eren/ern/projects/main_kasva_ws/install/obstacle:/home/eren/ern/projects/main_kasva_ws/install/manager:/home/eren/ern/projects/main_kasva_ws/install/img_pro:/home/eren/ern/projects/main_kasva_ws/install/gui:/opt/ros/jazzy DEBUGINFOD_URLS=https://debuginfod.ubuntu.com /usr/bin/cmake --install /home/eren/ern/projects/main_kasva_ws/build/kasva_sekli
[0.712s] Level 1:colcon.colcon_core.environment:checking '/home/eren/ern/projects/main_kasva_ws/install/kasva_sekli' for CMake module files
[0.712s] Level 1:colcon.colcon_core.environment:checking '/home/eren/ern/projects/main_kasva_ws/install/kasva_sekli' for CMake config files
[0.713s] Level 1:colcon.colcon_core.shell:create_environment_hook('kasva_sekli', 'cmake_prefix_path')
[0.713s] INFO:colcon.colcon_core.shell:Creating environment hook '/home/eren/ern/projects/main_kasva_ws/install/kasva_sekli/share/kasva_sekli/hook/cmake_prefix_path.ps1'
[0.713s] INFO:colcon.colcon_core.shell:Creating environment descriptor '/home/eren/ern/projects/main_kasva_ws/install/kasva_sekli/share/kasva_sekli/hook/cmake_prefix_path.dsv'
[0.713s] INFO:colcon.colcon_core.shell:Creating environment hook '/home/eren/ern/projects/main_kasva_ws/install/kasva_sekli/share/kasva_sekli/hook/cmake_prefix_path.sh'
[0.714s] Level 1:colcon.colcon_core.environment:checking '/home/eren/ern/projects/main_kasva_ws/install/kasva_sekli/bin'
[0.714s] Level 1:colcon.colcon_core.environment:checking '/home/eren/ern/projects/main_kasva_ws/install/kasva_sekli/lib/pkgconfig/kasva_sekli.pc'
[0.714s] Level 1:colcon.colcon_core.environment:checking '/home/eren/ern/projects/main_kasva_ws/install/kasva_sekli/lib/python3.12/site-packages'
[0.714s] Level 1:colcon.colcon_core.environment:checking '/home/eren/ern/projects/main_kasva_ws/install/kasva_sekli/bin'
[0.714s] INFO:colcon.colcon_core.shell:Creating package script '/home/eren/ern/projects/main_kasva_ws/install/kasva_sekli/share/kasva_sekli/package.ps1'
[0.714s] INFO:colcon.colcon_core.shell:Creating package descriptor '/home/eren/ern/projects/main_kasva_ws/install/kasva_sekli/share/kasva_sekli/package.dsv'
[0.715s] INFO:colcon.colcon_core.shell:Creating package script '/home/eren/ern/projects/main_kasva_ws/install/kasva_sekli/share/kasva_sekli/package.sh'
[0.715s] INFO:colcon.colcon_core.shell:Creating package script '/home/eren/ern/projects/main_kasva_ws/install/kasva_sekli/share/kasva_sekli/package.bash'
[0.715s] INFO:colcon.colcon_core.shell:Creating package script '/home/eren/ern/projects/main_kasva_ws/install/kasva_sekli/share/kasva_sekli/package.zsh'
[0.716s] Level 1:colcon.colcon_core.environment:create_file_with_runtime_dependencies(/home/eren/ern/projects/main_kasva_ws/install/kasva_sekli/share/colcon-core/packages/kasva_sekli)
[0.716s] Level 1:colcon.colcon_core.environment:create_environment_scripts_only(kasva_sekli)
[0.716s] Level 1:colcon.colcon_core.environment:checking '/home/eren/ern/projects/main_kasva_ws/install/kasva_sekli' for CMake module files
[0.717s] Level 1:colcon.colcon_core.environment:checking '/home/eren/ern/projects/main_kasva_ws/install/kasva_sekli' for CMake config files
[0.717s] Level 1:colcon.colcon_core.shell:create_environment_hook('kasva_sekli', 'cmake_prefix_path')
[0.717s] INFO:colcon.colcon_core.shell:Creating environment hook '/home/eren/ern/projects/main_kasva_ws/install/kasva_sekli/share/kasva_sekli/hook/cmake_prefix_path.ps1'
[0.717s] INFO:colcon.colcon_core.shell:Creating environment descriptor '/home/eren/ern/projects/main_kasva_ws/install/kasva_sekli/share/kasva_sekli/hook/cmake_prefix_path.dsv'
[0.717s] INFO:colcon.colcon_core.shell:Creating environment hook '/home/eren/ern/projects/main_kasva_ws/install/kasva_sekli/share/kasva_sekli/hook/cmake_prefix_path.sh'
[0.718s] Level 1:colcon.colcon_core.environment:checking '/home/eren/ern/projects/main_kasva_ws/install/kasva_sekli/bin'
[0.718s] Level 1:colcon.colcon_core.environment:checking '/home/eren/ern/projects/main_kasva_ws/install/kasva_sekli/lib/pkgconfig/kasva_sekli.pc'
[0.718s] Level 1:colcon.colcon_core.environment:checking '/home/eren/ern/projects/main_kasva_ws/install/kasva_sekli/lib/python3.12/site-packages'
[0.718s] Level 1:colcon.colcon_core.environment:checking '/home/eren/ern/projects/main_kasva_ws/install/kasva_sekli/bin'
[0.718s] INFO:colcon.colcon_core.shell:Creating package script '/home/eren/ern/projects/main_kasva_ws/install/kasva_sekli/share/kasva_sekli/package.ps1'
[0.719s] INFO:colcon.colcon_core.shell:Creating package descriptor '/home/eren/ern/projects/main_kasva_ws/install/kasva_sekli/share/kasva_sekli/package.dsv'
[0.719s] INFO:colcon.colcon_core.shell:Creating package script '/home/eren/ern/projects/main_kasva_ws/install/kasva_sekli/share/kasva_sekli/package.sh'
[0.719s] INFO:colcon.colcon_core.shell:Creating package script '/home/eren/ern/projects/main_kasva_ws/install/kasva_sekli/share/kasva_sekli/package.bash'
[0.719s] INFO:colcon.colcon_core.shell:Creating package script '/home/eren/ern/projects/main_kasva_ws/install/kasva_sekli/share/kasva_sekli/package.zsh'
[0.719s] Level 1:colcon.colcon_core.environment:create_file_with_runtime_dependencies(/home/eren/ern/projects/main_kasva_ws/install/kasva_sekli/share/colcon-core/packages/kasva_sekli)
[0.720s] DEBUG:colcon.colcon_core.event_handler.log_command:Invoked command in '/home/eren/ern/projects/main_kasva_ws/build/interfaces' returned '0': CMAKE_PREFIX_PATH=${CMAKE_PREFIX_PATH}:/home/eren/ern/projects/main_kasva_ws/install/obstacle:/home/eren/ern/projects/main_kasva_ws/install/manager:/home/eren/ern/projects/main_kasva_ws/install/img_pro:/home/eren/ern/projects/main_kasva_ws/install/gui:/opt/ros/jazzy DEBUGINFOD_URLS=https://debuginfod.ubuntu.com /usr/bin/cmake --build /home/eren/ern/projects/main_kasva_ws/build/interfaces -- -j20 -l20
[0.721s] DEBUG:colcon.colcon_core.event_handler.log_command:Invoking command in '/home/eren/ern/projects/main_kasva_ws/build/interfaces': CMAKE_PREFIX_PATH=${CMAKE_PREFIX_PATH}:/home/eren/ern/projects/main_kasva_ws/install/obstacle:/home/eren/ern/projects/main_kasva_ws/install/manager:/home/eren/ern/projects/main_kasva_ws/install/img_pro:/home/eren/ern/projects/main_kasva_ws/install/gui:/opt/ros/jazzy DEBUGINFOD_URLS=https://debuginfod.ubuntu.com /usr/bin/cmake --install /home/eren/ern/projects/main_kasva_ws/build/interfaces
[0.721s] Level 1:colcon.colcon_core.environment:create_environment_scripts_only(kasva_odom)
[0.721s] Level 1:colcon.colcon_core.environment:checking '/home/eren/ern/projects/main_kasva_ws/install/kasva_odom' for CMake module files
[0.721s] DEBUG:colcon.colcon_core.event_handler.log_command:Invoked command in '/home/eren/ern/projects/main_kasva_ws/build/kasva_odom' returned '0': CMAKE_PREFIX_PATH=${CMAKE_PREFIX_PATH}:/home/eren/ern/projects/main_kasva_ws/install/obstacle:/home/eren/ern/projects/main_kasva_ws/install/manager:/home/eren/ern/projects/main_kasva_ws/install/img_pro:/home/eren/ern/projects/main_kasva_ws/install/gui:/opt/ros/jazzy DEBUGINFOD_URLS=https://debuginfod.ubuntu.com /usr/bin/cmake --install /home/eren/ern/projects/main_kasva_ws/build/kasva_odom
[0.721s] Level 1:colcon.colcon_core.environment:checking '/home/eren/ern/projects/main_kasva_ws/install/kasva_odom' for CMake config files
[0.721s] Level 1:colcon.colcon_core.shell:create_environment_hook('kasva_odom', 'cmake_prefix_path')
[0.721s] INFO:colcon.colcon_core.shell:Creating environment hook '/home/eren/ern/projects/main_kasva_ws/install/kasva_odom/share/kasva_odom/hook/cmake_prefix_path.ps1'
[0.722s] INFO:colcon.colcon_core.shell:Creating environment descriptor '/home/eren/ern/projects/main_kasva_ws/install/kasva_odom/share/kasva_odom/hook/cmake_prefix_path.dsv'
[0.722s] INFO:colcon.colcon_core.shell:Creating environment hook '/home/eren/ern/projects/main_kasva_ws/install/kasva_odom/share/kasva_odom/hook/cmake_prefix_path.sh'
[0.722s] Level 1:colcon.colcon_core.environment:checking '/home/eren/ern/projects/main_kasva_ws/install/kasva_odom/lib'
[0.722s] Level 1:colcon.colcon_core.environment:checking '/home/eren/ern/projects/main_kasva_ws/install/kasva_odom/bin'
[0.722s] Level 1:colcon.colcon_core.environment:checking '/home/eren/ern/projects/main_kasva_ws/install/kasva_odom/lib/pkgconfig/kasva_odom.pc'
[0.723s] Level 1:colcon.colcon_core.environment:checking '/home/eren/ern/projects/main_kasva_ws/install/kasva_odom/lib/python3.12/site-packages'
[0.723s] Level 1:colcon.colcon_core.environment:checking '/home/eren/ern/projects/main_kasva_ws/install/kasva_odom/bin'
[0.723s] INFO:colcon.colcon_core.shell:Creating package script '/home/eren/ern/projects/main_kasva_ws/install/kasva_odom/share/kasva_odom/package.ps1'
[0.723s] INFO:colcon.colcon_core.shell:Creating package descriptor '/home/eren/ern/projects/main_kasva_ws/install/kasva_odom/share/kasva_odom/package.dsv'
[0.723s] INFO:colcon.colcon_core.shell:Creating package script '/home/eren/ern/projects/main_kasva_ws/install/kasva_odom/share/kasva_odom/package.sh'
[0.723s] INFO:colcon.colcon_core.shell:Creating package script '/home/eren/ern/projects/main_kasva_ws/install/kasva_odom/share/kasva_odom/package.bash'
[0.724s] INFO:colcon.colcon_core.shell:Creating package script '/home/eren/ern/projects/main_kasva_ws/install/kasva_odom/share/kasva_odom/package.zsh'
[0.724s] Level 1:colcon.colcon_core.environment:create_file_with_runtime_dependencies(/home/eren/ern/projects/main_kasva_ws/install/kasva_odom/share/colcon-core/packages/kasva_odom)
[0.724s] Level 1:colcon.colcon_core.environment:create_environment_scripts_only(kasva_odom)
[0.724s] Level 1:colcon.colcon_core.environment:checking '/home/eren/ern/projects/main_kasva_ws/install/kasva_odom' for CMake module files
[0.724s] Level 1:colcon.colcon_core.environment:checking '/home/eren/ern/projects/main_kasva_ws/install/kasva_odom' for CMake config files
[0.725s] Level 1:colcon.colcon_core.shell:create_environment_hook('kasva_odom', 'cmake_prefix_path')
[0.725s] INFO:colcon.colcon_core.shell:Creating environment hook '/home/eren/ern/projects/main_kasva_ws/install/kasva_odom/share/kasva_odom/hook/cmake_prefix_path.ps1'
[0.725s] INFO:colcon.colcon_core.shell:Creating environment descriptor '/home/eren/ern/projects/main_kasva_ws/install/kasva_odom/share/kasva_odom/hook/cmake_prefix_path.dsv'
[0.725s] INFO:colcon.colcon_core.shell:Creating environment hook '/home/eren/ern/projects/main_kasva_ws/install/kasva_odom/share/kasva_odom/hook/cmake_prefix_path.sh'
[0.725s] Level 1:colcon.colcon_core.environment:checking '/home/eren/ern/projects/main_kasva_ws/install/kasva_odom/lib'
[0.725s] Level 1:colcon.colcon_core.environment:checking '/home/eren/ern/projects/main_kasva_ws/install/kasva_odom/bin'
[0.725s] Level 1:colcon.colcon_core.environment:checking '/home/eren/ern/projects/main_kasva_ws/install/kasva_odom/lib/pkgconfig/kasva_odom.pc'
[0.726s] Level 1:colcon.colcon_core.environment:checking '/home/eren/ern/projects/main_kasva_ws/install/kasva_odom/lib/python3.12/site-packages'
[0.726s] Level 1:colcon.colcon_core.environment:checking '/home/eren/ern/projects/main_kasva_ws/install/kasva_odom/bin'
[0.726s] INFO:colcon.colcon_core.shell:Creating package script '/home/eren/ern/projects/main_kasva_ws/install/kasva_odom/share/kasva_odom/package.ps1'
[0.726s] INFO:colcon.colcon_core.shell:Creating package descriptor '/home/eren/ern/projects/main_kasva_ws/install/kasva_odom/share/kasva_odom/package.dsv'
[0.727s] INFO:colcon.colcon_core.shell:Creating package script '/home/eren/ern/projects/main_kasva_ws/install/kasva_odom/share/kasva_odom/package.sh'
[0.727s] INFO:colcon.colcon_core.shell:Creating package script '/home/eren/ern/projects/main_kasva_ws/install/kasva_odom/share/kasva_odom/package.bash'
[0.727s] INFO:colcon.colcon_core.shell:Creating package script '/home/eren/ern/projects/main_kasva_ws/install/kasva_odom/share/kasva_odom/package.zsh'
[0.727s] Level 1:colcon.colcon_core.environment:create_file_with_runtime_dependencies(/home/eren/ern/projects/main_kasva_ws/install/kasva_odom/share/colcon-core/packages/kasva_odom)
[0.768s] Level 1:colcon.colcon_core.environment:create_environment_scripts_only(interfaces)
[0.768s] Level 1:colcon.colcon_core.environment:checking '/home/eren/ern/projects/main_kasva_ws/install/interfaces' for CMake module files
[0.768s] DEBUG:colcon.colcon_core.event_handler.log_command:Invoked command in '/home/eren/ern/projects/main_kasva_ws/build/interfaces' returned '0': CMAKE_PREFIX_PATH=${CMAKE_PREFIX_PATH}:/home/eren/ern/projects/main_kasva_ws/install/obstacle:/home/eren/ern/projects/main_kasva_ws/install/manager:/home/eren/ern/projects/main_kasva_ws/install/img_pro:/home/eren/ern/projects/main_kasva_ws/install/gui:/opt/ros/jazzy DEBUGINFOD_URLS=https://debuginfod.ubuntu.com /usr/bin/cmake --install /home/eren/ern/projects/main_kasva_ws/build/interfaces
[0.769s] Level 1:colcon.colcon_core.environment:checking '/home/eren/ern/projects/main_kasva_ws/install/interfaces' for CMake config files
[0.769s] Level 1:colcon.colcon_core.shell:create_environment_hook('interfaces', 'cmake_prefix_path')
[0.769s] INFO:colcon.colcon_core.shell:Creating environment hook '/home/eren/ern/projects/main_kasva_ws/install/interfaces/share/interfaces/hook/cmake_prefix_path.ps1'
[0.769s] INFO:colcon.colcon_core.shell:Creating environment descriptor '/home/eren/ern/projects/main_kasva_ws/install/interfaces/share/interfaces/hook/cmake_prefix_path.dsv'
[0.769s] INFO:colcon.colcon_core.shell:Creating environment hook '/home/eren/ern/projects/main_kasva_ws/install/interfaces/share/interfaces/hook/cmake_prefix_path.sh'
[0.770s] Level 1:colcon.colcon_core.environment:checking '/home/eren/ern/projects/main_kasva_ws/install/interfaces/lib'
[0.770s] Level 1:colcon.colcon_core.shell:create_environment_hook('interfaces', 'ld_library_path_lib')
[0.770s] INFO:colcon.colcon_core.shell:Creating environment hook '/home/eren/ern/projects/main_kasva_ws/install/interfaces/share/interfaces/hook/ld_library_path_lib.ps1'
[0.770s] INFO:colcon.colcon_core.shell:Creating environment descriptor '/home/eren/ern/projects/main_kasva_ws/install/interfaces/share/interfaces/hook/ld_library_path_lib.dsv'
[0.770s] INFO:colcon.colcon_core.shell:Creating environment hook '/home/eren/ern/projects/main_kasva_ws/install/interfaces/share/interfaces/hook/ld_library_path_lib.sh'
[0.771s] Level 1:colcon.colcon_core.environment:checking '/home/eren/ern/projects/main_kasva_ws/install/interfaces/bin'
[0.771s] Level 1:colcon.colcon_core.environment:checking '/home/eren/ern/projects/main_kasva_ws/install/interfaces/lib/pkgconfig/interfaces.pc'
[0.771s] Level 1:colcon.colcon_core.environment:checking '/home/eren/ern/projects/main_kasva_ws/install/interfaces/lib/python3.12/site-packages'
[0.771s] Level 1:colcon.colcon_core.shell:create_environment_hook('interfaces', 'pythonpath')
[0.771s] INFO:colcon.colcon_core.shell:Creating environment hook '/home/eren/ern/projects/main_kasva_ws/install/interfaces/share/interfaces/hook/pythonpath.ps1'
[0.771s] INFO:colcon.colcon_core.shell:Creating environment descriptor '/home/eren/ern/projects/main_kasva_ws/install/interfaces/share/interfaces/hook/pythonpath.dsv'
[0.771s] INFO:colcon.colcon_core.shell:Creating environment hook '/home/eren/ern/projects/main_kasva_ws/install/interfaces/share/interfaces/hook/pythonpath.sh'
[0.772s] Level 1:colcon.colcon_core.environment:checking '/home/eren/ern/projects/main_kasva_ws/install/interfaces/bin'
[0.772s] INFO:colcon.colcon_core.shell:Creating package script '/home/eren/ern/projects/main_kasva_ws/install/interfaces/share/interfaces/package.ps1'
[0.772s] INFO:colcon.colcon_core.shell:Creating package descriptor '/home/eren/ern/projects/main_kasva_ws/install/interfaces/share/interfaces/package.dsv'
[0.772s] INFO:colcon.colcon_core.shell:Creating package script '/home/eren/ern/projects/main_kasva_ws/install/interfaces/share/interfaces/package.sh'
[0.773s] INFO:colcon.colcon_core.shell:Creating package script '/home/eren/ern/projects/main_kasva_ws/install/interfaces/share/interfaces/package.bash'
[0.773s] INFO:colcon.colcon_core.shell:Creating package script '/home/eren/ern/projects/main_kasva_ws/install/interfaces/share/interfaces/package.zsh'
[0.773s] Level 1:colcon.colcon_core.environment:create_file_with_runtime_dependencies(/home/eren/ern/projects/main_kasva_ws/install/interfaces/share/colcon-core/packages/interfaces)
[0.773s] Level 1:colcon.colcon_core.environment:create_environment_scripts_only(interfaces)
[0.773s] Level 1:colcon.colcon_core.environment:checking '/home/eren/ern/projects/main_kasva_ws/install/interfaces' for CMake module files
[0.774s] Level 1:colcon.colcon_core.environment:checking '/home/eren/ern/projects/main_kasva_ws/install/interfaces' for CMake config files
[0.774s] Level 1:colcon.colcon_core.shell:create_environment_hook('interfaces', 'cmake_prefix_path')
[0.774s] INFO:colcon.colcon_core.shell:Creating environment hook '/home/eren/ern/projects/main_kasva_ws/install/interfaces/share/interfaces/hook/cmake_prefix_path.ps1'
[0.774s] INFO:colcon.colcon_core.shell:Creating environment descriptor '/home/eren/ern/projects/main_kasva_ws/install/interfaces/share/interfaces/hook/cmake_prefix_path.dsv'
[0.774s] INFO:colcon.colcon_core.shell:Creating environment hook '/home/eren/ern/projects/main_kasva_ws/install/interfaces/share/interfaces/hook/cmake_prefix_path.sh'
[0.775s] Level 1:colcon.colcon_core.environment:checking '/home/eren/ern/projects/main_kasva_ws/install/interfaces/lib'
[0.775s] Level 1:colcon.colcon_core.shell:create_environment_hook('interfaces', 'ld_library_path_lib')
[0.775s] INFO:colcon.colcon_core.shell:Creating environment hook '/home/eren/ern/projects/main_kasva_ws/install/interfaces/share/interfaces/hook/ld_library_path_lib.ps1'
[0.775s] INFO:colcon.colcon_core.shell:Creating environment descriptor '/home/eren/ern/projects/main_kasva_ws/install/interfaces/share/interfaces/hook/ld_library_path_lib.dsv'
[0.775s] INFO:colcon.colcon_core.shell:Creating environment hook '/home/eren/ern/projects/main_kasva_ws/install/interfaces/share/interfaces/hook/ld_library_path_lib.sh'
[0.775s] Level 1:colcon.colcon_core.environment:checking '/home/eren/ern/projects/main_kasva_ws/install/interfaces/bin'
[0.775s] Level 1:colcon.colcon_core.environment:checking '/home/eren/ern/projects/main_kasva_ws/install/interfaces/lib/pkgconfig/interfaces.pc'
[0.775s] Level 1:colcon.colcon_core.environment:checking '/home/eren/ern/projects/main_kasva_ws/install/interfaces/lib/python3.12/site-packages'
[0.776s] Level 1:colcon.colcon_core.shell:create_environment_hook('interfaces', 'pythonpath')
[0.776s] INFO:colcon.colcon_core.shell:Creating environment hook '/home/eren/ern/projects/main_kasva_ws/install/interfaces/share/interfaces/hook/pythonpath.ps1'
[0.776s] INFO:colcon.colcon_core.shell:Creating environment descriptor '/home/eren/ern/projects/main_kasva_ws/install/interfaces/share/interfaces/hook/pythonpath.dsv'
[0.776s] INFO:colcon.colcon_core.shell:Creating environment hook '/home/eren/ern/projects/main_kasva_ws/install/interfaces/share/interfaces/hook/pythonpath.sh'
[0.776s] Level 1:colcon.colcon_core.environment:checking '/home/eren/ern/projects/main_kasva_ws/install/interfaces/bin'
[0.776s] INFO:colcon.colcon_core.shell:Creating package script '/home/eren/ern/projects/main_kasva_ws/install/interfaces/share/interfaces/package.ps1'
[0.777s] INFO:colcon.colcon_core.shell:Creating package descriptor '/home/eren/ern/projects/main_kasva_ws/install/interfaces/share/interfaces/package.dsv'
[0.777s] INFO:colcon.colcon_core.shell:Creating package script '/home/eren/ern/projects/main_kasva_ws/install/interfaces/share/interfaces/package.sh'
[0.777s] INFO:colcon.colcon_core.shell:Creating package script '/home/eren/ern/projects/main_kasva_ws/install/interfaces/share/interfaces/package.bash'
[0.778s] INFO:colcon.colcon_core.shell:Creating package script '/home/eren/ern/projects/main_kasva_ws/install/interfaces/share/interfaces/package.zsh'
[0.778s] Level 1:colcon.colcon_core.environment:create_file_with_runtime_dependencies(/home/eren/ern/projects/main_kasva_ws/install/interfaces/share/colcon-core/packages/interfaces)
[1.061s] DEBUG:colcon.colcon_core.event_handler.log_command:Invoking command in '/home/eren/ern/projects/main_kasva_ws/src/gui': DEBUGINFOD_URLS=https://debuginfod.ubuntu.com PYTHONPATH=/home/eren/ern/projects/main_kasva_ws/build/gui/prefix_override:/usr/lib/python3/dist-packages/colcon_core/task/python/colcon_distutils_commands:/home/eren/ern/projects/main_kasva_ws/install/gui/lib/python3.12/site-packages:${PYTHONPATH} /usr/bin/python3 -W ignore:setup.py install is deprecated -W ignore:easy_install command is deprecated setup.py egg_info --egg-base ../../build/gui build --build-base /home/eren/ern/projects/main_kasva_ws/build/gui/build install --record /home/eren/ern/projects/main_kasva_ws/build/gui/install.log --single-version-externally-managed install_data
[1.067s] DEBUG:colcon.colcon_core.event_handler.log_command:Invoking command in '/home/eren/ern/projects/main_kasva_ws/src/img_pro': DEBUGINFOD_URLS=https://debuginfod.ubuntu.com PYTHONPATH=/home/eren/ern/projects/main_kasva_ws/build/img_pro/prefix_override:/usr/lib/python3/dist-packages/colcon_core/task/python/colcon_distutils_commands:/home/eren/ern/projects/main_kasva_ws/install/img_pro/lib/python3.12/site-packages:${PYTHONPATH} /usr/bin/python3 -W ignore:setup.py install is deprecated -W ignore:easy_install command is deprecated setup.py egg_info --egg-base ../../build/img_pro build --build-base /home/eren/ern/projects/main_kasva_ws/build/img_pro/build install --record /home/eren/ern/projects/main_kasva_ws/build/img_pro/install.log --single-version-externally-managed install_data
[1.083s] DEBUG:colcon.colcon_core.event_handler.log_command:Invoking command in '/home/eren/ern/projects/main_kasva_ws/src/manager': DEBUGINFOD_URLS=https://debuginfod.ubuntu.com PYTHONPATH=/home/eren/ern/projects/main_kasva_ws/build/manager/prefix_override:/usr/lib/python3/dist-packages/colcon_core/task/python/colcon_distutils_commands:/home/eren/ern/projects/main_kasva_ws/install/manager/lib/python3.12/site-packages:${PYTHONPATH} /usr/bin/python3 -W ignore:setup.py install is deprecated -W ignore:easy_install command is deprecated setup.py egg_info --egg-base ../../build/manager build --build-base /home/eren/ern/projects/main_kasva_ws/build/manager/build install --record /home/eren/ern/projects/main_kasva_ws/build/manager/install.log --single-version-externally-managed install_data
[1.099s] DEBUG:colcon.colcon_core.event_handler.log_command:Invoking command in '/home/eren/ern/projects/main_kasva_ws/src/obstacle': DEBUGINFOD_URLS=https://debuginfod.ubuntu.com PYTHONPATH=/home/eren/ern/projects/main_kasva_ws/build/obstacle/prefix_override:/usr/lib/python3/dist-packages/colcon_core/task/python/colcon_distutils_commands:/home/eren/ern/projects/main_kasva_ws/install/obstacle/lib/python3.12/site-packages:${PYTHONPATH} /usr/bin/python3 -W ignore:setup.py install is deprecated -W ignore:easy_install command is deprecated setup.py egg_info --egg-base ../../build/obstacle build --build-base /home/eren/ern/projects/main_kasva_ws/build/obstacle/build install --record /home/eren/ern/projects/main_kasva_ws/build/obstacle/install.log --single-version-externally-managed install_data
[1.396s] Level 1:colcon.colcon_core.environment:checking '/home/eren/ern/projects/main_kasva_ws/install/img_pro' for CMake module files
[1.397s] Level 1:colcon.colcon_core.environment:checking '/home/eren/ern/projects/main_kasva_ws/install/img_pro' for CMake config files
[1.397s] DEBUG:colcon.colcon_core.event_handler.log_command:Invoked command in '/home/eren/ern/projects/main_kasva_ws/src/img_pro' returned '0': DEBUGINFOD_URLS=https://debuginfod.ubuntu.com PYTHONPATH=/home/eren/ern/projects/main_kasva_ws/build/img_pro/prefix_override:/usr/lib/python3/dist-packages/colcon_core/task/python/colcon_distutils_commands:/home/eren/ern/projects/main_kasva_ws/install/img_pro/lib/python3.12/site-packages:${PYTHONPATH} /usr/bin/python3 -W ignore:setup.py install is deprecated -W ignore:easy_install command is deprecated setup.py egg_info --egg-base ../../build/img_pro build --build-base /home/eren/ern/projects/main_kasva_ws/build/img_pro/build install --record /home/eren/ern/projects/main_kasva_ws/build/img_pro/install.log --single-version-externally-managed install_data
[1.397s] Level 1:colcon.colcon_core.environment:checking '/home/eren/ern/projects/main_kasva_ws/install/img_pro/lib'
[1.398s] Level 1:colcon.colcon_core.environment:checking '/home/eren/ern/projects/main_kasva_ws/install/img_pro/bin'
[1.398s] Level 1:colcon.colcon_core.environment:checking '/home/eren/ern/projects/main_kasva_ws/install/img_pro/lib/pkgconfig/img_pro.pc'
[1.398s] Level 1:colcon.colcon_core.environment:checking '/home/eren/ern/projects/main_kasva_ws/install/img_pro/lib/python3.12/site-packages'
[1.398s] Level 1:colcon.colcon_core.shell:create_environment_hook('img_pro', 'pythonpath')
[1.398s] INFO:colcon.colcon_core.shell:Creating environment hook '/home/eren/ern/projects/main_kasva_ws/install/img_pro/share/img_pro/hook/pythonpath.ps1'
[1.399s] INFO:colcon.colcon_core.shell:Creating environment descriptor '/home/eren/ern/projects/main_kasva_ws/install/img_pro/share/img_pro/hook/pythonpath.dsv'
[1.399s] INFO:colcon.colcon_core.shell:Creating environment hook '/home/eren/ern/projects/main_kasva_ws/install/img_pro/share/img_pro/hook/pythonpath.sh'
[1.400s] Level 1:colcon.colcon_core.environment:checking '/home/eren/ern/projects/main_kasva_ws/install/img_pro/bin'
[1.400s] Level 1:colcon.colcon_core.environment:create_environment_scripts_only(img_pro)
[1.400s] INFO:colcon.colcon_core.shell:Creating package script '/home/eren/ern/projects/main_kasva_ws/install/img_pro/share/img_pro/package.ps1'
[1.401s] INFO:colcon.colcon_core.shell:Creating package descriptor '/home/eren/ern/projects/main_kasva_ws/install/img_pro/share/img_pro/package.dsv'
[1.401s] INFO:colcon.colcon_core.shell:Creating package script '/home/eren/ern/projects/main_kasva_ws/install/img_pro/share/img_pro/package.sh'
[1.402s] INFO:colcon.colcon_core.shell:Creating package script '/home/eren/ern/projects/main_kasva_ws/install/img_pro/share/img_pro/package.bash'
[1.402s] INFO:colcon.colcon_core.shell:Creating package script '/home/eren/ern/projects/main_kasva_ws/install/img_pro/share/img_pro/package.zsh'
[1.402s] Level 1:colcon.colcon_core.environment:create_file_with_runtime_dependencies(/home/eren/ern/projects/main_kasva_ws/install/img_pro/share/colcon-core/packages/img_pro)
[1.404s] Level 1:colcon.colcon_core.environment:checking '/home/eren/ern/projects/main_kasva_ws/install/gui' for CMake module files
[1.404s] DEBUG:colcon.colcon_core.event_handler.log_command:Invoked command in '/home/eren/ern/projects/main_kasva_ws/src/gui' returned '0': DEBUGINFOD_URLS=https://debuginfod.ubuntu.com PYTHONPATH=/home/eren/ern/projects/main_kasva_ws/build/gui/prefix_override:/usr/lib/python3/dist-packages/colcon_core/task/python/colcon_distutils_commands:/home/eren/ern/projects/main_kasva_ws/install/gui/lib/python3.12/site-packages:${PYTHONPATH} /usr/bin/python3 -W ignore:setup.py install is deprecated -W ignore:easy_install command is deprecated setup.py egg_info --egg-base ../../build/gui build --build-base /home/eren/ern/projects/main_kasva_ws/build/gui/build install --record /home/eren/ern/projects/main_kasva_ws/build/gui/install.log --single-version-externally-managed install_data
[1.405s] Level 1:colcon.colcon_core.environment:checking '/home/eren/ern/projects/main_kasva_ws/install/gui' for CMake config files
[1.405s] Level 1:colcon.colcon_core.environment:checking '/home/eren/ern/projects/main_kasva_ws/install/gui/lib'
[1.405s] Level 1:colcon.colcon_core.environment:checking '/home/eren/ern/projects/main_kasva_ws/install/gui/bin'
[1.405s] Level 1:colcon.colcon_core.environment:checking '/home/eren/ern/projects/main_kasva_ws/install/gui/lib/pkgconfig/gui.pc'
[1.406s] Level 1:colcon.colcon_core.environment:checking '/home/eren/ern/projects/main_kasva_ws/install/gui/lib/python3.12/site-packages'
[1.406s] Level 1:colcon.colcon_core.shell:create_environment_hook('gui', 'pythonpath')
[1.406s] INFO:colcon.colcon_core.shell:Creating environment hook '/home/eren/ern/projects/main_kasva_ws/install/gui/share/gui/hook/pythonpath.ps1'
[1.406s] INFO:colcon.colcon_core.shell:Creating environment descriptor '/home/eren/ern/projects/main_kasva_ws/install/gui/share/gui/hook/pythonpath.dsv'
[1.407s] INFO:colcon.colcon_core.shell:Creating environment hook '/home/eren/ern/projects/main_kasva_ws/install/gui/share/gui/hook/pythonpath.sh'
[1.407s] Level 1:colcon.colcon_core.environment:checking '/home/eren/ern/projects/main_kasva_ws/install/gui/bin'
[1.407s] Level 1:colcon.colcon_core.environment:create_environment_scripts_only(gui)
[1.407s] INFO:colcon.colcon_core.shell:Creating package script '/home/eren/ern/projects/main_kasva_ws/install/gui/share/gui/package.ps1'
[1.408s] INFO:colcon.colcon_core.shell:Creating package descriptor '/home/eren/ern/projects/main_kasva_ws/install/gui/share/gui/package.dsv'
[1.408s] INFO:colcon.colcon_core.shell:Creating package script '/home/eren/ern/projects/main_kasva_ws/install/gui/share/gui/package.sh'
[1.409s] INFO:colcon.colcon_core.shell:Creating package script '/home/eren/ern/projects/main_kasva_ws/install/gui/share/gui/package.bash'
[1.409s] INFO:colcon.colcon_core.shell:Creating package script '/home/eren/ern/projects/main_kasva_ws/install/gui/share/gui/package.zsh'
[1.409s] Level 1:colcon.colcon_core.environment:create_file_with_runtime_dependencies(/home/eren/ern/projects/main_kasva_ws/install/gui/share/colcon-core/packages/gui)
[1.431s] Level 1:colcon.colcon_core.environment:checking '/home/eren/ern/projects/main_kasva_ws/install/manager' for CMake module files
[1.432s] Level 1:colcon.colcon_core.environment:checking '/home/eren/ern/projects/main_kasva_ws/install/manager' for CMake config files
[1.432s] DEBUG:colcon.colcon_core.event_handler.log_command:Invoked command in '/home/eren/ern/projects/main_kasva_ws/src/manager' returned '0': DEBUGINFOD_URLS=https://debuginfod.ubuntu.com PYTHONPATH=/home/eren/ern/projects/main_kasva_ws/build/manager/prefix_override:/usr/lib/python3/dist-packages/colcon_core/task/python/colcon_distutils_commands:/home/eren/ern/projects/main_kasva_ws/install/manager/lib/python3.12/site-packages:${PYTHONPATH} /usr/bin/python3 -W ignore:setup.py install is deprecated -W ignore:easy_install command is deprecated setup.py egg_info --egg-base ../../build/manager build --build-base /home/eren/ern/projects/main_kasva_ws/build/manager/build install --record /home/eren/ern/projects/main_kasva_ws/build/manager/install.log --single-version-externally-managed install_data
[1.433s] Level 1:colcon.colcon_core.environment:checking '/home/eren/ern/projects/main_kasva_ws/install/manager/lib'
[1.433s] Level 1:colcon.colcon_core.environment:checking '/home/eren/ern/projects/main_kasva_ws/install/manager/bin'
[1.433s] Level 1:colcon.colcon_core.environment:checking '/home/eren/ern/projects/main_kasva_ws/install/manager/lib/pkgconfig/manager.pc'
[1.433s] Level 1:colcon.colcon_core.environment:checking '/home/eren/ern/projects/main_kasva_ws/install/manager/lib/python3.12/site-packages'
[1.433s] Level 1:colcon.colcon_core.shell:create_environment_hook('manager', 'pythonpath')
[1.433s] INFO:colcon.colcon_core.shell:Creating environment hook '/home/eren/ern/projects/main_kasva_ws/install/manager/share/manager/hook/pythonpath.ps1'
[1.433s] INFO:colcon.colcon_core.shell:Creating environment descriptor '/home/eren/ern/projects/main_kasva_ws/install/manager/share/manager/hook/pythonpath.dsv'
[1.434s] INFO:colcon.colcon_core.shell:Creating environment hook '/home/eren/ern/projects/main_kasva_ws/install/manager/share/manager/hook/pythonpath.sh'
[1.434s] Level 1:colcon.colcon_core.environment:checking '/home/eren/ern/projects/main_kasva_ws/install/manager/bin'
[1.434s] Level 1:colcon.colcon_core.environment:create_environment_scripts_only(manager)
[1.434s] INFO:colcon.colcon_core.shell:Creating package script '/home/eren/ern/projects/main_kasva_ws/install/manager/share/manager/package.ps1'
[1.434s] INFO:colcon.colcon_core.shell:Creating package descriptor '/home/eren/ern/projects/main_kasva_ws/install/manager/share/manager/package.dsv'
[1.434s] INFO:colcon.colcon_core.shell:Creating package script '/home/eren/ern/projects/main_kasva_ws/install/manager/share/manager/package.sh'
[1.435s] INFO:colcon.colcon_core.shell:Creating package script '/home/eren/ern/projects/main_kasva_ws/install/manager/share/manager/package.bash'
[1.435s] INFO:colcon.colcon_core.shell:Creating package script '/home/eren/ern/projects/main_kasva_ws/install/manager/share/manager/package.zsh'
[1.435s] Level 1:colcon.colcon_core.environment:create_file_with_runtime_dependencies(/home/eren/ern/projects/main_kasva_ws/install/manager/share/colcon-core/packages/manager)
[1.435s] Level 1:colcon.colcon_core.environment:checking '/home/eren/ern/projects/main_kasva_ws/install/obstacle' for CMake module files
[1.436s] Level 1:colcon.colcon_core.environment:checking '/home/eren/ern/projects/main_kasva_ws/install/obstacle' for CMake config files
[1.436s] DEBUG:colcon.colcon_core.event_handler.log_command:Invoked command in '/home/eren/ern/projects/main_kasva_ws/src/obstacle' returned '0': DEBUGINFOD_URLS=https://debuginfod.ubuntu.com PYTHONPATH=/home/eren/ern/projects/main_kasva_ws/build/obstacle/prefix_override:/usr/lib/python3/dist-packages/colcon_core/task/python/colcon_distutils_commands:/home/eren/ern/projects/main_kasva_ws/install/obstacle/lib/python3.12/site-packages:${PYTHONPATH} /usr/bin/python3 -W ignore:setup.py install is deprecated -W ignore:easy_install command is deprecated setup.py egg_info --egg-base ../../build/obstacle build --build-base /home/eren/ern/projects/main_kasva_ws/build/obstacle/build install --record /home/eren/ern/projects/main_kasva_ws/build/obstacle/install.log --single-version-externally-managed install_data
[1.436s] Level 1:colcon.colcon_core.environment:checking '/home/eren/ern/projects/main_kasva_ws/install/obstacle/lib'
[1.436s] Level 1:colcon.colcon_core.environment:checking '/home/eren/ern/projects/main_kasva_ws/install/obstacle/bin'
[1.436s] Level 1:colcon.colcon_core.environment:checking '/home/eren/ern/projects/main_kasva_ws/install/obstacle/lib/pkgconfig/obstacle.pc'
[1.436s] Level 1:colcon.colcon_core.environment:checking '/home/eren/ern/projects/main_kasva_ws/install/obstacle/lib/python3.12/site-packages'
[1.436s] Level 1:colcon.colcon_core.shell:create_environment_hook('obstacle', 'pythonpath')
[1.436s] INFO:colcon.colcon_core.shell:Creating environment hook '/home/eren/ern/projects/main_kasva_ws/install/obstacle/share/obstacle/hook/pythonpath.ps1'
[1.437s] INFO:colcon.colcon_core.shell:Creating environment descriptor '/home/eren/ern/projects/main_kasva_ws/install/obstacle/share/obstacle/hook/pythonpath.dsv'
[1.437s] INFO:colcon.colcon_core.shell:Creating environment hook '/home/eren/ern/projects/main_kasva_ws/install/obstacle/share/obstacle/hook/pythonpath.sh'
[1.437s] Level 1:colcon.colcon_core.environment:checking '/home/eren/ern/projects/main_kasva_ws/install/obstacle/bin'
[1.437s] Level 1:colcon.colcon_core.environment:create_environment_scripts_only(obstacle)
[1.437s] INFO:colcon.colcon_core.shell:Creating package script '/home/eren/ern/projects/main_kasva_ws/install/obstacle/share/obstacle/package.ps1'
[1.437s] INFO:colcon.colcon_core.shell:Creating package descriptor '/home/eren/ern/projects/main_kasva_ws/install/obstacle/share/obstacle/package.dsv'
[1.438s] INFO:colcon.colcon_core.shell:Creating package script '/home/eren/ern/projects/main_kasva_ws/install/obstacle/share/obstacle/package.sh'
[1.438s] INFO:colcon.colcon_core.shell:Creating package script '/home/eren/ern/projects/main_kasva_ws/install/obstacle/share/obstacle/package.bash'
[1.438s] INFO:colcon.colcon_core.shell:Creating package script '/home/eren/ern/projects/main_kasva_ws/install/obstacle/share/obstacle/package.zsh'
[1.438s] Level 1:colcon.colcon_core.environment:create_file_with_runtime_dependencies(/home/eren/ern/projects/main_kasva_ws/install/obstacle/share/colcon-core/packages/obstacle)
[1.438s] DEBUG:colcon.colcon_parallel_executor.executor.parallel:closing loop
[1.439s] DEBUG:colcon.colcon_parallel_executor.executor.parallel:loop closed
[1.439s] DEBUG:colcon.colcon_parallel_executor.executor.parallel:run_until_complete finished with '0'
[1.439s] DEBUG:colcon.colcon_core.event_reactor:joining thread
[1.444s] INFO:colcon.colcon_core.plugin_system:Skipping extension 'colcon_notification.desktop_notification.terminal_notifier': Not used on non-Darwin systems
[1.444s] INFO:colcon.colcon_core.plugin_system:Skipping extension 'colcon_notification.desktop_notification.win32': Not used on non-Windows systems
[1.444s] INFO:colcon.colcon_notification.desktop_notification:Sending desktop notification using 'notify2'
[1.458s] DEBUG:colcon.colcon_core.event_reactor:joined thread
[1.458s] INFO:colcon.colcon_core.shell:Creating prefix script '/home/eren/ern/projects/main_kasva_ws/install/local_setup.ps1'
[1.459s] INFO:colcon.colcon_core.shell:Creating prefix util module '/home/eren/ern/projects/main_kasva_ws/install/_local_setup_util_ps1.py'
[1.460s] INFO:colcon.colcon_core.shell:Creating prefix chain script '/home/eren/ern/projects/main_kasva_ws/install/setup.ps1'
[1.460s] INFO:colcon.colcon_core.shell:Creating prefix script '/home/eren/ern/projects/main_kasva_ws/install/local_setup.sh'
[1.460s] INFO:colcon.colcon_core.shell:Creating prefix util module '/home/eren/ern/projects/main_kasva_ws/install/_local_setup_util_sh.py'
[1.461s] INFO:colcon.colcon_core.shell:Creating prefix chain script '/home/eren/ern/projects/main_kasva_ws/install/setup.sh'
[1.461s] INFO:colcon.colcon_core.shell:Creating prefix script '/home/eren/ern/projects/main_kasva_ws/install/local_setup.bash'
[1.462s] INFO:colcon.colcon_core.shell:Creating prefix chain script '/home/eren/ern/projects/main_kasva_ws/install/setup.bash'
[1.462s] INFO:colcon.colcon_core.shell:Creating prefix script '/home/eren/ern/projects/main_kasva_ws/install/local_setup.zsh'
[1.462s] INFO:colcon.colcon_core.shell:Creating prefix chain script '/home/eren/ern/projects/main_kasva_ws/install/setup.zsh'
