-- Install configuration: ""
-- Up-to-date: /home/eren/ern/projects/main_kasva_ws/install/kasva_sekli/share/kasva_sekli/config
-- Up-to-date: /home/eren/ern/projects/main_kasva_ws/install/kasva_sekli/share/kasva_sekli/config/gz_bridge.yaml
-- Up-to-date: /home/eren/ern/projects/main_kasva_ws/install/kasva_sekli/share/kasva_sekli/config/my_controllers.yaml
-- Up-to-date: /home/eren/ern/projects/main_kasva_ws/install/kasva_sekli/share/kasva_sekli/description
-- Up-to-date: /home/eren/ern/projects/main_kasva_ws/install/kasva_sekli/share/kasva_sekli/description/camera.xacro
-- Up-to-date: /home/eren/ern/projects/main_kasva_ws/install/kasva_sekli/share/kasva_sekli/description/lidar.xacro
-- Up-to-date: /home/eren/ern/projects/main_kasva_ws/install/kasva_sekli/share/kasva_sekli/description/robot.urdf.xacro
-- Up-to-date: /home/eren/ern/projects/main_kasva_ws/install/kasva_sekli/share/kasva_sekli/description/inertial_macros.xacro
-- Up-to-date: /home/eren/ern/projects/main_kasva_ws/install/kasva_sekli/share/kasva_sekli/description/robot_core.xacro
-- Up-to-date: /home/eren/ern/projects/main_kasva_ws/install/kasva_sekli/share/kasva_sekli/description/gazebo_control.xacro
-- Up-to-date: /home/eren/ern/projects/main_kasva_ws/install/kasva_sekli/share/kasva_sekli/description/ros2_control.xacro
-- Up-to-date: /home/eren/ern/projects/main_kasva_ws/install/kasva_sekli/share/kasva_sekli/launch
-- Installing: /home/eren/ern/projects/main_kasva_ws/install/kasva_sekli/share/kasva_sekli/launch/launch_sim.launch.py
-- Up-to-date: /home/eren/ern/projects/main_kasva_ws/install/kasva_sekli/share/kasva_sekli/worlds
-- Up-to-date: /home/eren/ern/projects/main_kasva_ws/install/kasva_sekli/share/kasva_sekli/worlds/empty.world
-- Installing: /home/eren/ern/projects/main_kasva_ws/install/kasva_sekli/share/kasva_sekli/worlds/lines.world
-- Up-to-date: /home/eren/ern/projects/main_kasva_ws/install/kasva_sekli/share/ament_index/resource_index/package_run_dependencies/kasva_sekli
-- Up-to-date: /home/eren/ern/projects/main_kasva_ws/install/kasva_sekli/share/ament_index/resource_index/parent_prefix_path/kasva_sekli
-- Up-to-date: /home/eren/ern/projects/main_kasva_ws/install/kasva_sekli/share/kasva_sekli/environment/ament_prefix_path.sh
-- Up-to-date: /home/eren/ern/projects/main_kasva_ws/install/kasva_sekli/share/kasva_sekli/environment/ament_prefix_path.dsv
-- Up-to-date: /home/eren/ern/projects/main_kasva_ws/install/kasva_sekli/share/kasva_sekli/environment/path.sh
-- Up-to-date: /home/eren/ern/projects/main_kasva_ws/install/kasva_sekli/share/kasva_sekli/environment/path.dsv
-- Up-to-date: /home/eren/ern/projects/main_kasva_ws/install/kasva_sekli/share/kasva_sekli/local_setup.bash
-- Up-to-date: /home/eren/ern/projects/main_kasva_ws/install/kasva_sekli/share/kasva_sekli/local_setup.sh
-- Up-to-date: /home/eren/ern/projects/main_kasva_ws/install/kasva_sekli/share/kasva_sekli/local_setup.zsh
-- Up-to-date: /home/eren/ern/projects/main_kasva_ws/install/kasva_sekli/share/kasva_sekli/local_setup.dsv
-- Installing: /home/eren/ern/projects/main_kasva_ws/install/kasva_sekli/share/kasva_sekli/package.dsv
-- Up-to-date: /home/eren/ern/projects/main_kasva_ws/install/kasva_sekli/share/ament_index/resource_index/packages/kasva_sekli
-- Up-to-date: /home/eren/ern/projects/main_kasva_ws/install/kasva_sekli/share/kasva_sekli/cmake/kasva_sekliConfig.cmake
-- Up-to-date: /home/eren/ern/projects/main_kasva_ws/install/kasva_sekli/share/kasva_sekli/cmake/kasva_sekliConfig-version.cmake
-- Up-to-date: /home/eren/ern/projects/main_kasva_ws/install/kasva_sekli/share/kasva_sekli/package.xml
