running egg_info
creating ../../build/gui/gui.egg-info
writing ../../build/gui/gui.egg-info/PKG-INFO
writing dependency_links to ../../build/gui/gui.egg-info/dependency_links.txt
writing entry points to ../../build/gui/gui.egg-info/entry_points.txt
writing requirements to ../../build/gui/gui.egg-info/requires.txt
writing top-level names to ../../build/gui/gui.egg-info/top_level.txt
writing manifest file '../../build/gui/gui.egg-info/SOURCES.txt'
reading manifest file '../../build/gui/gui.egg-info/SOURCES.txt'
writing manifest file '../../build/gui/gui.egg-info/SOURCES.txt'
running build
running build_py
creating /home/eren/ern/projects/main_kasva_ws/build/gui/build
creating /home/eren/ern/projects/main_kasva_ws/build/gui/build/lib
creating /home/eren/ern/projects/main_kasva_ws/build/gui/build/lib/gui
copying gui/__init__.py -> /home/eren/ern/projects/main_kasva_ws/build/gui/build/lib/gui
copying gui/kasva_gui.py -> /home/eren/ern/projects/main_kasva_ws/build/gui/build/lib/gui
running install
running install_lib
creating /home/eren/ern/projects/main_kasva_ws/install/gui/lib/python3.12/site-packages/gui
copying /home/eren/ern/projects/main_kasva_ws/build/gui/build/lib/gui/__init__.py -> /home/eren/ern/projects/main_kasva_ws/install/gui/lib/python3.12/site-packages/gui
copying /home/eren/ern/projects/main_kasva_ws/build/gui/build/lib/gui/kasva_gui.py -> /home/eren/ern/projects/main_kasva_ws/install/gui/lib/python3.12/site-packages/gui
byte-compiling /home/eren/ern/projects/main_kasva_ws/install/gui/lib/python3.12/site-packages/gui/__init__.py to __init__.cpython-312.pyc
byte-compiling /home/eren/ern/projects/main_kasva_ws/install/gui/lib/python3.12/site-packages/gui/kasva_gui.py to kasva_gui.cpython-312.pyc
running install_data
creating /home/eren/ern/projects/main_kasva_ws/install/gui/share/ament_index
creating /home/eren/ern/projects/main_kasva_ws/install/gui/share/ament_index/resource_index
creating /home/eren/ern/projects/main_kasva_ws/install/gui/share/ament_index/resource_index/packages
copying resource/gui -> /home/eren/ern/projects/main_kasva_ws/install/gui/share/ament_index/resource_index/packages
copying package.xml -> /home/eren/ern/projects/main_kasva_ws/install/gui/share/gui
running install_egg_info
Copying ../../build/gui/gui.egg-info to /home/eren/ern/projects/main_kasva_ws/install/gui/lib/python3.12/site-packages/gui-0.0.0-py3.12.egg-info
running install_scripts
Installing kasva_gui script to /home/eren/ern/projects/main_kasva_ws/install/gui/lib/gui
writing list of installed files to '/home/eren/ern/projects/main_kasva_ws/build/gui/install.log'
