[0.573s] Invoking command in '/home/eren/ern/projects/main_kasva_ws/src/gui': DEBUGINFOD_URLS=https://debuginfod.ubuntu.com PYTHONPATH=/home/eren/ern/projects/main_kasva_ws/build/gui/prefix_override:/usr/lib/python3/dist-packages/colcon_core/task/python/colcon_distutils_commands:/home/eren/ern/projects/main_kasva_ws/install/gui/lib/python3.12/site-packages:${PYTHONPATH} /usr/bin/python3 -W ignore:setup.py install is deprecated -W ignore:easy_install command is deprecated setup.py egg_info --egg-base ../../build/gui build --build-base /home/eren/ern/projects/main_kasva_ws/build/gui/build install --record /home/eren/ern/projects/main_kasva_ws/build/gui/install.log --single-version-externally-managed install_data
[0.712s] running egg_info
[0.713s] creating ../../build/gui/gui.egg-info
[0.722s] writing ../../build/gui/gui.egg-info/PKG-INFO
[0.722s] writing dependency_links to ../../build/gui/gui.egg-info/dependency_links.txt
[0.722s] writing entry points to ../../build/gui/gui.egg-info/entry_points.txt
[0.722s] writing requirements to ../../build/gui/gui.egg-info/requires.txt
[0.722s] writing top-level names to ../../build/gui/gui.egg-info/top_level.txt
[0.722s] writing manifest file '../../build/gui/gui.egg-info/SOURCES.txt'
[0.741s] reading manifest file '../../build/gui/gui.egg-info/SOURCES.txt'
[0.742s] writing manifest file '../../build/gui/gui.egg-info/SOURCES.txt'
[0.742s] running build
[0.742s] running build_py
[0.742s] creating /home/eren/ern/projects/main_kasva_ws/build/gui/build
[0.742s] creating /home/eren/ern/projects/main_kasva_ws/build/gui/build/lib
[0.742s] creating /home/eren/ern/projects/main_kasva_ws/build/gui/build/lib/gui
[0.742s] copying gui/__init__.py -> /home/eren/ern/projects/main_kasva_ws/build/gui/build/lib/gui
[0.742s] copying gui/kasva_gui.py -> /home/eren/ern/projects/main_kasva_ws/build/gui/build/lib/gui
[0.742s] running install
[0.745s] running install_lib
[0.755s] creating /home/eren/ern/projects/main_kasva_ws/install/gui/lib/python3.12/site-packages/gui
[0.755s] copying /home/eren/ern/projects/main_kasva_ws/build/gui/build/lib/gui/__init__.py -> /home/eren/ern/projects/main_kasva_ws/install/gui/lib/python3.12/site-packages/gui
[0.755s] copying /home/eren/ern/projects/main_kasva_ws/build/gui/build/lib/gui/kasva_gui.py -> /home/eren/ern/projects/main_kasva_ws/install/gui/lib/python3.12/site-packages/gui
[0.756s] byte-compiling /home/eren/ern/projects/main_kasva_ws/install/gui/lib/python3.12/site-packages/gui/__init__.py to __init__.cpython-312.pyc
[0.756s] byte-compiling /home/eren/ern/projects/main_kasva_ws/install/gui/lib/python3.12/site-packages/gui/kasva_gui.py to kasva_gui.cpython-312.pyc
[0.757s] running install_data
[0.757s] creating /home/eren/ern/projects/main_kasva_ws/install/gui/share/ament_index
[0.757s] creating /home/eren/ern/projects/main_kasva_ws/install/gui/share/ament_index/resource_index
[0.757s] creating /home/eren/ern/projects/main_kasva_ws/install/gui/share/ament_index/resource_index/packages
[0.757s] copying resource/gui -> /home/eren/ern/projects/main_kasva_ws/install/gui/share/ament_index/resource_index/packages
[0.757s] copying package.xml -> /home/eren/ern/projects/main_kasva_ws/install/gui/share/gui
[0.757s] running install_egg_info
[0.767s] Copying ../../build/gui/gui.egg-info to /home/eren/ern/projects/main_kasva_ws/install/gui/lib/python3.12/site-packages/gui-0.0.0-py3.12.egg-info
[0.767s] running install_scripts
[0.833s] Installing kasva_gui script to /home/eren/ern/projects/main_kasva_ws/install/gui/lib/gui
[0.833s] writing list of installed files to '/home/eren/ern/projects/main_kasva_ws/build/gui/install.log'
[0.855s] Invoked command in '/home/eren/ern/projects/main_kasva_ws/src/gui' returned '0': DEBUGINFOD_URLS=https://debuginfod.ubuntu.com PYTHONPATH=/home/eren/ern/projects/main_kasva_ws/build/gui/prefix_override:/usr/lib/python3/dist-packages/colcon_core/task/python/colcon_distutils_commands:/home/eren/ern/projects/main_kasva_ws/install/gui/lib/python3.12/site-packages:${PYTHONPATH} /usr/bin/python3 -W ignore:setup.py install is deprecated -W ignore:easy_install command is deprecated setup.py egg_info --egg-base ../../build/gui build --build-base /home/eren/ern/projects/main_kasva_ws/build/gui/build install --record /home/eren/ern/projects/main_kasva_ws/build/gui/install.log --single-version-externally-managed install_data
