[0.899s] Invoking command in '/home/eren/ern/projects/main_kasva_ws/src/gui': DEBUGINFOD_URLS=https://debuginfod.ubuntu.com PYTHONPATH=/home/eren/ern/projects/main_kasva_ws/build/gui/prefix_override:/usr/lib/python3/dist-packages/colcon_core/task/python/colcon_distutils_commands:/home/eren/ern/projects/main_kasva_ws/install/gui/lib/python3.12/site-packages:${PYTHONPATH} /usr/bin/python3 -W ignore:setup.py install is deprecated -W ignore:easy_install command is deprecated setup.py egg_info --egg-base ../../build/gui build --build-base /home/eren/ern/projects/main_kasva_ws/build/gui/build install --record /home/eren/ern/projects/main_kasva_ws/build/gui/install.log --single-version-externally-managed install_data
[1.052s] running egg_info
[1.062s] writing ../../build/gui/gui.egg-info/PKG-INFO
[1.063s] writing dependency_links to ../../build/gui/gui.egg-info/dependency_links.txt
[1.063s] writing entry points to ../../build/gui/gui.egg-info/entry_points.txt
[1.063s] writing requirements to ../../build/gui/gui.egg-info/requires.txt
[1.063s] writing top-level names to ../../build/gui/gui.egg-info/top_level.txt
[1.084s] reading manifest file '../../build/gui/gui.egg-info/SOURCES.txt'
[1.084s] writing manifest file '../../build/gui/gui.egg-info/SOURCES.txt'
[1.084s] running build
[1.084s] running build_py
[1.085s] copying gui/kasva_gui.py -> /home/eren/ern/projects/main_kasva_ws/build/gui/build/lib/gui
[1.085s] running install
[1.088s] running install_lib
[1.099s] copying /home/eren/ern/projects/main_kasva_ws/build/gui/build/lib/gui/kasva_gui.py -> /home/eren/ern/projects/main_kasva_ws/install/gui/lib/python3.12/site-packages/gui
[1.099s] byte-compiling /home/eren/ern/projects/main_kasva_ws/install/gui/lib/python3.12/site-packages/gui/kasva_gui.py to kasva_gui.cpython-312.pyc
[1.101s] running install_data
[1.102s] running install_egg_info
[1.113s] removing '/home/eren/ern/projects/main_kasva_ws/install/gui/lib/python3.12/site-packages/gui-0.0.0-py3.12.egg-info' (and everything under it)
[1.113s] Copying ../../build/gui/gui.egg-info to /home/eren/ern/projects/main_kasva_ws/install/gui/lib/python3.12/site-packages/gui-0.0.0-py3.12.egg-info
[1.114s] running install_scripts
[1.187s] Installing kasva_gui script to /home/eren/ern/projects/main_kasva_ws/install/gui/lib/gui
[1.187s] writing list of installed files to '/home/eren/ern/projects/main_kasva_ws/build/gui/install.log'
[1.217s] Invoked command in '/home/eren/ern/projects/main_kasva_ws/src/gui' returned '0': DEBUGINFOD_URLS=https://debuginfod.ubuntu.com PYTHONPATH=/home/eren/ern/projects/main_kasva_ws/build/gui/prefix_override:/usr/lib/python3/dist-packages/colcon_core/task/python/colcon_distutils_commands:/home/eren/ern/projects/main_kasva_ws/install/gui/lib/python3.12/site-packages:${PYTHONPATH} /usr/bin/python3 -W ignore:setup.py install is deprecated -W ignore:easy_install command is deprecated setup.py egg_info --egg-base ../../build/gui build --build-base /home/eren/ern/projects/main_kasva_ws/build/gui/build install --record /home/eren/ern/projects/main_kasva_ws/build/gui/install.log --single-version-externally-managed install_data
