[0.056s] DEBUG:colcon:Command line arguments: ['/usr/bin/colcon', 'build']
[0.056s] DEBUG:colcon:Parsed command line arguments: Namespace(log_base=None, log_level=None, verb_name='build', build_base='build', install_base='install', merge_install=False, symlink_install=False, test_result_base=None, continue_on_error=False, executor='parallel', parallel_workers=20, event_handlers=None, ignore_user_meta=False, metas=['./colcon.meta'], base_paths=['.'], packages_ignore=None, packages_ignore_regex=None, paths=None, packages_up_to=None, packages_up_to_regex=None, packages_above=None, packages_above_and_dependencies=None, packages_above_depth=None, packages_select_by_dep=None, packages_skip_by_dep=None, packages_skip_up_to=None, packages_select_build_failed=False, packages_skip_build_finished=False, packages_select_test_failures=False, packages_skip_test_passed=False, packages_select=None, packages_skip=None, packages_select_regex=None, packages_skip_regex=None, packages_start=None, packages_end=None, allow_overriding=[], cmake_args=None, cmake_target=None, cmake_target_skip_unavailable=False, cmake_clean_cache=False, cmake_clean_first=False, cmake_force_configure=False, ament_cmake_args=None, catkin_cmake_args=None, catkin_skip_building_tests=False, mixin_files=None, mixin=None, verb_parser=<colcon_mixin.mixin.mixin_argument.MixinArgumentDecorator object at 0x74b9b7787d70>, verb_extension=<colcon_core.verb.build.BuildVerb object at 0x74b9b77879e0>, main=<bound method BuildVerb.main of <colcon_core.verb.build.BuildVerb object at 0x74b9b77879e0>>, mixin_verb=('build',))
[0.077s] Level 1:colcon.colcon_core.package_discovery:discover_packages(colcon_meta) check parameters
[0.077s] Level 1:colcon.colcon_core.package_discovery:discover_packages(recursive) check parameters
[0.077s] Level 1:colcon.colcon_core.package_discovery:discover_packages(ignore) check parameters
[0.077s] Level 1:colcon.colcon_core.package_discovery:discover_packages(path) check parameters
[0.077s] Level 1:colcon.colcon_core.package_discovery:discover_packages(colcon_meta) discover
[0.077s] Level 1:colcon.colcon_core.package_discovery:discover_packages(recursive) discover
[0.077s] INFO:colcon.colcon_core.package_discovery:Crawling recursively for packages in '/home/eren/ern/projects/main_kasva_ws'
[0.077s] Level 1:colcon.colcon_core.package_identification:_identify(.) by extensions ['ignore', 'ignore_ament_install']
[0.077s] Level 1:colcon.colcon_core.package_identification:_identify(.) by extension 'ignore'
[0.077s] Level 1:colcon.colcon_core.package_identification:_identify(.) by extension 'ignore_ament_install'
[0.077s] Level 1:colcon.colcon_core.package_identification:_identify(.) by extensions ['colcon_pkg']
[0.077s] Level 1:colcon.colcon_core.package_identification:_identify(.) by extension 'colcon_pkg'
[0.077s] Level 1:colcon.colcon_core.package_identification:_identify(.) by extensions ['colcon_meta']
[0.077s] Level 1:colcon.colcon_core.package_identification:_identify(.) by extension 'colcon_meta'
[0.077s] Level 1:colcon.colcon_core.package_identification:_identify(.) by extensions ['ros']
[0.077s] Level 1:colcon.colcon_core.package_identification:_identify(.) by extension 'ros'
[0.092s] Level 1:colcon.colcon_core.package_identification:_identify(.) by extensions ['cmake', 'python']
[0.092s] Level 1:colcon.colcon_core.package_identification:_identify(.) by extension 'cmake'
[0.092s] Level 1:colcon.colcon_core.package_identification:_identify(.) by extension 'python'
[0.092s] Level 1:colcon.colcon_core.package_identification:_identify(.) by extensions ['python_setup_py']
[0.092s] Level 1:colcon.colcon_core.package_identification:_identify(.) by extension 'python_setup_py'
[0.092s] Level 1:colcon.colcon_core.package_identification:_identify(build) by extensions ['ignore', 'ignore_ament_install']
[0.092s] Level 1:colcon.colcon_core.package_identification:_identify(build) by extension 'ignore'
[0.093s] Level 1:colcon.colcon_core.package_identification:_identify(build) ignored
[0.093s] Level 1:colcon.colcon_core.package_identification:_identify(install) by extensions ['ignore', 'ignore_ament_install']
[0.093s] Level 1:colcon.colcon_core.package_identification:_identify(install) by extension 'ignore'
[0.093s] Level 1:colcon.colcon_core.package_identification:_identify(install) ignored
[0.093s] Level 1:colcon.colcon_core.package_identification:_identify(log) by extensions ['ignore', 'ignore_ament_install']
[0.093s] Level 1:colcon.colcon_core.package_identification:_identify(log) by extension 'ignore'
[0.093s] Level 1:colcon.colcon_core.package_identification:_identify(log) ignored
[0.093s] Level 1:colcon.colcon_core.package_identification:_identify(src) by extensions ['ignore', 'ignore_ament_install']
[0.093s] Level 1:colcon.colcon_core.package_identification:_identify(src) by extension 'ignore'
[0.093s] Level 1:colcon.colcon_core.package_identification:_identify(src) by extension 'ignore_ament_install'
[0.093s] Level 1:colcon.colcon_core.package_identification:_identify(src) by extensions ['colcon_pkg']
[0.093s] Level 1:colcon.colcon_core.package_identification:_identify(src) by extension 'colcon_pkg'
[0.093s] Level 1:colcon.colcon_core.package_identification:_identify(src) by extensions ['colcon_meta']
[0.093s] Level 1:colcon.colcon_core.package_identification:_identify(src) by extension 'colcon_meta'
[0.093s] Level 1:colcon.colcon_core.package_identification:_identify(src) by extensions ['ros']
[0.093s] Level 1:colcon.colcon_core.package_identification:_identify(src) by extension 'ros'
[0.093s] Level 1:colcon.colcon_core.package_identification:_identify(src) by extensions ['cmake', 'python']
[0.093s] Level 1:colcon.colcon_core.package_identification:_identify(src) by extension 'cmake'
[0.093s] Level 1:colcon.colcon_core.package_identification:_identify(src) by extension 'python'
[0.093s] Level 1:colcon.colcon_core.package_identification:_identify(src) by extensions ['python_setup_py']
[0.093s] Level 1:colcon.colcon_core.package_identification:_identify(src) by extension 'python_setup_py'
[0.093s] Level 1:colcon.colcon_core.package_identification:_identify(src/gui) by extensions ['ignore', 'ignore_ament_install']
[0.093s] Level 1:colcon.colcon_core.package_identification:_identify(src/gui) by extension 'ignore'
[0.093s] Level 1:colcon.colcon_core.package_identification:_identify(src/gui) by extension 'ignore_ament_install'
[0.093s] Level 1:colcon.colcon_core.package_identification:_identify(src/gui) by extensions ['colcon_pkg']
[0.093s] Level 1:colcon.colcon_core.package_identification:_identify(src/gui) by extension 'colcon_pkg'
[0.093s] Level 1:colcon.colcon_core.package_identification:_identify(src/gui) by extensions ['colcon_meta']
[0.093s] Level 1:colcon.colcon_core.package_identification:_identify(src/gui) by extension 'colcon_meta'
[0.093s] Level 1:colcon.colcon_core.package_identification:_identify(src/gui) by extensions ['ros']
[0.093s] Level 1:colcon.colcon_core.package_identification:_identify(src/gui) by extension 'ros'
[0.095s] DEBUG:colcon.colcon_core.package_identification:Package 'src/gui' with type 'ros.ament_python' and name 'gui'
[0.095s] Level 1:colcon.colcon_core.package_identification:_identify(src/img_pro) by extensions ['ignore', 'ignore_ament_install']
[0.095s] Level 1:colcon.colcon_core.package_identification:_identify(src/img_pro) by extension 'ignore'
[0.095s] Level 1:colcon.colcon_core.package_identification:_identify(src/img_pro) by extension 'ignore_ament_install'
[0.095s] Level 1:colcon.colcon_core.package_identification:_identify(src/img_pro) by extensions ['colcon_pkg']
[0.095s] Level 1:colcon.colcon_core.package_identification:_identify(src/img_pro) by extension 'colcon_pkg'
[0.095s] Level 1:colcon.colcon_core.package_identification:_identify(src/img_pro) by extensions ['colcon_meta']
[0.095s] Level 1:colcon.colcon_core.package_identification:_identify(src/img_pro) by extension 'colcon_meta'
[0.095s] Level 1:colcon.colcon_core.package_identification:_identify(src/img_pro) by extensions ['ros']
[0.095s] Level 1:colcon.colcon_core.package_identification:_identify(src/img_pro) by extension 'ros'
[0.095s] DEBUG:colcon.colcon_core.package_identification:Package 'src/img_pro' with type 'ros.ament_python' and name 'img_pro'
[0.095s] Level 1:colcon.colcon_core.package_identification:_identify(src/kasva_sekli) by extensions ['ignore', 'ignore_ament_install']
[0.095s] Level 1:colcon.colcon_core.package_identification:_identify(src/kasva_sekli) by extension 'ignore'
[0.095s] Level 1:colcon.colcon_core.package_identification:_identify(src/kasva_sekli) by extension 'ignore_ament_install'
[0.095s] Level 1:colcon.colcon_core.package_identification:_identify(src/kasva_sekli) by extensions ['colcon_pkg']
[0.095s] Level 1:colcon.colcon_core.package_identification:_identify(src/kasva_sekli) by extension 'colcon_pkg'
[0.095s] Level 1:colcon.colcon_core.package_identification:_identify(src/kasva_sekli) by extensions ['colcon_meta']
[0.095s] Level 1:colcon.colcon_core.package_identification:_identify(src/kasva_sekli) by extension 'colcon_meta'
[0.095s] Level 1:colcon.colcon_core.package_identification:_identify(src/kasva_sekli) by extensions ['ros']
[0.095s] Level 1:colcon.colcon_core.package_identification:_identify(src/kasva_sekli) by extension 'ros'
[0.096s] DEBUG:colcon.colcon_core.package_identification:Package 'src/kasva_sekli' with type 'ros.ament_cmake' and name 'kasva_sekli'
[0.096s] Level 1:colcon.colcon_core.package_identification:_identify(src/obstacle) by extensions ['ignore', 'ignore_ament_install']
[0.096s] Level 1:colcon.colcon_core.package_identification:_identify(src/obstacle) by extension 'ignore'
[0.096s] Level 1:colcon.colcon_core.package_identification:_identify(src/obstacle) by extension 'ignore_ament_install'
[0.096s] Level 1:colcon.colcon_core.package_identification:_identify(src/obstacle) by extensions ['colcon_pkg']
[0.096s] Level 1:colcon.colcon_core.package_identification:_identify(src/obstacle) by extension 'colcon_pkg'
[0.096s] Level 1:colcon.colcon_core.package_identification:_identify(src/obstacle) by extensions ['colcon_meta']
[0.096s] Level 1:colcon.colcon_core.package_identification:_identify(src/obstacle) by extension 'colcon_meta'
[0.096s] Level 1:colcon.colcon_core.package_identification:_identify(src/obstacle) by extensions ['ros']
[0.096s] Level 1:colcon.colcon_core.package_identification:_identify(src/obstacle) by extension 'ros'
[0.096s] DEBUG:colcon.colcon_core.package_identification:Package 'src/obstacle' with type 'ros.ament_python' and name 'obstacle'
[0.096s] Level 1:colcon.colcon_core.package_discovery:discover_packages(recursive) using defaults
[0.096s] Level 1:colcon.colcon_core.package_discovery:discover_packages(ignore) discover
[0.096s] Level 1:colcon.colcon_core.package_discovery:discover_packages(ignore) using defaults
[0.096s] Level 1:colcon.colcon_core.package_discovery:discover_packages(path) discover
[0.096s] Level 1:colcon.colcon_core.package_discovery:discover_packages(path) using defaults
[0.106s] Level 1:colcon.colcon_core.package_discovery:discover_packages(prefix_path) check parameters
[0.106s] Level 1:colcon.colcon_core.package_discovery:discover_packages(prefix_path) discover
[0.107s] DEBUG:colcon.colcon_installed_package_information.package_discovery:Found 4 installed packages in /home/eren/ern/projects/main_kasva_ws/install
[0.108s] DEBUG:colcon.colcon_installed_package_information.package_discovery:Found 367 installed packages in /opt/ros/jazzy
[0.109s] Level 1:colcon.colcon_core.package_discovery:discover_packages(prefix_path) using defaults
[0.132s] Level 5:colcon.colcon_core.verb:set package 'gui' build argument 'cmake_args' from command line to 'None'
[0.132s] Level 5:colcon.colcon_core.verb:set package 'gui' build argument 'cmake_target' from command line to 'None'
[0.133s] Level 5:colcon.colcon_core.verb:set package 'gui' build argument 'cmake_target_skip_unavailable' from command line to 'False'
[0.133s] Level 5:colcon.colcon_core.verb:set package 'gui' build argument 'cmake_clean_cache' from command line to 'False'
[0.133s] Level 5:colcon.colcon_core.verb:set package 'gui' build argument 'cmake_clean_first' from command line to 'False'
[0.133s] Level 5:colcon.colcon_core.verb:set package 'gui' build argument 'cmake_force_configure' from command line to 'False'
[0.133s] Level 5:colcon.colcon_core.verb:set package 'gui' build argument 'ament_cmake_args' from command line to 'None'
[0.133s] Level 5:colcon.colcon_core.verb:set package 'gui' build argument 'catkin_cmake_args' from command line to 'None'
[0.133s] Level 5:colcon.colcon_core.verb:set package 'gui' build argument 'catkin_skip_building_tests' from command line to 'False'
[0.133s] DEBUG:colcon.colcon_core.verb:Building package 'gui' with the following arguments: {'ament_cmake_args': None, 'build_base': '/home/eren/ern/projects/main_kasva_ws/build/gui', 'catkin_cmake_args': None, 'catkin_skip_building_tests': False, 'cmake_args': None, 'cmake_clean_cache': False, 'cmake_clean_first': False, 'cmake_force_configure': False, 'cmake_target': None, 'cmake_target_skip_unavailable': False, 'install_base': '/home/eren/ern/projects/main_kasva_ws/install/gui', 'merge_install': False, 'path': '/home/eren/ern/projects/main_kasva_ws/src/gui', 'symlink_install': False, 'test_result_base': None}
[0.133s] Level 5:colcon.colcon_core.verb:set package 'img_pro' build argument 'cmake_args' from command line to 'None'
[0.133s] Level 5:colcon.colcon_core.verb:set package 'img_pro' build argument 'cmake_target' from command line to 'None'
[0.133s] Level 5:colcon.colcon_core.verb:set package 'img_pro' build argument 'cmake_target_skip_unavailable' from command line to 'False'
[0.133s] Level 5:colcon.colcon_core.verb:set package 'img_pro' build argument 'cmake_clean_cache' from command line to 'False'
[0.133s] Level 5:colcon.colcon_core.verb:set package 'img_pro' build argument 'cmake_clean_first' from command line to 'False'
[0.133s] Level 5:colcon.colcon_core.verb:set package 'img_pro' build argument 'cmake_force_configure' from command line to 'False'
[0.133s] Level 5:colcon.colcon_core.verb:set package 'img_pro' build argument 'ament_cmake_args' from command line to 'None'
[0.133s] Level 5:colcon.colcon_core.verb:set package 'img_pro' build argument 'catkin_cmake_args' from command line to 'None'
[0.133s] Level 5:colcon.colcon_core.verb:set package 'img_pro' build argument 'catkin_skip_building_tests' from command line to 'False'
[0.133s] DEBUG:colcon.colcon_core.verb:Building package 'img_pro' with the following arguments: {'ament_cmake_args': None, 'build_base': '/home/eren/ern/projects/main_kasva_ws/build/img_pro', 'catkin_cmake_args': None, 'catkin_skip_building_tests': False, 'cmake_args': None, 'cmake_clean_cache': False, 'cmake_clean_first': False, 'cmake_force_configure': False, 'cmake_target': None, 'cmake_target_skip_unavailable': False, 'install_base': '/home/eren/ern/projects/main_kasva_ws/install/img_pro', 'merge_install': False, 'path': '/home/eren/ern/projects/main_kasva_ws/src/img_pro', 'symlink_install': False, 'test_result_base': None}
[0.133s] Level 5:colcon.colcon_core.verb:set package 'kasva_sekli' build argument 'cmake_args' from command line to 'None'
[0.133s] Level 5:colcon.colcon_core.verb:set package 'kasva_sekli' build argument 'cmake_target' from command line to 'None'
[0.133s] Level 5:colcon.colcon_core.verb:set package 'kasva_sekli' build argument 'cmake_target_skip_unavailable' from command line to 'False'
[0.133s] Level 5:colcon.colcon_core.verb:set package 'kasva_sekli' build argument 'cmake_clean_cache' from command line to 'False'
[0.133s] Level 5:colcon.colcon_core.verb:set package 'kasva_sekli' build argument 'cmake_clean_first' from command line to 'False'
[0.133s] Level 5:colcon.colcon_core.verb:set package 'kasva_sekli' build argument 'cmake_force_configure' from command line to 'False'
[0.133s] Level 5:colcon.colcon_core.verb:set package 'kasva_sekli' build argument 'ament_cmake_args' from command line to 'None'
[0.133s] Level 5:colcon.colcon_core.verb:set package 'kasva_sekli' build argument 'catkin_cmake_args' from command line to 'None'
[0.133s] Level 5:colcon.colcon_core.verb:set package 'kasva_sekli' build argument 'catkin_skip_building_tests' from command line to 'False'
[0.133s] DEBUG:colcon.colcon_core.verb:Building package 'kasva_sekli' with the following arguments: {'ament_cmake_args': None, 'build_base': '/home/eren/ern/projects/main_kasva_ws/build/kasva_sekli', 'catkin_cmake_args': None, 'catkin_skip_building_tests': False, 'cmake_args': None, 'cmake_clean_cache': False, 'cmake_clean_first': False, 'cmake_force_configure': False, 'cmake_target': None, 'cmake_target_skip_unavailable': False, 'install_base': '/home/eren/ern/projects/main_kasva_ws/install/kasva_sekli', 'merge_install': False, 'path': '/home/eren/ern/projects/main_kasva_ws/src/kasva_sekli', 'symlink_install': False, 'test_result_base': None}
[0.133s] Level 5:colcon.colcon_core.verb:set package 'obstacle' build argument 'cmake_args' from command line to 'None'
[0.133s] Level 5:colcon.colcon_core.verb:set package 'obstacle' build argument 'cmake_target' from command line to 'None'
[0.133s] Level 5:colcon.colcon_core.verb:set package 'obstacle' build argument 'cmake_target_skip_unavailable' from command line to 'False'
[0.133s] Level 5:colcon.colcon_core.verb:set package 'obstacle' build argument 'cmake_clean_cache' from command line to 'False'
[0.133s] Level 5:colcon.colcon_core.verb:set package 'obstacle' build argument 'cmake_clean_first' from command line to 'False'
[0.133s] Level 5:colcon.colcon_core.verb:set package 'obstacle' build argument 'cmake_force_configure' from command line to 'False'
[0.133s] Level 5:colcon.colcon_core.verb:set package 'obstacle' build argument 'ament_cmake_args' from command line to 'None'
[0.133s] Level 5:colcon.colcon_core.verb:set package 'obstacle' build argument 'catkin_cmake_args' from command line to 'None'
[0.133s] Level 5:colcon.colcon_core.verb:set package 'obstacle' build argument 'catkin_skip_building_tests' from command line to 'False'
[0.133s] DEBUG:colcon.colcon_core.verb:Building package 'obstacle' with the following arguments: {'ament_cmake_args': None, 'build_base': '/home/eren/ern/projects/main_kasva_ws/build/obstacle', 'catkin_cmake_args': None, 'catkin_skip_building_tests': False, 'cmake_args': None, 'cmake_clean_cache': False, 'cmake_clean_first': False, 'cmake_force_configure': False, 'cmake_target': None, 'cmake_target_skip_unavailable': False, 'install_base': '/home/eren/ern/projects/main_kasva_ws/install/obstacle', 'merge_install': False, 'path': '/home/eren/ern/projects/main_kasva_ws/src/obstacle', 'symlink_install': False, 'test_result_base': None}
[0.133s] INFO:colcon.colcon_core.executor:Executing jobs using 'parallel' executor
[0.134s] DEBUG:colcon.colcon_parallel_executor.executor.parallel:run_until_complete
[0.134s] INFO:colcon.colcon_ros.task.ament_python.build:Building ROS package in '/home/eren/ern/projects/main_kasva_ws/src/gui' with build type 'ament_python'
[0.134s] Level 1:colcon.colcon_core.shell:create_environment_hook('gui', 'ament_prefix_path')
[0.136s] INFO:colcon.colcon_core.plugin_system:Skipping extension 'colcon_core.shell.bat': Not used on non-Windows systems
[0.136s] INFO:colcon.colcon_core.shell:Creating environment hook '/home/eren/ern/projects/main_kasva_ws/install/gui/share/gui/hook/ament_prefix_path.ps1'
[0.136s] INFO:colcon.colcon_core.shell:Creating environment descriptor '/home/eren/ern/projects/main_kasva_ws/install/gui/share/gui/hook/ament_prefix_path.dsv'
[0.136s] INFO:colcon.colcon_core.shell:Creating environment hook '/home/eren/ern/projects/main_kasva_ws/install/gui/share/gui/hook/ament_prefix_path.sh'
[0.136s] INFO:colcon.colcon_core.shell:Skip shell extension 'powershell' for command environment: Not usable outside of PowerShell
[0.137s] DEBUG:colcon.colcon_core.shell:Skip shell extension 'dsv' for command environment
[0.138s] INFO:colcon.colcon_ros.task.ament_python.build:Building ROS package in '/home/eren/ern/projects/main_kasva_ws/src/img_pro' with build type 'ament_python'
[0.139s] Level 1:colcon.colcon_core.shell:create_environment_hook('img_pro', 'ament_prefix_path')
[0.139s] INFO:colcon.colcon_core.shell:Creating environment hook '/home/eren/ern/projects/main_kasva_ws/install/img_pro/share/img_pro/hook/ament_prefix_path.ps1'
[0.139s] INFO:colcon.colcon_core.shell:Creating environment descriptor '/home/eren/ern/projects/main_kasva_ws/install/img_pro/share/img_pro/hook/ament_prefix_path.dsv'
[0.139s] INFO:colcon.colcon_core.shell:Creating environment hook '/home/eren/ern/projects/main_kasva_ws/install/img_pro/share/img_pro/hook/ament_prefix_path.sh'
[0.139s] INFO:colcon.colcon_core.shell:Skip shell extension 'powershell' for command environment: Not usable outside of PowerShell
[0.139s] DEBUG:colcon.colcon_core.shell:Skip shell extension 'dsv' for command environment
[0.141s] INFO:colcon.colcon_ros.task.ament_cmake.build:Building ROS package in '/home/eren/ern/projects/main_kasva_ws/src/kasva_sekli' with build type 'ament_cmake'
[0.141s] INFO:colcon.colcon_cmake.task.cmake.build:Building CMake package in '/home/eren/ern/projects/main_kasva_ws/src/kasva_sekli'
[0.141s] INFO:colcon.colcon_core.shell:Skip shell extension 'powershell' for command environment: Not usable outside of PowerShell
[0.141s] DEBUG:colcon.colcon_core.shell:Skip shell extension 'dsv' for command environment
[0.145s] INFO:colcon.colcon_ros.task.ament_python.build:Building ROS package in '/home/eren/ern/projects/main_kasva_ws/src/obstacle' with build type 'ament_python'
[0.145s] Level 1:colcon.colcon_core.shell:create_environment_hook('obstacle', 'ament_prefix_path')
[0.145s] INFO:colcon.colcon_core.shell:Creating environment hook '/home/eren/ern/projects/main_kasva_ws/install/obstacle/share/obstacle/hook/ament_prefix_path.ps1'
[0.145s] INFO:colcon.colcon_core.shell:Creating environment descriptor '/home/eren/ern/projects/main_kasva_ws/install/obstacle/share/obstacle/hook/ament_prefix_path.dsv'
[0.145s] INFO:colcon.colcon_core.shell:Creating environment hook '/home/eren/ern/projects/main_kasva_ws/install/obstacle/share/obstacle/hook/ament_prefix_path.sh'
[0.146s] INFO:colcon.colcon_core.shell:Skip shell extension 'powershell' for command environment: Not usable outside of PowerShell
[0.146s] DEBUG:colcon.colcon_core.shell:Skip shell extension 'dsv' for command environment
[0.264s] INFO:colcon.colcon_core.task.python.build:Building Python package in '/home/eren/ern/projects/main_kasva_ws/src/gui'
[0.264s] INFO:colcon.colcon_core.shell:Skip shell extension 'powershell' for command environment: Not usable outside of PowerShell
[0.265s] DEBUG:colcon.colcon_core.shell:Skip shell extension 'dsv' for command environment
[0.387s] INFO:colcon.colcon_core.task.python.build:Building Python package in '/home/eren/ern/projects/main_kasva_ws/src/img_pro'
[0.387s] INFO:colcon.colcon_core.shell:Skip shell extension 'powershell' for command environment: Not usable outside of PowerShell
[0.387s] DEBUG:colcon.colcon_core.shell:Skip shell extension 'dsv' for command environment
[0.391s] DEBUG:colcon.colcon_core.event_handler.log_command:Invoking command in '/home/eren/ern/projects/main_kasva_ws/build/kasva_sekli': CMAKE_PREFIX_PATH=${CMAKE_PREFIX_PATH}:/opt/ros/jazzy DEBUGINFOD_URLS=https://debuginfod.ubuntu.com /usr/bin/cmake --build /home/eren/ern/projects/main_kasva_ws/build/kasva_sekli -- -j20 -l20
[0.509s] INFO:colcon.colcon_core.task.python.build:Building Python package in '/home/eren/ern/projects/main_kasva_ws/src/obstacle'
[0.509s] INFO:colcon.colcon_core.shell:Skip shell extension 'powershell' for command environment: Not usable outside of PowerShell
[0.509s] DEBUG:colcon.colcon_core.shell:Skip shell extension 'dsv' for command environment
[0.515s] DEBUG:colcon.colcon_core.event_handler.log_command:Invoked command in '/home/eren/ern/projects/main_kasva_ws/build/kasva_sekli' returned '0': CMAKE_PREFIX_PATH=${CMAKE_PREFIX_PATH}:/opt/ros/jazzy DEBUGINFOD_URLS=https://debuginfod.ubuntu.com /usr/bin/cmake --build /home/eren/ern/projects/main_kasva_ws/build/kasva_sekli -- -j20 -l20
[0.521s] DEBUG:colcon.colcon_core.event_handler.log_command:Invoking command in '/home/eren/ern/projects/main_kasva_ws/build/kasva_sekli': CMAKE_PREFIX_PATH=${CMAKE_PREFIX_PATH}:/opt/ros/jazzy DEBUGINFOD_URLS=https://debuginfod.ubuntu.com /usr/bin/cmake --install /home/eren/ern/projects/main_kasva_ws/build/kasva_sekli
[0.528s] Level 1:colcon.colcon_core.environment:create_environment_scripts_only(kasva_sekli)
[0.529s] Level 1:colcon.colcon_core.environment:checking '/home/eren/ern/projects/main_kasva_ws/install/kasva_sekli' for CMake module files
[0.530s] Level 1:colcon.colcon_core.environment:checking '/home/eren/ern/projects/main_kasva_ws/install/kasva_sekli' for CMake config files
[0.531s] DEBUG:colcon.colcon_core.event_handler.log_command:Invoked command in '/home/eren/ern/projects/main_kasva_ws/build/kasva_sekli' returned '0': CMAKE_PREFIX_PATH=${CMAKE_PREFIX_PATH}:/opt/ros/jazzy DEBUGINFOD_URLS=https://debuginfod.ubuntu.com /usr/bin/cmake --install /home/eren/ern/projects/main_kasva_ws/build/kasva_sekli
[0.531s] Level 1:colcon.colcon_core.shell:create_environment_hook('kasva_sekli', 'cmake_prefix_path')
[0.531s] INFO:colcon.colcon_core.shell:Creating environment hook '/home/eren/ern/projects/main_kasva_ws/install/kasva_sekli/share/kasva_sekli/hook/cmake_prefix_path.ps1'
[0.531s] INFO:colcon.colcon_core.shell:Creating environment descriptor '/home/eren/ern/projects/main_kasva_ws/install/kasva_sekli/share/kasva_sekli/hook/cmake_prefix_path.dsv'
[0.531s] INFO:colcon.colcon_core.shell:Creating environment hook '/home/eren/ern/projects/main_kasva_ws/install/kasva_sekli/share/kasva_sekli/hook/cmake_prefix_path.sh'
[0.532s] Level 1:colcon.colcon_core.environment:checking '/home/eren/ern/projects/main_kasva_ws/install/kasva_sekli/bin'
[0.532s] Level 1:colcon.colcon_core.environment:checking '/home/eren/ern/projects/main_kasva_ws/install/kasva_sekli/lib/pkgconfig/kasva_sekli.pc'
[0.532s] Level 1:colcon.colcon_core.environment:checking '/home/eren/ern/projects/main_kasva_ws/install/kasva_sekli/lib/python3.12/site-packages'
[0.532s] Level 1:colcon.colcon_core.environment:checking '/home/eren/ern/projects/main_kasva_ws/install/kasva_sekli/bin'
[0.532s] INFO:colcon.colcon_core.shell:Creating package script '/home/eren/ern/projects/main_kasva_ws/install/kasva_sekli/share/kasva_sekli/package.ps1'
[0.532s] INFO:colcon.colcon_core.shell:Creating package descriptor '/home/eren/ern/projects/main_kasva_ws/install/kasva_sekli/share/kasva_sekli/package.dsv'
[0.533s] INFO:colcon.colcon_core.shell:Creating package script '/home/eren/ern/projects/main_kasva_ws/install/kasva_sekli/share/kasva_sekli/package.sh'
[0.533s] INFO:colcon.colcon_core.shell:Creating package script '/home/eren/ern/projects/main_kasva_ws/install/kasva_sekli/share/kasva_sekli/package.bash'
[0.533s] INFO:colcon.colcon_core.shell:Creating package script '/home/eren/ern/projects/main_kasva_ws/install/kasva_sekli/share/kasva_sekli/package.zsh'
[0.534s] Level 1:colcon.colcon_core.environment:create_file_with_runtime_dependencies(/home/eren/ern/projects/main_kasva_ws/install/kasva_sekli/share/colcon-core/packages/kasva_sekli)
[0.534s] Level 1:colcon.colcon_core.environment:create_environment_scripts_only(kasva_sekli)
[0.534s] Level 1:colcon.colcon_core.environment:checking '/home/eren/ern/projects/main_kasva_ws/install/kasva_sekli' for CMake module files
[0.534s] Level 1:colcon.colcon_core.environment:checking '/home/eren/ern/projects/main_kasva_ws/install/kasva_sekli' for CMake config files
[0.535s] Level 1:colcon.colcon_core.shell:create_environment_hook('kasva_sekli', 'cmake_prefix_path')
[0.535s] INFO:colcon.colcon_core.shell:Creating environment hook '/home/eren/ern/projects/main_kasva_ws/install/kasva_sekli/share/kasva_sekli/hook/cmake_prefix_path.ps1'
[0.535s] INFO:colcon.colcon_core.shell:Creating environment descriptor '/home/eren/ern/projects/main_kasva_ws/install/kasva_sekli/share/kasva_sekli/hook/cmake_prefix_path.dsv'
[0.535s] INFO:colcon.colcon_core.shell:Creating environment hook '/home/eren/ern/projects/main_kasva_ws/install/kasva_sekli/share/kasva_sekli/hook/cmake_prefix_path.sh'
[0.535s] Level 1:colcon.colcon_core.environment:checking '/home/eren/ern/projects/main_kasva_ws/install/kasva_sekli/bin'
[0.535s] Level 1:colcon.colcon_core.environment:checking '/home/eren/ern/projects/main_kasva_ws/install/kasva_sekli/lib/pkgconfig/kasva_sekli.pc'
[0.536s] Level 1:colcon.colcon_core.environment:checking '/home/eren/ern/projects/main_kasva_ws/install/kasva_sekli/lib/python3.12/site-packages'
[0.536s] Level 1:colcon.colcon_core.environment:checking '/home/eren/ern/projects/main_kasva_ws/install/kasva_sekli/bin'
[0.536s] INFO:colcon.colcon_core.shell:Creating package script '/home/eren/ern/projects/main_kasva_ws/install/kasva_sekli/share/kasva_sekli/package.ps1'
[0.536s] INFO:colcon.colcon_core.shell:Creating package descriptor '/home/eren/ern/projects/main_kasva_ws/install/kasva_sekli/share/kasva_sekli/package.dsv'
[0.536s] INFO:colcon.colcon_core.shell:Creating package script '/home/eren/ern/projects/main_kasva_ws/install/kasva_sekli/share/kasva_sekli/package.sh'
[0.537s] INFO:colcon.colcon_core.shell:Creating package script '/home/eren/ern/projects/main_kasva_ws/install/kasva_sekli/share/kasva_sekli/package.bash'
[0.537s] INFO:colcon.colcon_core.shell:Creating package script '/home/eren/ern/projects/main_kasva_ws/install/kasva_sekli/share/kasva_sekli/package.zsh'
[0.537s] Level 1:colcon.colcon_core.environment:create_file_with_runtime_dependencies(/home/eren/ern/projects/main_kasva_ws/install/kasva_sekli/share/colcon-core/packages/kasva_sekli)
[0.842s] DEBUG:colcon.colcon_core.event_handler.log_command:Invoking command in '/home/eren/ern/projects/main_kasva_ws/src/img_pro': DEBUGINFOD_URLS=https://debuginfod.ubuntu.com PYTHONPATH=/home/eren/ern/projects/main_kasva_ws/build/img_pro/prefix_override:/usr/lib/python3/dist-packages/colcon_core/task/python/colcon_distutils_commands:/home/eren/ern/projects/main_kasva_ws/install/img_pro/lib/python3.12/site-packages:${PYTHONPATH} /usr/bin/python3 -W ignore:setup.py install is deprecated -W ignore:easy_install command is deprecated setup.py egg_info --egg-base ../../build/img_pro build --build-base /home/eren/ern/projects/main_kasva_ws/build/img_pro/build install --record /home/eren/ern/projects/main_kasva_ws/build/img_pro/install.log --single-version-externally-managed install_data
[0.843s] DEBUG:colcon.colcon_core.event_handler.log_command:Invoking command in '/home/eren/ern/projects/main_kasva_ws/src/gui': DEBUGINFOD_URLS=https://debuginfod.ubuntu.com PYTHONPATH=/home/eren/ern/projects/main_kasva_ws/build/gui/prefix_override:/usr/lib/python3/dist-packages/colcon_core/task/python/colcon_distutils_commands:/home/eren/ern/projects/main_kasva_ws/install/gui/lib/python3.12/site-packages:${PYTHONPATH} /usr/bin/python3 -W ignore:setup.py install is deprecated -W ignore:easy_install command is deprecated setup.py egg_info --egg-base ../../build/gui build --build-base /home/eren/ern/projects/main_kasva_ws/build/gui/build install --record /home/eren/ern/projects/main_kasva_ws/build/gui/install.log --single-version-externally-managed install_data
[0.845s] DEBUG:colcon.colcon_core.event_handler.log_command:Invoking command in '/home/eren/ern/projects/main_kasva_ws/src/obstacle': DEBUGINFOD_URLS=https://debuginfod.ubuntu.com PYTHONPATH=/home/eren/ern/projects/main_kasva_ws/build/obstacle/prefix_override:/usr/lib/python3/dist-packages/colcon_core/task/python/colcon_distutils_commands:/home/eren/ern/projects/main_kasva_ws/install/obstacle/lib/python3.12/site-packages:${PYTHONPATH} /usr/bin/python3 -W ignore:setup.py install is deprecated -W ignore:easy_install command is deprecated setup.py egg_info --egg-base ../../build/obstacle build --build-base /home/eren/ern/projects/main_kasva_ws/build/obstacle/build install --record /home/eren/ern/projects/main_kasva_ws/build/obstacle/install.log --single-version-externally-managed install_data
[1.152s] Level 1:colcon.colcon_core.environment:checking '/home/eren/ern/projects/main_kasva_ws/install/gui' for CMake module files
[1.152s] DEBUG:colcon.colcon_core.event_handler.log_command:Invoked command in '/home/eren/ern/projects/main_kasva_ws/src/gui' returned '0': DEBUGINFOD_URLS=https://debuginfod.ubuntu.com PYTHONPATH=/home/eren/ern/projects/main_kasva_ws/build/gui/prefix_override:/usr/lib/python3/dist-packages/colcon_core/task/python/colcon_distutils_commands:/home/eren/ern/projects/main_kasva_ws/install/gui/lib/python3.12/site-packages:${PYTHONPATH} /usr/bin/python3 -W ignore:setup.py install is deprecated -W ignore:easy_install command is deprecated setup.py egg_info --egg-base ../../build/gui build --build-base /home/eren/ern/projects/main_kasva_ws/build/gui/build install --record /home/eren/ern/projects/main_kasva_ws/build/gui/install.log --single-version-externally-managed install_data
[1.152s] Level 1:colcon.colcon_core.environment:checking '/home/eren/ern/projects/main_kasva_ws/install/gui' for CMake config files
[1.153s] Level 1:colcon.colcon_core.environment:checking '/home/eren/ern/projects/main_kasva_ws/install/gui/lib'
[1.153s] Level 1:colcon.colcon_core.environment:checking '/home/eren/ern/projects/main_kasva_ws/install/gui/bin'
[1.153s] Level 1:colcon.colcon_core.environment:checking '/home/eren/ern/projects/main_kasva_ws/install/gui/lib/pkgconfig/gui.pc'
[1.153s] Level 1:colcon.colcon_core.environment:checking '/home/eren/ern/projects/main_kasva_ws/install/gui/lib/python3.12/site-packages'
[1.153s] Level 1:colcon.colcon_core.shell:create_environment_hook('gui', 'pythonpath')
[1.153s] INFO:colcon.colcon_core.shell:Creating environment hook '/home/eren/ern/projects/main_kasva_ws/install/gui/share/gui/hook/pythonpath.ps1'
[1.154s] INFO:colcon.colcon_core.shell:Creating environment descriptor '/home/eren/ern/projects/main_kasva_ws/install/gui/share/gui/hook/pythonpath.dsv'
[1.154s] INFO:colcon.colcon_core.shell:Creating environment hook '/home/eren/ern/projects/main_kasva_ws/install/gui/share/gui/hook/pythonpath.sh'
[1.154s] Level 1:colcon.colcon_core.environment:checking '/home/eren/ern/projects/main_kasva_ws/install/gui/bin'
[1.154s] Level 1:colcon.colcon_core.environment:create_environment_scripts_only(gui)
[1.154s] INFO:colcon.colcon_core.shell:Creating package script '/home/eren/ern/projects/main_kasva_ws/install/gui/share/gui/package.ps1'
[1.154s] INFO:colcon.colcon_core.shell:Creating package descriptor '/home/eren/ern/projects/main_kasva_ws/install/gui/share/gui/package.dsv'
[1.155s] INFO:colcon.colcon_core.shell:Creating package script '/home/eren/ern/projects/main_kasva_ws/install/gui/share/gui/package.sh'
[1.155s] INFO:colcon.colcon_core.shell:Creating package script '/home/eren/ern/projects/main_kasva_ws/install/gui/share/gui/package.bash'
[1.155s] INFO:colcon.colcon_core.shell:Creating package script '/home/eren/ern/projects/main_kasva_ws/install/gui/share/gui/package.zsh'
[1.155s] Level 1:colcon.colcon_core.environment:create_file_with_runtime_dependencies(/home/eren/ern/projects/main_kasva_ws/install/gui/share/colcon-core/packages/gui)
[1.155s] Level 1:colcon.colcon_core.environment:checking '/home/eren/ern/projects/main_kasva_ws/install/img_pro' for CMake module files
[1.156s] Level 1:colcon.colcon_core.environment:checking '/home/eren/ern/projects/main_kasva_ws/install/img_pro' for CMake config files
[1.156s] DEBUG:colcon.colcon_core.event_handler.log_command:Invoked command in '/home/eren/ern/projects/main_kasva_ws/src/img_pro' returned '0': DEBUGINFOD_URLS=https://debuginfod.ubuntu.com PYTHONPATH=/home/eren/ern/projects/main_kasva_ws/build/img_pro/prefix_override:/usr/lib/python3/dist-packages/colcon_core/task/python/colcon_distutils_commands:/home/eren/ern/projects/main_kasva_ws/install/img_pro/lib/python3.12/site-packages:${PYTHONPATH} /usr/bin/python3 -W ignore:setup.py install is deprecated -W ignore:easy_install command is deprecated setup.py egg_info --egg-base ../../build/img_pro build --build-base /home/eren/ern/projects/main_kasva_ws/build/img_pro/build install --record /home/eren/ern/projects/main_kasva_ws/build/img_pro/install.log --single-version-externally-managed install_data
[1.156s] Level 1:colcon.colcon_core.environment:checking '/home/eren/ern/projects/main_kasva_ws/install/img_pro/lib'
[1.157s] Level 1:colcon.colcon_core.environment:checking '/home/eren/ern/projects/main_kasva_ws/install/img_pro/bin'
[1.157s] Level 1:colcon.colcon_core.environment:checking '/home/eren/ern/projects/main_kasva_ws/install/img_pro/lib/pkgconfig/img_pro.pc'
[1.157s] Level 1:colcon.colcon_core.environment:checking '/home/eren/ern/projects/main_kasva_ws/install/img_pro/lib/python3.12/site-packages'
[1.157s] Level 1:colcon.colcon_core.shell:create_environment_hook('img_pro', 'pythonpath')
[1.157s] INFO:colcon.colcon_core.shell:Creating environment hook '/home/eren/ern/projects/main_kasva_ws/install/img_pro/share/img_pro/hook/pythonpath.ps1'
[1.157s] INFO:colcon.colcon_core.shell:Creating environment descriptor '/home/eren/ern/projects/main_kasva_ws/install/img_pro/share/img_pro/hook/pythonpath.dsv'
[1.157s] INFO:colcon.colcon_core.shell:Creating environment hook '/home/eren/ern/projects/main_kasva_ws/install/img_pro/share/img_pro/hook/pythonpath.sh'
[1.157s] Level 1:colcon.colcon_core.environment:checking '/home/eren/ern/projects/main_kasva_ws/install/img_pro/bin'
[1.157s] Level 1:colcon.colcon_core.environment:create_environment_scripts_only(img_pro)
[1.158s] INFO:colcon.colcon_core.shell:Creating package script '/home/eren/ern/projects/main_kasva_ws/install/img_pro/share/img_pro/package.ps1'
[1.158s] INFO:colcon.colcon_core.shell:Creating package descriptor '/home/eren/ern/projects/main_kasva_ws/install/img_pro/share/img_pro/package.dsv'
[1.158s] INFO:colcon.colcon_core.shell:Creating package script '/home/eren/ern/projects/main_kasva_ws/install/img_pro/share/img_pro/package.sh'
[1.158s] INFO:colcon.colcon_core.shell:Creating package script '/home/eren/ern/projects/main_kasva_ws/install/img_pro/share/img_pro/package.bash'
[1.158s] INFO:colcon.colcon_core.shell:Creating package script '/home/eren/ern/projects/main_kasva_ws/install/img_pro/share/img_pro/package.zsh'
[1.158s] Level 1:colcon.colcon_core.environment:create_file_with_runtime_dependencies(/home/eren/ern/projects/main_kasva_ws/install/img_pro/share/colcon-core/packages/img_pro)
[1.159s] Level 1:colcon.colcon_core.environment:checking '/home/eren/ern/projects/main_kasva_ws/install/obstacle' for CMake module files
[1.159s] DEBUG:colcon.colcon_core.event_handler.log_command:Invoked command in '/home/eren/ern/projects/main_kasva_ws/src/obstacle' returned '0': DEBUGINFOD_URLS=https://debuginfod.ubuntu.com PYTHONPATH=/home/eren/ern/projects/main_kasva_ws/build/obstacle/prefix_override:/usr/lib/python3/dist-packages/colcon_core/task/python/colcon_distutils_commands:/home/eren/ern/projects/main_kasva_ws/install/obstacle/lib/python3.12/site-packages:${PYTHONPATH} /usr/bin/python3 -W ignore:setup.py install is deprecated -W ignore:easy_install command is deprecated setup.py egg_info --egg-base ../../build/obstacle build --build-base /home/eren/ern/projects/main_kasva_ws/build/obstacle/build install --record /home/eren/ern/projects/main_kasva_ws/build/obstacle/install.log --single-version-externally-managed install_data
[1.160s] Level 1:colcon.colcon_core.environment:checking '/home/eren/ern/projects/main_kasva_ws/install/obstacle' for CMake config files
[1.160s] Level 1:colcon.colcon_core.environment:checking '/home/eren/ern/projects/main_kasva_ws/install/obstacle/lib'
[1.160s] Level 1:colcon.colcon_core.environment:checking '/home/eren/ern/projects/main_kasva_ws/install/obstacle/bin'
[1.160s] Level 1:colcon.colcon_core.environment:checking '/home/eren/ern/projects/main_kasva_ws/install/obstacle/lib/pkgconfig/obstacle.pc'
[1.160s] Level 1:colcon.colcon_core.environment:checking '/home/eren/ern/projects/main_kasva_ws/install/obstacle/lib/python3.12/site-packages'
[1.160s] Level 1:colcon.colcon_core.shell:create_environment_hook('obstacle', 'pythonpath')
[1.160s] INFO:colcon.colcon_core.shell:Creating environment hook '/home/eren/ern/projects/main_kasva_ws/install/obstacle/share/obstacle/hook/pythonpath.ps1'
[1.161s] INFO:colcon.colcon_core.shell:Creating environment descriptor '/home/eren/ern/projects/main_kasva_ws/install/obstacle/share/obstacle/hook/pythonpath.dsv'
[1.161s] INFO:colcon.colcon_core.shell:Creating environment hook '/home/eren/ern/projects/main_kasva_ws/install/obstacle/share/obstacle/hook/pythonpath.sh'
[1.161s] Level 1:colcon.colcon_core.environment:checking '/home/eren/ern/projects/main_kasva_ws/install/obstacle/bin'
[1.161s] Level 1:colcon.colcon_core.environment:create_environment_scripts_only(obstacle)
[1.161s] INFO:colcon.colcon_core.shell:Creating package script '/home/eren/ern/projects/main_kasva_ws/install/obstacle/share/obstacle/package.ps1'
[1.161s] INFO:colcon.colcon_core.shell:Creating package descriptor '/home/eren/ern/projects/main_kasva_ws/install/obstacle/share/obstacle/package.dsv'
[1.162s] INFO:colcon.colcon_core.shell:Creating package script '/home/eren/ern/projects/main_kasva_ws/install/obstacle/share/obstacle/package.sh'
[1.162s] INFO:colcon.colcon_core.shell:Creating package script '/home/eren/ern/projects/main_kasva_ws/install/obstacle/share/obstacle/package.bash'
[1.162s] INFO:colcon.colcon_core.shell:Creating package script '/home/eren/ern/projects/main_kasva_ws/install/obstacle/share/obstacle/package.zsh'
[1.162s] Level 1:colcon.colcon_core.environment:create_file_with_runtime_dependencies(/home/eren/ern/projects/main_kasva_ws/install/obstacle/share/colcon-core/packages/obstacle)
[1.162s] DEBUG:colcon.colcon_parallel_executor.executor.parallel:closing loop
[1.162s] DEBUG:colcon.colcon_parallel_executor.executor.parallel:loop closed
[1.162s] DEBUG:colcon.colcon_parallel_executor.executor.parallel:run_until_complete finished with '0'
[1.162s] DEBUG:colcon.colcon_core.event_reactor:joining thread
[1.166s] INFO:colcon.colcon_core.plugin_system:Skipping extension 'colcon_notification.desktop_notification.terminal_notifier': Not used on non-Darwin systems
[1.166s] INFO:colcon.colcon_core.plugin_system:Skipping extension 'colcon_notification.desktop_notification.win32': Not used on non-Windows systems
[1.166s] INFO:colcon.colcon_notification.desktop_notification:Sending desktop notification using 'notify2'
[1.177s] DEBUG:colcon.colcon_core.event_reactor:joined thread
[1.177s] INFO:colcon.colcon_core.shell:Creating prefix script '/home/eren/ern/projects/main_kasva_ws/install/local_setup.ps1'
[1.177s] INFO:colcon.colcon_core.shell:Creating prefix util module '/home/eren/ern/projects/main_kasva_ws/install/_local_setup_util_ps1.py'
[1.178s] INFO:colcon.colcon_core.shell:Creating prefix chain script '/home/eren/ern/projects/main_kasva_ws/install/setup.ps1'
[1.178s] INFO:colcon.colcon_core.shell:Creating prefix script '/home/eren/ern/projects/main_kasva_ws/install/local_setup.sh'
[1.179s] INFO:colcon.colcon_core.shell:Creating prefix util module '/home/eren/ern/projects/main_kasva_ws/install/_local_setup_util_sh.py'
[1.179s] INFO:colcon.colcon_core.shell:Creating prefix chain script '/home/eren/ern/projects/main_kasva_ws/install/setup.sh'
[1.179s] INFO:colcon.colcon_core.shell:Creating prefix script '/home/eren/ern/projects/main_kasva_ws/install/local_setup.bash'
[1.180s] INFO:colcon.colcon_core.shell:Creating prefix chain script '/home/eren/ern/projects/main_kasva_ws/install/setup.bash'
[1.180s] INFO:colcon.colcon_core.shell:Creating prefix script '/home/eren/ern/projects/main_kasva_ws/install/local_setup.zsh'
[1.180s] INFO:colcon.colcon_core.shell:Creating prefix chain script '/home/eren/ern/projects/main_kasva_ws/install/setup.zsh'
