-- Found ament_cmake: 2.5.3 (/opt/ros/jazzy/share/ament_cmake/cmake)
-- Found rclcpp: 28.1.6 (/opt/ros/jazzy/share/rclcpp/cmake)
-- Found rosidl_generator_c: 4.6.5 (/opt/ros/jazzy/share/rosidl_generator_c/cmake)
-- Found rosidl_generator_cpp: 4.6.5 (/opt/ros/jazzy/share/rosidl_generator_cpp/cmake)
-- Using all available rosidl_typesupport_c: rosidl_typesupport_fastrtps_c;rosidl_typesupport_introspection_c
-- Using all available rosidl_typesupport_cpp: rosidl_typesupport_fastrtps_cpp;rosidl_typesupport_introspection_cpp
-- Found rmw_implementation_cmake: 7.3.1 (/opt/ros/jazzy/share/rmw_implementation_cmake/cmake)
-- Found rmw_fastrtps_cpp: 8.4.1 (/opt/ros/jazzy/share/rmw_fastrtps_cpp/cmake)
-- Using RMW implementation 'rmw_fastrtps_cpp' as default
-- Found std_msgs: 5.3.5 (/opt/ros/jazzy/share/std_msgs/cmake)
-- Found geometry_msgs: 5.3.5 (/opt/ros/jazzy/share/geometry_msgs/cmake)
-- Found nav_msgs: 5.3.5 (/opt/ros/jazzy/share/nav_msgs/cmake)
-- Found tf2: 0.36.8 (/opt/ros/jazzy/share/tf2/cmake)
-- Found tf2_ros: 0.36.8 (/opt/ros/jazzy/share/tf2_ros/cmake)
-- Found ament_lint_auto: 0.17.1 (/opt/ros/jazzy/share/ament_lint_auto/cmake)
-- Added test 'lint_cmake' to check CMake code style
-- Added test 'xmllint' to check XML markup files
-- Configuring done (0.5s)
-- Generating done (0.0s)
-- Build files have been written to: /home/eren/ern/projects/main_kasva_ws/build/kasva_odom
-- Install configuration: ""
-- Installing: /home/eren/ern/projects/main_kasva_ws/install/kasva_odom/share/ament_index/resource_index/package_run_dependencies/kasva_odom
-- Installing: /home/eren/ern/projects/main_kasva_ws/install/kasva_odom/share/ament_index/resource_index/parent_prefix_path/kasva_odom
-- Installing: /home/eren/ern/projects/main_kasva_ws/install/kasva_odom/share/kasva_odom/environment/ament_prefix_path.sh
-- Installing: /home/eren/ern/projects/main_kasva_ws/install/kasva_odom/share/kasva_odom/environment/ament_prefix_path.dsv
-- Installing: /home/eren/ern/projects/main_kasva_ws/install/kasva_odom/share/kasva_odom/environment/path.sh
-- Installing: /home/eren/ern/projects/main_kasva_ws/install/kasva_odom/share/kasva_odom/environment/path.dsv
-- Installing: /home/eren/ern/projects/main_kasva_ws/install/kasva_odom/share/kasva_odom/local_setup.bash
-- Installing: /home/eren/ern/projects/main_kasva_ws/install/kasva_odom/share/kasva_odom/local_setup.sh
-- Installing: /home/eren/ern/projects/main_kasva_ws/install/kasva_odom/share/kasva_odom/local_setup.zsh
-- Installing: /home/eren/ern/projects/main_kasva_ws/install/kasva_odom/share/kasva_odom/local_setup.dsv
-- Up-to-date: /home/eren/ern/projects/main_kasva_ws/install/kasva_odom/share/kasva_odom/package.dsv
-- Installing: /home/eren/ern/projects/main_kasva_ws/install/kasva_odom/share/ament_index/resource_index/packages/kasva_odom
-- Installing: /home/eren/ern/projects/main_kasva_ws/install/kasva_odom/share/kasva_odom/cmake/kasva_odomConfig.cmake
-- Installing: /home/eren/ern/projects/main_kasva_ws/install/kasva_odom/share/kasva_odom/cmake/kasva_odomConfig-version.cmake
-- Installing: /home/eren/ern/projects/main_kasva_ws/install/kasva_odom/share/kasva_odom/package.xml
