[0.250s] Invoking command in '/home/eren/ern/projects/main_kasva_ws/build/kasva_odom': CMAKE_PREFIX_PATH=${CMAKE_PREFIX_PATH}:/opt/ros/jazzy DEBUGINFOD_URLS=https://debuginfod.ubuntu.com /usr/bin/cmake --build /home/eren/ern/projects/main_kasva_ws/build/kasva_odom -- -j20 -l20
[0.387s] -- Found ament_cmake: 2.5.3 (/opt/ros/jazzy/share/ament_cmake/cmake)
[0.436s] -- Found rclcpp: 28.1.6 (/opt/ros/jazzy/share/rclcpp/cmake)
[0.453s] -- Found rosidl_generator_c: 4.6.5 (/opt/ros/jazzy/share/rosidl_generator_c/cmake)
[0.459s] -- Found rosidl_generator_cpp: 4.6.5 (/opt/ros/jazzy/share/rosidl_generator_cpp/cmake)
[0.466s] -- Using all available rosidl_typesupport_c: rosidl_typesupport_fastrtps_c;rosidl_typesupport_introspection_c
[0.473s] -- Using all available rosidl_typesupport_cpp: rosidl_typesupport_fastrtps_cpp;rosidl_typesupport_introspection_cpp
[0.513s] -- Found rmw_implementation_cmake: 7.3.1 (/opt/ros/jazzy/share/rmw_implementation_cmake/cmake)
[0.513s] -- Found rmw_fastrtps_cpp: 8.4.1 (/opt/ros/jazzy/share/rmw_fastrtps_cpp/cmake)
[0.573s] -- Using RMW implementation 'rmw_fastrtps_cpp' as default
[0.619s] -- Found std_msgs: 5.3.5 (/opt/ros/jazzy/share/std_msgs/cmake)
[0.628s] -- Found geometry_msgs: 5.3.5 (/opt/ros/jazzy/share/geometry_msgs/cmake)
[0.637s] -- Found nav_msgs: 5.3.5 (/opt/ros/jazzy/share/nav_msgs/cmake)
[0.655s] -- Found tf2: 0.36.8 (/opt/ros/jazzy/share/tf2/cmake)
[0.657s] -- Found tf2_ros: 0.36.8 (/opt/ros/jazzy/share/tf2_ros/cmake)
[0.730s] -- Found ament_lint_auto: 0.17.1 (/opt/ros/jazzy/share/ament_lint_auto/cmake)
[0.792s] -- Added test 'lint_cmake' to check CMake code style
[0.792s] -- Added test 'xmllint' to check XML markup files
[0.793s] -- Configuring done (0.5s)
[0.796s] -- Generating done (0.0s)
[0.797s] -- Build files have been written to: /home/eren/ern/projects/main_kasva_ws/build/kasva_odom
[0.822s] Invoked command in '/home/eren/ern/projects/main_kasva_ws/build/kasva_odom' returned '0': CMAKE_PREFIX_PATH=${CMAKE_PREFIX_PATH}:/opt/ros/jazzy DEBUGINFOD_URLS=https://debuginfod.ubuntu.com /usr/bin/cmake --build /home/eren/ern/projects/main_kasva_ws/build/kasva_odom -- -j20 -l20
[0.822s] Invoking command in '/home/eren/ern/projects/main_kasva_ws/build/kasva_odom': CMAKE_PREFIX_PATH=${CMAKE_PREFIX_PATH}:/opt/ros/jazzy DEBUGINFOD_URLS=https://debuginfod.ubuntu.com /usr/bin/cmake --install /home/eren/ern/projects/main_kasva_ws/build/kasva_odom
[0.829s] -- Install configuration: ""
[0.829s] -- Installing: /home/eren/ern/projects/main_kasva_ws/install/kasva_odom/share/ament_index/resource_index/package_run_dependencies/kasva_odom
[0.830s] -- Installing: /home/eren/ern/projects/main_kasva_ws/install/kasva_odom/share/ament_index/resource_index/parent_prefix_path/kasva_odom
[0.830s] -- Installing: /home/eren/ern/projects/main_kasva_ws/install/kasva_odom/share/kasva_odom/environment/ament_prefix_path.sh
[0.830s] -- Installing: /home/eren/ern/projects/main_kasva_ws/install/kasva_odom/share/kasva_odom/environment/ament_prefix_path.dsv
[0.830s] -- Installing: /home/eren/ern/projects/main_kasva_ws/install/kasva_odom/share/kasva_odom/environment/path.sh
[0.830s] -- Installing: /home/eren/ern/projects/main_kasva_ws/install/kasva_odom/share/kasva_odom/environment/path.dsv
[0.830s] -- Installing: /home/eren/ern/projects/main_kasva_ws/install/kasva_odom/share/kasva_odom/local_setup.bash
[0.830s] -- Installing: /home/eren/ern/projects/main_kasva_ws/install/kasva_odom/share/kasva_odom/local_setup.sh
[0.830s] -- Installing: /home/eren/ern/projects/main_kasva_ws/install/kasva_odom/share/kasva_odom/local_setup.zsh
[0.830s] -- Installing: /home/eren/ern/projects/main_kasva_ws/install/kasva_odom/share/kasva_odom/local_setup.dsv
[0.831s] -- Up-to-date: /home/eren/ern/projects/main_kasva_ws/install/kasva_odom/share/kasva_odom/package.dsv
[0.831s] -- Installing: /home/eren/ern/projects/main_kasva_ws/install/kasva_odom/share/ament_index/resource_index/packages/kasva_odom
[0.831s] -- Installing: /home/eren/ern/projects/main_kasva_ws/install/kasva_odom/share/kasva_odom/cmake/kasva_odomConfig.cmake
[0.831s] -- Installing: /home/eren/ern/projects/main_kasva_ws/install/kasva_odom/share/kasva_odom/cmake/kasva_odomConfig-version.cmake
[0.831s] -- Installing: /home/eren/ern/projects/main_kasva_ws/install/kasva_odom/share/kasva_odom/package.xml
[0.832s] Invoked command in '/home/eren/ern/projects/main_kasva_ws/build/kasva_odom' returned '0': CMAKE_PREFIX_PATH=${CMAKE_PREFIX_PATH}:/opt/ros/jazzy DEBUGINFOD_URLS=https://debuginfod.ubuntu.com /usr/bin/cmake --install /home/eren/ern/projects/main_kasva_ws/build/kasva_odom
