[1.888s] Invoking command in '/home/eren/ern/projects/main_kasva_ws/src/gui': DEBUGINFOD_URLS=https://debuginfod.ubuntu.com PYTHONPATH=/home/eren/ern/projects/main_kasva_ws/build/gui/prefix_override:/usr/lib/python3/dist-packages/colcon_core/task/python/colcon_distutils_commands:/home/eren/ern/projects/main_kasva_ws/install/gui/lib/python3.12/site-packages:${PYTHONPATH} /usr/bin/python3 -W ignore:setup.py install is deprecated -W ignore:easy_install command is deprecated setup.py egg_info --egg-base ../../build/gui build --build-base /home/eren/ern/projects/main_kasva_ws/build/gui/build install --record /home/eren/ern/projects/main_kasva_ws/build/gui/install.log --single-version-externally-managed install_data
[2.283s] running egg_info
[2.326s] writing ../../build/gui/gui.egg-info/PKG-INFO
[2.326s] writing dependency_links to ../../build/gui/gui.egg-info/dependency_links.txt
[2.326s] writing entry points to ../../build/gui/gui.egg-info/entry_points.txt
[2.327s] writing requirements to ../../build/gui/gui.egg-info/requires.txt
[2.327s] writing top-level names to ../../build/gui/gui.egg-info/top_level.txt
[2.410s] reading manifest file '../../build/gui/gui.egg-info/SOURCES.txt'
[2.412s] writing manifest file '../../build/gui/gui.egg-info/SOURCES.txt'
[2.413s] running build
[2.413s] running build_py
[2.413s] running install
[2.424s] running install_lib
[2.466s] running install_data
[2.466s] running install_egg_info
[2.510s] removing '/home/eren/ern/projects/main_kasva_ws/install/gui/lib/python3.12/site-packages/gui-0.0.0-py3.12.egg-info' (and everything under it)
[2.511s] Copying ../../build/gui/gui.egg-info to /home/eren/ern/projects/main_kasva_ws/install/gui/lib/python3.12/site-packages/gui-0.0.0-py3.12.egg-info
[2.512s] running install_scripts
[2.771s] Installing kasva_gui script to /home/eren/ern/projects/main_kasva_ws/install/gui/lib/gui
[2.771s] writing list of installed files to '/home/eren/ern/projects/main_kasva_ws/build/gui/install.log'
[2.811s] Invoked command in '/home/eren/ern/projects/main_kasva_ws/src/gui' returned '0': DEBUGINFOD_URLS=https://debuginfod.ubuntu.com PYTHONPATH=/home/eren/ern/projects/main_kasva_ws/build/gui/prefix_override:/usr/lib/python3/dist-packages/colcon_core/task/python/colcon_distutils_commands:/home/eren/ern/projects/main_kasva_ws/install/gui/lib/python3.12/site-packages:${PYTHONPATH} /usr/bin/python3 -W ignore:setup.py install is deprecated -W ignore:easy_install command is deprecated setup.py egg_info --egg-base ../../build/gui build --build-base /home/eren/ern/projects/main_kasva_ws/build/gui/build install --record /home/eren/ern/projects/main_kasva_ws/build/gui/install.log --single-version-externally-managed install_data
