[1.789s] Invoking command in '/home/eren/ern/projects/main_kasva_ws/src/obstacle': DEBUGINFOD_URLS=https://debuginfod.ubuntu.com PYTHONPATH=/home/eren/ern/projects/main_kasva_ws/build/obstacle/prefix_override:/usr/lib/python3/dist-packages/colcon_core/task/python/colcon_distutils_commands:/home/eren/ern/projects/main_kasva_ws/install/obstacle/lib/python3.12/site-packages:${PYTHONPATH} /usr/bin/python3 -W ignore:setup.py install is deprecated -W ignore:easy_install command is deprecated setup.py egg_info --egg-base ../../build/obstacle build --build-base /home/eren/ern/projects/main_kasva_ws/build/obstacle/build install --record /home/eren/ern/projects/main_kasva_ws/build/obstacle/install.log --single-version-externally-managed install_data
[2.123s] running egg_info
[2.149s] writing ../../build/obstacle/obstacle.egg-info/PKG-INFO
[2.149s] writing dependency_links to ../../build/obstacle/obstacle.egg-info/dependency_links.txt
[2.150s] writing entry points to ../../build/obstacle/obstacle.egg-info/entry_points.txt
[2.150s] writing requirements to ../../build/obstacle/obstacle.egg-info/requires.txt
[2.150s] writing top-level names to ../../build/obstacle/obstacle.egg-info/top_level.txt
[2.191s] reading manifest file '../../build/obstacle/obstacle.egg-info/SOURCES.txt'
[2.192s] writing manifest file '../../build/obstacle/obstacle.egg-info/SOURCES.txt'
[2.192s] running build
[2.192s] running build_py
[2.193s] copying obstacle/obstacle.py -> /home/eren/ern/projects/main_kasva_ws/build/obstacle/build/lib/obstacle
[2.193s] running install
[2.204s] running install_lib
[2.231s] copying /home/eren/ern/projects/main_kasva_ws/build/obstacle/build/lib/obstacle/obstacle.py -> /home/eren/ern/projects/main_kasva_ws/install/obstacle/lib/python3.12/site-packages/obstacle
[2.231s] byte-compiling /home/eren/ern/projects/main_kasva_ws/install/obstacle/lib/python3.12/site-packages/obstacle/obstacle.py to obstacle.cpython-312.pyc
[2.233s] running install_data
[2.234s] running install_egg_info
[2.257s] removing '/home/eren/ern/projects/main_kasva_ws/install/obstacle/lib/python3.12/site-packages/obstacle-0.0.0-py3.12.egg-info' (and everything under it)
[2.257s] Copying ../../build/obstacle/obstacle.egg-info to /home/eren/ern/projects/main_kasva_ws/install/obstacle/lib/python3.12/site-packages/obstacle-0.0.0-py3.12.egg-info
[2.258s] running install_scripts
[2.404s] Installing obstacle script to /home/eren/ern/projects/main_kasva_ws/install/obstacle/lib/obstacle
[2.405s] writing list of installed files to '/home/eren/ern/projects/main_kasva_ws/build/obstacle/install.log'
[2.440s] Invoked command in '/home/eren/ern/projects/main_kasva_ws/src/obstacle' returned '0': DEBUGINFOD_URLS=https://debuginfod.ubuntu.com PYTHONPATH=/home/eren/ern/projects/main_kasva_ws/build/obstacle/prefix_override:/usr/lib/python3/dist-packages/colcon_core/task/python/colcon_distutils_commands:/home/eren/ern/projects/main_kasva_ws/install/obstacle/lib/python3.12/site-packages:${PYTHONPATH} /usr/bin/python3 -W ignore:setup.py install is deprecated -W ignore:easy_install command is deprecated setup.py egg_info --egg-base ../../build/obstacle build --build-base /home/eren/ern/projects/main_kasva_ws/build/obstacle/build install --record /home/eren/ern/projects/main_kasva_ws/build/obstacle/install.log --single-version-externally-managed install_data
