[ 50%] [32mBuilding CXX object CMakeFiles/odom_node.dir/src/odom_node.cpp.o[0m
[100%] [32m[1mLinking CXX executable odom_node[0m
[100%] Built target odom_node
-- Install configuration: ""
-- Installing: /home/eren/ern/projects/main_kasva_ws/install/kasva_odom/lib/kasva_odom/odom_node
-- Set non-toolchain portion of runtime path of "/home/eren/ern/projects/main_kasva_ws/install/kasva_odom/lib/kasva_odom/odom_node" to ""
-- Up-to-date: /home/eren/ern/projects/main_kasva_ws/install/kasva_odom/share/ament_index/resource_index/package_run_dependencies/kasva_odom
-- Up-to-date: /home/eren/ern/projects/main_kasva_ws/install/kasva_odom/share/ament_index/resource_index/parent_prefix_path/kasva_odom
-- Up-to-date: /home/eren/ern/projects/main_kasva_ws/install/kasva_odom/share/kasva_odom/environment/ament_prefix_path.sh
-- Up-to-date: /home/eren/ern/projects/main_kasva_ws/install/kasva_odom/share/kasva_odom/environment/ament_prefix_path.dsv
-- Up-to-date: /home/eren/ern/projects/main_kasva_ws/install/kasva_odom/share/kasva_odom/environment/path.sh
-- Up-to-date: /home/eren/ern/projects/main_kasva_ws/install/kasva_odom/share/kasva_odom/environment/path.dsv
-- Up-to-date: /home/eren/ern/projects/main_kasva_ws/install/kasva_odom/share/kasva_odom/local_setup.bash
-- Up-to-date: /home/eren/ern/projects/main_kasva_ws/install/kasva_odom/share/kasva_odom/local_setup.sh
-- Up-to-date: /home/eren/ern/projects/main_kasva_ws/install/kasva_odom/share/kasva_odom/local_setup.zsh
-- Up-to-date: /home/eren/ern/projects/main_kasva_ws/install/kasva_odom/share/kasva_odom/local_setup.dsv
-- Installing: /home/eren/ern/projects/main_kasva_ws/install/kasva_odom/share/kasva_odom/package.dsv
-- Up-to-date: /home/eren/ern/projects/main_kasva_ws/install/kasva_odom/share/ament_index/resource_index/packages/kasva_odom
-- Up-to-date: /home/eren/ern/projects/main_kasva_ws/install/kasva_odom/share/kasva_odom/cmake/kasva_odomConfig.cmake
-- Up-to-date: /home/eren/ern/projects/main_kasva_ws/install/kasva_odom/share/kasva_odom/cmake/kasva_odomConfig-version.cmake
-- Up-to-date: /home/eren/ern/projects/main_kasva_ws/install/kasva_odom/share/kasva_odom/package.xml
