running egg_info
creating ../../build/obstacle/obstacle.egg-info
writing ../../build/obstacle/obstacle.egg-info/PKG-INFO
writing dependency_links to ../../build/obstacle/obstacle.egg-info/dependency_links.txt
writing entry points to ../../build/obstacle/obstacle.egg-info/entry_points.txt
writing requirements to ../../build/obstacle/obstacle.egg-info/requires.txt
writing top-level names to ../../build/obstacle/obstacle.egg-info/top_level.txt
writing manifest file '../../build/obstacle/obstacle.egg-info/SOURCES.txt'
reading manifest file '../../build/obstacle/obstacle.egg-info/SOURCES.txt'
writing manifest file '../../build/obstacle/obstacle.egg-info/SOURCES.txt'
running build
running build_py
creating /home/eren/ern/projects/main_kasva_ws/build/obstacle/build
creating /home/eren/ern/projects/main_kasva_ws/build/obstacle/build/lib
creating /home/eren/ern/projects/main_kasva_ws/build/obstacle/build/lib/obstacle
copying obstacle/obstacle.py -> /home/eren/ern/projects/main_kasva_ws/build/obstacle/build/lib/obstacle
copying obstacle/__init__.py -> /home/eren/ern/projects/main_kasva_ws/build/obstacle/build/lib/obstacle
running install
running install_lib
creating /home/eren/ern/projects/main_kasva_ws/install/obstacle/lib/python3.12/site-packages/obstacle
copying /home/eren/ern/projects/main_kasva_ws/build/obstacle/build/lib/obstacle/obstacle.py -> /home/eren/ern/projects/main_kasva_ws/install/obstacle/lib/python3.12/site-packages/obstacle
copying /home/eren/ern/projects/main_kasva_ws/build/obstacle/build/lib/obstacle/__init__.py -> /home/eren/ern/projects/main_kasva_ws/install/obstacle/lib/python3.12/site-packages/obstacle
byte-compiling /home/eren/ern/projects/main_kasva_ws/install/obstacle/lib/python3.12/site-packages/obstacle/obstacle.py to obstacle.cpython-312.pyc
byte-compiling /home/eren/ern/projects/main_kasva_ws/install/obstacle/lib/python3.12/site-packages/obstacle/__init__.py to __init__.cpython-312.pyc
running install_data
creating /home/eren/ern/projects/main_kasva_ws/install/obstacle/share/ament_index
creating /home/eren/ern/projects/main_kasva_ws/install/obstacle/share/ament_index/resource_index
creating /home/eren/ern/projects/main_kasva_ws/install/obstacle/share/ament_index/resource_index/packages
copying resource/obstacle -> /home/eren/ern/projects/main_kasva_ws/install/obstacle/share/ament_index/resource_index/packages
copying package.xml -> /home/eren/ern/projects/main_kasva_ws/install/obstacle/share/obstacle
running install_egg_info
Copying ../../build/obstacle/obstacle.egg-info to /home/eren/ern/projects/main_kasva_ws/install/obstacle/lib/python3.12/site-packages/obstacle-0.0.0-py3.12.egg-info
running install_scripts
Installing obstacle script to /home/eren/ern/projects/main_kasva_ws/install/obstacle/lib/obstacle
writing list of installed files to '/home/eren/ern/projects/main_kasva_ws/build/obstacle/install.log'
