[0.685s] Invoking command in '/home/eren/ern/projects/main_kasva_ws/src/obstacle': DEBUGINFOD_URLS=https://debuginfod.ubuntu.com PYTHONPATH=/home/eren/ern/projects/main_kasva_ws/build/obstacle/prefix_override:/usr/lib/python3/dist-packages/colcon_core/task/python/colcon_distutils_commands:/home/eren/ern/projects/main_kasva_ws/install/obstacle/lib/python3.12/site-packages:${PYTHONPATH} /usr/bin/python3 -W ignore:setup.py install is deprecated -W ignore:easy_install command is deprecated setup.py egg_info --egg-base ../../build/obstacle build --build-base /home/eren/ern/projects/main_kasva_ws/build/obstacle/build install --record /home/eren/ern/projects/main_kasva_ws/build/obstacle/install.log --single-version-externally-managed install_data
[0.836s] running egg_info
[0.836s] creating ../../build/obstacle/obstacle.egg-info
[0.847s] writing ../../build/obstacle/obstacle.egg-info/PKG-INFO
[0.847s] writing dependency_links to ../../build/obstacle/obstacle.egg-info/dependency_links.txt
[0.847s] writing entry points to ../../build/obstacle/obstacle.egg-info/entry_points.txt
[0.847s] writing requirements to ../../build/obstacle/obstacle.egg-info/requires.txt
[0.847s] writing top-level names to ../../build/obstacle/obstacle.egg-info/top_level.txt
[0.847s] writing manifest file '../../build/obstacle/obstacle.egg-info/SOURCES.txt'
[0.868s] reading manifest file '../../build/obstacle/obstacle.egg-info/SOURCES.txt'
[0.868s] writing manifest file '../../build/obstacle/obstacle.egg-info/SOURCES.txt'
[0.868s] running build
[0.868s] running build_py
[0.868s] creating /home/eren/ern/projects/main_kasva_ws/build/obstacle/build
[0.868s] creating /home/eren/ern/projects/main_kasva_ws/build/obstacle/build/lib
[0.869s] creating /home/eren/ern/projects/main_kasva_ws/build/obstacle/build/lib/obstacle
[0.869s] copying obstacle/obstacle.py -> /home/eren/ern/projects/main_kasva_ws/build/obstacle/build/lib/obstacle
[0.869s] copying obstacle/__init__.py -> /home/eren/ern/projects/main_kasva_ws/build/obstacle/build/lib/obstacle
[0.869s] running install
[0.873s] running install_lib
[0.883s] creating /home/eren/ern/projects/main_kasva_ws/install/obstacle/lib/python3.12/site-packages/obstacle
[0.883s] copying /home/eren/ern/projects/main_kasva_ws/build/obstacle/build/lib/obstacle/obstacle.py -> /home/eren/ern/projects/main_kasva_ws/install/obstacle/lib/python3.12/site-packages/obstacle
[0.883s] copying /home/eren/ern/projects/main_kasva_ws/build/obstacle/build/lib/obstacle/__init__.py -> /home/eren/ern/projects/main_kasva_ws/install/obstacle/lib/python3.12/site-packages/obstacle
[0.883s] byte-compiling /home/eren/ern/projects/main_kasva_ws/install/obstacle/lib/python3.12/site-packages/obstacle/obstacle.py to obstacle.cpython-312.pyc
[0.884s] byte-compiling /home/eren/ern/projects/main_kasva_ws/install/obstacle/lib/python3.12/site-packages/obstacle/__init__.py to __init__.cpython-312.pyc
[0.884s] running install_data
[0.884s] creating /home/eren/ern/projects/main_kasva_ws/install/obstacle/share/ament_index
[0.884s] creating /home/eren/ern/projects/main_kasva_ws/install/obstacle/share/ament_index/resource_index
[0.884s] creating /home/eren/ern/projects/main_kasva_ws/install/obstacle/share/ament_index/resource_index/packages
[0.884s] copying resource/obstacle -> /home/eren/ern/projects/main_kasva_ws/install/obstacle/share/ament_index/resource_index/packages
[0.884s] copying package.xml -> /home/eren/ern/projects/main_kasva_ws/install/obstacle/share/obstacle
[0.885s] running install_egg_info
[0.896s] Copying ../../build/obstacle/obstacle.egg-info to /home/eren/ern/projects/main_kasva_ws/install/obstacle/lib/python3.12/site-packages/obstacle-0.0.0-py3.12.egg-info
[0.896s] running install_scripts
[0.968s] Installing obstacle script to /home/eren/ern/projects/main_kasva_ws/install/obstacle/lib/obstacle
[0.969s] writing list of installed files to '/home/eren/ern/projects/main_kasva_ws/build/obstacle/install.log'
[0.990s] Invoked command in '/home/eren/ern/projects/main_kasva_ws/src/obstacle' returned '0': DEBUGINFOD_URLS=https://debuginfod.ubuntu.com PYTHONPATH=/home/eren/ern/projects/main_kasva_ws/build/obstacle/prefix_override:/usr/lib/python3/dist-packages/colcon_core/task/python/colcon_distutils_commands:/home/eren/ern/projects/main_kasva_ws/install/obstacle/lib/python3.12/site-packages:${PYTHONPATH} /usr/bin/python3 -W ignore:setup.py install is deprecated -W ignore:easy_install command is deprecated setup.py egg_info --egg-base ../../build/obstacle build --build-base /home/eren/ern/projects/main_kasva_ws/build/obstacle/build install --record /home/eren/ern/projects/main_kasva_ws/build/obstacle/install.log --single-version-externally-managed install_data
