[0.264s] Invoking command in '/home/eren/ern/projects/main_kasva_ws/build/interfaces': CMAKE_PREFIX_PATH=${CMAKE_PREFIX_PATH}:/home/eren/ern/projects/main_kasva_ws/install/obstacle:/home/eren/ern/projects/main_kasva_ws/install/manager:/home/eren/ern/projects/main_kasva_ws/install/img_pro:/home/eren/ern/projects/main_kasva_ws/install/gui:/opt/ros/jazzy DEBUGINFOD_URLS=https://debuginfod.ubuntu.com /usr/bin/cmake --build /home/eren/ern/projects/main_kasva_ws/build/interfaces -- -j20 -l20
[0.403s] [  2%] Built target interfaces__rosidl_generator_type_description
[0.404s] [  2%] Built target ament_cmake_python_copy_interfaces
[0.404s] [  5%] Built target interfaces__cpp
[0.404s] [ 20%] Built target interfaces__rosidl_generator_c
[0.404s] [ 29%] Built target interfaces__rosidl_typesupport_c
[0.404s] [ 55%] Built target interfaces__rosidl_typesupport_introspection_cpp
[0.404s] [ 55%] Built target interfaces__rosidl_typesupport_fastrtps_cpp
[0.404s] [ 55%] Built target interfaces__rosidl_typesupport_cpp
[0.404s] [ 64%] Built target interfaces__rosidl_typesupport_introspection_c
[0.404s] [ 73%] Built target interfaces__rosidl_typesupport_fastrtps_c
[0.404s] [ 73%] Built target interfaces
[0.404s] [ 76%] Built target interfaces__py
[0.404s] [ 82%] Built target interfaces__rosidl_generator_py
[0.414s] [ 88%] Built target interfaces_s__rosidl_typesupport_introspection_c
[0.414s] [ 94%] Built target interfaces_s__rosidl_typesupport_c
[0.415s] [100%] Built target interfaces_s__rosidl_typesupport_fastrtps_c
[0.456s] running egg_info
[0.466s] writing interfaces.egg-info/PKG-INFO
[0.466s] writing dependency_links to interfaces.egg-info/dependency_links.txt
[0.467s] writing top-level names to interfaces.egg-info/top_level.txt
[0.497s] reading manifest file 'interfaces.egg-info/SOURCES.txt'
[0.497s] writing manifest file 'interfaces.egg-info/SOURCES.txt'
[0.517s] [100%] Built target ament_cmake_python_build_interfaces_egg
[0.571s] Invoked command in '/home/eren/ern/projects/main_kasva_ws/build/interfaces' returned '0': CMAKE_PREFIX_PATH=${CMAKE_PREFIX_PATH}:/home/eren/ern/projects/main_kasva_ws/install/obstacle:/home/eren/ern/projects/main_kasva_ws/install/manager:/home/eren/ern/projects/main_kasva_ws/install/img_pro:/home/eren/ern/projects/main_kasva_ws/install/gui:/opt/ros/jazzy DEBUGINFOD_URLS=https://debuginfod.ubuntu.com /usr/bin/cmake --build /home/eren/ern/projects/main_kasva_ws/build/interfaces -- -j20 -l20
[0.572s] Invoking command in '/home/eren/ern/projects/main_kasva_ws/build/interfaces': CMAKE_PREFIX_PATH=${CMAKE_PREFIX_PATH}:/home/eren/ern/projects/main_kasva_ws/install/obstacle:/home/eren/ern/projects/main_kasva_ws/install/manager:/home/eren/ern/projects/main_kasva_ws/install/img_pro:/home/eren/ern/projects/main_kasva_ws/install/gui:/opt/ros/jazzy DEBUGINFOD_URLS=https://debuginfod.ubuntu.com /usr/bin/cmake --install /home/eren/ern/projects/main_kasva_ws/build/interfaces
[0.579s] -- Install configuration: ""
[0.579s] -- Up-to-date: /home/eren/ern/projects/main_kasva_ws/install/interfaces/share/ament_index/resource_index/rosidl_interfaces/interfaces
[0.579s] -- Up-to-date: /home/eren/ern/projects/main_kasva_ws/install/interfaces/share/interfaces/srv/Permission.json
[0.579s] -- Up-to-date: /home/eren/ern/projects/main_kasva_ws/install/interfaces/include/interfaces/interfaces
[0.579s] -- Up-to-date: /home/eren/ern/projects/main_kasva_ws/install/interfaces/include/interfaces/interfaces/msg
[0.579s] -- Up-to-date: /home/eren/ern/projects/main_kasva_ws/install/interfaces/include/interfaces/interfaces/msg/rosidl_generator_c__visibility_control.h
[0.579s] -- Up-to-date: /home/eren/ern/projects/main_kasva_ws/install/interfaces/include/interfaces/interfaces/srv
[0.579s] -- Up-to-date: /home/eren/ern/projects/main_kasva_ws/install/interfaces/include/interfaces/interfaces/srv/detail
[0.579s] -- Up-to-date: /home/eren/ern/projects/main_kasva_ws/install/interfaces/include/interfaces/interfaces/srv/detail/permission__description.c
[0.580s] -- Up-to-date: /home/eren/ern/projects/main_kasva_ws/install/interfaces/include/interfaces/interfaces/srv/detail/permission__functions.h
[0.580s] -- Up-to-date: /home/eren/ern/projects/main_kasva_ws/install/interfaces/include/interfaces/interfaces/srv/detail/permission__type_support.c
[0.580s] -- Up-to-date: /home/eren/ern/projects/main_kasva_ws/install/interfaces/include/interfaces/interfaces/srv/detail/permission__functions.c
[0.580s] -- Up-to-date: /home/eren/ern/projects/main_kasva_ws/install/interfaces/include/interfaces/interfaces/srv/detail/permission__type_support.h
[0.580s] -- Up-to-date: /home/eren/ern/projects/main_kasva_ws/install/interfaces/include/interfaces/interfaces/srv/detail/permission__struct.h
[0.580s] -- Up-to-date: /home/eren/ern/projects/main_kasva_ws/install/interfaces/include/interfaces/interfaces/srv/permission.h
[0.580s] -- Up-to-date: /home/eren/ern/projects/main_kasva_ws/install/interfaces/share/interfaces/environment/library_path.sh
[0.580s] -- Up-to-date: /home/eren/ern/projects/main_kasva_ws/install/interfaces/share/interfaces/environment/library_path.dsv
[0.580s] -- Up-to-date: /home/eren/ern/projects/main_kasva_ws/install/interfaces/lib/libinterfaces__rosidl_generator_c.so
[0.580s] -- Up-to-date: /home/eren/ern/projects/main_kasva_ws/install/interfaces/include/interfaces/interfaces
[0.580s] -- Up-to-date: /home/eren/ern/projects/main_kasva_ws/install/interfaces/include/interfaces/interfaces/msg
[0.580s] -- Up-to-date: /home/eren/ern/projects/main_kasva_ws/install/interfaces/include/interfaces/interfaces/msg/rosidl_typesupport_fastrtps_c__visibility_control.h
[0.580s] -- Up-to-date: /home/eren/ern/projects/main_kasva_ws/install/interfaces/include/interfaces/interfaces/srv
[0.580s] -- Up-to-date: /home/eren/ern/projects/main_kasva_ws/install/interfaces/include/interfaces/interfaces/srv/detail
[0.580s] -- Up-to-date: /home/eren/ern/projects/main_kasva_ws/install/interfaces/include/interfaces/interfaces/srv/detail/permission__rosidl_typesupport_fastrtps_c.h
[0.580s] -- Up-to-date: /home/eren/ern/projects/main_kasva_ws/install/interfaces/lib/libinterfaces__rosidl_typesupport_fastrtps_c.so
[0.580s] -- Up-to-date: /home/eren/ern/projects/main_kasva_ws/install/interfaces/include/interfaces/interfaces
[0.580s] -- Up-to-date: /home/eren/ern/projects/main_kasva_ws/install/interfaces/include/interfaces/interfaces/msg
[0.580s] -- Up-to-date: /home/eren/ern/projects/main_kasva_ws/install/interfaces/include/interfaces/interfaces/msg/rosidl_typesupport_introspection_c__visibility_control.h
[0.580s] -- Up-to-date: /home/eren/ern/projects/main_kasva_ws/install/interfaces/include/interfaces/interfaces/srv
[0.580s] -- Up-to-date: /home/eren/ern/projects/main_kasva_ws/install/interfaces/include/interfaces/interfaces/srv/detail
[0.580s] -- Up-to-date: /home/eren/ern/projects/main_kasva_ws/install/interfaces/include/interfaces/interfaces/srv/detail/permission__type_support.c
[0.580s] -- Up-to-date: /home/eren/ern/projects/main_kasva_ws/install/interfaces/include/interfaces/interfaces/srv/detail/permission__rosidl_typesupport_introspection_c.h
[0.580s] -- Up-to-date: /home/eren/ern/projects/main_kasva_ws/install/interfaces/lib/libinterfaces__rosidl_typesupport_introspection_c.so
[0.580s] -- Up-to-date: /home/eren/ern/projects/main_kasva_ws/install/interfaces/lib/libinterfaces__rosidl_typesupport_c.so
[0.580s] -- Up-to-date: /home/eren/ern/projects/main_kasva_ws/install/interfaces/include/interfaces/interfaces
[0.581s] -- Up-to-date: /home/eren/ern/projects/main_kasva_ws/install/interfaces/include/interfaces/interfaces/msg
[0.581s] -- Up-to-date: /home/eren/ern/projects/main_kasva_ws/install/interfaces/include/interfaces/interfaces/msg/rosidl_generator_cpp__visibility_control.hpp
[0.581s] -- Up-to-date: /home/eren/ern/projects/main_kasva_ws/install/interfaces/include/interfaces/interfaces/srv
[0.581s] -- Up-to-date: /home/eren/ern/projects/main_kasva_ws/install/interfaces/include/interfaces/interfaces/srv/detail
[0.581s] -- Up-to-date: /home/eren/ern/projects/main_kasva_ws/install/interfaces/include/interfaces/interfaces/srv/detail/permission__traits.hpp
[0.581s] -- Up-to-date: /home/eren/ern/projects/main_kasva_ws/install/interfaces/include/interfaces/interfaces/srv/detail/permission__type_support.hpp
[0.581s] -- Up-to-date: /home/eren/ern/projects/main_kasva_ws/install/interfaces/include/interfaces/interfaces/srv/detail/permission__struct.hpp
[0.581s] -- Up-to-date: /home/eren/ern/projects/main_kasva_ws/install/interfaces/include/interfaces/interfaces/srv/detail/permission__builder.hpp
[0.581s] -- Up-to-date: /home/eren/ern/projects/main_kasva_ws/install/interfaces/include/interfaces/interfaces/srv/permission.hpp
[0.581s] -- Up-to-date: /home/eren/ern/projects/main_kasva_ws/install/interfaces/include/interfaces/interfaces
[0.581s] -- Up-to-date: /home/eren/ern/projects/main_kasva_ws/install/interfaces/include/interfaces/interfaces/msg
[0.581s] -- Up-to-date: /home/eren/ern/projects/main_kasva_ws/install/interfaces/include/interfaces/interfaces/msg/rosidl_typesupport_fastrtps_cpp__visibility_control.h
[0.581s] -- Up-to-date: /home/eren/ern/projects/main_kasva_ws/install/interfaces/include/interfaces/interfaces/srv
[0.581s] -- Up-to-date: /home/eren/ern/projects/main_kasva_ws/install/interfaces/include/interfaces/interfaces/srv/detail
[0.581s] -- Up-to-date: /home/eren/ern/projects/main_kasva_ws/install/interfaces/include/interfaces/interfaces/srv/detail/permission__rosidl_typesupport_fastrtps_cpp.hpp
[0.581s] -- Up-to-date: /home/eren/ern/projects/main_kasva_ws/install/interfaces/include/interfaces/interfaces/srv/detail/dds_fastrtps
[0.581s] -- Up-to-date: /home/eren/ern/projects/main_kasva_ws/install/interfaces/lib/libinterfaces__rosidl_typesupport_fastrtps_cpp.so
[0.581s] -- Up-to-date: /home/eren/ern/projects/main_kasva_ws/install/interfaces/include/interfaces/interfaces
[0.581s] -- Up-to-date: /home/eren/ern/projects/main_kasva_ws/install/interfaces/include/interfaces/interfaces/srv
[0.581s] -- Up-to-date: /home/eren/ern/projects/main_kasva_ws/install/interfaces/include/interfaces/interfaces/srv/detail
[0.581s] -- Up-to-date: /home/eren/ern/projects/main_kasva_ws/install/interfaces/include/interfaces/interfaces/srv/detail/permission__rosidl_typesupport_introspection_cpp.hpp
[0.581s] -- Up-to-date: /home/eren/ern/projects/main_kasva_ws/install/interfaces/include/interfaces/interfaces/srv/detail/permission__type_support.cpp
[0.581s] -- Up-to-date: /home/eren/ern/projects/main_kasva_ws/install/interfaces/lib/libinterfaces__rosidl_typesupport_introspection_cpp.so
[0.581s] -- Up-to-date: /home/eren/ern/projects/main_kasva_ws/install/interfaces/lib/libinterfaces__rosidl_typesupport_cpp.so
[0.581s] -- Up-to-date: /home/eren/ern/projects/main_kasva_ws/install/interfaces/share/interfaces/environment/pythonpath.sh
[0.581s] -- Up-to-date: /home/eren/ern/projects/main_kasva_ws/install/interfaces/share/interfaces/environment/pythonpath.dsv
[0.581s] -- Up-to-date: /home/eren/ern/projects/main_kasva_ws/install/interfaces/lib/python3.12/site-packages/interfaces-0.0.0-py3.12.egg-info
[0.582s] -- Installing: /home/eren/ern/projects/main_kasva_ws/install/interfaces/lib/python3.12/site-packages/interfaces-0.0.0-py3.12.egg-info/top_level.txt
[0.582s] -- Installing: /home/eren/ern/projects/main_kasva_ws/install/interfaces/lib/python3.12/site-packages/interfaces-0.0.0-py3.12.egg-info/PKG-INFO
[0.582s] -- Installing: /home/eren/ern/projects/main_kasva_ws/install/interfaces/lib/python3.12/site-packages/interfaces-0.0.0-py3.12.egg-info/dependency_links.txt
[0.582s] -- Installing: /home/eren/ern/projects/main_kasva_ws/install/interfaces/lib/python3.12/site-packages/interfaces-0.0.0-py3.12.egg-info/SOURCES.txt
[0.582s] -- Up-to-date: /home/eren/ern/projects/main_kasva_ws/install/interfaces/lib/python3.12/site-packages/interfaces
[0.582s] -- Up-to-date: /home/eren/ern/projects/main_kasva_ws/install/interfaces/lib/python3.12/site-packages/interfaces/interfaces_s__rosidl_typesupport_introspection_c.so
[0.582s] -- Up-to-date: /home/eren/ern/projects/main_kasva_ws/install/interfaces/lib/python3.12/site-packages/interfaces/_interfaces_s.ep.rosidl_typesupport_introspection_c.c
[0.582s] -- Up-to-date: /home/eren/ern/projects/main_kasva_ws/install/interfaces/lib/python3.12/site-packages/interfaces/_interfaces_s.ep.rosidl_typesupport_c.c
[0.582s] -- Up-to-date: /home/eren/ern/projects/main_kasva_ws/install/interfaces/lib/python3.12/site-packages/interfaces/__init__.py
[0.582s] -- Up-to-date: /home/eren/ern/projects/main_kasva_ws/install/interfaces/lib/python3.12/site-packages/interfaces/interfaces_s__rosidl_typesupport_fastrtps_c.so
[0.582s] -- Up-to-date: /home/eren/ern/projects/main_kasva_ws/install/interfaces/lib/python3.12/site-packages/interfaces/srv
[0.582s] -- Up-to-date: /home/eren/ern/projects/main_kasva_ws/install/interfaces/lib/python3.12/site-packages/interfaces/srv/_permission_s.c
[0.582s] -- Up-to-date: /home/eren/ern/projects/main_kasva_ws/install/interfaces/lib/python3.12/site-packages/interfaces/srv/__init__.py
[0.582s] -- Up-to-date: /home/eren/ern/projects/main_kasva_ws/install/interfaces/lib/python3.12/site-packages/interfaces/srv/_permission.py
[0.582s] -- Up-to-date: /home/eren/ern/projects/main_kasva_ws/install/interfaces/lib/python3.12/site-packages/interfaces/interfaces_s__rosidl_typesupport_c.so
[0.582s] -- Up-to-date: /home/eren/ern/projects/main_kasva_ws/install/interfaces/lib/python3.12/site-packages/interfaces/_interfaces_s.ep.rosidl_typesupport_fastrtps_c.c
[0.608s] Listing '/home/eren/ern/projects/main_kasva_ws/install/interfaces/lib/python3.12/site-packages/interfaces'...
[0.608s] Listing '/home/eren/ern/projects/main_kasva_ws/install/interfaces/lib/python3.12/site-packages/interfaces/srv'...
[0.612s] -- Up-to-date: /home/eren/ern/projects/main_kasva_ws/install/interfaces/lib/python3.12/site-packages/interfaces/interfaces_s__rosidl_typesupport_fastrtps_c.so
[0.613s] -- Up-to-date: /home/eren/ern/projects/main_kasva_ws/install/interfaces/lib/python3.12/site-packages/interfaces/interfaces_s__rosidl_typesupport_introspection_c.so
[0.613s] -- Up-to-date: /home/eren/ern/projects/main_kasva_ws/install/interfaces/lib/python3.12/site-packages/interfaces/interfaces_s__rosidl_typesupport_c.so
[0.613s] -- Up-to-date: /home/eren/ern/projects/main_kasva_ws/install/interfaces/lib/libinterfaces__rosidl_generator_py.so
[0.613s] -- Up-to-date: /home/eren/ern/projects/main_kasva_ws/install/interfaces/share/interfaces/srv/Permission.idl
[0.613s] -- Up-to-date: /home/eren/ern/projects/main_kasva_ws/install/interfaces/share/interfaces/srv/Permission.srv
[0.613s] -- Up-to-date: /home/eren/ern/projects/main_kasva_ws/install/interfaces/share/ament_index/resource_index/package_run_dependencies/interfaces
[0.613s] -- Up-to-date: /home/eren/ern/projects/main_kasva_ws/install/interfaces/share/ament_index/resource_index/parent_prefix_path/interfaces
[0.613s] -- Up-to-date: /home/eren/ern/projects/main_kasva_ws/install/interfaces/share/interfaces/environment/ament_prefix_path.sh
[0.613s] -- Up-to-date: /home/eren/ern/projects/main_kasva_ws/install/interfaces/share/interfaces/environment/ament_prefix_path.dsv
[0.613s] -- Up-to-date: /home/eren/ern/projects/main_kasva_ws/install/interfaces/share/interfaces/environment/path.sh
[0.613s] -- Up-to-date: /home/eren/ern/projects/main_kasva_ws/install/interfaces/share/interfaces/environment/path.dsv
[0.613s] -- Up-to-date: /home/eren/ern/projects/main_kasva_ws/install/interfaces/share/interfaces/local_setup.bash
[0.613s] -- Up-to-date: /home/eren/ern/projects/main_kasva_ws/install/interfaces/share/interfaces/local_setup.sh
[0.613s] -- Up-to-date: /home/eren/ern/projects/main_kasva_ws/install/interfaces/share/interfaces/local_setup.zsh
[0.613s] -- Up-to-date: /home/eren/ern/projects/main_kasva_ws/install/interfaces/share/interfaces/local_setup.dsv
[0.613s] -- Installing: /home/eren/ern/projects/main_kasva_ws/install/interfaces/share/interfaces/package.dsv
[0.613s] -- Up-to-date: /home/eren/ern/projects/main_kasva_ws/install/interfaces/share/ament_index/resource_index/packages/interfaces
[0.613s] -- Up-to-date: /home/eren/ern/projects/main_kasva_ws/install/interfaces/share/interfaces/cmake/export_interfaces__rosidl_generator_cExport.cmake
[0.613s] -- Up-to-date: /home/eren/ern/projects/main_kasva_ws/install/interfaces/share/interfaces/cmake/export_interfaces__rosidl_generator_cExport-noconfig.cmake
[0.614s] -- Up-to-date: /home/eren/ern/projects/main_kasva_ws/install/interfaces/share/interfaces/cmake/export_interfaces__rosidl_typesupport_fastrtps_cExport.cmake
[0.614s] -- Up-to-date: /home/eren/ern/projects/main_kasva_ws/install/interfaces/share/interfaces/cmake/export_interfaces__rosidl_typesupport_fastrtps_cExport-noconfig.cmake
[0.614s] -- Up-to-date: /home/eren/ern/projects/main_kasva_ws/install/interfaces/share/interfaces/cmake/interfaces__rosidl_typesupport_introspection_cExport.cmake
[0.614s] -- Up-to-date: /home/eren/ern/projects/main_kasva_ws/install/interfaces/share/interfaces/cmake/interfaces__rosidl_typesupport_introspection_cExport-noconfig.cmake
[0.614s] -- Up-to-date: /home/eren/ern/projects/main_kasva_ws/install/interfaces/share/interfaces/cmake/interfaces__rosidl_typesupport_cExport.cmake
[0.614s] -- Up-to-date: /home/eren/ern/projects/main_kasva_ws/install/interfaces/share/interfaces/cmake/interfaces__rosidl_typesupport_cExport-noconfig.cmake
[0.614s] -- Up-to-date: /home/eren/ern/projects/main_kasva_ws/install/interfaces/share/interfaces/cmake/export_interfaces__rosidl_generator_cppExport.cmake
[0.614s] -- Up-to-date: /home/eren/ern/projects/main_kasva_ws/install/interfaces/share/interfaces/cmake/export_interfaces__rosidl_typesupport_fastrtps_cppExport.cmake
[0.614s] -- Up-to-date: /home/eren/ern/projects/main_kasva_ws/install/interfaces/share/interfaces/cmake/export_interfaces__rosidl_typesupport_fastrtps_cppExport-noconfig.cmake
[0.614s] -- Up-to-date: /home/eren/ern/projects/main_kasva_ws/install/interfaces/share/interfaces/cmake/interfaces__rosidl_typesupport_introspection_cppExport.cmake
[0.614s] -- Up-to-date: /home/eren/ern/projects/main_kasva_ws/install/interfaces/share/interfaces/cmake/interfaces__rosidl_typesupport_introspection_cppExport-noconfig.cmake
[0.614s] -- Up-to-date: /home/eren/ern/projects/main_kasva_ws/install/interfaces/share/interfaces/cmake/interfaces__rosidl_typesupport_cppExport.cmake
[0.614s] -- Up-to-date: /home/eren/ern/projects/main_kasva_ws/install/interfaces/share/interfaces/cmake/interfaces__rosidl_typesupport_cppExport-noconfig.cmake
[0.614s] -- Up-to-date: /home/eren/ern/projects/main_kasva_ws/install/interfaces/share/interfaces/cmake/export_interfaces__rosidl_generator_pyExport.cmake
[0.614s] -- Up-to-date: /home/eren/ern/projects/main_kasva_ws/install/interfaces/share/interfaces/cmake/export_interfaces__rosidl_generator_pyExport-noconfig.cmake
[0.614s] -- Up-to-date: /home/eren/ern/projects/main_kasva_ws/install/interfaces/share/interfaces/cmake/rosidl_cmake-extras.cmake
[0.614s] -- Up-to-date: /home/eren/ern/projects/main_kasva_ws/install/interfaces/share/interfaces/cmake/ament_cmake_export_dependencies-extras.cmake
[0.614s] -- Up-to-date: /home/eren/ern/projects/main_kasva_ws/install/interfaces/share/interfaces/cmake/ament_cmake_export_include_directories-extras.cmake
[0.614s] -- Up-to-date: /home/eren/ern/projects/main_kasva_ws/install/interfaces/share/interfaces/cmake/ament_cmake_export_libraries-extras.cmake
[0.614s] -- Up-to-date: /home/eren/ern/projects/main_kasva_ws/install/interfaces/share/interfaces/cmake/ament_cmake_export_targets-extras.cmake
[0.614s] -- Up-to-date: /home/eren/ern/projects/main_kasva_ws/install/interfaces/share/interfaces/cmake/rosidl_cmake_export_typesupport_targets-extras.cmake
[0.614s] -- Up-to-date: /home/eren/ern/projects/main_kasva_ws/install/interfaces/share/interfaces/cmake/rosidl_cmake_export_typesupport_libraries-extras.cmake
[0.614s] -- Up-to-date: /home/eren/ern/projects/main_kasva_ws/install/interfaces/share/interfaces/cmake/interfacesConfig.cmake
[0.614s] -- Up-to-date: /home/eren/ern/projects/main_kasva_ws/install/interfaces/share/interfaces/cmake/interfacesConfig-version.cmake
[0.614s] -- Up-to-date: /home/eren/ern/projects/main_kasva_ws/install/interfaces/share/interfaces/package.xml
[0.616s] Invoked command in '/home/eren/ern/projects/main_kasva_ws/build/interfaces' returned '0': CMAKE_PREFIX_PATH=${CMAKE_PREFIX_PATH}:/home/eren/ern/projects/main_kasva_ws/install/obstacle:/home/eren/ern/projects/main_kasva_ws/install/manager:/home/eren/ern/projects/main_kasva_ws/install/img_pro:/home/eren/ern/projects/main_kasva_ws/install/gui:/opt/ros/jazzy DEBUGINFOD_URLS=https://debuginfod.ubuntu.com /usr/bin/cmake --install /home/eren/ern/projects/main_kasva_ws/build/interfaces
