[0.248s] Invoking command in '/home/eren/ern/projects/main_kasva_ws/build/interfaces': CMAKE_PREFIX_PATH=${CMAKE_PREFIX_PATH}:/opt/ros/jazzy DEBUGINFOD_URLS=https://debuginfod.ubuntu.com /usr/bin/cmake /home/eren/ern/projects/main_kasva_ws/src/interfaces -DCMAKE_INSTALL_PREFIX=/home/eren/ern/projects/main_kasva_ws/install/interfaces
[0.377s] -- The C compiler identification is GNU 13.3.0
[0.407s] -- The CXX compiler identification is GNU 13.3.0
[0.421s] -- Detecting C compiler ABI info
[0.495s] -- Detecting C compiler ABI info - done
[0.502s] -- Check for working C compiler: /usr/bin/cc - skipped
[0.502s] -- Detecting C compile features
[0.503s] -- Detecting C compile features - done
[0.511s] -- Detecting CXX compiler ABI info
[0.603s] -- Detecting CXX compiler ABI info - done
[0.611s] -- Check for working CXX compiler: /usr/bin/c++ - skipped
[0.612s] -- Detecting CXX compile features
[0.612s] -- Detecting CXX compile features - done
[0.614s] -- Found ament_cmake: 2.5.3 (/opt/ros/jazzy/share/ament_cmake/cmake)
[0.739s] -- Found Python3: /usr/bin/python3 (found version "3.12.3") found components: Interpreter 
[0.834s] -- Found ament_lint_auto: 0.17.1 (/opt/ros/jazzy/share/ament_lint_auto/cmake)
[0.916s] -- Found rosidl_default_generators: 1.6.0 (/opt/ros/jazzy/share/rosidl_default_generators/cmake)
[0.923s] -- Using all available rosidl_typesupport_c: rosidl_typesupport_fastrtps_c;rosidl_typesupport_introspection_c
[0.974s] -- Using all available rosidl_typesupport_cpp: rosidl_typesupport_fastrtps_cpp;rosidl_typesupport_introspection_cpp
[1.019s] -- Found rosidl_adapter: 4.6.5 (/opt/ros/jazzy/share/rosidl_adapter/cmake)
[1.235s] [31mCMake Error at /opt/ros/jazzy/share/rosidl_cmake/cmake/rosidl_generate_interfaces.cmake:223 (message):
[1.235s]   Packages installing interfaces must include
[1.235s]   '<member_of_group>rosidl_interface_packages</member_of_group>' in their
[1.235s]   package.xml
[1.235s] Call Stack (most recent call first):
[1.235s]   CMakeLists.txt:28 (rosidl_generate_interfaces)
[1.235s] 
[1.236s] [0m
[1.236s] -- Configuring incomplete, errors occurred!
[1.241s] Invoked command in '/home/eren/ern/projects/main_kasva_ws/build/interfaces' returned '1': CMAKE_PREFIX_PATH=${CMAKE_PREFIX_PATH}:/opt/ros/jazzy DEBUGINFOD_URLS=https://debuginfod.ubuntu.com /usr/bin/cmake /home/eren/ern/projects/main_kasva_ws/src/interfaces -DCMAKE_INSTALL_PREFIX=/home/eren/ern/projects/main_kasva_ws/install/interfaces
