[0.552s] Invoking command in '/home/eren/ern/projects/main_kasva_ws/build/kasva_odom': CMAKE_PREFIX_PATH=${CMAKE_PREFIX_PATH}:/home/eren/ern/projects/main_kasva_ws/install/obstacle:/home/eren/ern/projects/main_kasva_ws/install/manager:/home/eren/ern/projects/main_kasva_ws/install/img_pro:/home/eren/ern/projects/main_kasva_ws/install/gui:/opt/ros/jazzy DEBUGINFOD_URLS=https://debuginfod.ubuntu.com /usr/bin/cmake --build /home/eren/ern/projects/main_kasva_ws/build/kasva_odom -- -j20 -l20
[0.862s] -- Found ament_cmake: 2.5.3 (/opt/ros/jazzy/share/ament_cmake/cmake)
[0.903s] -- Found rclcpp: 28.1.6 (/opt/ros/jazzy/share/rclcpp/cmake)
[0.939s] -- Found rosidl_generator_c: 4.6.5 (/opt/ros/jazzy/share/rosidl_generator_c/cmake)
[0.949s] -- Found rosidl_generator_cpp: 4.6.5 (/opt/ros/jazzy/share/rosidl_generator_cpp/cmake)
[0.964s] -- Using all available rosidl_typesupport_c: rosidl_typesupport_fastrtps_c;rosidl_typesupport_introspection_c
[0.980s] -- Using all available rosidl_typesupport_cpp: rosidl_typesupport_fastrtps_cpp;rosidl_typesupport_introspection_cpp
[1.056s] -- Found rmw_implementation_cmake: 7.3.1 (/opt/ros/jazzy/share/rmw_implementation_cmake/cmake)
[1.058s] -- Found rmw_fastrtps_cpp: 8.4.1 (/opt/ros/jazzy/share/rmw_fastrtps_cpp/cmake)
[1.150s] -- Using RMW implementation 'rmw_fastrtps_cpp' as default
[1.244s] -- Found std_msgs: 5.3.5 (/opt/ros/jazzy/share/std_msgs/cmake)
[1.276s] -- Found geometry_msgs: 5.3.5 (/opt/ros/jazzy/share/geometry_msgs/cmake)
[1.314s] -- Found nav_msgs: 5.3.5 (/opt/ros/jazzy/share/nav_msgs/cmake)
[1.349s] -- Found tf2: 0.36.8 (/opt/ros/jazzy/share/tf2/cmake)
[1.353s] -- Found tf2_ros: 0.36.8 (/opt/ros/jazzy/share/tf2_ros/cmake)
[1.501s] -- Found sensor_msgs: 5.3.5 (/opt/ros/jazzy/share/sensor_msgs/cmake)
[1.541s] -- Found ament_lint_auto: 0.17.1 (/opt/ros/jazzy/share/ament_lint_auto/cmake)
[1.674s] -- Added test 'cppcheck' to perform static code analysis on C / C++ code
[1.674s] -- Configured cppcheck include dirs: /home/eren/ern/projects/main_kasva_ws/src/kasva_odom/include
[1.674s] -- Configured cppcheck exclude dirs and/or files: 
[1.675s] -- Added test 'lint_cmake' to check CMake code style
[1.675s] -- Added test 'uncrustify' to check C / C++ code style
[1.676s] -- Configured uncrustify additional arguments: 
[1.676s] -- Added test 'xmllint' to check XML markup files
[1.677s] -- Configuring done (1.1s)
[1.695s] -- Generating done (0.0s)
[1.700s] -- Build files have been written to: /home/eren/ern/projects/main_kasva_ws/build/kasva_odom
[1.760s] [ 50%] [32mBuilding CXX object CMakeFiles/odom_node.dir/src/odom_node.cpp.o[0m
[5.031s] [100%] [32m[1mLinking CXX executable odom_node[0m
[5.215s] [100%] Built target odom_node
[5.230s] Invoked command in '/home/eren/ern/projects/main_kasva_ws/build/kasva_odom' returned '0': CMAKE_PREFIX_PATH=${CMAKE_PREFIX_PATH}:/home/eren/ern/projects/main_kasva_ws/install/obstacle:/home/eren/ern/projects/main_kasva_ws/install/manager:/home/eren/ern/projects/main_kasva_ws/install/img_pro:/home/eren/ern/projects/main_kasva_ws/install/gui:/opt/ros/jazzy DEBUGINFOD_URLS=https://debuginfod.ubuntu.com /usr/bin/cmake --build /home/eren/ern/projects/main_kasva_ws/build/kasva_odom -- -j20 -l20
[5.232s] Invoking command in '/home/eren/ern/projects/main_kasva_ws/build/kasva_odom': CMAKE_PREFIX_PATH=${CMAKE_PREFIX_PATH}:/home/eren/ern/projects/main_kasva_ws/install/obstacle:/home/eren/ern/projects/main_kasva_ws/install/manager:/home/eren/ern/projects/main_kasva_ws/install/img_pro:/home/eren/ern/projects/main_kasva_ws/install/gui:/opt/ros/jazzy DEBUGINFOD_URLS=https://debuginfod.ubuntu.com /usr/bin/cmake --install /home/eren/ern/projects/main_kasva_ws/build/kasva_odom
[5.245s] -- Install configuration: ""
[5.245s] -- Installing: /home/eren/ern/projects/main_kasva_ws/install/kasva_odom/lib/kasva_odom/odom_node
[5.246s] -- Set non-toolchain portion of runtime path of "/home/eren/ern/projects/main_kasva_ws/install/kasva_odom/lib/kasva_odom/odom_node" to ""
[5.246s] -- Installing: /home/eren/ern/projects/main_kasva_ws/install/kasva_odom/share/ament_index/resource_index/package_run_dependencies/kasva_odom
[5.246s] -- Up-to-date: /home/eren/ern/projects/main_kasva_ws/install/kasva_odom/share/ament_index/resource_index/parent_prefix_path/kasva_odom
[5.246s] -- Up-to-date: /home/eren/ern/projects/main_kasva_ws/install/kasva_odom/share/kasva_odom/environment/ament_prefix_path.sh
[5.246s] -- Up-to-date: /home/eren/ern/projects/main_kasva_ws/install/kasva_odom/share/kasva_odom/environment/ament_prefix_path.dsv
[5.246s] -- Up-to-date: /home/eren/ern/projects/main_kasva_ws/install/kasva_odom/share/kasva_odom/environment/path.sh
[5.246s] -- Up-to-date: /home/eren/ern/projects/main_kasva_ws/install/kasva_odom/share/kasva_odom/environment/path.dsv
[5.246s] -- Up-to-date: /home/eren/ern/projects/main_kasva_ws/install/kasva_odom/share/kasva_odom/local_setup.bash
[5.246s] -- Up-to-date: /home/eren/ern/projects/main_kasva_ws/install/kasva_odom/share/kasva_odom/local_setup.sh
[5.247s] -- Up-to-date: /home/eren/ern/projects/main_kasva_ws/install/kasva_odom/share/kasva_odom/local_setup.zsh
[5.247s] -- Up-to-date: /home/eren/ern/projects/main_kasva_ws/install/kasva_odom/share/kasva_odom/local_setup.dsv
[5.247s] -- Installing: /home/eren/ern/projects/main_kasva_ws/install/kasva_odom/share/kasva_odom/package.dsv
[5.247s] -- Up-to-date: /home/eren/ern/projects/main_kasva_ws/install/kasva_odom/share/ament_index/resource_index/packages/kasva_odom
[5.247s] -- Up-to-date: /home/eren/ern/projects/main_kasva_ws/install/kasva_odom/share/kasva_odom/cmake/kasva_odomConfig.cmake
[5.247s] -- Up-to-date: /home/eren/ern/projects/main_kasva_ws/install/kasva_odom/share/kasva_odom/cmake/kasva_odomConfig-version.cmake
[5.247s] -- Installing: /home/eren/ern/projects/main_kasva_ws/install/kasva_odom/share/kasva_odom/package.xml
[5.248s] Invoked command in '/home/eren/ern/projects/main_kasva_ws/build/kasva_odom' returned '0': CMAKE_PREFIX_PATH=${CMAKE_PREFIX_PATH}:/home/eren/ern/projects/main_kasva_ws/install/obstacle:/home/eren/ern/projects/main_kasva_ws/install/manager:/home/eren/ern/projects/main_kasva_ws/install/img_pro:/home/eren/ern/projects/main_kasva_ws/install/gui:/opt/ros/jazzy DEBUGINFOD_URLS=https://debuginfod.ubuntu.com /usr/bin/cmake --install /home/eren/ern/projects/main_kasva_ws/build/kasva_odom
