[0.426s] Invoking command in '/home/eren/ern/projects/main_kasva_ws/src/img_pro': DEBUGINFOD_URLS=https://debuginfod.ubuntu.com PYTHONPATH=/home/eren/ern/projects/main_kasva_ws/build/img_pro/prefix_override:/usr/lib/python3/dist-packages/colcon_core/task/python/colcon_distutils_commands:/home/eren/ern/projects/main_kasva_ws/install/img_pro/lib/python3.12/site-packages:${PYTHONPATH} /usr/bin/python3 -W ignore:setup.py install is deprecated -W ignore:easy_install command is deprecated setup.py egg_info --egg-base ../../build/img_pro build --build-base /home/eren/ern/projects/main_kasva_ws/build/img_pro/build install --record /home/eren/ern/projects/main_kasva_ws/build/img_pro/install.log --single-version-externally-managed install_data
[0.571s] running egg_info
[0.581s] writing ../../build/img_pro/img_pro.egg-info/PKG-INFO
[0.581s] writing dependency_links to ../../build/img_pro/img_pro.egg-info/dependency_links.txt
[0.581s] writing entry points to ../../build/img_pro/img_pro.egg-info/entry_points.txt
[0.581s] writing requirements to ../../build/img_pro/img_pro.egg-info/requires.txt
[0.582s] writing top-level names to ../../build/img_pro/img_pro.egg-info/top_level.txt
[0.602s] reading manifest file '../../build/img_pro/img_pro.egg-info/SOURCES.txt'
[0.602s] writing manifest file '../../build/img_pro/img_pro.egg-info/SOURCES.txt'
[0.603s] running build
[0.603s] running build_py
[0.603s] copying img_pro/line_fallowing.py -> /home/eren/ern/projects/main_kasva_ws/build/img_pro/build/lib/img_pro
[0.603s] running install
[0.607s] running install_lib
[0.617s] copying /home/eren/ern/projects/main_kasva_ws/build/img_pro/build/lib/img_pro/line_fallowing.py -> /home/eren/ern/projects/main_kasva_ws/install/img_pro/lib/python3.12/site-packages/img_pro
[0.617s] byte-compiling /home/eren/ern/projects/main_kasva_ws/install/img_pro/lib/python3.12/site-packages/img_pro/line_fallowing.py to line_fallowing.cpython-312.pyc
[0.618s] running install_data
[0.618s] running install_egg_info
[0.629s] removing '/home/eren/ern/projects/main_kasva_ws/install/img_pro/lib/python3.12/site-packages/img_pro-0.0.0-py3.12.egg-info' (and everything under it)
[0.629s] Copying ../../build/img_pro/img_pro.egg-info to /home/eren/ern/projects/main_kasva_ws/install/img_pro/lib/python3.12/site-packages/img_pro-0.0.0-py3.12.egg-info
[0.629s] running install_scripts
[0.699s] Installing line_folower script to /home/eren/ern/projects/main_kasva_ws/install/img_pro/lib/img_pro
[0.699s] writing list of installed files to '/home/eren/ern/projects/main_kasva_ws/build/img_pro/install.log'
[0.714s] Invoked command in '/home/eren/ern/projects/main_kasva_ws/src/img_pro' returned '0': DEBUGINFOD_URLS=https://debuginfod.ubuntu.com PYTHONPATH=/home/eren/ern/projects/main_kasva_ws/build/img_pro/prefix_override:/usr/lib/python3/dist-packages/colcon_core/task/python/colcon_distutils_commands:/home/eren/ern/projects/main_kasva_ws/install/img_pro/lib/python3.12/site-packages:${PYTHONPATH} /usr/bin/python3 -W ignore:setup.py install is deprecated -W ignore:easy_install command is deprecated setup.py egg_info --egg-base ../../build/img_pro build --build-base /home/eren/ern/projects/main_kasva_ws/build/img_pro/build install --record /home/eren/ern/projects/main_kasva_ws/build/img_pro/install.log --single-version-externally-managed install_data
