running egg_info
creating ../../build/manager/manager.egg-info
writing ../../build/manager/manager.egg-info/PKG-INFO
writing dependency_links to ../../build/manager/manager.egg-info/dependency_links.txt
writing requirements to ../../build/manager/manager.egg-info/requires.txt
writing top-level names to ../../build/manager/manager.egg-info/top_level.txt
writing manifest file '../../build/manager/manager.egg-info/SOURCES.txt'
reading manifest file '../../build/manager/manager.egg-info/SOURCES.txt'
writing manifest file '../../build/manager/manager.egg-info/SOURCES.txt'
running build
running build_py
creating /home/eren/ern/projects/main_kasva_ws/build/manager/build
creating /home/eren/ern/projects/main_kasva_ws/build/manager/build/lib
creating /home/eren/ern/projects/main_kasva_ws/build/manager/build/lib/manager
copying manager/komutan.py -> /home/eren/ern/projects/main_kasva_ws/build/manager/build/lib/manager
copying manager/__init__.py -> /home/eren/ern/projects/main_kasva_ws/build/manager/build/lib/manager
running install
running install_lib
creating /home/eren/ern/projects/main_kasva_ws/install/manager/lib/python3.12/site-packages/manager
copying /home/eren/ern/projects/main_kasva_ws/build/manager/build/lib/manager/komutan.py -> /home/eren/ern/projects/main_kasva_ws/install/manager/lib/python3.12/site-packages/manager
copying /home/eren/ern/projects/main_kasva_ws/build/manager/build/lib/manager/__init__.py -> /home/eren/ern/projects/main_kasva_ws/install/manager/lib/python3.12/site-packages/manager
byte-compiling /home/eren/ern/projects/main_kasva_ws/install/manager/lib/python3.12/site-packages/manager/komutan.py to komutan.cpython-312.pyc
byte-compiling /home/eren/ern/projects/main_kasva_ws/install/manager/lib/python3.12/site-packages/manager/__init__.py to __init__.cpython-312.pyc
running install_data
creating /home/eren/ern/projects/main_kasva_ws/install/manager/share/ament_index
creating /home/eren/ern/projects/main_kasva_ws/install/manager/share/ament_index/resource_index
creating /home/eren/ern/projects/main_kasva_ws/install/manager/share/ament_index/resource_index/packages
copying resource/manager -> /home/eren/ern/projects/main_kasva_ws/install/manager/share/ament_index/resource_index/packages
copying package.xml -> /home/eren/ern/projects/main_kasva_ws/install/manager/share/manager
running install_egg_info
Copying ../../build/manager/manager.egg-info to /home/eren/ern/projects/main_kasva_ws/install/manager/lib/python3.12/site-packages/manager-0.0.0-py3.12.egg-info
running install_scripts
writing list of installed files to '/home/eren/ern/projects/main_kasva_ws/build/manager/install.log'
