[0.849s] Invoking command in '/home/eren/ern/projects/main_kasva_ws/src/manager': DEBUGINFOD_URLS=https://debuginfod.ubuntu.com PYTHONPATH=/home/eren/ern/projects/main_kasva_ws/build/manager/prefix_override:/usr/lib/python3/dist-packages/colcon_core/task/python/colcon_distutils_commands:/home/eren/ern/projects/main_kasva_ws/install/manager/lib/python3.12/site-packages:${PYTHONPATH} /usr/bin/python3 -W ignore:setup.py install is deprecated -W ignore:easy_install command is deprecated setup.py egg_info --egg-base ../../build/manager build --build-base /home/eren/ern/projects/main_kasva_ws/build/manager/build install --record /home/eren/ern/projects/main_kasva_ws/build/manager/install.log --single-version-externally-managed install_data
[1.006s] running egg_info
[1.006s] creating ../../build/manager/manager.egg-info
[1.016s] writing ../../build/manager/manager.egg-info/PKG-INFO
[1.017s] writing dependency_links to ../../build/manager/manager.egg-info/dependency_links.txt
[1.017s] writing requirements to ../../build/manager/manager.egg-info/requires.txt
[1.017s] writing top-level names to ../../build/manager/manager.egg-info/top_level.txt
[1.017s] writing manifest file '../../build/manager/manager.egg-info/SOURCES.txt'
[1.038s] reading manifest file '../../build/manager/manager.egg-info/SOURCES.txt'
[1.039s] writing manifest file '../../build/manager/manager.egg-info/SOURCES.txt'
[1.039s] running build
[1.039s] running build_py
[1.039s] creating /home/eren/ern/projects/main_kasva_ws/build/manager/build
[1.039s] creating /home/eren/ern/projects/main_kasva_ws/build/manager/build/lib
[1.039s] creating /home/eren/ern/projects/main_kasva_ws/build/manager/build/lib/manager
[1.039s] copying manager/komutan.py -> /home/eren/ern/projects/main_kasva_ws/build/manager/build/lib/manager
[1.039s] copying manager/__init__.py -> /home/eren/ern/projects/main_kasva_ws/build/manager/build/lib/manager
[1.040s] running install
[1.043s] running install_lib
[1.054s] creating /home/eren/ern/projects/main_kasva_ws/install/manager/lib/python3.12/site-packages/manager
[1.054s] copying /home/eren/ern/projects/main_kasva_ws/build/manager/build/lib/manager/komutan.py -> /home/eren/ern/projects/main_kasva_ws/install/manager/lib/python3.12/site-packages/manager
[1.054s] copying /home/eren/ern/projects/main_kasva_ws/build/manager/build/lib/manager/__init__.py -> /home/eren/ern/projects/main_kasva_ws/install/manager/lib/python3.12/site-packages/manager
[1.055s] byte-compiling /home/eren/ern/projects/main_kasva_ws/install/manager/lib/python3.12/site-packages/manager/komutan.py to komutan.cpython-312.pyc
[1.055s] byte-compiling /home/eren/ern/projects/main_kasva_ws/install/manager/lib/python3.12/site-packages/manager/__init__.py to __init__.cpython-312.pyc
[1.055s] running install_data
[1.055s] creating /home/eren/ern/projects/main_kasva_ws/install/manager/share/ament_index
[1.055s] creating /home/eren/ern/projects/main_kasva_ws/install/manager/share/ament_index/resource_index
[1.056s] creating /home/eren/ern/projects/main_kasva_ws/install/manager/share/ament_index/resource_index/packages
[1.056s] copying resource/manager -> /home/eren/ern/projects/main_kasva_ws/install/manager/share/ament_index/resource_index/packages
[1.056s] copying package.xml -> /home/eren/ern/projects/main_kasva_ws/install/manager/share/manager
[1.056s] running install_egg_info
[1.067s] Copying ../../build/manager/manager.egg-info to /home/eren/ern/projects/main_kasva_ws/install/manager/lib/python3.12/site-packages/manager-0.0.0-py3.12.egg-info
[1.067s] running install_scripts
[1.143s] writing list of installed files to '/home/eren/ern/projects/main_kasva_ws/build/manager/install.log'
[1.178s] Invoked command in '/home/eren/ern/projects/main_kasva_ws/src/manager' returned '0': DEBUGINFOD_URLS=https://debuginfod.ubuntu.com PYTHONPATH=/home/eren/ern/projects/main_kasva_ws/build/manager/prefix_override:/usr/lib/python3/dist-packages/colcon_core/task/python/colcon_distutils_commands:/home/eren/ern/projects/main_kasva_ws/install/manager/lib/python3.12/site-packages:${PYTHONPATH} /usr/bin/python3 -W ignore:setup.py install is deprecated -W ignore:easy_install command is deprecated setup.py egg_info --egg-base ../../build/manager build --build-base /home/eren/ern/projects/main_kasva_ws/build/manager/build install --record /home/eren/ern/projects/main_kasva_ws/build/manager/install.log --single-version-externally-managed install_data
