running egg_info
writing ../../build/manager/manager.egg-info/PKG-INFO
writing dependency_links to ../../build/manager/manager.egg-info/dependency_links.txt
writing entry points to ../../build/manager/manager.egg-info/entry_points.txt
writing requirements to ../../build/manager/manager.egg-info/requires.txt
writing top-level names to ../../build/manager/manager.egg-info/top_level.txt
reading manifest file '../../build/manager/manager.egg-info/SOURCES.txt'
writing manifest file '../../build/manager/manager.egg-info/SOURCES.txt'
running build
running build_py
copying manager/komutan.py -> /home/eren/ern/projects/main_kasva_ws/build/manager/build/lib/manager
running install
running install_lib
copying /home/eren/ern/projects/main_kasva_ws/build/manager/build/lib/manager/komutan.py -> /home/eren/ern/projects/main_kasva_ws/install/manager/lib/python3.12/site-packages/manager
byte-compiling /home/eren/ern/projects/main_kasva_ws/install/manager/lib/python3.12/site-packages/manager/komutan.py to komutan.cpython-312.pyc
running install_data
running install_egg_info
removing '/home/eren/ern/projects/main_kasva_ws/install/manager/lib/python3.12/site-packages/manager-0.0.0-py3.12.egg-info' (and everything under it)
Copying ../../build/manager/manager.egg-info to /home/eren/ern/projects/main_kasva_ws/install/manager/lib/python3.12/site-packages/manager-0.0.0-py3.12.egg-info
running install_scripts
Installing komutan script to /home/eren/ern/projects/main_kasva_ws/install/manager/lib/manager
writing list of installed files to '/home/eren/ern/projects/main_kasva_ws/build/manager/install.log'
