running egg_info
creating ../../build/img_pro/img_pro.egg-info
writing ../../build/img_pro/img_pro.egg-info/PKG-INFO
writing dependency_links to ../../build/img_pro/img_pro.egg-info/dependency_links.txt
writing entry points to ../../build/img_pro/img_pro.egg-info/entry_points.txt
writing requirements to ../../build/img_pro/img_pro.egg-info/requires.txt
writing top-level names to ../../build/img_pro/img_pro.egg-info/top_level.txt
writing manifest file '../../build/img_pro/img_pro.egg-info/SOURCES.txt'
reading manifest file '../../build/img_pro/img_pro.egg-info/SOURCES.txt'
writing manifest file '../../build/img_pro/img_pro.egg-info/SOURCES.txt'
running build
running build_py
creating /home/eren/ern/projects/main_kasva_ws/build/img_pro/build
creating /home/eren/ern/projects/main_kasva_ws/build/img_pro/build/lib
creating /home/eren/ern/projects/main_kasva_ws/build/img_pro/build/lib/img_pro
copying img_pro/line_fallowing.py -> /home/eren/ern/projects/main_kasva_ws/build/img_pro/build/lib/img_pro
copying img_pro/__init__.py -> /home/eren/ern/projects/main_kasva_ws/build/img_pro/build/lib/img_pro
running install
running install_lib
creating /home/eren/ern/projects/main_kasva_ws/install/img_pro/lib/python3.12/site-packages/img_pro
copying /home/eren/ern/projects/main_kasva_ws/build/img_pro/build/lib/img_pro/line_fallowing.py -> /home/eren/ern/projects/main_kasva_ws/install/img_pro/lib/python3.12/site-packages/img_pro
copying /home/eren/ern/projects/main_kasva_ws/build/img_pro/build/lib/img_pro/__init__.py -> /home/eren/ern/projects/main_kasva_ws/install/img_pro/lib/python3.12/site-packages/img_pro
byte-compiling /home/eren/ern/projects/main_kasva_ws/install/img_pro/lib/python3.12/site-packages/img_pro/line_fallowing.py to line_fallowing.cpython-312.pyc
byte-compiling /home/eren/ern/projects/main_kasva_ws/install/img_pro/lib/python3.12/site-packages/img_pro/__init__.py to __init__.cpython-312.pyc
running install_data
creating /home/eren/ern/projects/main_kasva_ws/install/img_pro/share/ament_index
creating /home/eren/ern/projects/main_kasva_ws/install/img_pro/share/ament_index/resource_index
creating /home/eren/ern/projects/main_kasva_ws/install/img_pro/share/ament_index/resource_index/packages
copying resource/img_pro -> /home/eren/ern/projects/main_kasva_ws/install/img_pro/share/ament_index/resource_index/packages
copying package.xml -> /home/eren/ern/projects/main_kasva_ws/install/img_pro/share/img_pro
running install_egg_info
Copying ../../build/img_pro/img_pro.egg-info to /home/eren/ern/projects/main_kasva_ws/install/img_pro/lib/python3.12/site-packages/img_pro-0.0.0-py3.12.egg-info
running install_scripts
Installing line_folower script to /home/eren/ern/projects/main_kasva_ws/install/img_pro/lib/img_pro
writing list of installed files to '/home/eren/ern/projects/main_kasva_ws/build/img_pro/install.log'
