[0.512s] Invoking command in '/home/eren/ern/projects/main_kasva_ws/src/img_pro': DEBUGINFOD_URLS=https://debuginfod.ubuntu.com PYTHONPATH=/home/eren/ern/projects/main_kasva_ws/build/img_pro/prefix_override:/usr/lib/python3/dist-packages/colcon_core/task/python/colcon_distutils_commands:/home/eren/ern/projects/main_kasva_ws/install/img_pro/lib/python3.12/site-packages:${PYTHONPATH} /usr/bin/python3 -W ignore:setup.py install is deprecated -W ignore:easy_install command is deprecated setup.py egg_info --egg-base ../../build/img_pro build --build-base /home/eren/ern/projects/main_kasva_ws/build/img_pro/build install --record /home/eren/ern/projects/main_kasva_ws/build/img_pro/install.log --single-version-externally-managed install_data
[0.656s] running egg_info
[0.656s] creating ../../build/img_pro/img_pro.egg-info
[0.665s] writing ../../build/img_pro/img_pro.egg-info/PKG-INFO
[0.665s] writing dependency_links to ../../build/img_pro/img_pro.egg-info/dependency_links.txt
[0.665s] writing entry points to ../../build/img_pro/img_pro.egg-info/entry_points.txt
[0.665s] writing requirements to ../../build/img_pro/img_pro.egg-info/requires.txt
[0.665s] writing top-level names to ../../build/img_pro/img_pro.egg-info/top_level.txt
[0.665s] writing manifest file '../../build/img_pro/img_pro.egg-info/SOURCES.txt'
[0.684s] reading manifest file '../../build/img_pro/img_pro.egg-info/SOURCES.txt'
[0.684s] writing manifest file '../../build/img_pro/img_pro.egg-info/SOURCES.txt'
[0.684s] running build
[0.684s] running build_py
[0.684s] creating /home/eren/ern/projects/main_kasva_ws/build/img_pro/build
[0.684s] creating /home/eren/ern/projects/main_kasva_ws/build/img_pro/build/lib
[0.684s] creating /home/eren/ern/projects/main_kasva_ws/build/img_pro/build/lib/img_pro
[0.684s] copying img_pro/line_fallowing.py -> /home/eren/ern/projects/main_kasva_ws/build/img_pro/build/lib/img_pro
[0.684s] copying img_pro/__init__.py -> /home/eren/ern/projects/main_kasva_ws/build/img_pro/build/lib/img_pro
[0.684s] running install
[0.688s] running install_lib
[0.697s] creating /home/eren/ern/projects/main_kasva_ws/install/img_pro/lib/python3.12/site-packages/img_pro
[0.697s] copying /home/eren/ern/projects/main_kasva_ws/build/img_pro/build/lib/img_pro/line_fallowing.py -> /home/eren/ern/projects/main_kasva_ws/install/img_pro/lib/python3.12/site-packages/img_pro
[0.697s] copying /home/eren/ern/projects/main_kasva_ws/build/img_pro/build/lib/img_pro/__init__.py -> /home/eren/ern/projects/main_kasva_ws/install/img_pro/lib/python3.12/site-packages/img_pro
[0.698s] byte-compiling /home/eren/ern/projects/main_kasva_ws/install/img_pro/lib/python3.12/site-packages/img_pro/line_fallowing.py to line_fallowing.cpython-312.pyc
[0.698s] byte-compiling /home/eren/ern/projects/main_kasva_ws/install/img_pro/lib/python3.12/site-packages/img_pro/__init__.py to __init__.cpython-312.pyc
[0.698s] running install_data
[0.699s] creating /home/eren/ern/projects/main_kasva_ws/install/img_pro/share/ament_index
[0.699s] creating /home/eren/ern/projects/main_kasva_ws/install/img_pro/share/ament_index/resource_index
[0.699s] creating /home/eren/ern/projects/main_kasva_ws/install/img_pro/share/ament_index/resource_index/packages
[0.699s] copying resource/img_pro -> /home/eren/ern/projects/main_kasva_ws/install/img_pro/share/ament_index/resource_index/packages
[0.699s] copying package.xml -> /home/eren/ern/projects/main_kasva_ws/install/img_pro/share/img_pro
[0.699s] running install_egg_info
[0.709s] Copying ../../build/img_pro/img_pro.egg-info to /home/eren/ern/projects/main_kasva_ws/install/img_pro/lib/python3.12/site-packages/img_pro-0.0.0-py3.12.egg-info
[0.709s] running install_scripts
[0.774s] Installing line_folower script to /home/eren/ern/projects/main_kasva_ws/install/img_pro/lib/img_pro
[0.774s] writing list of installed files to '/home/eren/ern/projects/main_kasva_ws/build/img_pro/install.log'
[0.789s] Invoked command in '/home/eren/ern/projects/main_kasva_ws/src/img_pro' returned '0': DEBUGINFOD_URLS=https://debuginfod.ubuntu.com PYTHONPATH=/home/eren/ern/projects/main_kasva_ws/build/img_pro/prefix_override:/usr/lib/python3/dist-packages/colcon_core/task/python/colcon_distutils_commands:/home/eren/ern/projects/main_kasva_ws/install/img_pro/lib/python3.12/site-packages:${PYTHONPATH} /usr/bin/python3 -W ignore:setup.py install is deprecated -W ignore:easy_install command is deprecated setup.py egg_info --egg-base ../../build/img_pro build --build-base /home/eren/ern/projects/main_kasva_ws/build/img_pro/build install --record /home/eren/ern/projects/main_kasva_ws/build/img_pro/install.log --single-version-externally-managed install_data
