[1.863s] Invoking command in '/home/eren/ern/projects/main_kasva_ws/src/img_pro': DEBUGINFOD_URLS=https://debuginfod.ubuntu.com PYTHONPATH=/home/eren/ern/projects/main_kasva_ws/build/img_pro/prefix_override:/usr/lib/python3/dist-packages/colcon_core/task/python/colcon_distutils_commands:/home/eren/ern/projects/main_kasva_ws/install/img_pro/lib/python3.12/site-packages:${PYTHONPATH} /usr/bin/python3 -W ignore:setup.py install is deprecated -W ignore:easy_install command is deprecated setup.py egg_info --egg-base ../../build/img_pro build --build-base /home/eren/ern/projects/main_kasva_ws/build/img_pro/build install --record /home/eren/ern/projects/main_kasva_ws/build/img_pro/install.log --single-version-externally-managed install_data
[2.190s] running egg_info
[2.211s] writing ../../build/img_pro/img_pro.egg-info/PKG-INFO
[2.212s] writing dependency_links to ../../build/img_pro/img_pro.egg-info/dependency_links.txt
[2.212s] writing entry points to ../../build/img_pro/img_pro.egg-info/entry_points.txt
[2.212s] writing requirements to ../../build/img_pro/img_pro.egg-info/requires.txt
[2.212s] writing top-level names to ../../build/img_pro/img_pro.egg-info/top_level.txt
[2.254s] reading manifest file '../../build/img_pro/img_pro.egg-info/SOURCES.txt'
[2.255s] writing manifest file '../../build/img_pro/img_pro.egg-info/SOURCES.txt'
[2.255s] running build
[2.256s] running build_py
[2.256s] running install
[2.263s] running install_lib
[2.285s] running install_data
[2.285s] running install_egg_info
[2.307s] removing '/home/eren/ern/projects/main_kasva_ws/install/img_pro/lib/python3.12/site-packages/img_pro-0.0.0-py3.12.egg-info' (and everything under it)
[2.307s] Copying ../../build/img_pro/img_pro.egg-info to /home/eren/ern/projects/main_kasva_ws/install/img_pro/lib/python3.12/site-packages/img_pro-0.0.0-py3.12.egg-info
[2.308s] running install_scripts
[2.454s] Installing line_folower script to /home/eren/ern/projects/main_kasva_ws/install/img_pro/lib/img_pro
[2.454s] writing list of installed files to '/home/eren/ern/projects/main_kasva_ws/build/img_pro/install.log'
[2.490s] Invoked command in '/home/eren/ern/projects/main_kasva_ws/src/img_pro' returned '0': DEBUGINFOD_URLS=https://debuginfod.ubuntu.com PYTHONPATH=/home/eren/ern/projects/main_kasva_ws/build/img_pro/prefix_override:/usr/lib/python3/dist-packages/colcon_core/task/python/colcon_distutils_commands:/home/eren/ern/projects/main_kasva_ws/install/img_pro/lib/python3.12/site-packages:${PYTHONPATH} /usr/bin/python3 -W ignore:setup.py install is deprecated -W ignore:easy_install command is deprecated setup.py egg_info --egg-base ../../build/img_pro build --build-base /home/eren/ern/projects/main_kasva_ws/build/img_pro/build install --record /home/eren/ern/projects/main_kasva_ws/build/img_pro/install.log --single-version-externally-managed install_data
