[0.252s] Invoking command in '/home/eren/ern/projects/main_kasva_ws/build/interfaces': CMAKE_PREFIX_PATH=${CMAKE_PREFIX_PATH}:/home/eren/ern/projects/main_kasva_ws/install/obstacle:/home/eren/ern/projects/main_kasva_ws/install/manager:/home/eren/ern/projects/main_kasva_ws/install/img_pro:/home/eren/ern/projects/main_kasva_ws/install/gui:/opt/ros/jazzy DEBUGINFOD_URLS=https://debuginfod.ubuntu.com /usr/bin/cmake --build /home/eren/ern/projects/main_kasva_ws/build/interfaces -- -j20 -l20
[0.380s] -- Found ament_cmake: 2.5.3 (/opt/ros/jazzy/share/ament_cmake/cmake)
[0.380s] -- Found Python3: /usr/bin/python3 (found version "3.12.3") found components: Interpreter 
[0.380s] -- Found ament_lint_auto: 0.17.1 (/opt/ros/jazzy/share/ament_lint_auto/cmake)
[0.401s] -- Found rosidl_default_generators: 1.6.0 (/opt/ros/jazzy/share/rosidl_default_generators/cmake)
[0.403s] -- Using all available rosidl_typesupport_c: rosidl_typesupport_fastrtps_c;rosidl_typesupport_introspection_c
[0.423s] -- Using all available rosidl_typesupport_cpp: rosidl_typesupport_fastrtps_cpp;rosidl_typesupport_introspection_cpp
[0.439s] -- Found rosidl_adapter: 4.6.5 (/opt/ros/jazzy/share/rosidl_adapter/cmake)
[0.563s] -- Found ament_cmake_ros: 0.12.0 (/opt/ros/jazzy/share/ament_cmake_ros/cmake)
[0.639s] -- Using all available rosidl_typesupport_c: rosidl_typesupport_fastrtps_c;rosidl_typesupport_introspection_c
[0.726s] -- Using all available rosidl_typesupport_cpp: rosidl_typesupport_fastrtps_cpp;rosidl_typesupport_introspection_cpp
[0.727s] -- Found python_cmake_module: 0.11.1 (/opt/ros/jazzy/share/python_cmake_module/cmake)
[0.942s] -- Found Python3: /usr/bin/python3 (found version "3.12.3") found components: Interpreter Development NumPy Development.Module Development.Embed 
[0.954s] -- Added test 'lint_cmake' to check CMake code style
[0.955s] -- Added test 'xmllint' to check XML markup files
[0.956s] -- Configuring done (0.7s)
[0.976s] -- Generating done (0.0s)
[0.983s] -- Build files have been written to: /home/eren/ern/projects/main_kasva_ws/build/interfaces
[1.011s] [  2%] [34m[1mGenerating type hashes for ROS interfaces[0m
[1.024s] [  2%] Built target ament_cmake_python_copy_interfaces
[1.138s] [  2%] Built target interfaces__rosidl_generator_type_description
[1.148s] [  5%] [34m[1mGenerating C code for ROS interfaces[0m
[1.159s] [  8%] [34m[1mGenerating C++ code for ROS interfaces[0m
[1.189s] running egg_info
[1.201s] writing interfaces.egg-info/PKG-INFO
[1.201s] writing dependency_links to interfaces.egg-info/dependency_links.txt
[1.201s] writing top-level names to interfaces.egg-info/top_level.txt
[1.238s] reading manifest file 'interfaces.egg-info/SOURCES.txt'
[1.238s] writing manifest file 'interfaces.egg-info/SOURCES.txt'
[1.266s] [  8%] Built target ament_cmake_python_build_interfaces_egg
[1.352s] [ 11%] [32mBuilding C object CMakeFiles/interfaces__rosidl_generator_c.dir/rosidl_generator_c/interfaces/srv/detail/permission__type_support.c.o[0m
[1.352s] [ 14%] [32mBuilding C object CMakeFiles/interfaces__rosidl_generator_c.dir/rosidl_generator_c/interfaces/srv/detail/permission__description.c.o[0m
[1.352s] [ 17%] [32mBuilding C object CMakeFiles/interfaces__rosidl_generator_c.dir/rosidl_generator_c/interfaces/srv/detail/permission__functions.c.o[0m
[1.356s] [ 17%] Built target interfaces__cpp
[1.397s] [ 20%] [32m[1mLinking C shared library libinterfaces__rosidl_generator_c.so[0m
[1.425s] [ 20%] Built target interfaces__rosidl_generator_c
[1.434s] [ 26%] [34m[1mGenerating C++ type support dispatch for ROS interfaces[0m
[1.434s] [ 26%] [34m[1mGenerating C type support for eProsima Fast-RTPS[0m
[1.435s] [ 29%] [34m[1mGenerating C++ type support for eProsima Fast-RTPS[0m
[1.436s] [ 32%] [34m[1mGenerating C type support dispatch for ROS interfaces[0m
[1.438s] [ 38%] [34m[1mGenerating C introspection for ROS interfaces[0m
[1.438s] [ 38%] [34m[1mGenerating C++ introspection for ROS interfaces[0m
[1.588s] [ 41%] [32mBuilding CXX object CMakeFiles/interfaces__rosidl_typesupport_cpp.dir/rosidl_typesupport_cpp/interfaces/srv/permission__type_support.cpp.o[0m
[1.588s] [ 44%] [32mBuilding CXX object CMakeFiles/interfaces__rosidl_typesupport_c.dir/rosidl_typesupport_c/interfaces/srv/permission__type_support.cpp.o[0m
[1.606s] [ 47%] [32mBuilding CXX object CMakeFiles/interfaces__rosidl_typesupport_introspection_cpp.dir/rosidl_typesupport_introspection_cpp/interfaces/srv/detail/permission__type_support.cpp.o[0m
[1.611s] [ 50%] [32mBuilding C object CMakeFiles/interfaces__rosidl_typesupport_introspection_c.dir/rosidl_typesupport_introspection_c/interfaces/srv/detail/permission__type_support.c.o[0m
[1.620s] [ 52%] [32m[1mLinking CXX shared library libinterfaces__rosidl_typesupport_c.so[0m
[1.624s] [ 55%] [32mBuilding CXX object CMakeFiles/interfaces__rosidl_typesupport_fastrtps_cpp.dir/rosidl_typesupport_fastrtps_cpp/interfaces/srv/detail/dds_fastrtps/permission__type_support.cpp.o[0m
[1.633s] [ 58%] [32mBuilding CXX object CMakeFiles/interfaces__rosidl_typesupport_fastrtps_c.dir/rosidl_typesupport_fastrtps_c/interfaces/srv/detail/permission__type_support_c.cpp.o[0m
[1.649s] [ 58%] Built target interfaces__rosidl_typesupport_c
[1.653s] [ 61%] [32m[1mLinking C shared library libinterfaces__rosidl_typesupport_introspection_c.so[0m
[1.682s] [ 61%] Built target interfaces__rosidl_typesupport_introspection_c
[1.819s] [ 64%] [32m[1mLinking CXX shared library libinterfaces__rosidl_typesupport_cpp.so[0m
[1.846s] [ 67%] [32m[1mLinking CXX shared library libinterfaces__rosidl_typesupport_introspection_cpp.so[0m
[1.875s] [ 67%] Built target interfaces__rosidl_typesupport_cpp
[1.904s] [ 67%] Built target interfaces__rosidl_typesupport_introspection_cpp
[1.910s] [ 70%] [32m[1mLinking CXX shared library libinterfaces__rosidl_typesupport_fastrtps_c.so[0m
[1.958s] [ 70%] Built target interfaces__rosidl_typesupport_fastrtps_c
[1.970s] [ 73%] [32m[1mLinking CXX shared library libinterfaces__rosidl_typesupport_fastrtps_cpp.so[0m
[2.024s] [ 73%] Built target interfaces__rosidl_typesupport_fastrtps_cpp
[2.042s] [ 73%] Built target interfaces
[2.060s] [ 76%] [34m[1mGenerating Python code for ROS interfaces[0m
[2.262s] [ 76%] Built target interfaces__py
[2.282s] [ 79%] [32mBuilding C object CMakeFiles/interfaces__rosidl_generator_py.dir/rosidl_generator_py/interfaces/srv/_permission_s.c.o[0m
[2.365s] [ 82%] [32m[1mLinking C shared library libinterfaces__rosidl_generator_py.so[0m
[2.399s] [ 82%] Built target interfaces__rosidl_generator_py
[2.419s] [ 85%] [32mBuilding C object CMakeFiles/interfaces_s__rosidl_typesupport_fastrtps_c.dir/rosidl_generator_py/interfaces/_interfaces_s.ep.rosidl_typesupport_fastrtps_c.c.o[0m
[2.420s] [ 88%] [32mBuilding C object CMakeFiles/interfaces_s__rosidl_typesupport_introspection_c.dir/rosidl_generator_py/interfaces/_interfaces_s.ep.rosidl_typesupport_introspection_c.c.o[0m
[2.421s] [ 91%] [32mBuilding C object CMakeFiles/interfaces_s__rosidl_typesupport_c.dir/rosidl_generator_py/interfaces/_interfaces_s.ep.rosidl_typesupport_c.c.o[0m
[2.486s] [ 94%] [32m[1mLinking C shared module rosidl_generator_py/interfaces/interfaces_s__rosidl_typesupport_fastrtps_c.so[0m
[2.486s] [ 97%] [32m[1mLinking C shared module rosidl_generator_py/interfaces/interfaces_s__rosidl_typesupport_c.so[0m
[2.487s] [100%] [32m[1mLinking C shared module rosidl_generator_py/interfaces/interfaces_s__rosidl_typesupport_introspection_c.so[0m
[2.510s] [100%] Built target interfaces_s__rosidl_typesupport_fastrtps_c
[2.510s] [100%] Built target interfaces_s__rosidl_typesupport_c
[2.514s] [100%] Built target interfaces_s__rosidl_typesupport_introspection_c
[2.522s] Invoked command in '/home/eren/ern/projects/main_kasva_ws/build/interfaces' returned '0': CMAKE_PREFIX_PATH=${CMAKE_PREFIX_PATH}:/home/eren/ern/projects/main_kasva_ws/install/obstacle:/home/eren/ern/projects/main_kasva_ws/install/manager:/home/eren/ern/projects/main_kasva_ws/install/img_pro:/home/eren/ern/projects/main_kasva_ws/install/gui:/opt/ros/jazzy DEBUGINFOD_URLS=https://debuginfod.ubuntu.com /usr/bin/cmake --build /home/eren/ern/projects/main_kasva_ws/build/interfaces -- -j20 -l20
[2.523s] Invoking command in '/home/eren/ern/projects/main_kasva_ws/build/interfaces': CMAKE_PREFIX_PATH=${CMAKE_PREFIX_PATH}:/home/eren/ern/projects/main_kasva_ws/install/obstacle:/home/eren/ern/projects/main_kasva_ws/install/manager:/home/eren/ern/projects/main_kasva_ws/install/img_pro:/home/eren/ern/projects/main_kasva_ws/install/gui:/opt/ros/jazzy DEBUGINFOD_URLS=https://debuginfod.ubuntu.com /usr/bin/cmake --install /home/eren/ern/projects/main_kasva_ws/build/interfaces
[2.529s] -- Install configuration: ""
[2.529s] -- Up-to-date: /home/eren/ern/projects/main_kasva_ws/install/interfaces/share/ament_index/resource_index/rosidl_interfaces/interfaces
[2.529s] -- Installing: /home/eren/ern/projects/main_kasva_ws/install/interfaces/share/interfaces/srv/Permission.json
[2.529s] -- Up-to-date: /home/eren/ern/projects/main_kasva_ws/install/interfaces/include/interfaces/interfaces
[2.529s] -- Up-to-date: /home/eren/ern/projects/main_kasva_ws/install/interfaces/include/interfaces/interfaces/msg
[2.529s] -- Up-to-date: /home/eren/ern/projects/main_kasva_ws/install/interfaces/include/interfaces/interfaces/msg/rosidl_generator_c__visibility_control.h
[2.529s] -- Up-to-date: /home/eren/ern/projects/main_kasva_ws/install/interfaces/include/interfaces/interfaces/srv
[2.529s] -- Up-to-date: /home/eren/ern/projects/main_kasva_ws/install/interfaces/include/interfaces/interfaces/srv/detail
[2.529s] -- Installing: /home/eren/ern/projects/main_kasva_ws/install/interfaces/include/interfaces/interfaces/srv/detail/permission__description.c
[2.529s] -- Installing: /home/eren/ern/projects/main_kasva_ws/install/interfaces/include/interfaces/interfaces/srv/detail/permission__functions.h
[2.529s] -- Installing: /home/eren/ern/projects/main_kasva_ws/install/interfaces/include/interfaces/interfaces/srv/detail/permission__type_support.c
[2.529s] -- Installing: /home/eren/ern/projects/main_kasva_ws/install/interfaces/include/interfaces/interfaces/srv/detail/permission__functions.c
[2.530s] -- Installing: /home/eren/ern/projects/main_kasva_ws/install/interfaces/include/interfaces/interfaces/srv/detail/permission__type_support.h
[2.530s] -- Installing: /home/eren/ern/projects/main_kasva_ws/install/interfaces/include/interfaces/interfaces/srv/detail/permission__struct.h
[2.530s] -- Installing: /home/eren/ern/projects/main_kasva_ws/install/interfaces/include/interfaces/interfaces/srv/permission.h
[2.530s] -- Up-to-date: /home/eren/ern/projects/main_kasva_ws/install/interfaces/share/interfaces/environment/library_path.sh
[2.530s] -- Up-to-date: /home/eren/ern/projects/main_kasva_ws/install/interfaces/share/interfaces/environment/library_path.dsv
[2.530s] -- Installing: /home/eren/ern/projects/main_kasva_ws/install/interfaces/lib/libinterfaces__rosidl_generator_c.so
[2.530s] -- Set non-toolchain portion of runtime path of "/home/eren/ern/projects/main_kasva_ws/install/interfaces/lib/libinterfaces__rosidl_generator_c.so" to ""
[2.530s] -- Up-to-date: /home/eren/ern/projects/main_kasva_ws/install/interfaces/include/interfaces/interfaces
[2.530s] -- Up-to-date: /home/eren/ern/projects/main_kasva_ws/install/interfaces/include/interfaces/interfaces/msg
[2.530s] -- Up-to-date: /home/eren/ern/projects/main_kasva_ws/install/interfaces/include/interfaces/interfaces/msg/rosidl_typesupport_fastrtps_c__visibility_control.h
[2.530s] -- Up-to-date: /home/eren/ern/projects/main_kasva_ws/install/interfaces/include/interfaces/interfaces/srv
[2.530s] -- Up-to-date: /home/eren/ern/projects/main_kasva_ws/install/interfaces/include/interfaces/interfaces/srv/detail
[2.530s] -- Installing: /home/eren/ern/projects/main_kasva_ws/install/interfaces/include/interfaces/interfaces/srv/detail/permission__rosidl_typesupport_fastrtps_c.h
[2.530s] -- Installing: /home/eren/ern/projects/main_kasva_ws/install/interfaces/lib/libinterfaces__rosidl_typesupport_fastrtps_c.so
[2.530s] -- Set non-toolchain portion of runtime path of "/home/eren/ern/projects/main_kasva_ws/install/interfaces/lib/libinterfaces__rosidl_typesupport_fastrtps_c.so" to ""
[2.530s] -- Up-to-date: /home/eren/ern/projects/main_kasva_ws/install/interfaces/include/interfaces/interfaces
[2.530s] -- Up-to-date: /home/eren/ern/projects/main_kasva_ws/install/interfaces/include/interfaces/interfaces/msg
[2.530s] -- Up-to-date: /home/eren/ern/projects/main_kasva_ws/install/interfaces/include/interfaces/interfaces/msg/rosidl_typesupport_introspection_c__visibility_control.h
[2.530s] -- Up-to-date: /home/eren/ern/projects/main_kasva_ws/install/interfaces/include/interfaces/interfaces/srv
[2.530s] -- Up-to-date: /home/eren/ern/projects/main_kasva_ws/install/interfaces/include/interfaces/interfaces/srv/detail
[2.530s] -- Up-to-date: /home/eren/ern/projects/main_kasva_ws/install/interfaces/include/interfaces/interfaces/srv/detail/permission__type_support.c
[2.530s] -- Installing: /home/eren/ern/projects/main_kasva_ws/install/interfaces/include/interfaces/interfaces/srv/detail/permission__rosidl_typesupport_introspection_c.h
[2.530s] -- Installing: /home/eren/ern/projects/main_kasva_ws/install/interfaces/lib/libinterfaces__rosidl_typesupport_introspection_c.so
[2.530s] -- Set non-toolchain portion of runtime path of "/home/eren/ern/projects/main_kasva_ws/install/interfaces/lib/libinterfaces__rosidl_typesupport_introspection_c.so" to ""
[2.530s] -- Installing: /home/eren/ern/projects/main_kasva_ws/install/interfaces/lib/libinterfaces__rosidl_typesupport_c.so
[2.530s] -- Set non-toolchain portion of runtime path of "/home/eren/ern/projects/main_kasva_ws/install/interfaces/lib/libinterfaces__rosidl_typesupport_c.so" to ""
[2.531s] -- Up-to-date: /home/eren/ern/projects/main_kasva_ws/install/interfaces/include/interfaces/interfaces
[2.531s] -- Up-to-date: /home/eren/ern/projects/main_kasva_ws/install/interfaces/include/interfaces/interfaces/msg
[2.531s] -- Installing: /home/eren/ern/projects/main_kasva_ws/install/interfaces/include/interfaces/interfaces/msg/rosidl_generator_cpp__visibility_control.hpp
[2.531s] -- Up-to-date: /home/eren/ern/projects/main_kasva_ws/install/interfaces/include/interfaces/interfaces/srv
[2.531s] -- Up-to-date: /home/eren/ern/projects/main_kasva_ws/install/interfaces/include/interfaces/interfaces/srv/detail
[2.531s] -- Installing: /home/eren/ern/projects/main_kasva_ws/install/interfaces/include/interfaces/interfaces/srv/detail/permission__traits.hpp
[2.531s] -- Installing: /home/eren/ern/projects/main_kasva_ws/install/interfaces/include/interfaces/interfaces/srv/detail/permission__type_support.hpp
[2.531s] -- Installing: /home/eren/ern/projects/main_kasva_ws/install/interfaces/include/interfaces/interfaces/srv/detail/permission__struct.hpp
[2.531s] -- Installing: /home/eren/ern/projects/main_kasva_ws/install/interfaces/include/interfaces/interfaces/srv/detail/permission__builder.hpp
[2.531s] -- Installing: /home/eren/ern/projects/main_kasva_ws/install/interfaces/include/interfaces/interfaces/srv/permission.hpp
[2.531s] -- Up-to-date: /home/eren/ern/projects/main_kasva_ws/install/interfaces/include/interfaces/interfaces
[2.531s] -- Up-to-date: /home/eren/ern/projects/main_kasva_ws/install/interfaces/include/interfaces/interfaces/msg
[2.531s] -- Up-to-date: /home/eren/ern/projects/main_kasva_ws/install/interfaces/include/interfaces/interfaces/msg/rosidl_typesupport_fastrtps_cpp__visibility_control.h
[2.531s] -- Up-to-date: /home/eren/ern/projects/main_kasva_ws/install/interfaces/include/interfaces/interfaces/srv
[2.531s] -- Up-to-date: /home/eren/ern/projects/main_kasva_ws/install/interfaces/include/interfaces/interfaces/srv/detail
[2.531s] -- Installing: /home/eren/ern/projects/main_kasva_ws/install/interfaces/include/interfaces/interfaces/srv/detail/permission__rosidl_typesupport_fastrtps_cpp.hpp
[2.531s] -- Up-to-date: /home/eren/ern/projects/main_kasva_ws/install/interfaces/include/interfaces/interfaces/srv/detail/dds_fastrtps
[2.531s] -- Installing: /home/eren/ern/projects/main_kasva_ws/install/interfaces/lib/libinterfaces__rosidl_typesupport_fastrtps_cpp.so
[2.531s] -- Set non-toolchain portion of runtime path of "/home/eren/ern/projects/main_kasva_ws/install/interfaces/lib/libinterfaces__rosidl_typesupport_fastrtps_cpp.so" to ""
[2.531s] -- Up-to-date: /home/eren/ern/projects/main_kasva_ws/install/interfaces/include/interfaces/interfaces
[2.531s] -- Up-to-date: /home/eren/ern/projects/main_kasva_ws/install/interfaces/include/interfaces/interfaces/srv
[2.531s] -- Up-to-date: /home/eren/ern/projects/main_kasva_ws/install/interfaces/include/interfaces/interfaces/srv/detail
[2.531s] -- Installing: /home/eren/ern/projects/main_kasva_ws/install/interfaces/include/interfaces/interfaces/srv/detail/permission__rosidl_typesupport_introspection_cpp.hpp
[2.531s] -- Installing: /home/eren/ern/projects/main_kasva_ws/install/interfaces/include/interfaces/interfaces/srv/detail/permission__type_support.cpp
[2.531s] -- Installing: /home/eren/ern/projects/main_kasva_ws/install/interfaces/lib/libinterfaces__rosidl_typesupport_introspection_cpp.so
[2.532s] -- Set non-toolchain portion of runtime path of "/home/eren/ern/projects/main_kasva_ws/install/interfaces/lib/libinterfaces__rosidl_typesupport_introspection_cpp.so" to ""
[2.532s] -- Installing: /home/eren/ern/projects/main_kasva_ws/install/interfaces/lib/libinterfaces__rosidl_typesupport_cpp.so
[2.532s] -- Set non-toolchain portion of runtime path of "/home/eren/ern/projects/main_kasva_ws/install/interfaces/lib/libinterfaces__rosidl_typesupport_cpp.so" to ""
[2.532s] -- Up-to-date: /home/eren/ern/projects/main_kasva_ws/install/interfaces/share/interfaces/environment/pythonpath.sh
[2.532s] -- Up-to-date: /home/eren/ern/projects/main_kasva_ws/install/interfaces/share/interfaces/environment/pythonpath.dsv
[2.532s] -- Up-to-date: /home/eren/ern/projects/main_kasva_ws/install/interfaces/lib/python3.12/site-packages/interfaces-0.0.0-py3.12.egg-info
[2.532s] -- Installing: /home/eren/ern/projects/main_kasva_ws/install/interfaces/lib/python3.12/site-packages/interfaces-0.0.0-py3.12.egg-info/top_level.txt
[2.532s] -- Installing: /home/eren/ern/projects/main_kasva_ws/install/interfaces/lib/python3.12/site-packages/interfaces-0.0.0-py3.12.egg-info/PKG-INFO
[2.532s] -- Installing: /home/eren/ern/projects/main_kasva_ws/install/interfaces/lib/python3.12/site-packages/interfaces-0.0.0-py3.12.egg-info/dependency_links.txt
[2.532s] -- Installing: /home/eren/ern/projects/main_kasva_ws/install/interfaces/lib/python3.12/site-packages/interfaces-0.0.0-py3.12.egg-info/SOURCES.txt
[2.532s] -- Up-to-date: /home/eren/ern/projects/main_kasva_ws/install/interfaces/lib/python3.12/site-packages/interfaces
[2.532s] -- Installing: /home/eren/ern/projects/main_kasva_ws/install/interfaces/lib/python3.12/site-packages/interfaces/interfaces_s__rosidl_typesupport_introspection_c.so
[2.532s] -- Installing: /home/eren/ern/projects/main_kasva_ws/install/interfaces/lib/python3.12/site-packages/interfaces/_interfaces_s.ep.rosidl_typesupport_introspection_c.c
[2.532s] -- Installing: /home/eren/ern/projects/main_kasva_ws/install/interfaces/lib/python3.12/site-packages/interfaces/_interfaces_s.ep.rosidl_typesupport_c.c
[2.532s] -- Installing: /home/eren/ern/projects/main_kasva_ws/install/interfaces/lib/python3.12/site-packages/interfaces/__init__.py
[2.532s] -- Installing: /home/eren/ern/projects/main_kasva_ws/install/interfaces/lib/python3.12/site-packages/interfaces/interfaces_s__rosidl_typesupport_fastrtps_c.so
[2.532s] -- Up-to-date: /home/eren/ern/projects/main_kasva_ws/install/interfaces/lib/python3.12/site-packages/interfaces/srv
[2.532s] -- Installing: /home/eren/ern/projects/main_kasva_ws/install/interfaces/lib/python3.12/site-packages/interfaces/srv/_permission_s.c
[2.532s] -- Installing: /home/eren/ern/projects/main_kasva_ws/install/interfaces/lib/python3.12/site-packages/interfaces/srv/__init__.py
[2.532s] -- Installing: /home/eren/ern/projects/main_kasva_ws/install/interfaces/lib/python3.12/site-packages/interfaces/srv/_permission.py
[2.533s] -- Installing: /home/eren/ern/projects/main_kasva_ws/install/interfaces/lib/python3.12/site-packages/interfaces/interfaces_s__rosidl_typesupport_c.so
[2.533s] -- Installing: /home/eren/ern/projects/main_kasva_ws/install/interfaces/lib/python3.12/site-packages/interfaces/_interfaces_s.ep.rosidl_typesupport_fastrtps_c.c
[2.559s] Listing '/home/eren/ern/projects/main_kasva_ws/install/interfaces/lib/python3.12/site-packages/interfaces'...
[2.559s] Compiling '/home/eren/ern/projects/main_kasva_ws/install/interfaces/lib/python3.12/site-packages/interfaces/__init__.py'...
[2.559s] Listing '/home/eren/ern/projects/main_kasva_ws/install/interfaces/lib/python3.12/site-packages/interfaces/srv'...
[2.559s] Compiling '/home/eren/ern/projects/main_kasva_ws/install/interfaces/lib/python3.12/site-packages/interfaces/srv/__init__.py'...
[2.559s] Compiling '/home/eren/ern/projects/main_kasva_ws/install/interfaces/lib/python3.12/site-packages/interfaces/srv/_permission.py'...
[2.563s] -- Installing: /home/eren/ern/projects/main_kasva_ws/install/interfaces/lib/python3.12/site-packages/interfaces/interfaces_s__rosidl_typesupport_fastrtps_c.so
[2.563s] -- Set non-toolchain portion of runtime path of "/home/eren/ern/projects/main_kasva_ws/install/interfaces/lib/python3.12/site-packages/interfaces/interfaces_s__rosidl_typesupport_fastrtps_c.so" to ""
[2.563s] -- Installing: /home/eren/ern/projects/main_kasva_ws/install/interfaces/lib/python3.12/site-packages/interfaces/interfaces_s__rosidl_typesupport_introspection_c.so
[2.563s] -- Set non-toolchain portion of runtime path of "/home/eren/ern/projects/main_kasva_ws/install/interfaces/lib/python3.12/site-packages/interfaces/interfaces_s__rosidl_typesupport_introspection_c.so" to ""
[2.563s] -- Installing: /home/eren/ern/projects/main_kasva_ws/install/interfaces/lib/python3.12/site-packages/interfaces/interfaces_s__rosidl_typesupport_c.so
[2.563s] -- Set non-toolchain portion of runtime path of "/home/eren/ern/projects/main_kasva_ws/install/interfaces/lib/python3.12/site-packages/interfaces/interfaces_s__rosidl_typesupport_c.so" to ""
[2.563s] -- Installing: /home/eren/ern/projects/main_kasva_ws/install/interfaces/lib/libinterfaces__rosidl_generator_py.so
[2.563s] -- Set non-toolchain portion of runtime path of "/home/eren/ern/projects/main_kasva_ws/install/interfaces/lib/libinterfaces__rosidl_generator_py.so" to ""
[2.563s] -- Installing: /home/eren/ern/projects/main_kasva_ws/install/interfaces/share/interfaces/srv/Permission.idl
[2.563s] -- Installing: /home/eren/ern/projects/main_kasva_ws/install/interfaces/share/interfaces/srv/Permission.srv
[2.563s] -- Up-to-date: /home/eren/ern/projects/main_kasva_ws/install/interfaces/share/ament_index/resource_index/package_run_dependencies/interfaces
[2.563s] -- Installing: /home/eren/ern/projects/main_kasva_ws/install/interfaces/share/ament_index/resource_index/parent_prefix_path/interfaces
[2.563s] -- Up-to-date: /home/eren/ern/projects/main_kasva_ws/install/interfaces/share/interfaces/environment/ament_prefix_path.sh
[2.564s] -- Up-to-date: /home/eren/ern/projects/main_kasva_ws/install/interfaces/share/interfaces/environment/ament_prefix_path.dsv
[2.564s] -- Up-to-date: /home/eren/ern/projects/main_kasva_ws/install/interfaces/share/interfaces/environment/path.sh
[2.564s] -- Up-to-date: /home/eren/ern/projects/main_kasva_ws/install/interfaces/share/interfaces/environment/path.dsv
[2.564s] -- Up-to-date: /home/eren/ern/projects/main_kasva_ws/install/interfaces/share/interfaces/local_setup.bash
[2.564s] -- Up-to-date: /home/eren/ern/projects/main_kasva_ws/install/interfaces/share/interfaces/local_setup.sh
[2.564s] -- Up-to-date: /home/eren/ern/projects/main_kasva_ws/install/interfaces/share/interfaces/local_setup.zsh
[2.564s] -- Up-to-date: /home/eren/ern/projects/main_kasva_ws/install/interfaces/share/interfaces/local_setup.dsv
[2.564s] -- Installing: /home/eren/ern/projects/main_kasva_ws/install/interfaces/share/interfaces/package.dsv
[2.564s] -- Up-to-date: /home/eren/ern/projects/main_kasva_ws/install/interfaces/share/ament_index/resource_index/packages/interfaces
[2.564s] -- Up-to-date: /home/eren/ern/projects/main_kasva_ws/install/interfaces/share/interfaces/cmake/export_interfaces__rosidl_generator_cExport.cmake
[2.564s] -- Up-to-date: /home/eren/ern/projects/main_kasva_ws/install/interfaces/share/interfaces/cmake/export_interfaces__rosidl_generator_cExport-noconfig.cmake
[2.564s] -- Up-to-date: /home/eren/ern/projects/main_kasva_ws/install/interfaces/share/interfaces/cmake/export_interfaces__rosidl_typesupport_fastrtps_cExport.cmake
[2.564s] -- Up-to-date: /home/eren/ern/projects/main_kasva_ws/install/interfaces/share/interfaces/cmake/export_interfaces__rosidl_typesupport_fastrtps_cExport-noconfig.cmake
[2.564s] -- Up-to-date: /home/eren/ern/projects/main_kasva_ws/install/interfaces/share/interfaces/cmake/interfaces__rosidl_typesupport_introspection_cExport.cmake
[2.564s] -- Up-to-date: /home/eren/ern/projects/main_kasva_ws/install/interfaces/share/interfaces/cmake/interfaces__rosidl_typesupport_introspection_cExport-noconfig.cmake
[2.564s] -- Up-to-date: /home/eren/ern/projects/main_kasva_ws/install/interfaces/share/interfaces/cmake/interfaces__rosidl_typesupport_cExport.cmake
[2.564s] -- Up-to-date: /home/eren/ern/projects/main_kasva_ws/install/interfaces/share/interfaces/cmake/interfaces__rosidl_typesupport_cExport-noconfig.cmake
[2.564s] -- Up-to-date: /home/eren/ern/projects/main_kasva_ws/install/interfaces/share/interfaces/cmake/export_interfaces__rosidl_generator_cppExport.cmake
[2.564s] -- Up-to-date: /home/eren/ern/projects/main_kasva_ws/install/interfaces/share/interfaces/cmake/export_interfaces__rosidl_typesupport_fastrtps_cppExport.cmake
[2.564s] -- Up-to-date: /home/eren/ern/projects/main_kasva_ws/install/interfaces/share/interfaces/cmake/export_interfaces__rosidl_typesupport_fastrtps_cppExport-noconfig.cmake
[2.564s] -- Up-to-date: /home/eren/ern/projects/main_kasva_ws/install/interfaces/share/interfaces/cmake/interfaces__rosidl_typesupport_introspection_cppExport.cmake
[2.564s] -- Up-to-date: /home/eren/ern/projects/main_kasva_ws/install/interfaces/share/interfaces/cmake/interfaces__rosidl_typesupport_introspection_cppExport-noconfig.cmake
[2.564s] -- Up-to-date: /home/eren/ern/projects/main_kasva_ws/install/interfaces/share/interfaces/cmake/interfaces__rosidl_typesupport_cppExport.cmake
[2.564s] -- Up-to-date: /home/eren/ern/projects/main_kasva_ws/install/interfaces/share/interfaces/cmake/interfaces__rosidl_typesupport_cppExport-noconfig.cmake
[2.564s] -- Up-to-date: /home/eren/ern/projects/main_kasva_ws/install/interfaces/share/interfaces/cmake/export_interfaces__rosidl_generator_pyExport.cmake
[2.564s] -- Up-to-date: /home/eren/ern/projects/main_kasva_ws/install/interfaces/share/interfaces/cmake/export_interfaces__rosidl_generator_pyExport-noconfig.cmake
[2.564s] -- Up-to-date: /home/eren/ern/projects/main_kasva_ws/install/interfaces/share/interfaces/cmake/rosidl_cmake-extras.cmake
[2.564s] -- Up-to-date: /home/eren/ern/projects/main_kasva_ws/install/interfaces/share/interfaces/cmake/ament_cmake_export_dependencies-extras.cmake
[2.565s] -- Up-to-date: /home/eren/ern/projects/main_kasva_ws/install/interfaces/share/interfaces/cmake/ament_cmake_export_include_directories-extras.cmake
[2.565s] -- Up-to-date: /home/eren/ern/projects/main_kasva_ws/install/interfaces/share/interfaces/cmake/ament_cmake_export_libraries-extras.cmake
[2.565s] -- Up-to-date: /home/eren/ern/projects/main_kasva_ws/install/interfaces/share/interfaces/cmake/ament_cmake_export_targets-extras.cmake
[2.565s] -- Up-to-date: /home/eren/ern/projects/main_kasva_ws/install/interfaces/share/interfaces/cmake/rosidl_cmake_export_typesupport_targets-extras.cmake
[2.565s] -- Up-to-date: /home/eren/ern/projects/main_kasva_ws/install/interfaces/share/interfaces/cmake/rosidl_cmake_export_typesupport_libraries-extras.cmake
[2.565s] -- Up-to-date: /home/eren/ern/projects/main_kasva_ws/install/interfaces/share/interfaces/cmake/interfacesConfig.cmake
[2.565s] -- Up-to-date: /home/eren/ern/projects/main_kasva_ws/install/interfaces/share/interfaces/cmake/interfacesConfig-version.cmake
[2.565s] -- Up-to-date: /home/eren/ern/projects/main_kasva_ws/install/interfaces/share/interfaces/package.xml
[2.566s] Invoked command in '/home/eren/ern/projects/main_kasva_ws/build/interfaces' returned '0': CMAKE_PREFIX_PATH=${CMAKE_PREFIX_PATH}:/home/eren/ern/projects/main_kasva_ws/install/obstacle:/home/eren/ern/projects/main_kasva_ws/install/manager:/home/eren/ern/projects/main_kasva_ws/install/img_pro:/home/eren/ern/projects/main_kasva_ws/install/gui:/opt/ros/jazzy DEBUGINFOD_URLS=https://debuginfod.ubuntu.com /usr/bin/cmake --install /home/eren/ern/projects/main_kasva_ws/build/interfaces
