[1.732s] Invoking command in '/home/eren/ern/projects/main_kasva_ws/src/manager': DEBUGINFOD_URLS=https://debuginfod.ubuntu.com PYTHONPATH=/home/eren/ern/projects/main_kasva_ws/build/manager/prefix_override:/usr/lib/python3/dist-packages/colcon_core/task/python/colcon_distutils_commands:/home/eren/ern/projects/main_kasva_ws/install/manager/lib/python3.12/site-packages:${PYTHONPATH} /usr/bin/python3 -W ignore:setup.py install is deprecated -W ignore:easy_install command is deprecated setup.py egg_info --egg-base ../../build/manager build --build-base /home/eren/ern/projects/main_kasva_ws/build/manager/build install --record /home/eren/ern/projects/main_kasva_ws/build/manager/install.log --single-version-externally-managed install_data
[2.028s] running egg_info
[2.049s] writing ../../build/manager/manager.egg-info/PKG-INFO
[2.049s] writing dependency_links to ../../build/manager/manager.egg-info/dependency_links.txt
[2.050s] writing entry points to ../../build/manager/manager.egg-info/entry_points.txt
[2.050s] writing requirements to ../../build/manager/manager.egg-info/requires.txt
[2.050s] writing top-level names to ../../build/manager/manager.egg-info/top_level.txt
[2.091s] reading manifest file '../../build/manager/manager.egg-info/SOURCES.txt'
[2.092s] writing manifest file '../../build/manager/manager.egg-info/SOURCES.txt'
[2.092s] running build
[2.093s] running build_py
[2.093s] copying manager/komutan.py -> /home/eren/ern/projects/main_kasva_ws/build/manager/build/lib/manager
[2.094s] running install
[2.100s] running install_lib
[2.121s] copying /home/eren/ern/projects/main_kasva_ws/build/manager/build/lib/manager/komutan.py -> /home/eren/ern/projects/main_kasva_ws/install/manager/lib/python3.12/site-packages/manager
[2.122s] byte-compiling /home/eren/ern/projects/main_kasva_ws/install/manager/lib/python3.12/site-packages/manager/komutan.py to komutan.cpython-312.pyc
[2.123s] running install_data
[2.123s] running install_egg_info
[2.145s] removing '/home/eren/ern/projects/main_kasva_ws/install/manager/lib/python3.12/site-packages/manager-0.0.0-py3.12.egg-info' (and everything under it)
[2.145s] Copying ../../build/manager/manager.egg-info to /home/eren/ern/projects/main_kasva_ws/install/manager/lib/python3.12/site-packages/manager-0.0.0-py3.12.egg-info
[2.146s] running install_scripts
[2.288s] Installing komutan script to /home/eren/ern/projects/main_kasva_ws/install/manager/lib/manager
[2.289s] writing list of installed files to '/home/eren/ern/projects/main_kasva_ws/build/manager/install.log'
[2.331s] Invoked command in '/home/eren/ern/projects/main_kasva_ws/src/manager' returned '0': DEBUGINFOD_URLS=https://debuginfod.ubuntu.com PYTHONPATH=/home/eren/ern/projects/main_kasva_ws/build/manager/prefix_override:/usr/lib/python3/dist-packages/colcon_core/task/python/colcon_distutils_commands:/home/eren/ern/projects/main_kasva_ws/install/manager/lib/python3.12/site-packages:${PYTHONPATH} /usr/bin/python3 -W ignore:setup.py install is deprecated -W ignore:easy_install command is deprecated setup.py egg_info --egg-base ../../build/manager build --build-base /home/eren/ern/projects/main_kasva_ws/build/manager/build install --record /home/eren/ern/projects/main_kasva_ws/build/manager/install.log --single-version-externally-managed install_data
