[0.579s] Invoking command in '/home/eren/ern/projects/main_kasva_ws/build/interfaces': CMAKE_PREFIX_PATH=${CMAKE_PREFIX_PATH}:/home/eren/ern/projects/main_kasva_ws/install/obstacle:/home/eren/ern/projects/main_kasva_ws/install/manager:/home/eren/ern/projects/main_kasva_ws/install/img_pro:/home/eren/ern/projects/main_kasva_ws/install/gui:/opt/ros/jazzy DEBUGINFOD_URLS=https://debuginfod.ubuntu.com /usr/bin/cmake --build /home/eren/ern/projects/main_kasva_ws/build/interfaces -- -j20 -l20
[0.870s] [  2%] Built target interfaces__rosidl_generator_type_description
[0.870s] [  2%] Built target ament_cmake_python_copy_interfaces
[0.870s] [ 17%] Built target interfaces__rosidl_generator_c
[0.870s] [ 20%] Built target interfaces__cpp
[0.871s] [ 29%] Built target interfaces__rosidl_typesupport_introspection_c
[0.871s] [ 41%] Built target interfaces__rosidl_typesupport_c
[0.871s] [ 52%] Built target interfaces__rosidl_typesupport_fastrtps_cpp
[0.871s] [ 55%] Built target interfaces__rosidl_typesupport_introspection_cpp
[0.871s] [ 64%] Built target interfaces__rosidl_typesupport_cpp
[0.871s] [ 73%] Built target interfaces__rosidl_typesupport_fastrtps_c
[0.871s] [ 73%] Built target interfaces
[0.871s] [ 76%] Built target interfaces__py
[0.871s] [ 82%] Built target interfaces__rosidl_generator_py
[0.871s] [ 88%] Built target interfaces_s__rosidl_typesupport_fastrtps_c
[0.874s] [ 94%] Built target interfaces_s__rosidl_typesupport_c
[0.876s] [100%] Built target interfaces_s__rosidl_typesupport_introspection_c
[0.950s] running egg_info
[0.971s] writing interfaces.egg-info/PKG-INFO
[0.971s] writing dependency_links to interfaces.egg-info/dependency_links.txt
[0.971s] writing top-level names to interfaces.egg-info/top_level.txt
[1.031s] reading manifest file 'interfaces.egg-info/SOURCES.txt'
[1.031s] writing manifest file 'interfaces.egg-info/SOURCES.txt'
[1.066s] [100%] Built target ament_cmake_python_build_interfaces_egg
[1.149s] Invoked command in '/home/eren/ern/projects/main_kasva_ws/build/interfaces' returned '0': CMAKE_PREFIX_PATH=${CMAKE_PREFIX_PATH}:/home/eren/ern/projects/main_kasva_ws/install/obstacle:/home/eren/ern/projects/main_kasva_ws/install/manager:/home/eren/ern/projects/main_kasva_ws/install/img_pro:/home/eren/ern/projects/main_kasva_ws/install/gui:/opt/ros/jazzy DEBUGINFOD_URLS=https://debuginfod.ubuntu.com /usr/bin/cmake --build /home/eren/ern/projects/main_kasva_ws/build/interfaces -- -j20 -l20
[1.151s] Invoking command in '/home/eren/ern/projects/main_kasva_ws/build/interfaces': CMAKE_PREFIX_PATH=${CMAKE_PREFIX_PATH}:/home/eren/ern/projects/main_kasva_ws/install/obstacle:/home/eren/ern/projects/main_kasva_ws/install/manager:/home/eren/ern/projects/main_kasva_ws/install/img_pro:/home/eren/ern/projects/main_kasva_ws/install/gui:/opt/ros/jazzy DEBUGINFOD_URLS=https://debuginfod.ubuntu.com /usr/bin/cmake --install /home/eren/ern/projects/main_kasva_ws/build/interfaces
[1.172s] -- Install configuration: ""
[1.172s] -- Up-to-date: /home/eren/ern/projects/main_kasva_ws/install/interfaces/share/ament_index/resource_index/rosidl_interfaces/interfaces
[1.172s] -- Up-to-date: /home/eren/ern/projects/main_kasva_ws/install/interfaces/share/interfaces/srv/Permission.json
[1.172s] -- Up-to-date: /home/eren/ern/projects/main_kasva_ws/install/interfaces/include/interfaces/interfaces
[1.173s] -- Up-to-date: /home/eren/ern/projects/main_kasva_ws/install/interfaces/include/interfaces/interfaces/msg
[1.173s] -- Up-to-date: /home/eren/ern/projects/main_kasva_ws/install/interfaces/include/interfaces/interfaces/msg/rosidl_generator_c__visibility_control.h
[1.173s] -- Up-to-date: /home/eren/ern/projects/main_kasva_ws/install/interfaces/include/interfaces/interfaces/srv
[1.173s] -- Up-to-date: /home/eren/ern/projects/main_kasva_ws/install/interfaces/include/interfaces/interfaces/srv/detail
[1.173s] -- Up-to-date: /home/eren/ern/projects/main_kasva_ws/install/interfaces/include/interfaces/interfaces/srv/detail/permission__description.c
[1.173s] -- Up-to-date: /home/eren/ern/projects/main_kasva_ws/install/interfaces/include/interfaces/interfaces/srv/detail/permission__functions.h
[1.173s] -- Up-to-date: /home/eren/ern/projects/main_kasva_ws/install/interfaces/include/interfaces/interfaces/srv/detail/permission__type_support.c
[1.173s] -- Up-to-date: /home/eren/ern/projects/main_kasva_ws/install/interfaces/include/interfaces/interfaces/srv/detail/permission__functions.c
[1.173s] -- Up-to-date: /home/eren/ern/projects/main_kasva_ws/install/interfaces/include/interfaces/interfaces/srv/detail/permission__type_support.h
[1.173s] -- Up-to-date: /home/eren/ern/projects/main_kasva_ws/install/interfaces/include/interfaces/interfaces/srv/detail/permission__struct.h
[1.174s] -- Up-to-date: /home/eren/ern/projects/main_kasva_ws/install/interfaces/include/interfaces/interfaces/srv/permission.h
[1.174s] -- Up-to-date: /home/eren/ern/projects/main_kasva_ws/install/interfaces/share/interfaces/environment/library_path.sh
[1.174s] -- Up-to-date: /home/eren/ern/projects/main_kasva_ws/install/interfaces/share/interfaces/environment/library_path.dsv
[1.174s] -- Up-to-date: /home/eren/ern/projects/main_kasva_ws/install/interfaces/lib/libinterfaces__rosidl_generator_c.so
[1.174s] -- Up-to-date: /home/eren/ern/projects/main_kasva_ws/install/interfaces/include/interfaces/interfaces
[1.174s] -- Up-to-date: /home/eren/ern/projects/main_kasva_ws/install/interfaces/include/interfaces/interfaces/msg
[1.174s] -- Up-to-date: /home/eren/ern/projects/main_kasva_ws/install/interfaces/include/interfaces/interfaces/msg/rosidl_typesupport_fastrtps_c__visibility_control.h
[1.174s] -- Up-to-date: /home/eren/ern/projects/main_kasva_ws/install/interfaces/include/interfaces/interfaces/srv
[1.174s] -- Up-to-date: /home/eren/ern/projects/main_kasva_ws/install/interfaces/include/interfaces/interfaces/srv/detail
[1.174s] -- Up-to-date: /home/eren/ern/projects/main_kasva_ws/install/interfaces/include/interfaces/interfaces/srv/detail/permission__rosidl_typesupport_fastrtps_c.h
[1.174s] -- Up-to-date: /home/eren/ern/projects/main_kasva_ws/install/interfaces/lib/libinterfaces__rosidl_typesupport_fastrtps_c.so
[1.174s] -- Up-to-date: /home/eren/ern/projects/main_kasva_ws/install/interfaces/include/interfaces/interfaces
[1.174s] -- Up-to-date: /home/eren/ern/projects/main_kasva_ws/install/interfaces/include/interfaces/interfaces/msg
[1.174s] -- Up-to-date: /home/eren/ern/projects/main_kasva_ws/install/interfaces/include/interfaces/interfaces/msg/rosidl_typesupport_introspection_c__visibility_control.h
[1.174s] -- Up-to-date: /home/eren/ern/projects/main_kasva_ws/install/interfaces/include/interfaces/interfaces/srv
[1.174s] -- Up-to-date: /home/eren/ern/projects/main_kasva_ws/install/interfaces/include/interfaces/interfaces/srv/detail
[1.175s] -- Up-to-date: /home/eren/ern/projects/main_kasva_ws/install/interfaces/include/interfaces/interfaces/srv/detail/permission__type_support.c
[1.175s] -- Up-to-date: /home/eren/ern/projects/main_kasva_ws/install/interfaces/include/interfaces/interfaces/srv/detail/permission__rosidl_typesupport_introspection_c.h
[1.175s] -- Up-to-date: /home/eren/ern/projects/main_kasva_ws/install/interfaces/lib/libinterfaces__rosidl_typesupport_introspection_c.so
[1.175s] -- Up-to-date: /home/eren/ern/projects/main_kasva_ws/install/interfaces/lib/libinterfaces__rosidl_typesupport_c.so
[1.175s] -- Up-to-date: /home/eren/ern/projects/main_kasva_ws/install/interfaces/include/interfaces/interfaces
[1.175s] -- Up-to-date: /home/eren/ern/projects/main_kasva_ws/install/interfaces/include/interfaces/interfaces/msg
[1.175s] -- Up-to-date: /home/eren/ern/projects/main_kasva_ws/install/interfaces/include/interfaces/interfaces/msg/rosidl_generator_cpp__visibility_control.hpp
[1.175s] -- Up-to-date: /home/eren/ern/projects/main_kasva_ws/install/interfaces/include/interfaces/interfaces/srv
[1.175s] -- Up-to-date: /home/eren/ern/projects/main_kasva_ws/install/interfaces/include/interfaces/interfaces/srv/detail
[1.175s] -- Up-to-date: /home/eren/ern/projects/main_kasva_ws/install/interfaces/include/interfaces/interfaces/srv/detail/permission__traits.hpp
[1.175s] -- Up-to-date: /home/eren/ern/projects/main_kasva_ws/install/interfaces/include/interfaces/interfaces/srv/detail/permission__type_support.hpp
[1.175s] -- Up-to-date: /home/eren/ern/projects/main_kasva_ws/install/interfaces/include/interfaces/interfaces/srv/detail/permission__struct.hpp
[1.175s] -- Up-to-date: /home/eren/ern/projects/main_kasva_ws/install/interfaces/include/interfaces/interfaces/srv/detail/permission__builder.hpp
[1.175s] -- Up-to-date: /home/eren/ern/projects/main_kasva_ws/install/interfaces/include/interfaces/interfaces/srv/permission.hpp
[1.175s] -- Up-to-date: /home/eren/ern/projects/main_kasva_ws/install/interfaces/include/interfaces/interfaces
[1.175s] -- Up-to-date: /home/eren/ern/projects/main_kasva_ws/install/interfaces/include/interfaces/interfaces/msg
[1.175s] -- Up-to-date: /home/eren/ern/projects/main_kasva_ws/install/interfaces/include/interfaces/interfaces/msg/rosidl_typesupport_fastrtps_cpp__visibility_control.h
[1.176s] -- Up-to-date: /home/eren/ern/projects/main_kasva_ws/install/interfaces/include/interfaces/interfaces/srv
[1.176s] -- Up-to-date: /home/eren/ern/projects/main_kasva_ws/install/interfaces/include/interfaces/interfaces/srv/detail
[1.176s] -- Up-to-date: /home/eren/ern/projects/main_kasva_ws/install/interfaces/include/interfaces/interfaces/srv/detail/permission__rosidl_typesupport_fastrtps_cpp.hpp
[1.176s] -- Up-to-date: /home/eren/ern/projects/main_kasva_ws/install/interfaces/include/interfaces/interfaces/srv/detail/dds_fastrtps
[1.176s] -- Up-to-date: /home/eren/ern/projects/main_kasva_ws/install/interfaces/lib/libinterfaces__rosidl_typesupport_fastrtps_cpp.so
[1.176s] -- Up-to-date: /home/eren/ern/projects/main_kasva_ws/install/interfaces/include/interfaces/interfaces
[1.176s] -- Up-to-date: /home/eren/ern/projects/main_kasva_ws/install/interfaces/include/interfaces/interfaces/srv
[1.176s] -- Up-to-date: /home/eren/ern/projects/main_kasva_ws/install/interfaces/include/interfaces/interfaces/srv/detail
[1.176s] -- Up-to-date: /home/eren/ern/projects/main_kasva_ws/install/interfaces/include/interfaces/interfaces/srv/detail/permission__rosidl_typesupport_introspection_cpp.hpp
[1.176s] -- Up-to-date: /home/eren/ern/projects/main_kasva_ws/install/interfaces/include/interfaces/interfaces/srv/detail/permission__type_support.cpp
[1.176s] -- Up-to-date: /home/eren/ern/projects/main_kasva_ws/install/interfaces/lib/libinterfaces__rosidl_typesupport_introspection_cpp.so
[1.176s] -- Up-to-date: /home/eren/ern/projects/main_kasva_ws/install/interfaces/lib/libinterfaces__rosidl_typesupport_cpp.so
[1.176s] -- Up-to-date: /home/eren/ern/projects/main_kasva_ws/install/interfaces/share/interfaces/environment/pythonpath.sh
[1.176s] -- Up-to-date: /home/eren/ern/projects/main_kasva_ws/install/interfaces/share/interfaces/environment/pythonpath.dsv
[1.176s] -- Up-to-date: /home/eren/ern/projects/main_kasva_ws/install/interfaces/lib/python3.12/site-packages/interfaces-0.0.0-py3.12.egg-info
[1.176s] -- Installing: /home/eren/ern/projects/main_kasva_ws/install/interfaces/lib/python3.12/site-packages/interfaces-0.0.0-py3.12.egg-info/top_level.txt
[1.176s] -- Installing: /home/eren/ern/projects/main_kasva_ws/install/interfaces/lib/python3.12/site-packages/interfaces-0.0.0-py3.12.egg-info/PKG-INFO
[1.176s] -- Installing: /home/eren/ern/projects/main_kasva_ws/install/interfaces/lib/python3.12/site-packages/interfaces-0.0.0-py3.12.egg-info/dependency_links.txt
[1.177s] -- Installing: /home/eren/ern/projects/main_kasva_ws/install/interfaces/lib/python3.12/site-packages/interfaces-0.0.0-py3.12.egg-info/SOURCES.txt
[1.177s] -- Up-to-date: /home/eren/ern/projects/main_kasva_ws/install/interfaces/lib/python3.12/site-packages/interfaces
[1.177s] -- Up-to-date: /home/eren/ern/projects/main_kasva_ws/install/interfaces/lib/python3.12/site-packages/interfaces/interfaces_s__rosidl_typesupport_introspection_c.so
[1.177s] -- Up-to-date: /home/eren/ern/projects/main_kasva_ws/install/interfaces/lib/python3.12/site-packages/interfaces/_interfaces_s.ep.rosidl_typesupport_introspection_c.c
[1.177s] -- Up-to-date: /home/eren/ern/projects/main_kasva_ws/install/interfaces/lib/python3.12/site-packages/interfaces/_interfaces_s.ep.rosidl_typesupport_c.c
[1.177s] -- Up-to-date: /home/eren/ern/projects/main_kasva_ws/install/interfaces/lib/python3.12/site-packages/interfaces/__init__.py
[1.177s] -- Up-to-date: /home/eren/ern/projects/main_kasva_ws/install/interfaces/lib/python3.12/site-packages/interfaces/interfaces_s__rosidl_typesupport_fastrtps_c.so
[1.177s] -- Up-to-date: /home/eren/ern/projects/main_kasva_ws/install/interfaces/lib/python3.12/site-packages/interfaces/srv
[1.177s] -- Up-to-date: /home/eren/ern/projects/main_kasva_ws/install/interfaces/lib/python3.12/site-packages/interfaces/srv/_permission_s.c
[1.177s] -- Up-to-date: /home/eren/ern/projects/main_kasva_ws/install/interfaces/lib/python3.12/site-packages/interfaces/srv/__init__.py
[1.177s] -- Up-to-date: /home/eren/ern/projects/main_kasva_ws/install/interfaces/lib/python3.12/site-packages/interfaces/srv/_permission.py
[1.177s] -- Up-to-date: /home/eren/ern/projects/main_kasva_ws/install/interfaces/lib/python3.12/site-packages/interfaces/interfaces_s__rosidl_typesupport_c.so
[1.177s] -- Up-to-date: /home/eren/ern/projects/main_kasva_ws/install/interfaces/lib/python3.12/site-packages/interfaces/_interfaces_s.ep.rosidl_typesupport_fastrtps_c.c
[1.224s] Listing '/home/eren/ern/projects/main_kasva_ws/install/interfaces/lib/python3.12/site-packages/interfaces'...
[1.224s] Listing '/home/eren/ern/projects/main_kasva_ws/install/interfaces/lib/python3.12/site-packages/interfaces/srv'...
[1.231s] -- Up-to-date: /home/eren/ern/projects/main_kasva_ws/install/interfaces/lib/python3.12/site-packages/interfaces/interfaces_s__rosidl_typesupport_fastrtps_c.so
[1.231s] -- Up-to-date: /home/eren/ern/projects/main_kasva_ws/install/interfaces/lib/python3.12/site-packages/interfaces/interfaces_s__rosidl_typesupport_introspection_c.so
[1.231s] -- Up-to-date: /home/eren/ern/projects/main_kasva_ws/install/interfaces/lib/python3.12/site-packages/interfaces/interfaces_s__rosidl_typesupport_c.so
[1.231s] -- Up-to-date: /home/eren/ern/projects/main_kasva_ws/install/interfaces/lib/libinterfaces__rosidl_generator_py.so
[1.232s] -- Up-to-date: /home/eren/ern/projects/main_kasva_ws/install/interfaces/share/interfaces/srv/Permission.idl
[1.232s] -- Up-to-date: /home/eren/ern/projects/main_kasva_ws/install/interfaces/share/interfaces/srv/Permission.srv
[1.232s] -- Up-to-date: /home/eren/ern/projects/main_kasva_ws/install/interfaces/share/ament_index/resource_index/package_run_dependencies/interfaces
[1.232s] -- Up-to-date: /home/eren/ern/projects/main_kasva_ws/install/interfaces/share/ament_index/resource_index/parent_prefix_path/interfaces
[1.232s] -- Up-to-date: /home/eren/ern/projects/main_kasva_ws/install/interfaces/share/interfaces/environment/ament_prefix_path.sh
[1.232s] -- Up-to-date: /home/eren/ern/projects/main_kasva_ws/install/interfaces/share/interfaces/environment/ament_prefix_path.dsv
[1.232s] -- Up-to-date: /home/eren/ern/projects/main_kasva_ws/install/interfaces/share/interfaces/environment/path.sh
[1.233s] -- Up-to-date: /home/eren/ern/projects/main_kasva_ws/install/interfaces/share/interfaces/environment/path.dsv
[1.233s] -- Up-to-date: /home/eren/ern/projects/main_kasva_ws/install/interfaces/share/interfaces/local_setup.bash
[1.233s] -- Up-to-date: /home/eren/ern/projects/main_kasva_ws/install/interfaces/share/interfaces/local_setup.sh
[1.233s] -- Up-to-date: /home/eren/ern/projects/main_kasva_ws/install/interfaces/share/interfaces/local_setup.zsh
[1.233s] -- Up-to-date: /home/eren/ern/projects/main_kasva_ws/install/interfaces/share/interfaces/local_setup.dsv
[1.233s] -- Installing: /home/eren/ern/projects/main_kasva_ws/install/interfaces/share/interfaces/package.dsv
[1.233s] -- Up-to-date: /home/eren/ern/projects/main_kasva_ws/install/interfaces/share/ament_index/resource_index/packages/interfaces
[1.233s] -- Up-to-date: /home/eren/ern/projects/main_kasva_ws/install/interfaces/share/interfaces/cmake/export_interfaces__rosidl_generator_cExport.cmake
[1.234s] -- Up-to-date: /home/eren/ern/projects/main_kasva_ws/install/interfaces/share/interfaces/cmake/export_interfaces__rosidl_generator_cExport-noconfig.cmake
[1.234s] -- Up-to-date: /home/eren/ern/projects/main_kasva_ws/install/interfaces/share/interfaces/cmake/export_interfaces__rosidl_typesupport_fastrtps_cExport.cmake
[1.234s] -- Up-to-date: /home/eren/ern/projects/main_kasva_ws/install/interfaces/share/interfaces/cmake/export_interfaces__rosidl_typesupport_fastrtps_cExport-noconfig.cmake
[1.234s] -- Up-to-date: /home/eren/ern/projects/main_kasva_ws/install/interfaces/share/interfaces/cmake/interfaces__rosidl_typesupport_introspection_cExport.cmake
[1.234s] -- Up-to-date: /home/eren/ern/projects/main_kasva_ws/install/interfaces/share/interfaces/cmake/interfaces__rosidl_typesupport_introspection_cExport-noconfig.cmake
[1.234s] -- Up-to-date: /home/eren/ern/projects/main_kasva_ws/install/interfaces/share/interfaces/cmake/interfaces__rosidl_typesupport_cExport.cmake
[1.234s] -- Up-to-date: /home/eren/ern/projects/main_kasva_ws/install/interfaces/share/interfaces/cmake/interfaces__rosidl_typesupport_cExport-noconfig.cmake
[1.234s] -- Up-to-date: /home/eren/ern/projects/main_kasva_ws/install/interfaces/share/interfaces/cmake/export_interfaces__rosidl_generator_cppExport.cmake
[1.235s] -- Up-to-date: /home/eren/ern/projects/main_kasva_ws/install/interfaces/share/interfaces/cmake/export_interfaces__rosidl_typesupport_fastrtps_cppExport.cmake
[1.235s] -- Up-to-date: /home/eren/ern/projects/main_kasva_ws/install/interfaces/share/interfaces/cmake/export_interfaces__rosidl_typesupport_fastrtps_cppExport-noconfig.cmake
[1.235s] -- Up-to-date: /home/eren/ern/projects/main_kasva_ws/install/interfaces/share/interfaces/cmake/interfaces__rosidl_typesupport_introspection_cppExport.cmake
[1.235s] -- Up-to-date: /home/eren/ern/projects/main_kasva_ws/install/interfaces/share/interfaces/cmake/interfaces__rosidl_typesupport_introspection_cppExport-noconfig.cmake
[1.235s] -- Up-to-date: /home/eren/ern/projects/main_kasva_ws/install/interfaces/share/interfaces/cmake/interfaces__rosidl_typesupport_cppExport.cmake
[1.235s] -- Up-to-date: /home/eren/ern/projects/main_kasva_ws/install/interfaces/share/interfaces/cmake/interfaces__rosidl_typesupport_cppExport-noconfig.cmake
[1.235s] -- Up-to-date: /home/eren/ern/projects/main_kasva_ws/install/interfaces/share/interfaces/cmake/export_interfaces__rosidl_generator_pyExport.cmake
[1.235s] -- Up-to-date: /home/eren/ern/projects/main_kasva_ws/install/interfaces/share/interfaces/cmake/export_interfaces__rosidl_generator_pyExport-noconfig.cmake
[1.235s] -- Up-to-date: /home/eren/ern/projects/main_kasva_ws/install/interfaces/share/interfaces/cmake/rosidl_cmake-extras.cmake
[1.236s] -- Up-to-date: /home/eren/ern/projects/main_kasva_ws/install/interfaces/share/interfaces/cmake/ament_cmake_export_dependencies-extras.cmake
[1.236s] -- Up-to-date: /home/eren/ern/projects/main_kasva_ws/install/interfaces/share/interfaces/cmake/ament_cmake_export_include_directories-extras.cmake
[1.236s] -- Up-to-date: /home/eren/ern/projects/main_kasva_ws/install/interfaces/share/interfaces/cmake/ament_cmake_export_libraries-extras.cmake
[1.236s] -- Up-to-date: /home/eren/ern/projects/main_kasva_ws/install/interfaces/share/interfaces/cmake/ament_cmake_export_targets-extras.cmake
[1.236s] -- Up-to-date: /home/eren/ern/projects/main_kasva_ws/install/interfaces/share/interfaces/cmake/rosidl_cmake_export_typesupport_targets-extras.cmake
[1.236s] -- Up-to-date: /home/eren/ern/projects/main_kasva_ws/install/interfaces/share/interfaces/cmake/rosidl_cmake_export_typesupport_libraries-extras.cmake
[1.236s] -- Up-to-date: /home/eren/ern/projects/main_kasva_ws/install/interfaces/share/interfaces/cmake/interfacesConfig.cmake
[1.237s] -- Up-to-date: /home/eren/ern/projects/main_kasva_ws/install/interfaces/share/interfaces/cmake/interfacesConfig-version.cmake
[1.237s] -- Up-to-date: /home/eren/ern/projects/main_kasva_ws/install/interfaces/share/interfaces/package.xml
[1.239s] Invoked command in '/home/eren/ern/projects/main_kasva_ws/build/interfaces' returned '0': CMAKE_PREFIX_PATH=${CMAKE_PREFIX_PATH}:/home/eren/ern/projects/main_kasva_ws/install/obstacle:/home/eren/ern/projects/main_kasva_ws/install/manager:/home/eren/ern/projects/main_kasva_ws/install/img_pro:/home/eren/ern/projects/main_kasva_ws/install/gui:/opt/ros/jazzy DEBUGINFOD_URLS=https://debuginfod.ubuntu.com /usr/bin/cmake --install /home/eren/ern/projects/main_kasva_ws/build/interfaces
