[0.145s] DEBUG:colcon:Command line arguments: ['/usr/bin/colcon', 'build']
[0.145s] DEBUG:colcon:Parsed command line arguments: Namespace(log_base=None, log_level=None, verb_name='build', build_base='build', install_base='install', merge_install=False, symlink_install=False, test_result_base=None, continue_on_error=False, executor='parallel', parallel_workers=20, event_handlers=None, ignore_user_meta=False, metas=['./colcon.meta'], base_paths=['.'], packages_ignore=None, packages_ignore_regex=None, paths=None, packages_up_to=None, packages_up_to_regex=None, packages_above=None, packages_above_and_dependencies=None, packages_above_depth=None, packages_select_by_dep=None, packages_skip_by_dep=None, packages_skip_up_to=None, packages_select_build_failed=False, packages_skip_build_finished=False, packages_select_test_failures=False, packages_skip_test_passed=False, packages_select=None, packages_skip=None, packages_select_regex=None, packages_skip_regex=None, packages_start=None, packages_end=None, allow_overriding=[], cmake_args=None, cmake_target=None, cmake_target_skip_unavailable=False, cmake_clean_cache=False, cmake_clean_first=False, cmake_force_configure=False, ament_cmake_args=None, catkin_cmake_args=None, catkin_skip_building_tests=False, mixin_files=None, mixin=None, verb_parser=<colcon_mixin.mixin.mixin_argument.MixinArgumentDecorator object at 0x71d9ad41bdd0>, verb_extension=<colcon_core.verb.build.BuildVerb object at 0x71d9ad5bc2c0>, main=<bound method BuildVerb.main of <colcon_core.verb.build.BuildVerb object at 0x71d9ad5bc2c0>>, mixin_verb=('build',))
[0.210s] Level 1:colcon.colcon_core.package_discovery:discover_packages(colcon_meta) check parameters
[0.210s] Level 1:colcon.colcon_core.package_discovery:discover_packages(recursive) check parameters
[0.210s] Level 1:colcon.colcon_core.package_discovery:discover_packages(ignore) check parameters
[0.210s] Level 1:colcon.colcon_core.package_discovery:discover_packages(path) check parameters
[0.210s] Level 1:colcon.colcon_core.package_discovery:discover_packages(colcon_meta) discover
[0.210s] Level 1:colcon.colcon_core.package_discovery:discover_packages(recursive) discover
[0.210s] INFO:colcon.colcon_core.package_discovery:Crawling recursively for packages in '/home/eren/ern/projects/main_kasva_ws'
[0.210s] Level 1:colcon.colcon_core.package_identification:_identify(.) by extensions ['ignore', 'ignore_ament_install']
[0.210s] Level 1:colcon.colcon_core.package_identification:_identify(.) by extension 'ignore'
[0.210s] Level 1:colcon.colcon_core.package_identification:_identify(.) by extension 'ignore_ament_install'
[0.210s] Level 1:colcon.colcon_core.package_identification:_identify(.) by extensions ['colcon_pkg']
[0.210s] Level 1:colcon.colcon_core.package_identification:_identify(.) by extension 'colcon_pkg'
[0.210s] Level 1:colcon.colcon_core.package_identification:_identify(.) by extensions ['colcon_meta']
[0.210s] Level 1:colcon.colcon_core.package_identification:_identify(.) by extension 'colcon_meta'
[0.211s] Level 1:colcon.colcon_core.package_identification:_identify(.) by extensions ['ros']
[0.211s] Level 1:colcon.colcon_core.package_identification:_identify(.) by extension 'ros'
[0.247s] Level 1:colcon.colcon_core.package_identification:_identify(.) by extensions ['cmake', 'python']
[0.247s] Level 1:colcon.colcon_core.package_identification:_identify(.) by extension 'cmake'
[0.247s] Level 1:colcon.colcon_core.package_identification:_identify(.) by extension 'python'
[0.247s] Level 1:colcon.colcon_core.package_identification:_identify(.) by extensions ['python_setup_py']
[0.247s] Level 1:colcon.colcon_core.package_identification:_identify(.) by extension 'python_setup_py'
[0.247s] Level 1:colcon.colcon_core.package_identification:_identify(build) by extensions ['ignore', 'ignore_ament_install']
[0.248s] Level 1:colcon.colcon_core.package_identification:_identify(build) by extension 'ignore'
[0.248s] Level 1:colcon.colcon_core.package_identification:_identify(build) ignored
[0.248s] Level 1:colcon.colcon_core.package_identification:_identify(install) by extensions ['ignore', 'ignore_ament_install']
[0.248s] Level 1:colcon.colcon_core.package_identification:_identify(install) by extension 'ignore'
[0.248s] Level 1:colcon.colcon_core.package_identification:_identify(install) ignored
[0.248s] Level 1:colcon.colcon_core.package_identification:_identify(log) by extensions ['ignore', 'ignore_ament_install']
[0.248s] Level 1:colcon.colcon_core.package_identification:_identify(log) by extension 'ignore'
[0.248s] Level 1:colcon.colcon_core.package_identification:_identify(log) ignored
[0.248s] Level 1:colcon.colcon_core.package_identification:_identify(src) by extensions ['ignore', 'ignore_ament_install']
[0.248s] Level 1:colcon.colcon_core.package_identification:_identify(src) by extension 'ignore'
[0.248s] Level 1:colcon.colcon_core.package_identification:_identify(src) by extension 'ignore_ament_install'
[0.248s] Level 1:colcon.colcon_core.package_identification:_identify(src) by extensions ['colcon_pkg']
[0.249s] Level 1:colcon.colcon_core.package_identification:_identify(src) by extension 'colcon_pkg'
[0.249s] Level 1:colcon.colcon_core.package_identification:_identify(src) by extensions ['colcon_meta']
[0.249s] Level 1:colcon.colcon_core.package_identification:_identify(src) by extension 'colcon_meta'
[0.249s] Level 1:colcon.colcon_core.package_identification:_identify(src) by extensions ['ros']
[0.249s] Level 1:colcon.colcon_core.package_identification:_identify(src) by extension 'ros'
[0.249s] Level 1:colcon.colcon_core.package_identification:_identify(src) by extensions ['cmake', 'python']
[0.249s] Level 1:colcon.colcon_core.package_identification:_identify(src) by extension 'cmake'
[0.249s] Level 1:colcon.colcon_core.package_identification:_identify(src) by extension 'python'
[0.249s] Level 1:colcon.colcon_core.package_identification:_identify(src) by extensions ['python_setup_py']
[0.249s] Level 1:colcon.colcon_core.package_identification:_identify(src) by extension 'python_setup_py'
[0.249s] Level 1:colcon.colcon_core.package_identification:_identify(src/gui) by extensions ['ignore', 'ignore_ament_install']
[0.249s] Level 1:colcon.colcon_core.package_identification:_identify(src/gui) by extension 'ignore'
[0.249s] Level 1:colcon.colcon_core.package_identification:_identify(src/gui) by extension 'ignore_ament_install'
[0.249s] Level 1:colcon.colcon_core.package_identification:_identify(src/gui) by extensions ['colcon_pkg']
[0.249s] Level 1:colcon.colcon_core.package_identification:_identify(src/gui) by extension 'colcon_pkg'
[0.249s] Level 1:colcon.colcon_core.package_identification:_identify(src/gui) by extensions ['colcon_meta']
[0.249s] Level 1:colcon.colcon_core.package_identification:_identify(src/gui) by extension 'colcon_meta'
[0.249s] Level 1:colcon.colcon_core.package_identification:_identify(src/gui) by extensions ['ros']
[0.249s] Level 1:colcon.colcon_core.package_identification:_identify(src/gui) by extension 'ros'
[0.253s] DEBUG:colcon.colcon_core.package_identification:Package 'src/gui' with type 'ros.ament_python' and name 'gui'
[0.254s] Level 1:colcon.colcon_core.package_identification:_identify(src/img_pro) by extensions ['ignore', 'ignore_ament_install']
[0.254s] Level 1:colcon.colcon_core.package_identification:_identify(src/img_pro) by extension 'ignore'
[0.254s] Level 1:colcon.colcon_core.package_identification:_identify(src/img_pro) by extension 'ignore_ament_install'
[0.254s] Level 1:colcon.colcon_core.package_identification:_identify(src/img_pro) by extensions ['colcon_pkg']
[0.254s] Level 1:colcon.colcon_core.package_identification:_identify(src/img_pro) by extension 'colcon_pkg'
[0.254s] Level 1:colcon.colcon_core.package_identification:_identify(src/img_pro) by extensions ['colcon_meta']
[0.254s] Level 1:colcon.colcon_core.package_identification:_identify(src/img_pro) by extension 'colcon_meta'
[0.254s] Level 1:colcon.colcon_core.package_identification:_identify(src/img_pro) by extensions ['ros']
[0.254s] Level 1:colcon.colcon_core.package_identification:_identify(src/img_pro) by extension 'ros'
[0.255s] DEBUG:colcon.colcon_core.package_identification:Package 'src/img_pro' with type 'ros.ament_python' and name 'img_pro'
[0.255s] Level 1:colcon.colcon_core.package_identification:_identify(src/interfaces) by extensions ['ignore', 'ignore_ament_install']
[0.255s] Level 1:colcon.colcon_core.package_identification:_identify(src/interfaces) by extension 'ignore'
[0.255s] Level 1:colcon.colcon_core.package_identification:_identify(src/interfaces) by extension 'ignore_ament_install'
[0.255s] Level 1:colcon.colcon_core.package_identification:_identify(src/interfaces) by extensions ['colcon_pkg']
[0.255s] Level 1:colcon.colcon_core.package_identification:_identify(src/interfaces) by extension 'colcon_pkg'
[0.255s] Level 1:colcon.colcon_core.package_identification:_identify(src/interfaces) by extensions ['colcon_meta']
[0.255s] Level 1:colcon.colcon_core.package_identification:_identify(src/interfaces) by extension 'colcon_meta'
[0.255s] Level 1:colcon.colcon_core.package_identification:_identify(src/interfaces) by extensions ['ros']
[0.255s] Level 1:colcon.colcon_core.package_identification:_identify(src/interfaces) by extension 'ros'
[0.256s] DEBUG:colcon.colcon_core.package_identification:Package 'src/interfaces' with type 'ros.ament_cmake' and name 'interfaces'
[0.256s] Level 1:colcon.colcon_core.package_identification:_identify(src/kasva_sekli) by extensions ['ignore', 'ignore_ament_install']
[0.257s] Level 1:colcon.colcon_core.package_identification:_identify(src/kasva_sekli) by extension 'ignore'
[0.257s] Level 1:colcon.colcon_core.package_identification:_identify(src/kasva_sekli) by extension 'ignore_ament_install'
[0.257s] Level 1:colcon.colcon_core.package_identification:_identify(src/kasva_sekli) by extensions ['colcon_pkg']
[0.257s] Level 1:colcon.colcon_core.package_identification:_identify(src/kasva_sekli) by extension 'colcon_pkg'
[0.257s] Level 1:colcon.colcon_core.package_identification:_identify(src/kasva_sekli) by extensions ['colcon_meta']
[0.257s] Level 1:colcon.colcon_core.package_identification:_identify(src/kasva_sekli) by extension 'colcon_meta'
[0.257s] Level 1:colcon.colcon_core.package_identification:_identify(src/kasva_sekli) by extensions ['ros']
[0.257s] Level 1:colcon.colcon_core.package_identification:_identify(src/kasva_sekli) by extension 'ros'
[0.258s] DEBUG:colcon.colcon_core.package_identification:Package 'src/kasva_sekli' with type 'ros.ament_cmake' and name 'kasva_sekli'
[0.258s] Level 1:colcon.colcon_core.package_identification:_identify(src/manager) by extensions ['ignore', 'ignore_ament_install']
[0.258s] Level 1:colcon.colcon_core.package_identification:_identify(src/manager) by extension 'ignore'
[0.258s] Level 1:colcon.colcon_core.package_identification:_identify(src/manager) by extension 'ignore_ament_install'
[0.258s] Level 1:colcon.colcon_core.package_identification:_identify(src/manager) by extensions ['colcon_pkg']
[0.258s] Level 1:colcon.colcon_core.package_identification:_identify(src/manager) by extension 'colcon_pkg'
[0.258s] Level 1:colcon.colcon_core.package_identification:_identify(src/manager) by extensions ['colcon_meta']
[0.258s] Level 1:colcon.colcon_core.package_identification:_identify(src/manager) by extension 'colcon_meta'
[0.258s] Level 1:colcon.colcon_core.package_identification:_identify(src/manager) by extensions ['ros']
[0.258s] Level 1:colcon.colcon_core.package_identification:_identify(src/manager) by extension 'ros'
[0.259s] DEBUG:colcon.colcon_core.package_identification:Package 'src/manager' with type 'ros.ament_python' and name 'manager'
[0.259s] Level 1:colcon.colcon_core.package_identification:_identify(src/obstacle) by extensions ['ignore', 'ignore_ament_install']
[0.259s] Level 1:colcon.colcon_core.package_identification:_identify(src/obstacle) by extension 'ignore'
[0.260s] Level 1:colcon.colcon_core.package_identification:_identify(src/obstacle) by extension 'ignore_ament_install'
[0.260s] Level 1:colcon.colcon_core.package_identification:_identify(src/obstacle) by extensions ['colcon_pkg']
[0.260s] Level 1:colcon.colcon_core.package_identification:_identify(src/obstacle) by extension 'colcon_pkg'
[0.260s] Level 1:colcon.colcon_core.package_identification:_identify(src/obstacle) by extensions ['colcon_meta']
[0.260s] Level 1:colcon.colcon_core.package_identification:_identify(src/obstacle) by extension 'colcon_meta'
[0.260s] Level 1:colcon.colcon_core.package_identification:_identify(src/obstacle) by extensions ['ros']
[0.260s] Level 1:colcon.colcon_core.package_identification:_identify(src/obstacle) by extension 'ros'
[0.261s] DEBUG:colcon.colcon_core.package_identification:Package 'src/obstacle' with type 'ros.ament_python' and name 'obstacle'
[0.261s] Level 1:colcon.colcon_core.package_discovery:discover_packages(recursive) using defaults
[0.261s] Level 1:colcon.colcon_core.package_discovery:discover_packages(ignore) discover
[0.261s] Level 1:colcon.colcon_core.package_discovery:discover_packages(ignore) using defaults
[0.261s] Level 1:colcon.colcon_core.package_discovery:discover_packages(path) discover
[0.261s] Level 1:colcon.colcon_core.package_discovery:discover_packages(path) using defaults
[0.287s] Level 1:colcon.colcon_core.package_discovery:discover_packages(prefix_path) check parameters
[0.287s] Level 1:colcon.colcon_core.package_discovery:discover_packages(prefix_path) discover
[0.291s] DEBUG:colcon.colcon_installed_package_information.package_discovery:Found 367 installed packages in /opt/ros/jazzy
[0.293s] Level 1:colcon.colcon_core.package_discovery:discover_packages(prefix_path) using defaults
[0.342s] Level 5:colcon.colcon_core.verb:set package 'gui' build argument 'cmake_args' from command line to 'None'
[0.342s] Level 5:colcon.colcon_core.verb:set package 'gui' build argument 'cmake_target' from command line to 'None'
[0.342s] Level 5:colcon.colcon_core.verb:set package 'gui' build argument 'cmake_target_skip_unavailable' from command line to 'False'
[0.342s] Level 5:colcon.colcon_core.verb:set package 'gui' build argument 'cmake_clean_cache' from command line to 'False'
[0.342s] Level 5:colcon.colcon_core.verb:set package 'gui' build argument 'cmake_clean_first' from command line to 'False'
[0.343s] Level 5:colcon.colcon_core.verb:set package 'gui' build argument 'cmake_force_configure' from command line to 'False'
[0.343s] Level 5:colcon.colcon_core.verb:set package 'gui' build argument 'ament_cmake_args' from command line to 'None'
[0.343s] Level 5:colcon.colcon_core.verb:set package 'gui' build argument 'catkin_cmake_args' from command line to 'None'
[0.343s] Level 5:colcon.colcon_core.verb:set package 'gui' build argument 'catkin_skip_building_tests' from command line to 'False'
[0.343s] DEBUG:colcon.colcon_core.verb:Building package 'gui' with the following arguments: {'ament_cmake_args': None, 'build_base': '/home/eren/ern/projects/main_kasva_ws/build/gui', 'catkin_cmake_args': None, 'catkin_skip_building_tests': False, 'cmake_args': None, 'cmake_clean_cache': False, 'cmake_clean_first': False, 'cmake_force_configure': False, 'cmake_target': None, 'cmake_target_skip_unavailable': False, 'install_base': '/home/eren/ern/projects/main_kasva_ws/install/gui', 'merge_install': False, 'path': '/home/eren/ern/projects/main_kasva_ws/src/gui', 'symlink_install': False, 'test_result_base': None}
[0.343s] Level 5:colcon.colcon_core.verb:set package 'img_pro' build argument 'cmake_args' from command line to 'None'
[0.343s] Level 5:colcon.colcon_core.verb:set package 'img_pro' build argument 'cmake_target' from command line to 'None'
[0.343s] Level 5:colcon.colcon_core.verb:set package 'img_pro' build argument 'cmake_target_skip_unavailable' from command line to 'False'
[0.343s] Level 5:colcon.colcon_core.verb:set package 'img_pro' build argument 'cmake_clean_cache' from command line to 'False'
[0.343s] Level 5:colcon.colcon_core.verb:set package 'img_pro' build argument 'cmake_clean_first' from command line to 'False'
[0.343s] Level 5:colcon.colcon_core.verb:set package 'img_pro' build argument 'cmake_force_configure' from command line to 'False'
[0.343s] Level 5:colcon.colcon_core.verb:set package 'img_pro' build argument 'ament_cmake_args' from command line to 'None'
[0.343s] Level 5:colcon.colcon_core.verb:set package 'img_pro' build argument 'catkin_cmake_args' from command line to 'None'
[0.343s] Level 5:colcon.colcon_core.verb:set package 'img_pro' build argument 'catkin_skip_building_tests' from command line to 'False'
[0.343s] DEBUG:colcon.colcon_core.verb:Building package 'img_pro' with the following arguments: {'ament_cmake_args': None, 'build_base': '/home/eren/ern/projects/main_kasva_ws/build/img_pro', 'catkin_cmake_args': None, 'catkin_skip_building_tests': False, 'cmake_args': None, 'cmake_clean_cache': False, 'cmake_clean_first': False, 'cmake_force_configure': False, 'cmake_target': None, 'cmake_target_skip_unavailable': False, 'install_base': '/home/eren/ern/projects/main_kasva_ws/install/img_pro', 'merge_install': False, 'path': '/home/eren/ern/projects/main_kasva_ws/src/img_pro', 'symlink_install': False, 'test_result_base': None}
[0.343s] Level 5:colcon.colcon_core.verb:set package 'interfaces' build argument 'cmake_args' from command line to 'None'
[0.343s] Level 5:colcon.colcon_core.verb:set package 'interfaces' build argument 'cmake_target' from command line to 'None'
[0.343s] Level 5:colcon.colcon_core.verb:set package 'interfaces' build argument 'cmake_target_skip_unavailable' from command line to 'False'
[0.343s] Level 5:colcon.colcon_core.verb:set package 'interfaces' build argument 'cmake_clean_cache' from command line to 'False'
[0.343s] Level 5:colcon.colcon_core.verb:set package 'interfaces' build argument 'cmake_clean_first' from command line to 'False'
[0.344s] Level 5:colcon.colcon_core.verb:set package 'interfaces' build argument 'cmake_force_configure' from command line to 'False'
[0.344s] Level 5:colcon.colcon_core.verb:set package 'interfaces' build argument 'ament_cmake_args' from command line to 'None'
[0.344s] Level 5:colcon.colcon_core.verb:set package 'interfaces' build argument 'catkin_cmake_args' from command line to 'None'
[0.344s] Level 5:colcon.colcon_core.verb:set package 'interfaces' build argument 'catkin_skip_building_tests' from command line to 'False'
[0.344s] DEBUG:colcon.colcon_core.verb:Building package 'interfaces' with the following arguments: {'ament_cmake_args': None, 'build_base': '/home/eren/ern/projects/main_kasva_ws/build/interfaces', 'catkin_cmake_args': None, 'catkin_skip_building_tests': False, 'cmake_args': None, 'cmake_clean_cache': False, 'cmake_clean_first': False, 'cmake_force_configure': False, 'cmake_target': None, 'cmake_target_skip_unavailable': False, 'install_base': '/home/eren/ern/projects/main_kasva_ws/install/interfaces', 'merge_install': False, 'path': '/home/eren/ern/projects/main_kasva_ws/src/interfaces', 'symlink_install': False, 'test_result_base': None}
[0.344s] Level 5:colcon.colcon_core.verb:set package 'kasva_sekli' build argument 'cmake_args' from command line to 'None'
[0.344s] Level 5:colcon.colcon_core.verb:set package 'kasva_sekli' build argument 'cmake_target' from command line to 'None'
[0.344s] Level 5:colcon.colcon_core.verb:set package 'kasva_sekli' build argument 'cmake_target_skip_unavailable' from command line to 'False'
[0.344s] Level 5:colcon.colcon_core.verb:set package 'kasva_sekli' build argument 'cmake_clean_cache' from command line to 'False'
[0.344s] Level 5:colcon.colcon_core.verb:set package 'kasva_sekli' build argument 'cmake_clean_first' from command line to 'False'
[0.344s] Level 5:colcon.colcon_core.verb:set package 'kasva_sekli' build argument 'cmake_force_configure' from command line to 'False'
[0.344s] Level 5:colcon.colcon_core.verb:set package 'kasva_sekli' build argument 'ament_cmake_args' from command line to 'None'
[0.344s] Level 5:colcon.colcon_core.verb:set package 'kasva_sekli' build argument 'catkin_cmake_args' from command line to 'None'
[0.344s] Level 5:colcon.colcon_core.verb:set package 'kasva_sekli' build argument 'catkin_skip_building_tests' from command line to 'False'
[0.344s] DEBUG:colcon.colcon_core.verb:Building package 'kasva_sekli' with the following arguments: {'ament_cmake_args': None, 'build_base': '/home/eren/ern/projects/main_kasva_ws/build/kasva_sekli', 'catkin_cmake_args': None, 'catkin_skip_building_tests': False, 'cmake_args': None, 'cmake_clean_cache': False, 'cmake_clean_first': False, 'cmake_force_configure': False, 'cmake_target': None, 'cmake_target_skip_unavailable': False, 'install_base': '/home/eren/ern/projects/main_kasva_ws/install/kasva_sekli', 'merge_install': False, 'path': '/home/eren/ern/projects/main_kasva_ws/src/kasva_sekli', 'symlink_install': False, 'test_result_base': None}
[0.344s] Level 5:colcon.colcon_core.verb:set package 'manager' build argument 'cmake_args' from command line to 'None'
[0.344s] Level 5:colcon.colcon_core.verb:set package 'manager' build argument 'cmake_target' from command line to 'None'
[0.344s] Level 5:colcon.colcon_core.verb:set package 'manager' build argument 'cmake_target_skip_unavailable' from command line to 'False'
[0.344s] Level 5:colcon.colcon_core.verb:set package 'manager' build argument 'cmake_clean_cache' from command line to 'False'
[0.344s] Level 5:colcon.colcon_core.verb:set package 'manager' build argument 'cmake_clean_first' from command line to 'False'
[0.344s] Level 5:colcon.colcon_core.verb:set package 'manager' build argument 'cmake_force_configure' from command line to 'False'
[0.344s] Level 5:colcon.colcon_core.verb:set package 'manager' build argument 'ament_cmake_args' from command line to 'None'
[0.344s] Level 5:colcon.colcon_core.verb:set package 'manager' build argument 'catkin_cmake_args' from command line to 'None'
[0.344s] Level 5:colcon.colcon_core.verb:set package 'manager' build argument 'catkin_skip_building_tests' from command line to 'False'
[0.344s] DEBUG:colcon.colcon_core.verb:Building package 'manager' with the following arguments: {'ament_cmake_args': None, 'build_base': '/home/eren/ern/projects/main_kasva_ws/build/manager', 'catkin_cmake_args': None, 'catkin_skip_building_tests': False, 'cmake_args': None, 'cmake_clean_cache': False, 'cmake_clean_first': False, 'cmake_force_configure': False, 'cmake_target': None, 'cmake_target_skip_unavailable': False, 'install_base': '/home/eren/ern/projects/main_kasva_ws/install/manager', 'merge_install': False, 'path': '/home/eren/ern/projects/main_kasva_ws/src/manager', 'symlink_install': False, 'test_result_base': None}
[0.345s] Level 5:colcon.colcon_core.verb:set package 'obstacle' build argument 'cmake_args' from command line to 'None'
[0.345s] Level 5:colcon.colcon_core.verb:set package 'obstacle' build argument 'cmake_target' from command line to 'None'
[0.345s] Level 5:colcon.colcon_core.verb:set package 'obstacle' build argument 'cmake_target_skip_unavailable' from command line to 'False'
[0.345s] Level 5:colcon.colcon_core.verb:set package 'obstacle' build argument 'cmake_clean_cache' from command line to 'False'
[0.345s] Level 5:colcon.colcon_core.verb:set package 'obstacle' build argument 'cmake_clean_first' from command line to 'False'
[0.345s] Level 5:colcon.colcon_core.verb:set package 'obstacle' build argument 'cmake_force_configure' from command line to 'False'
[0.345s] Level 5:colcon.colcon_core.verb:set package 'obstacle' build argument 'ament_cmake_args' from command line to 'None'
[0.345s] Level 5:colcon.colcon_core.verb:set package 'obstacle' build argument 'catkin_cmake_args' from command line to 'None'
[0.345s] Level 5:colcon.colcon_core.verb:set package 'obstacle' build argument 'catkin_skip_building_tests' from command line to 'False'
[0.345s] DEBUG:colcon.colcon_core.verb:Building package 'obstacle' with the following arguments: {'ament_cmake_args': None, 'build_base': '/home/eren/ern/projects/main_kasva_ws/build/obstacle', 'catkin_cmake_args': None, 'catkin_skip_building_tests': False, 'cmake_args': None, 'cmake_clean_cache': False, 'cmake_clean_first': False, 'cmake_force_configure': False, 'cmake_target': None, 'cmake_target_skip_unavailable': False, 'install_base': '/home/eren/ern/projects/main_kasva_ws/install/obstacle', 'merge_install': False, 'path': '/home/eren/ern/projects/main_kasva_ws/src/obstacle', 'symlink_install': False, 'test_result_base': None}
[0.345s] INFO:colcon.colcon_core.executor:Executing jobs using 'parallel' executor
[0.346s] DEBUG:colcon.colcon_parallel_executor.executor.parallel:run_until_complete
[0.347s] INFO:colcon.colcon_ros.task.ament_python.build:Building ROS package in '/home/eren/ern/projects/main_kasva_ws/src/gui' with build type 'ament_python'
[0.347s] Level 1:colcon.colcon_core.shell:create_environment_hook('gui', 'ament_prefix_path')
[0.352s] INFO:colcon.colcon_core.plugin_system:Skipping extension 'colcon_core.shell.bat': Not used on non-Windows systems
[0.352s] INFO:colcon.colcon_core.shell:Creating environment hook '/home/eren/ern/projects/main_kasva_ws/install/gui/share/gui/hook/ament_prefix_path.ps1'
[0.353s] INFO:colcon.colcon_core.shell:Creating environment descriptor '/home/eren/ern/projects/main_kasva_ws/install/gui/share/gui/hook/ament_prefix_path.dsv'
[0.354s] INFO:colcon.colcon_core.shell:Creating environment hook '/home/eren/ern/projects/main_kasva_ws/install/gui/share/gui/hook/ament_prefix_path.sh'
[0.355s] INFO:colcon.colcon_core.shell:Skip shell extension 'powershell' for command environment: Not usable outside of PowerShell
[0.355s] DEBUG:colcon.colcon_core.shell:Skip shell extension 'dsv' for command environment
[0.359s] INFO:colcon.colcon_ros.task.ament_python.build:Building ROS package in '/home/eren/ern/projects/main_kasva_ws/src/img_pro' with build type 'ament_python'
[0.359s] Level 1:colcon.colcon_core.shell:create_environment_hook('img_pro', 'ament_prefix_path')
[0.359s] INFO:colcon.colcon_core.shell:Creating environment hook '/home/eren/ern/projects/main_kasva_ws/install/img_pro/share/img_pro/hook/ament_prefix_path.ps1'
[0.360s] INFO:colcon.colcon_core.shell:Creating environment descriptor '/home/eren/ern/projects/main_kasva_ws/install/img_pro/share/img_pro/hook/ament_prefix_path.dsv'
[0.361s] INFO:colcon.colcon_core.shell:Creating environment hook '/home/eren/ern/projects/main_kasva_ws/install/img_pro/share/img_pro/hook/ament_prefix_path.sh'
[0.361s] INFO:colcon.colcon_core.shell:Skip shell extension 'powershell' for command environment: Not usable outside of PowerShell
[0.361s] DEBUG:colcon.colcon_core.shell:Skip shell extension 'dsv' for command environment
[0.364s] INFO:colcon.colcon_ros.task.ament_cmake.build:Building ROS package in '/home/eren/ern/projects/main_kasva_ws/src/interfaces' with build type 'ament_cmake'
[0.364s] INFO:colcon.colcon_cmake.task.cmake.build:Building CMake package in '/home/eren/ern/projects/main_kasva_ws/src/interfaces'
[0.365s] INFO:colcon.colcon_core.shell:Skip shell extension 'powershell' for command environment: Not usable outside of PowerShell
[0.365s] DEBUG:colcon.colcon_core.shell:Skip shell extension 'dsv' for command environment
[0.368s] INFO:colcon.colcon_ros.task.ament_cmake.build:Building ROS package in '/home/eren/ern/projects/main_kasva_ws/src/kasva_sekli' with build type 'ament_cmake'
[0.368s] INFO:colcon.colcon_cmake.task.cmake.build:Building CMake package in '/home/eren/ern/projects/main_kasva_ws/src/kasva_sekli'
[0.369s] INFO:colcon.colcon_core.shell:Skip shell extension 'powershell' for command environment: Not usable outside of PowerShell
[0.369s] DEBUG:colcon.colcon_core.shell:Skip shell extension 'dsv' for command environment
[0.372s] INFO:colcon.colcon_ros.task.ament_python.build:Building ROS package in '/home/eren/ern/projects/main_kasva_ws/src/manager' with build type 'ament_python'
[0.372s] Level 1:colcon.colcon_core.shell:create_environment_hook('manager', 'ament_prefix_path')
[0.373s] INFO:colcon.colcon_core.shell:Creating environment hook '/home/eren/ern/projects/main_kasva_ws/install/manager/share/manager/hook/ament_prefix_path.ps1'
[0.373s] INFO:colcon.colcon_core.shell:Creating environment descriptor '/home/eren/ern/projects/main_kasva_ws/install/manager/share/manager/hook/ament_prefix_path.dsv'
[0.374s] INFO:colcon.colcon_core.shell:Creating environment hook '/home/eren/ern/projects/main_kasva_ws/install/manager/share/manager/hook/ament_prefix_path.sh'
[0.375s] INFO:colcon.colcon_core.shell:Skip shell extension 'powershell' for command environment: Not usable outside of PowerShell
[0.375s] DEBUG:colcon.colcon_core.shell:Skip shell extension 'dsv' for command environment
[0.380s] INFO:colcon.colcon_ros.task.ament_python.build:Building ROS package in '/home/eren/ern/projects/main_kasva_ws/src/obstacle' with build type 'ament_python'
[0.380s] Level 1:colcon.colcon_core.shell:create_environment_hook('obstacle', 'ament_prefix_path')
[0.381s] INFO:colcon.colcon_core.shell:Creating environment hook '/home/eren/ern/projects/main_kasva_ws/install/obstacle/share/obstacle/hook/ament_prefix_path.ps1'
[0.382s] INFO:colcon.colcon_core.shell:Creating environment descriptor '/home/eren/ern/projects/main_kasva_ws/install/obstacle/share/obstacle/hook/ament_prefix_path.dsv'
[0.382s] INFO:colcon.colcon_core.shell:Creating environment hook '/home/eren/ern/projects/main_kasva_ws/install/obstacle/share/obstacle/hook/ament_prefix_path.sh'
[0.383s] INFO:colcon.colcon_core.shell:Skip shell extension 'powershell' for command environment: Not usable outside of PowerShell
[0.383s] DEBUG:colcon.colcon_core.shell:Skip shell extension 'dsv' for command environment
[0.638s] INFO:colcon.colcon_core.task.python.build:Building Python package in '/home/eren/ern/projects/main_kasva_ws/src/gui'
[0.638s] INFO:colcon.colcon_core.shell:Skip shell extension 'powershell' for command environment: Not usable outside of PowerShell
[0.638s] DEBUG:colcon.colcon_core.shell:Skip shell extension 'dsv' for command environment
[0.909s] INFO:colcon.colcon_core.task.python.build:Building Python package in '/home/eren/ern/projects/main_kasva_ws/src/img_pro'
[0.909s] INFO:colcon.colcon_core.shell:Skip shell extension 'powershell' for command environment: Not usable outside of PowerShell
[0.909s] DEBUG:colcon.colcon_core.shell:Skip shell extension 'dsv' for command environment
[0.917s] DEBUG:colcon.colcon_core.event_handler.log_command:Invoking command in '/home/eren/ern/projects/main_kasva_ws/build/interfaces': CMAKE_PREFIX_PATH=${CMAKE_PREFIX_PATH}:/opt/ros/jazzy DEBUGINFOD_URLS=https://debuginfod.ubuntu.com /usr/bin/cmake --build /home/eren/ern/projects/main_kasva_ws/build/interfaces -- -j20 -l20
[0.921s] DEBUG:colcon.colcon_core.event_handler.log_command:Invoking command in '/home/eren/ern/projects/main_kasva_ws/build/kasva_sekli': CMAKE_PREFIX_PATH=${CMAKE_PREFIX_PATH}:/opt/ros/jazzy DEBUGINFOD_URLS=https://debuginfod.ubuntu.com /usr/bin/cmake --build /home/eren/ern/projects/main_kasva_ws/build/kasva_sekli -- -j20 -l20
[1.171s] INFO:colcon.colcon_core.task.python.build:Building Python package in '/home/eren/ern/projects/main_kasva_ws/src/manager'
[1.171s] INFO:colcon.colcon_core.shell:Skip shell extension 'powershell' for command environment: Not usable outside of PowerShell
[1.171s] DEBUG:colcon.colcon_core.shell:Skip shell extension 'dsv' for command environment
[1.180s] DEBUG:colcon.colcon_core.event_handler.log_command:Invoked command in '/home/eren/ern/projects/main_kasva_ws/build/kasva_sekli' returned '0': CMAKE_PREFIX_PATH=${CMAKE_PREFIX_PATH}:/opt/ros/jazzy DEBUGINFOD_URLS=https://debuginfod.ubuntu.com /usr/bin/cmake --build /home/eren/ern/projects/main_kasva_ws/build/kasva_sekli -- -j20 -l20
[1.191s] DEBUG:colcon.colcon_core.event_handler.log_command:Invoking command in '/home/eren/ern/projects/main_kasva_ws/build/kasva_sekli': CMAKE_PREFIX_PATH=${CMAKE_PREFIX_PATH}:/opt/ros/jazzy DEBUGINFOD_URLS=https://debuginfod.ubuntu.com /usr/bin/cmake --install /home/eren/ern/projects/main_kasva_ws/build/kasva_sekli
[1.438s] INFO:colcon.colcon_core.task.python.build:Building Python package in '/home/eren/ern/projects/main_kasva_ws/src/obstacle'
[1.438s] INFO:colcon.colcon_core.shell:Skip shell extension 'powershell' for command environment: Not usable outside of PowerShell
[1.438s] DEBUG:colcon.colcon_core.shell:Skip shell extension 'dsv' for command environment
[1.454s] Level 1:colcon.colcon_core.environment:create_environment_scripts_only(kasva_sekli)
[1.455s] DEBUG:colcon.colcon_core.event_handler.log_command:Invoked command in '/home/eren/ern/projects/main_kasva_ws/build/kasva_sekli' returned '0': CMAKE_PREFIX_PATH=${CMAKE_PREFIX_PATH}:/opt/ros/jazzy DEBUGINFOD_URLS=https://debuginfod.ubuntu.com /usr/bin/cmake --install /home/eren/ern/projects/main_kasva_ws/build/kasva_sekli
[1.461s] Level 1:colcon.colcon_core.environment:checking '/home/eren/ern/projects/main_kasva_ws/install/kasva_sekli' for CMake module files
[1.462s] Level 1:colcon.colcon_core.environment:checking '/home/eren/ern/projects/main_kasva_ws/install/kasva_sekli' for CMake config files
[1.463s] Level 1:colcon.colcon_core.shell:create_environment_hook('kasva_sekli', 'cmake_prefix_path')
[1.463s] INFO:colcon.colcon_core.shell:Creating environment hook '/home/eren/ern/projects/main_kasva_ws/install/kasva_sekli/share/kasva_sekli/hook/cmake_prefix_path.ps1'
[1.464s] INFO:colcon.colcon_core.shell:Creating environment descriptor '/home/eren/ern/projects/main_kasva_ws/install/kasva_sekli/share/kasva_sekli/hook/cmake_prefix_path.dsv'
[1.465s] INFO:colcon.colcon_core.shell:Creating environment hook '/home/eren/ern/projects/main_kasva_ws/install/kasva_sekli/share/kasva_sekli/hook/cmake_prefix_path.sh'
[1.466s] Level 1:colcon.colcon_core.environment:checking '/home/eren/ern/projects/main_kasva_ws/install/kasva_sekli/bin'
[1.466s] Level 1:colcon.colcon_core.environment:checking '/home/eren/ern/projects/main_kasva_ws/install/kasva_sekli/lib/pkgconfig/kasva_sekli.pc'
[1.467s] Level 1:colcon.colcon_core.environment:checking '/home/eren/ern/projects/main_kasva_ws/install/kasva_sekli/lib/python3.12/site-packages'
[1.467s] Level 1:colcon.colcon_core.environment:checking '/home/eren/ern/projects/main_kasva_ws/install/kasva_sekli/bin'
[1.467s] INFO:colcon.colcon_core.shell:Creating package script '/home/eren/ern/projects/main_kasva_ws/install/kasva_sekli/share/kasva_sekli/package.ps1'
[1.469s] INFO:colcon.colcon_core.shell:Creating package descriptor '/home/eren/ern/projects/main_kasva_ws/install/kasva_sekli/share/kasva_sekli/package.dsv'
[1.470s] INFO:colcon.colcon_core.shell:Creating package script '/home/eren/ern/projects/main_kasva_ws/install/kasva_sekli/share/kasva_sekli/package.sh'
[1.471s] INFO:colcon.colcon_core.shell:Creating package script '/home/eren/ern/projects/main_kasva_ws/install/kasva_sekli/share/kasva_sekli/package.bash'
[1.472s] INFO:colcon.colcon_core.shell:Creating package script '/home/eren/ern/projects/main_kasva_ws/install/kasva_sekli/share/kasva_sekli/package.zsh'
[1.473s] Level 1:colcon.colcon_core.environment:create_file_with_runtime_dependencies(/home/eren/ern/projects/main_kasva_ws/install/kasva_sekli/share/colcon-core/packages/kasva_sekli)
[1.473s] Level 1:colcon.colcon_core.environment:create_environment_scripts_only(kasva_sekli)
[1.474s] Level 1:colcon.colcon_core.environment:checking '/home/eren/ern/projects/main_kasva_ws/install/kasva_sekli' for CMake module files
[1.474s] Level 1:colcon.colcon_core.environment:checking '/home/eren/ern/projects/main_kasva_ws/install/kasva_sekli' for CMake config files
[1.475s] Level 1:colcon.colcon_core.shell:create_environment_hook('kasva_sekli', 'cmake_prefix_path')
[1.475s] INFO:colcon.colcon_core.shell:Creating environment hook '/home/eren/ern/projects/main_kasva_ws/install/kasva_sekli/share/kasva_sekli/hook/cmake_prefix_path.ps1'
[1.475s] INFO:colcon.colcon_core.shell:Creating environment descriptor '/home/eren/ern/projects/main_kasva_ws/install/kasva_sekli/share/kasva_sekli/hook/cmake_prefix_path.dsv'
[1.476s] INFO:colcon.colcon_core.shell:Creating environment hook '/home/eren/ern/projects/main_kasva_ws/install/kasva_sekli/share/kasva_sekli/hook/cmake_prefix_path.sh'
[1.476s] Level 1:colcon.colcon_core.environment:checking '/home/eren/ern/projects/main_kasva_ws/install/kasva_sekli/bin'
[1.476s] Level 1:colcon.colcon_core.environment:checking '/home/eren/ern/projects/main_kasva_ws/install/kasva_sekli/lib/pkgconfig/kasva_sekli.pc'
[1.477s] Level 1:colcon.colcon_core.environment:checking '/home/eren/ern/projects/main_kasva_ws/install/kasva_sekli/lib/python3.12/site-packages'
[1.477s] Level 1:colcon.colcon_core.environment:checking '/home/eren/ern/projects/main_kasva_ws/install/kasva_sekli/bin'
[1.477s] INFO:colcon.colcon_core.shell:Creating package script '/home/eren/ern/projects/main_kasva_ws/install/kasva_sekli/share/kasva_sekli/package.ps1'
[1.477s] INFO:colcon.colcon_core.shell:Creating package descriptor '/home/eren/ern/projects/main_kasva_ws/install/kasva_sekli/share/kasva_sekli/package.dsv'
[1.478s] INFO:colcon.colcon_core.shell:Creating package script '/home/eren/ern/projects/main_kasva_ws/install/kasva_sekli/share/kasva_sekli/package.sh'
[1.478s] INFO:colcon.colcon_core.shell:Creating package script '/home/eren/ern/projects/main_kasva_ws/install/kasva_sekli/share/kasva_sekli/package.bash'
[1.479s] INFO:colcon.colcon_core.shell:Creating package script '/home/eren/ern/projects/main_kasva_ws/install/kasva_sekli/share/kasva_sekli/package.zsh'
[1.479s] Level 1:colcon.colcon_core.environment:create_file_with_runtime_dependencies(/home/eren/ern/projects/main_kasva_ws/install/kasva_sekli/share/colcon-core/packages/kasva_sekli)
[2.228s] DEBUG:colcon.colcon_core.event_handler.log_command:Invoking command in '/home/eren/ern/projects/main_kasva_ws/src/img_pro': DEBUGINFOD_URLS=https://debuginfod.ubuntu.com PYTHONPATH=/home/eren/ern/projects/main_kasva_ws/build/img_pro/prefix_override:/usr/lib/python3/dist-packages/colcon_core/task/python/colcon_distutils_commands:/home/eren/ern/projects/main_kasva_ws/install/img_pro/lib/python3.12/site-packages:${PYTHONPATH} /usr/bin/python3 -W ignore:setup.py install is deprecated -W ignore:easy_install command is deprecated setup.py egg_info --egg-base ../../build/img_pro build --build-base /home/eren/ern/projects/main_kasva_ws/build/img_pro/build install --record /home/eren/ern/projects/main_kasva_ws/build/img_pro/install.log --single-version-externally-managed install_data
[2.232s] DEBUG:colcon.colcon_core.event_handler.log_command:Invoking command in '/home/eren/ern/projects/main_kasva_ws/src/manager': DEBUGINFOD_URLS=https://debuginfod.ubuntu.com PYTHONPATH=/home/eren/ern/projects/main_kasva_ws/build/manager/prefix_override:/usr/lib/python3/dist-packages/colcon_core/task/python/colcon_distutils_commands:/home/eren/ern/projects/main_kasva_ws/install/manager/lib/python3.12/site-packages:${PYTHONPATH} /usr/bin/python3 -W ignore:setup.py install is deprecated -W ignore:easy_install command is deprecated setup.py egg_info --egg-base ../../build/manager build --build-base /home/eren/ern/projects/main_kasva_ws/build/manager/build install --record /home/eren/ern/projects/main_kasva_ws/build/manager/install.log --single-version-externally-managed install_data
[2.236s] DEBUG:colcon.colcon_core.event_handler.log_command:Invoking command in '/home/eren/ern/projects/main_kasva_ws/src/gui': DEBUGINFOD_URLS=https://debuginfod.ubuntu.com PYTHONPATH=/home/eren/ern/projects/main_kasva_ws/build/gui/prefix_override:/usr/lib/python3/dist-packages/colcon_core/task/python/colcon_distutils_commands:/home/eren/ern/projects/main_kasva_ws/install/gui/lib/python3.12/site-packages:${PYTHONPATH} /usr/bin/python3 -W ignore:setup.py install is deprecated -W ignore:easy_install command is deprecated setup.py egg_info --egg-base ../../build/gui build --build-base /home/eren/ern/projects/main_kasva_ws/build/gui/build install --record /home/eren/ern/projects/main_kasva_ws/build/gui/install.log --single-version-externally-managed install_data
[2.241s] DEBUG:colcon.colcon_core.event_handler.log_command:Invoking command in '/home/eren/ern/projects/main_kasva_ws/src/obstacle': DEBUGINFOD_URLS=https://debuginfod.ubuntu.com PYTHONPATH=/home/eren/ern/projects/main_kasva_ws/build/obstacle/prefix_override:/usr/lib/python3/dist-packages/colcon_core/task/python/colcon_distutils_commands:/home/eren/ern/projects/main_kasva_ws/install/obstacle/lib/python3.12/site-packages:${PYTHONPATH} /usr/bin/python3 -W ignore:setup.py install is deprecated -W ignore:easy_install command is deprecated setup.py egg_info --egg-base ../../build/obstacle build --build-base /home/eren/ern/projects/main_kasva_ws/build/obstacle/build install --record /home/eren/ern/projects/main_kasva_ws/build/obstacle/install.log --single-version-externally-managed install_data
[2.858s] Level 1:colcon.colcon_core.environment:checking '/home/eren/ern/projects/main_kasva_ws/install/manager' for CMake module files
[2.859s] DEBUG:colcon.colcon_core.event_handler.log_command:Invoked command in '/home/eren/ern/projects/main_kasva_ws/src/manager' returned '0': DEBUGINFOD_URLS=https://debuginfod.ubuntu.com PYTHONPATH=/home/eren/ern/projects/main_kasva_ws/build/manager/prefix_override:/usr/lib/python3/dist-packages/colcon_core/task/python/colcon_distutils_commands:/home/eren/ern/projects/main_kasva_ws/install/manager/lib/python3.12/site-packages:${PYTHONPATH} /usr/bin/python3 -W ignore:setup.py install is deprecated -W ignore:easy_install command is deprecated setup.py egg_info --egg-base ../../build/manager build --build-base /home/eren/ern/projects/main_kasva_ws/build/manager/build install --record /home/eren/ern/projects/main_kasva_ws/build/manager/install.log --single-version-externally-managed install_data
[2.859s] Level 1:colcon.colcon_core.environment:checking '/home/eren/ern/projects/main_kasva_ws/install/manager' for CMake config files
[2.860s] Level 1:colcon.colcon_core.environment:checking '/home/eren/ern/projects/main_kasva_ws/install/manager/lib'
[2.860s] Level 1:colcon.colcon_core.environment:checking '/home/eren/ern/projects/main_kasva_ws/install/manager/bin'
[2.861s] Level 1:colcon.colcon_core.environment:checking '/home/eren/ern/projects/main_kasva_ws/install/manager/lib/pkgconfig/manager.pc'
[2.861s] Level 1:colcon.colcon_core.environment:checking '/home/eren/ern/projects/main_kasva_ws/install/manager/lib/python3.12/site-packages'
[2.861s] Level 1:colcon.colcon_core.shell:create_environment_hook('manager', 'pythonpath')
[2.862s] INFO:colcon.colcon_core.shell:Creating environment hook '/home/eren/ern/projects/main_kasva_ws/install/manager/share/manager/hook/pythonpath.ps1'
[2.862s] INFO:colcon.colcon_core.shell:Creating environment descriptor '/home/eren/ern/projects/main_kasva_ws/install/manager/share/manager/hook/pythonpath.dsv'
[2.863s] INFO:colcon.colcon_core.shell:Creating environment hook '/home/eren/ern/projects/main_kasva_ws/install/manager/share/manager/hook/pythonpath.sh'
[2.863s] Level 1:colcon.colcon_core.environment:checking '/home/eren/ern/projects/main_kasva_ws/install/manager/bin'
[2.864s] Level 1:colcon.colcon_core.environment:create_environment_scripts_only(manager)
[2.864s] INFO:colcon.colcon_core.shell:Creating package script '/home/eren/ern/projects/main_kasva_ws/install/manager/share/manager/package.ps1'
[2.864s] INFO:colcon.colcon_core.shell:Creating package descriptor '/home/eren/ern/projects/main_kasva_ws/install/manager/share/manager/package.dsv'
[2.865s] INFO:colcon.colcon_core.shell:Creating package script '/home/eren/ern/projects/main_kasva_ws/install/manager/share/manager/package.sh'
[2.865s] INFO:colcon.colcon_core.shell:Creating package script '/home/eren/ern/projects/main_kasva_ws/install/manager/share/manager/package.bash'
[2.866s] INFO:colcon.colcon_core.shell:Creating package script '/home/eren/ern/projects/main_kasva_ws/install/manager/share/manager/package.zsh'
[2.866s] Level 1:colcon.colcon_core.environment:create_file_with_runtime_dependencies(/home/eren/ern/projects/main_kasva_ws/install/manager/share/colcon-core/packages/manager)
[2.917s] Level 1:colcon.colcon_core.environment:checking '/home/eren/ern/projects/main_kasva_ws/install/img_pro' for CMake module files
[2.918s] DEBUG:colcon.colcon_core.event_handler.log_command:Invoked command in '/home/eren/ern/projects/main_kasva_ws/src/img_pro' returned '0': DEBUGINFOD_URLS=https://debuginfod.ubuntu.com PYTHONPATH=/home/eren/ern/projects/main_kasva_ws/build/img_pro/prefix_override:/usr/lib/python3/dist-packages/colcon_core/task/python/colcon_distutils_commands:/home/eren/ern/projects/main_kasva_ws/install/img_pro/lib/python3.12/site-packages:${PYTHONPATH} /usr/bin/python3 -W ignore:setup.py install is deprecated -W ignore:easy_install command is deprecated setup.py egg_info --egg-base ../../build/img_pro build --build-base /home/eren/ern/projects/main_kasva_ws/build/img_pro/build install --record /home/eren/ern/projects/main_kasva_ws/build/img_pro/install.log --single-version-externally-managed install_data
[2.919s] Level 1:colcon.colcon_core.environment:checking '/home/eren/ern/projects/main_kasva_ws/install/img_pro' for CMake config files
[2.920s] Level 1:colcon.colcon_core.environment:checking '/home/eren/ern/projects/main_kasva_ws/install/img_pro/lib'
[2.920s] Level 1:colcon.colcon_core.environment:checking '/home/eren/ern/projects/main_kasva_ws/install/img_pro/bin'
[2.920s] Level 1:colcon.colcon_core.environment:checking '/home/eren/ern/projects/main_kasva_ws/install/img_pro/lib/pkgconfig/img_pro.pc'
[2.920s] Level 1:colcon.colcon_core.environment:checking '/home/eren/ern/projects/main_kasva_ws/install/img_pro/lib/python3.12/site-packages'
[2.921s] Level 1:colcon.colcon_core.shell:create_environment_hook('img_pro', 'pythonpath')
[2.921s] INFO:colcon.colcon_core.shell:Creating environment hook '/home/eren/ern/projects/main_kasva_ws/install/img_pro/share/img_pro/hook/pythonpath.ps1'
[2.921s] INFO:colcon.colcon_core.shell:Creating environment descriptor '/home/eren/ern/projects/main_kasva_ws/install/img_pro/share/img_pro/hook/pythonpath.dsv'
[2.922s] INFO:colcon.colcon_core.shell:Creating environment hook '/home/eren/ern/projects/main_kasva_ws/install/img_pro/share/img_pro/hook/pythonpath.sh'
[2.922s] Level 1:colcon.colcon_core.environment:checking '/home/eren/ern/projects/main_kasva_ws/install/img_pro/bin'
[2.922s] Level 1:colcon.colcon_core.environment:create_environment_scripts_only(img_pro)
[2.923s] INFO:colcon.colcon_core.shell:Creating package script '/home/eren/ern/projects/main_kasva_ws/install/img_pro/share/img_pro/package.ps1'
[2.923s] INFO:colcon.colcon_core.shell:Creating package descriptor '/home/eren/ern/projects/main_kasva_ws/install/img_pro/share/img_pro/package.dsv'
[2.924s] INFO:colcon.colcon_core.shell:Creating package script '/home/eren/ern/projects/main_kasva_ws/install/img_pro/share/img_pro/package.sh'
[2.925s] INFO:colcon.colcon_core.shell:Creating package script '/home/eren/ern/projects/main_kasva_ws/install/img_pro/share/img_pro/package.bash'
[2.925s] INFO:colcon.colcon_core.shell:Creating package script '/home/eren/ern/projects/main_kasva_ws/install/img_pro/share/img_pro/package.zsh'
[2.926s] Level 1:colcon.colcon_core.environment:create_file_with_runtime_dependencies(/home/eren/ern/projects/main_kasva_ws/install/img_pro/share/colcon-core/packages/img_pro)
[2.985s] Level 1:colcon.colcon_core.environment:checking '/home/eren/ern/projects/main_kasva_ws/install/obstacle' for CMake module files
[2.986s] DEBUG:colcon.colcon_core.event_handler.log_command:Invoked command in '/home/eren/ern/projects/main_kasva_ws/src/obstacle' returned '0': DEBUGINFOD_URLS=https://debuginfod.ubuntu.com PYTHONPATH=/home/eren/ern/projects/main_kasva_ws/build/obstacle/prefix_override:/usr/lib/python3/dist-packages/colcon_core/task/python/colcon_distutils_commands:/home/eren/ern/projects/main_kasva_ws/install/obstacle/lib/python3.12/site-packages:${PYTHONPATH} /usr/bin/python3 -W ignore:setup.py install is deprecated -W ignore:easy_install command is deprecated setup.py egg_info --egg-base ../../build/obstacle build --build-base /home/eren/ern/projects/main_kasva_ws/build/obstacle/build install --record /home/eren/ern/projects/main_kasva_ws/build/obstacle/install.log --single-version-externally-managed install_data
[2.986s] Level 1:colcon.colcon_core.environment:checking '/home/eren/ern/projects/main_kasva_ws/install/obstacle' for CMake config files
[2.987s] Level 1:colcon.colcon_core.environment:checking '/home/eren/ern/projects/main_kasva_ws/install/obstacle/lib'
[2.987s] Level 1:colcon.colcon_core.environment:checking '/home/eren/ern/projects/main_kasva_ws/install/obstacle/bin'
[2.988s] Level 1:colcon.colcon_core.environment:checking '/home/eren/ern/projects/main_kasva_ws/install/obstacle/lib/pkgconfig/obstacle.pc'
[2.988s] Level 1:colcon.colcon_core.environment:checking '/home/eren/ern/projects/main_kasva_ws/install/obstacle/lib/python3.12/site-packages'
[2.988s] Level 1:colcon.colcon_core.shell:create_environment_hook('obstacle', 'pythonpath')
[2.988s] INFO:colcon.colcon_core.shell:Creating environment hook '/home/eren/ern/projects/main_kasva_ws/install/obstacle/share/obstacle/hook/pythonpath.ps1'
[2.990s] INFO:colcon.colcon_core.shell:Creating environment descriptor '/home/eren/ern/projects/main_kasva_ws/install/obstacle/share/obstacle/hook/pythonpath.dsv'
[2.991s] INFO:colcon.colcon_core.shell:Creating environment hook '/home/eren/ern/projects/main_kasva_ws/install/obstacle/share/obstacle/hook/pythonpath.sh'
[2.992s] Level 1:colcon.colcon_core.environment:checking '/home/eren/ern/projects/main_kasva_ws/install/obstacle/bin'
[2.992s] Level 1:colcon.colcon_core.environment:create_environment_scripts_only(obstacle)
[2.993s] INFO:colcon.colcon_core.shell:Creating package script '/home/eren/ern/projects/main_kasva_ws/install/obstacle/share/obstacle/package.ps1'
[2.994s] INFO:colcon.colcon_core.shell:Creating package descriptor '/home/eren/ern/projects/main_kasva_ws/install/obstacle/share/obstacle/package.dsv'
[2.995s] INFO:colcon.colcon_core.shell:Creating package script '/home/eren/ern/projects/main_kasva_ws/install/obstacle/share/obstacle/package.sh'
[2.996s] INFO:colcon.colcon_core.shell:Creating package script '/home/eren/ern/projects/main_kasva_ws/install/obstacle/share/obstacle/package.bash'
[2.997s] INFO:colcon.colcon_core.shell:Creating package script '/home/eren/ern/projects/main_kasva_ws/install/obstacle/share/obstacle/package.zsh'
[2.997s] Level 1:colcon.colcon_core.environment:create_file_with_runtime_dependencies(/home/eren/ern/projects/main_kasva_ws/install/obstacle/share/colcon-core/packages/obstacle)
[3.157s] Level 1:colcon.colcon_core.environment:checking '/home/eren/ern/projects/main_kasva_ws/install/gui' for CMake module files
[3.158s] DEBUG:colcon.colcon_core.event_handler.log_command:Invoked command in '/home/eren/ern/projects/main_kasva_ws/src/gui' returned '0': DEBUGINFOD_URLS=https://debuginfod.ubuntu.com PYTHONPATH=/home/eren/ern/projects/main_kasva_ws/build/gui/prefix_override:/usr/lib/python3/dist-packages/colcon_core/task/python/colcon_distutils_commands:/home/eren/ern/projects/main_kasva_ws/install/gui/lib/python3.12/site-packages:${PYTHONPATH} /usr/bin/python3 -W ignore:setup.py install is deprecated -W ignore:easy_install command is deprecated setup.py egg_info --egg-base ../../build/gui build --build-base /home/eren/ern/projects/main_kasva_ws/build/gui/build install --record /home/eren/ern/projects/main_kasva_ws/build/gui/install.log --single-version-externally-managed install_data
[3.159s] Level 1:colcon.colcon_core.environment:checking '/home/eren/ern/projects/main_kasva_ws/install/gui' for CMake config files
[3.159s] Level 1:colcon.colcon_core.environment:checking '/home/eren/ern/projects/main_kasva_ws/install/gui/lib'
[3.159s] Level 1:colcon.colcon_core.environment:checking '/home/eren/ern/projects/main_kasva_ws/install/gui/bin'
[3.159s] Level 1:colcon.colcon_core.environment:checking '/home/eren/ern/projects/main_kasva_ws/install/gui/lib/pkgconfig/gui.pc'
[3.160s] Level 1:colcon.colcon_core.environment:checking '/home/eren/ern/projects/main_kasva_ws/install/gui/lib/python3.12/site-packages'
[3.160s] Level 1:colcon.colcon_core.shell:create_environment_hook('gui', 'pythonpath')
[3.160s] INFO:colcon.colcon_core.shell:Creating environment hook '/home/eren/ern/projects/main_kasva_ws/install/gui/share/gui/hook/pythonpath.ps1'
[3.160s] INFO:colcon.colcon_core.shell:Creating environment descriptor '/home/eren/ern/projects/main_kasva_ws/install/gui/share/gui/hook/pythonpath.dsv'
[3.161s] INFO:colcon.colcon_core.shell:Creating environment hook '/home/eren/ern/projects/main_kasva_ws/install/gui/share/gui/hook/pythonpath.sh'
[3.161s] Level 1:colcon.colcon_core.environment:checking '/home/eren/ern/projects/main_kasva_ws/install/gui/bin'
[3.162s] Level 1:colcon.colcon_core.environment:create_environment_scripts_only(gui)
[3.162s] INFO:colcon.colcon_core.shell:Creating package script '/home/eren/ern/projects/main_kasva_ws/install/gui/share/gui/package.ps1'
[3.162s] INFO:colcon.colcon_core.shell:Creating package descriptor '/home/eren/ern/projects/main_kasva_ws/install/gui/share/gui/package.dsv'
[3.163s] INFO:colcon.colcon_core.shell:Creating package script '/home/eren/ern/projects/main_kasva_ws/install/gui/share/gui/package.sh'
[3.163s] INFO:colcon.colcon_core.shell:Creating package script '/home/eren/ern/projects/main_kasva_ws/install/gui/share/gui/package.bash'
[3.164s] INFO:colcon.colcon_core.shell:Creating package script '/home/eren/ern/projects/main_kasva_ws/install/gui/share/gui/package.zsh'
[3.164s] Level 1:colcon.colcon_core.environment:create_file_with_runtime_dependencies(/home/eren/ern/projects/main_kasva_ws/install/gui/share/colcon-core/packages/gui)
[5.540s] DEBUG:colcon.colcon_core.event_handler.log_command:Invoked command in '/home/eren/ern/projects/main_kasva_ws/build/interfaces' returned '0': CMAKE_PREFIX_PATH=${CMAKE_PREFIX_PATH}:/opt/ros/jazzy DEBUGINFOD_URLS=https://debuginfod.ubuntu.com /usr/bin/cmake --build /home/eren/ern/projects/main_kasva_ws/build/interfaces -- -j20 -l20
[5.542s] DEBUG:colcon.colcon_core.event_handler.log_command:Invoking command in '/home/eren/ern/projects/main_kasva_ws/build/interfaces': CMAKE_PREFIX_PATH=${CMAKE_PREFIX_PATH}:/opt/ros/jazzy DEBUGINFOD_URLS=https://debuginfod.ubuntu.com /usr/bin/cmake --install /home/eren/ern/projects/main_kasva_ws/build/interfaces
[5.636s] Level 1:colcon.colcon_core.environment:create_environment_scripts_only(interfaces)
[5.636s] Level 1:colcon.colcon_core.environment:checking '/home/eren/ern/projects/main_kasva_ws/install/interfaces' for CMake module files
[5.636s] DEBUG:colcon.colcon_core.event_handler.log_command:Invoked command in '/home/eren/ern/projects/main_kasva_ws/build/interfaces' returned '0': CMAKE_PREFIX_PATH=${CMAKE_PREFIX_PATH}:/opt/ros/jazzy DEBUGINFOD_URLS=https://debuginfod.ubuntu.com /usr/bin/cmake --install /home/eren/ern/projects/main_kasva_ws/build/interfaces
[5.637s] Level 1:colcon.colcon_core.environment:checking '/home/eren/ern/projects/main_kasva_ws/install/interfaces' for CMake config files
[5.637s] Level 1:colcon.colcon_core.shell:create_environment_hook('interfaces', 'cmake_prefix_path')
[5.638s] INFO:colcon.colcon_core.shell:Creating environment hook '/home/eren/ern/projects/main_kasva_ws/install/interfaces/share/interfaces/hook/cmake_prefix_path.ps1'
[5.638s] INFO:colcon.colcon_core.shell:Creating environment descriptor '/home/eren/ern/projects/main_kasva_ws/install/interfaces/share/interfaces/hook/cmake_prefix_path.dsv'
[5.638s] INFO:colcon.colcon_core.shell:Creating environment hook '/home/eren/ern/projects/main_kasva_ws/install/interfaces/share/interfaces/hook/cmake_prefix_path.sh'
[5.639s] Level 1:colcon.colcon_core.environment:checking '/home/eren/ern/projects/main_kasva_ws/install/interfaces/lib'
[5.639s] Level 1:colcon.colcon_core.shell:create_environment_hook('interfaces', 'ld_library_path_lib')
[5.639s] INFO:colcon.colcon_core.shell:Creating environment hook '/home/eren/ern/projects/main_kasva_ws/install/interfaces/share/interfaces/hook/ld_library_path_lib.ps1'
[5.640s] INFO:colcon.colcon_core.shell:Creating environment descriptor '/home/eren/ern/projects/main_kasva_ws/install/interfaces/share/interfaces/hook/ld_library_path_lib.dsv'
[5.640s] INFO:colcon.colcon_core.shell:Creating environment hook '/home/eren/ern/projects/main_kasva_ws/install/interfaces/share/interfaces/hook/ld_library_path_lib.sh'
[5.641s] Level 1:colcon.colcon_core.environment:checking '/home/eren/ern/projects/main_kasva_ws/install/interfaces/bin'
[5.641s] Level 1:colcon.colcon_core.environment:checking '/home/eren/ern/projects/main_kasva_ws/install/interfaces/lib/pkgconfig/interfaces.pc'
[5.641s] Level 1:colcon.colcon_core.environment:checking '/home/eren/ern/projects/main_kasva_ws/install/interfaces/lib/python3.12/site-packages'
[5.641s] Level 1:colcon.colcon_core.shell:create_environment_hook('interfaces', 'pythonpath')
[5.641s] INFO:colcon.colcon_core.shell:Creating environment hook '/home/eren/ern/projects/main_kasva_ws/install/interfaces/share/interfaces/hook/pythonpath.ps1'
[5.642s] INFO:colcon.colcon_core.shell:Creating environment descriptor '/home/eren/ern/projects/main_kasva_ws/install/interfaces/share/interfaces/hook/pythonpath.dsv'
[5.642s] INFO:colcon.colcon_core.shell:Creating environment hook '/home/eren/ern/projects/main_kasva_ws/install/interfaces/share/interfaces/hook/pythonpath.sh'
[5.643s] Level 1:colcon.colcon_core.environment:checking '/home/eren/ern/projects/main_kasva_ws/install/interfaces/bin'
[5.643s] INFO:colcon.colcon_core.shell:Creating package script '/home/eren/ern/projects/main_kasva_ws/install/interfaces/share/interfaces/package.ps1'
[5.643s] INFO:colcon.colcon_core.shell:Creating package descriptor '/home/eren/ern/projects/main_kasva_ws/install/interfaces/share/interfaces/package.dsv'
[5.644s] INFO:colcon.colcon_core.shell:Creating package script '/home/eren/ern/projects/main_kasva_ws/install/interfaces/share/interfaces/package.sh'
[5.644s] INFO:colcon.colcon_core.shell:Creating package script '/home/eren/ern/projects/main_kasva_ws/install/interfaces/share/interfaces/package.bash'
[5.645s] INFO:colcon.colcon_core.shell:Creating package script '/home/eren/ern/projects/main_kasva_ws/install/interfaces/share/interfaces/package.zsh'
[5.645s] Level 1:colcon.colcon_core.environment:create_file_with_runtime_dependencies(/home/eren/ern/projects/main_kasva_ws/install/interfaces/share/colcon-core/packages/interfaces)
[5.645s] Level 1:colcon.colcon_core.environment:create_environment_scripts_only(interfaces)
[5.645s] Level 1:colcon.colcon_core.environment:checking '/home/eren/ern/projects/main_kasva_ws/install/interfaces' for CMake module files
[5.646s] Level 1:colcon.colcon_core.environment:checking '/home/eren/ern/projects/main_kasva_ws/install/interfaces' for CMake config files
[5.646s] Level 1:colcon.colcon_core.shell:create_environment_hook('interfaces', 'cmake_prefix_path')
[5.646s] INFO:colcon.colcon_core.shell:Creating environment hook '/home/eren/ern/projects/main_kasva_ws/install/interfaces/share/interfaces/hook/cmake_prefix_path.ps1'
[5.647s] INFO:colcon.colcon_core.shell:Creating environment descriptor '/home/eren/ern/projects/main_kasva_ws/install/interfaces/share/interfaces/hook/cmake_prefix_path.dsv'
[5.647s] INFO:colcon.colcon_core.shell:Creating environment hook '/home/eren/ern/projects/main_kasva_ws/install/interfaces/share/interfaces/hook/cmake_prefix_path.sh'
[5.648s] Level 1:colcon.colcon_core.environment:checking '/home/eren/ern/projects/main_kasva_ws/install/interfaces/lib'
[5.648s] Level 1:colcon.colcon_core.shell:create_environment_hook('interfaces', 'ld_library_path_lib')
[5.648s] INFO:colcon.colcon_core.shell:Creating environment hook '/home/eren/ern/projects/main_kasva_ws/install/interfaces/share/interfaces/hook/ld_library_path_lib.ps1'
[5.648s] INFO:colcon.colcon_core.shell:Creating environment descriptor '/home/eren/ern/projects/main_kasva_ws/install/interfaces/share/interfaces/hook/ld_library_path_lib.dsv'
[5.649s] INFO:colcon.colcon_core.shell:Creating environment hook '/home/eren/ern/projects/main_kasva_ws/install/interfaces/share/interfaces/hook/ld_library_path_lib.sh'
[5.649s] Level 1:colcon.colcon_core.environment:checking '/home/eren/ern/projects/main_kasva_ws/install/interfaces/bin'
[5.649s] Level 1:colcon.colcon_core.environment:checking '/home/eren/ern/projects/main_kasva_ws/install/interfaces/lib/pkgconfig/interfaces.pc'
[5.649s] Level 1:colcon.colcon_core.environment:checking '/home/eren/ern/projects/main_kasva_ws/install/interfaces/lib/python3.12/site-packages'
[5.649s] Level 1:colcon.colcon_core.shell:create_environment_hook('interfaces', 'pythonpath')
[5.650s] INFO:colcon.colcon_core.shell:Creating environment hook '/home/eren/ern/projects/main_kasva_ws/install/interfaces/share/interfaces/hook/pythonpath.ps1'
[5.650s] INFO:colcon.colcon_core.shell:Creating environment descriptor '/home/eren/ern/projects/main_kasva_ws/install/interfaces/share/interfaces/hook/pythonpath.dsv'
[5.650s] INFO:colcon.colcon_core.shell:Creating environment hook '/home/eren/ern/projects/main_kasva_ws/install/interfaces/share/interfaces/hook/pythonpath.sh'
[5.651s] Level 1:colcon.colcon_core.environment:checking '/home/eren/ern/projects/main_kasva_ws/install/interfaces/bin'
[5.651s] INFO:colcon.colcon_core.shell:Creating package script '/home/eren/ern/projects/main_kasva_ws/install/interfaces/share/interfaces/package.ps1'
[5.652s] INFO:colcon.colcon_core.shell:Creating package descriptor '/home/eren/ern/projects/main_kasva_ws/install/interfaces/share/interfaces/package.dsv'
[5.652s] INFO:colcon.colcon_core.shell:Creating package script '/home/eren/ern/projects/main_kasva_ws/install/interfaces/share/interfaces/package.sh'
[5.653s] INFO:colcon.colcon_core.shell:Creating package script '/home/eren/ern/projects/main_kasva_ws/install/interfaces/share/interfaces/package.bash'
[5.653s] INFO:colcon.colcon_core.shell:Creating package script '/home/eren/ern/projects/main_kasva_ws/install/interfaces/share/interfaces/package.zsh'
[5.653s] Level 1:colcon.colcon_core.environment:create_file_with_runtime_dependencies(/home/eren/ern/projects/main_kasva_ws/install/interfaces/share/colcon-core/packages/interfaces)
[5.653s] DEBUG:colcon.colcon_parallel_executor.executor.parallel:closing loop
[5.654s] DEBUG:colcon.colcon_parallel_executor.executor.parallel:loop closed
[5.654s] DEBUG:colcon.colcon_parallel_executor.executor.parallel:run_until_complete finished with '0'
[5.654s] DEBUG:colcon.colcon_core.event_reactor:joining thread
[5.662s] INFO:colcon.colcon_core.plugin_system:Skipping extension 'colcon_notification.desktop_notification.terminal_notifier': Not used on non-Darwin systems
[5.662s] INFO:colcon.colcon_core.plugin_system:Skipping extension 'colcon_notification.desktop_notification.win32': Not used on non-Windows systems
[5.662s] INFO:colcon.colcon_notification.desktop_notification:Sending desktop notification using 'notify2'
[5.694s] DEBUG:colcon.colcon_core.event_reactor:joined thread
[5.694s] INFO:colcon.colcon_core.shell:Creating prefix script '/home/eren/ern/projects/main_kasva_ws/install/local_setup.ps1'
[5.697s] INFO:colcon.colcon_core.shell:Creating prefix util module '/home/eren/ern/projects/main_kasva_ws/install/_local_setup_util_ps1.py'
[5.700s] INFO:colcon.colcon_core.shell:Creating prefix chain script '/home/eren/ern/projects/main_kasva_ws/install/setup.ps1'
[5.702s] INFO:colcon.colcon_core.shell:Creating prefix script '/home/eren/ern/projects/main_kasva_ws/install/local_setup.sh'
[5.703s] INFO:colcon.colcon_core.shell:Creating prefix util module '/home/eren/ern/projects/main_kasva_ws/install/_local_setup_util_sh.py'
[5.704s] INFO:colcon.colcon_core.shell:Creating prefix chain script '/home/eren/ern/projects/main_kasva_ws/install/setup.sh'
[5.706s] INFO:colcon.colcon_core.shell:Creating prefix script '/home/eren/ern/projects/main_kasva_ws/install/local_setup.bash'
[5.707s] INFO:colcon.colcon_core.shell:Creating prefix chain script '/home/eren/ern/projects/main_kasva_ws/install/setup.bash'
[5.709s] INFO:colcon.colcon_core.shell:Creating prefix script '/home/eren/ern/projects/main_kasva_ws/install/local_setup.zsh'
[5.710s] INFO:colcon.colcon_core.shell:Creating prefix chain script '/home/eren/ern/projects/main_kasva_ws/install/setup.zsh'
