[0.248s] Invoking command in '/home/eren/ern/projects/main_kasva_ws/build/interfaces': CMAKE_PREFIX_PATH=${CMAKE_PREFIX_PATH}:/home/eren/ern/projects/main_kasva_ws/install/obstacle:/home/eren/ern/projects/main_kasva_ws/install/manager:/home/eren/ern/projects/main_kasva_ws/install/img_pro:/home/eren/ern/projects/main_kasva_ws/install/gui:/opt/ros/jazzy DEBUGINFOD_URLS=https://debuginfod.ubuntu.com /usr/bin/cmake /home/eren/ern/projects/main_kasva_ws/src/interfaces -DCMAKE_INSTALL_PREFIX=/home/eren/ern/projects/main_kasva_ws/install/interfaces
[0.375s] -- Found ament_cmake: 2.5.3 (/opt/ros/jazzy/share/ament_cmake/cmake)
[0.404s] -- Found ament_lint_auto: 0.17.1 (/opt/ros/jazzy/share/ament_lint_auto/cmake)
[0.461s] -- Found rosidl_default_generators: 1.6.0 (/opt/ros/jazzy/share/rosidl_default_generators/cmake)
[0.463s] -- Using all available rosidl_typesupport_c: rosidl_typesupport_fastrtps_c;rosidl_typesupport_introspection_c
[0.483s] -- Using all available rosidl_typesupport_cpp: rosidl_typesupport_fastrtps_cpp;rosidl_typesupport_introspection_cpp
[0.499s] -- Found rosidl_adapter: 4.6.5 (/opt/ros/jazzy/share/rosidl_adapter/cmake)
[0.932s] -- Found ament_cmake_ros: 0.12.0 (/opt/ros/jazzy/share/ament_cmake_ros/cmake)
[1.289s] -- Using all available rosidl_typesupport_c: rosidl_typesupport_fastrtps_c;rosidl_typesupport_introspection_c
[1.711s] -- Using all available rosidl_typesupport_cpp: rosidl_typesupport_fastrtps_cpp;rosidl_typesupport_introspection_cpp
[1.720s] -- Found python_cmake_module: 0.11.1 (/opt/ros/jazzy/share/python_cmake_module/cmake)
[1.814s] -- Found PythonExtra: /usr/bin/python3  
[2.115s] -- Found Python3: /usr/bin/python3 (found version "3.12.3") found components: Interpreter Development NumPy Development.Module Development.Embed 
[2.148s] -- Added test 'lint_cmake' to check CMake code style
[2.149s] -- Added test 'xmllint' to check XML markup files
[2.153s] -- Configuring done (1.9s)
[2.169s] -- Generating done (0.0s)
[2.176s] -- Build files have been written to: /home/eren/ern/projects/main_kasva_ws/build/interfaces
[2.180s] Invoked command in '/home/eren/ern/projects/main_kasva_ws/build/interfaces' returned '0': CMAKE_PREFIX_PATH=${CMAKE_PREFIX_PATH}:/home/eren/ern/projects/main_kasva_ws/install/obstacle:/home/eren/ern/projects/main_kasva_ws/install/manager:/home/eren/ern/projects/main_kasva_ws/install/img_pro:/home/eren/ern/projects/main_kasva_ws/install/gui:/opt/ros/jazzy DEBUGINFOD_URLS=https://debuginfod.ubuntu.com /usr/bin/cmake /home/eren/ern/projects/main_kasva_ws/src/interfaces -DCMAKE_INSTALL_PREFIX=/home/eren/ern/projects/main_kasva_ws/install/interfaces
[2.180s] Invoking command in '/home/eren/ern/projects/main_kasva_ws/build/interfaces': CMAKE_PREFIX_PATH=${CMAKE_PREFIX_PATH}:/home/eren/ern/projects/main_kasva_ws/install/obstacle:/home/eren/ern/projects/main_kasva_ws/install/manager:/home/eren/ern/projects/main_kasva_ws/install/img_pro:/home/eren/ern/projects/main_kasva_ws/install/gui:/opt/ros/jazzy DEBUGINFOD_URLS=https://debuginfod.ubuntu.com /usr/bin/cmake --build /home/eren/ern/projects/main_kasva_ws/build/interfaces -- -j20 -l20
[2.218s] [  2%] [34m[1mGenerating type hashes for ROS interfaces[0m
[2.228s] [  2%] Built target ament_cmake_python_copy_interfaces
[2.332s] [  2%] Built target interfaces__rosidl_generator_type_description
[2.341s] [  5%] [34m[1mGenerating C code for ROS interfaces[0m
[2.345s] [  8%] [34m[1mGenerating C++ code for ROS interfaces[0m
[2.353s] running egg_info
[2.353s] creating interfaces.egg-info
[2.364s] writing interfaces.egg-info/PKG-INFO
[2.364s] writing dependency_links to interfaces.egg-info/dependency_links.txt
[2.364s] writing top-level names to interfaces.egg-info/top_level.txt
[2.364s] writing manifest file 'interfaces.egg-info/SOURCES.txt'
[2.395s] reading manifest file 'interfaces.egg-info/SOURCES.txt'
[2.395s] writing manifest file 'interfaces.egg-info/SOURCES.txt'
[2.415s] [  8%] Built target ament_cmake_python_build_interfaces_egg
[2.510s] [  8%] Built target interfaces__cpp
[2.520s] [ 14%] [32mBuilding C object CMakeFiles/interfaces__rosidl_generator_c.dir/rosidl_generator_c/interfaces/srv/detail/permission__functions.c.o[0m
[2.520s] [ 14%] [32mBuilding C object CMakeFiles/interfaces__rosidl_generator_c.dir/rosidl_generator_c/interfaces/srv/detail/permission__type_support.c.o[0m
[2.522s] [ 17%] [32mBuilding C object CMakeFiles/interfaces__rosidl_generator_c.dir/rosidl_generator_c/interfaces/srv/detail/permission__description.c.o[0m
[2.578s] [ 20%] [32m[1mLinking C shared library libinterfaces__rosidl_generator_c.so[0m
[2.611s] [ 20%] Built target interfaces__rosidl_generator_c
[2.619s] [ 23%] [34m[1mGenerating C++ type support for eProsima Fast-RTPS[0m
[2.619s] [ 32%] [34m[1mGenerating C introspection for ROS interfaces[0m
[2.620s] [ 32%] [34m[1mGenerating C++ introspection for ROS interfaces[0m
[2.620s] [ 32%] [34m[1mGenerating C++ type support dispatch for ROS interfaces[0m
[2.623s] [ 35%] [34m[1mGenerating C type support dispatch for ROS interfaces[0m
[2.624s] [ 38%] [34m[1mGenerating C type support for eProsima Fast-RTPS[0m
[2.775s] [ 41%] [32mBuilding CXX object CMakeFiles/interfaces__rosidl_typesupport_c.dir/rosidl_typesupport_c/interfaces/srv/permission__type_support.cpp.o[0m
[2.778s] [ 44%] [32mBuilding CXX object CMakeFiles/interfaces__rosidl_typesupport_cpp.dir/rosidl_typesupport_cpp/interfaces/srv/permission__type_support.cpp.o[0m
[2.788s] [ 47%] [32mBuilding CXX object CMakeFiles/interfaces__rosidl_typesupport_introspection_cpp.dir/rosidl_typesupport_introspection_cpp/interfaces/srv/detail/permission__type_support.cpp.o[0m
[2.789s] [ 50%] [32mBuilding C object CMakeFiles/interfaces__rosidl_typesupport_introspection_c.dir/rosidl_typesupport_introspection_c/interfaces/srv/detail/permission__type_support.c.o[0m
[2.813s] [ 55%] [32mBuilding CXX object CMakeFiles/interfaces__rosidl_typesupport_fastrtps_cpp.dir/rosidl_typesupport_fastrtps_cpp/interfaces/srv/detail/dds_fastrtps/permission__type_support.cpp.o[0m
[2.813s] [ 55%] [32m[1mLinking CXX shared library libinterfaces__rosidl_typesupport_c.so[0m
[2.822s] [ 61%] [32m[1mLinking C shared library libinterfaces__rosidl_typesupport_introspection_c.so[0m
[2.823s] [ 61%] [32mBuilding CXX object CMakeFiles/interfaces__rosidl_typesupport_fastrtps_c.dir/rosidl_typesupport_fastrtps_c/interfaces/srv/detail/permission__type_support_c.cpp.o[0m
[2.846s] [ 61%] Built target interfaces__rosidl_typesupport_c
[2.848s] [ 61%] Built target interfaces__rosidl_typesupport_introspection_c
[3.020s] [ 64%] [32m[1mLinking CXX shared library libinterfaces__rosidl_typesupport_cpp.so[0m
[3.041s] [ 67%] [32m[1mLinking CXX shared library libinterfaces__rosidl_typesupport_introspection_cpp.so[0m
[3.078s] [ 67%] Built target interfaces__rosidl_typesupport_cpp
[3.097s] [ 67%] Built target interfaces__rosidl_typesupport_introspection_cpp
[3.114s] [ 70%] [32m[1mLinking CXX shared library libinterfaces__rosidl_typesupport_fastrtps_c.so[0m
[3.164s] [ 70%] Built target interfaces__rosidl_typesupport_fastrtps_c
[3.180s] [ 73%] [32m[1mLinking CXX shared library libinterfaces__rosidl_typesupport_fastrtps_cpp.so[0m
[3.233s] [ 73%] Built target interfaces__rosidl_typesupport_fastrtps_cpp
[3.249s] [ 73%] Built target interfaces
[3.267s] [ 76%] [34m[1mGenerating Python code for ROS interfaces[0m
[3.488s] [ 76%] Built target interfaces__py
[3.505s] [ 79%] [32mBuilding C object CMakeFiles/interfaces__rosidl_generator_py.dir/rosidl_generator_py/interfaces/srv/_permission_s.c.o[0m
[3.603s] [ 82%] [32m[1mLinking C shared library libinterfaces__rosidl_generator_py.so[0m
[3.635s] [ 82%] Built target interfaces__rosidl_generator_py
[3.652s] [ 85%] [32mBuilding C object CMakeFiles/interfaces_s__rosidl_typesupport_fastrtps_c.dir/rosidl_generator_py/interfaces/_interfaces_s.ep.rosidl_typesupport_fastrtps_c.c.o[0m
[3.653s] [ 88%] [32mBuilding C object CMakeFiles/interfaces_s__rosidl_typesupport_introspection_c.dir/rosidl_generator_py/interfaces/_interfaces_s.ep.rosidl_typesupport_introspection_c.c.o[0m
[3.655s] [ 91%] [32mBuilding C object CMakeFiles/interfaces_s__rosidl_typesupport_c.dir/rosidl_generator_py/interfaces/_interfaces_s.ep.rosidl_typesupport_c.c.o[0m
[3.717s] [ 94%] [32m[1mLinking C shared module rosidl_generator_py/interfaces/interfaces_s__rosidl_typesupport_fastrtps_c.so[0m
[3.719s] [ 97%] [32m[1mLinking C shared module rosidl_generator_py/interfaces/interfaces_s__rosidl_typesupport_c.so[0m
[3.720s] [100%] [32m[1mLinking C shared module rosidl_generator_py/interfaces/interfaces_s__rosidl_typesupport_introspection_c.so[0m
[3.741s] [100%] Built target interfaces_s__rosidl_typesupport_fastrtps_c
[3.743s] [100%] Built target interfaces_s__rosidl_typesupport_c
[3.745s] [100%] Built target interfaces_s__rosidl_typesupport_introspection_c
[3.754s] Invoked command in '/home/eren/ern/projects/main_kasva_ws/build/interfaces' returned '0': CMAKE_PREFIX_PATH=${CMAKE_PREFIX_PATH}:/home/eren/ern/projects/main_kasva_ws/install/obstacle:/home/eren/ern/projects/main_kasva_ws/install/manager:/home/eren/ern/projects/main_kasva_ws/install/img_pro:/home/eren/ern/projects/main_kasva_ws/install/gui:/opt/ros/jazzy DEBUGINFOD_URLS=https://debuginfod.ubuntu.com /usr/bin/cmake --build /home/eren/ern/projects/main_kasva_ws/build/interfaces -- -j20 -l20
[3.755s] Invoking command in '/home/eren/ern/projects/main_kasva_ws/build/interfaces': CMAKE_PREFIX_PATH=${CMAKE_PREFIX_PATH}:/home/eren/ern/projects/main_kasva_ws/install/obstacle:/home/eren/ern/projects/main_kasva_ws/install/manager:/home/eren/ern/projects/main_kasva_ws/install/img_pro:/home/eren/ern/projects/main_kasva_ws/install/gui:/opt/ros/jazzy DEBUGINFOD_URLS=https://debuginfod.ubuntu.com /usr/bin/cmake --install /home/eren/ern/projects/main_kasva_ws/build/interfaces
[3.761s] -- Install configuration: ""
[3.761s] -- Installing: /home/eren/ern/projects/main_kasva_ws/install/interfaces/share/ament_index/resource_index/rosidl_interfaces/interfaces
[3.761s] -- Installing: /home/eren/ern/projects/main_kasva_ws/install/interfaces/share/interfaces/srv/Permission.json
[3.762s] -- Installing: /home/eren/ern/projects/main_kasva_ws/install/interfaces/include/interfaces/interfaces
[3.762s] -- Installing: /home/eren/ern/projects/main_kasva_ws/install/interfaces/include/interfaces/interfaces/msg
[3.762s] -- Installing: /home/eren/ern/projects/main_kasva_ws/install/interfaces/include/interfaces/interfaces/msg/rosidl_generator_c__visibility_control.h
[3.762s] -- Installing: /home/eren/ern/projects/main_kasva_ws/install/interfaces/include/interfaces/interfaces/srv
[3.762s] -- Installing: /home/eren/ern/projects/main_kasva_ws/install/interfaces/include/interfaces/interfaces/srv/detail
[3.762s] -- Installing: /home/eren/ern/projects/main_kasva_ws/install/interfaces/include/interfaces/interfaces/srv/detail/permission__description.c
[3.762s] -- Installing: /home/eren/ern/projects/main_kasva_ws/install/interfaces/include/interfaces/interfaces/srv/detail/permission__functions.h
[3.762s] -- Installing: /home/eren/ern/projects/main_kasva_ws/install/interfaces/include/interfaces/interfaces/srv/detail/permission__type_support.c
[3.762s] -- Installing: /home/eren/ern/projects/main_kasva_ws/install/interfaces/include/interfaces/interfaces/srv/detail/permission__functions.c
[3.762s] -- Installing: /home/eren/ern/projects/main_kasva_ws/install/interfaces/include/interfaces/interfaces/srv/detail/permission__type_support.h
[3.762s] -- Installing: /home/eren/ern/projects/main_kasva_ws/install/interfaces/include/interfaces/interfaces/srv/detail/permission__struct.h
[3.762s] -- Installing: /home/eren/ern/projects/main_kasva_ws/install/interfaces/include/interfaces/interfaces/srv/permission.h
[3.762s] -- Installing: /home/eren/ern/projects/main_kasva_ws/install/interfaces/share/interfaces/environment/library_path.sh
[3.762s] -- Installing: /home/eren/ern/projects/main_kasva_ws/install/interfaces/share/interfaces/environment/library_path.dsv
[3.762s] -- Installing: /home/eren/ern/projects/main_kasva_ws/install/interfaces/lib/libinterfaces__rosidl_generator_c.so
[3.763s] -- Set non-toolchain portion of runtime path of "/home/eren/ern/projects/main_kasva_ws/install/interfaces/lib/libinterfaces__rosidl_generator_c.so" to ""
[3.763s] -- Up-to-date: /home/eren/ern/projects/main_kasva_ws/install/interfaces/include/interfaces/interfaces
[3.763s] -- Up-to-date: /home/eren/ern/projects/main_kasva_ws/install/interfaces/include/interfaces/interfaces/msg
[3.763s] -- Installing: /home/eren/ern/projects/main_kasva_ws/install/interfaces/include/interfaces/interfaces/msg/rosidl_typesupport_fastrtps_c__visibility_control.h
[3.763s] -- Up-to-date: /home/eren/ern/projects/main_kasva_ws/install/interfaces/include/interfaces/interfaces/srv
[3.763s] -- Up-to-date: /home/eren/ern/projects/main_kasva_ws/install/interfaces/include/interfaces/interfaces/srv/detail
[3.763s] -- Installing: /home/eren/ern/projects/main_kasva_ws/install/interfaces/include/interfaces/interfaces/srv/detail/permission__rosidl_typesupport_fastrtps_c.h
[3.763s] -- Installing: /home/eren/ern/projects/main_kasva_ws/install/interfaces/lib/libinterfaces__rosidl_typesupport_fastrtps_c.so
[3.763s] -- Set non-toolchain portion of runtime path of "/home/eren/ern/projects/main_kasva_ws/install/interfaces/lib/libinterfaces__rosidl_typesupport_fastrtps_c.so" to ""
[3.763s] -- Up-to-date: /home/eren/ern/projects/main_kasva_ws/install/interfaces/include/interfaces/interfaces
[3.763s] -- Up-to-date: /home/eren/ern/projects/main_kasva_ws/install/interfaces/include/interfaces/interfaces/msg
[3.763s] -- Installing: /home/eren/ern/projects/main_kasva_ws/install/interfaces/include/interfaces/interfaces/msg/rosidl_typesupport_introspection_c__visibility_control.h
[3.763s] -- Up-to-date: /home/eren/ern/projects/main_kasva_ws/install/interfaces/include/interfaces/interfaces/srv
[3.763s] -- Up-to-date: /home/eren/ern/projects/main_kasva_ws/install/interfaces/include/interfaces/interfaces/srv/detail
[3.763s] -- Up-to-date: /home/eren/ern/projects/main_kasva_ws/install/interfaces/include/interfaces/interfaces/srv/detail/permission__type_support.c
[3.763s] -- Installing: /home/eren/ern/projects/main_kasva_ws/install/interfaces/include/interfaces/interfaces/srv/detail/permission__rosidl_typesupport_introspection_c.h
[3.763s] -- Installing: /home/eren/ern/projects/main_kasva_ws/install/interfaces/lib/libinterfaces__rosidl_typesupport_introspection_c.so
[3.763s] -- Set non-toolchain portion of runtime path of "/home/eren/ern/projects/main_kasva_ws/install/interfaces/lib/libinterfaces__rosidl_typesupport_introspection_c.so" to ""
[3.763s] -- Installing: /home/eren/ern/projects/main_kasva_ws/install/interfaces/lib/libinterfaces__rosidl_typesupport_c.so
[3.763s] -- Set non-toolchain portion of runtime path of "/home/eren/ern/projects/main_kasva_ws/install/interfaces/lib/libinterfaces__rosidl_typesupport_c.so" to ""
[3.763s] -- Up-to-date: /home/eren/ern/projects/main_kasva_ws/install/interfaces/include/interfaces/interfaces
[3.763s] -- Up-to-date: /home/eren/ern/projects/main_kasva_ws/install/interfaces/include/interfaces/interfaces/msg
[3.763s] -- Installing: /home/eren/ern/projects/main_kasva_ws/install/interfaces/include/interfaces/interfaces/msg/rosidl_generator_cpp__visibility_control.hpp
[3.763s] -- Up-to-date: /home/eren/ern/projects/main_kasva_ws/install/interfaces/include/interfaces/interfaces/srv
[3.764s] -- Up-to-date: /home/eren/ern/projects/main_kasva_ws/install/interfaces/include/interfaces/interfaces/srv/detail
[3.764s] -- Installing: /home/eren/ern/projects/main_kasva_ws/install/interfaces/include/interfaces/interfaces/srv/detail/permission__traits.hpp
[3.764s] -- Installing: /home/eren/ern/projects/main_kasva_ws/install/interfaces/include/interfaces/interfaces/srv/detail/permission__type_support.hpp
[3.764s] -- Installing: /home/eren/ern/projects/main_kasva_ws/install/interfaces/include/interfaces/interfaces/srv/detail/permission__struct.hpp
[3.764s] -- Installing: /home/eren/ern/projects/main_kasva_ws/install/interfaces/include/interfaces/interfaces/srv/detail/permission__builder.hpp
[3.764s] -- Installing: /home/eren/ern/projects/main_kasva_ws/install/interfaces/include/interfaces/interfaces/srv/permission.hpp
[3.764s] -- Up-to-date: /home/eren/ern/projects/main_kasva_ws/install/interfaces/include/interfaces/interfaces
[3.764s] -- Up-to-date: /home/eren/ern/projects/main_kasva_ws/install/interfaces/include/interfaces/interfaces/msg
[3.764s] -- Installing: /home/eren/ern/projects/main_kasva_ws/install/interfaces/include/interfaces/interfaces/msg/rosidl_typesupport_fastrtps_cpp__visibility_control.h
[3.764s] -- Up-to-date: /home/eren/ern/projects/main_kasva_ws/install/interfaces/include/interfaces/interfaces/srv
[3.764s] -- Up-to-date: /home/eren/ern/projects/main_kasva_ws/install/interfaces/include/interfaces/interfaces/srv/detail
[3.764s] -- Installing: /home/eren/ern/projects/main_kasva_ws/install/interfaces/include/interfaces/interfaces/srv/detail/permission__rosidl_typesupport_fastrtps_cpp.hpp
[3.764s] -- Installing: /home/eren/ern/projects/main_kasva_ws/install/interfaces/include/interfaces/interfaces/srv/detail/dds_fastrtps
[3.764s] -- Installing: /home/eren/ern/projects/main_kasva_ws/install/interfaces/lib/libinterfaces__rosidl_typesupport_fastrtps_cpp.so
[3.764s] -- Set non-toolchain portion of runtime path of "/home/eren/ern/projects/main_kasva_ws/install/interfaces/lib/libinterfaces__rosidl_typesupport_fastrtps_cpp.so" to ""
[3.764s] -- Up-to-date: /home/eren/ern/projects/main_kasva_ws/install/interfaces/include/interfaces/interfaces
[3.764s] -- Up-to-date: /home/eren/ern/projects/main_kasva_ws/install/interfaces/include/interfaces/interfaces/srv
[3.764s] -- Up-to-date: /home/eren/ern/projects/main_kasva_ws/install/interfaces/include/interfaces/interfaces/srv/detail
[3.764s] -- Installing: /home/eren/ern/projects/main_kasva_ws/install/interfaces/include/interfaces/interfaces/srv/detail/permission__rosidl_typesupport_introspection_cpp.hpp
[3.764s] -- Installing: /home/eren/ern/projects/main_kasva_ws/install/interfaces/include/interfaces/interfaces/srv/detail/permission__type_support.cpp
[3.764s] -- Installing: /home/eren/ern/projects/main_kasva_ws/install/interfaces/lib/libinterfaces__rosidl_typesupport_introspection_cpp.so
[3.764s] -- Set non-toolchain portion of runtime path of "/home/eren/ern/projects/main_kasva_ws/install/interfaces/lib/libinterfaces__rosidl_typesupport_introspection_cpp.so" to ""
[3.764s] -- Installing: /home/eren/ern/projects/main_kasva_ws/install/interfaces/lib/libinterfaces__rosidl_typesupport_cpp.so
[3.764s] -- Set non-toolchain portion of runtime path of "/home/eren/ern/projects/main_kasva_ws/install/interfaces/lib/libinterfaces__rosidl_typesupport_cpp.so" to ""
[3.764s] -- Installing: /home/eren/ern/projects/main_kasva_ws/install/interfaces/share/interfaces/environment/pythonpath.sh
[3.765s] -- Installing: /home/eren/ern/projects/main_kasva_ws/install/interfaces/share/interfaces/environment/pythonpath.dsv
[3.765s] -- Installing: /home/eren/ern/projects/main_kasva_ws/install/interfaces/lib/python3.12/site-packages/interfaces-0.0.0-py3.12.egg-info
[3.765s] -- Installing: /home/eren/ern/projects/main_kasva_ws/install/interfaces/lib/python3.12/site-packages/interfaces-0.0.0-py3.12.egg-info/top_level.txt
[3.765s] -- Installing: /home/eren/ern/projects/main_kasva_ws/install/interfaces/lib/python3.12/site-packages/interfaces-0.0.0-py3.12.egg-info/PKG-INFO
[3.765s] -- Installing: /home/eren/ern/projects/main_kasva_ws/install/interfaces/lib/python3.12/site-packages/interfaces-0.0.0-py3.12.egg-info/dependency_links.txt
[3.765s] -- Installing: /home/eren/ern/projects/main_kasva_ws/install/interfaces/lib/python3.12/site-packages/interfaces-0.0.0-py3.12.egg-info/SOURCES.txt
[3.765s] -- Installing: /home/eren/ern/projects/main_kasva_ws/install/interfaces/lib/python3.12/site-packages/interfaces
[3.765s] -- Installing: /home/eren/ern/projects/main_kasva_ws/install/interfaces/lib/python3.12/site-packages/interfaces/interfaces_s__rosidl_typesupport_introspection_c.so
[3.765s] -- Installing: /home/eren/ern/projects/main_kasva_ws/install/interfaces/lib/python3.12/site-packages/interfaces/_interfaces_s.ep.rosidl_typesupport_introspection_c.c
[3.765s] -- Installing: /home/eren/ern/projects/main_kasva_ws/install/interfaces/lib/python3.12/site-packages/interfaces/_interfaces_s.ep.rosidl_typesupport_c.c
[3.765s] -- Installing: /home/eren/ern/projects/main_kasva_ws/install/interfaces/lib/python3.12/site-packages/interfaces/__init__.py
[3.765s] -- Installing: /home/eren/ern/projects/main_kasva_ws/install/interfaces/lib/python3.12/site-packages/interfaces/interfaces_s__rosidl_typesupport_fastrtps_c.so
[3.765s] -- Installing: /home/eren/ern/projects/main_kasva_ws/install/interfaces/lib/python3.12/site-packages/interfaces/srv
[3.765s] -- Installing: /home/eren/ern/projects/main_kasva_ws/install/interfaces/lib/python3.12/site-packages/interfaces/srv/_permission_s.c
[3.765s] -- Installing: /home/eren/ern/projects/main_kasva_ws/install/interfaces/lib/python3.12/site-packages/interfaces/srv/__init__.py
[3.765s] -- Installing: /home/eren/ern/projects/main_kasva_ws/install/interfaces/lib/python3.12/site-packages/interfaces/srv/_permission.py
[3.765s] -- Installing: /home/eren/ern/projects/main_kasva_ws/install/interfaces/lib/python3.12/site-packages/interfaces/interfaces_s__rosidl_typesupport_c.so
[3.765s] -- Installing: /home/eren/ern/projects/main_kasva_ws/install/interfaces/lib/python3.12/site-packages/interfaces/_interfaces_s.ep.rosidl_typesupport_fastrtps_c.c
[3.790s] Listing '/home/eren/ern/projects/main_kasva_ws/install/interfaces/lib/python3.12/site-packages/interfaces'...
[3.790s] Compiling '/home/eren/ern/projects/main_kasva_ws/install/interfaces/lib/python3.12/site-packages/interfaces/__init__.py'...
[3.790s] Listing '/home/eren/ern/projects/main_kasva_ws/install/interfaces/lib/python3.12/site-packages/interfaces/srv'...
[3.790s] Compiling '/home/eren/ern/projects/main_kasva_ws/install/interfaces/lib/python3.12/site-packages/interfaces/srv/__init__.py'...
[3.790s] Compiling '/home/eren/ern/projects/main_kasva_ws/install/interfaces/lib/python3.12/site-packages/interfaces/srv/_permission.py'...
[3.793s] -- Installing: /home/eren/ern/projects/main_kasva_ws/install/interfaces/lib/python3.12/site-packages/interfaces/interfaces_s__rosidl_typesupport_fastrtps_c.so
[3.794s] -- Set non-toolchain portion of runtime path of "/home/eren/ern/projects/main_kasva_ws/install/interfaces/lib/python3.12/site-packages/interfaces/interfaces_s__rosidl_typesupport_fastrtps_c.so" to ""
[3.794s] -- Installing: /home/eren/ern/projects/main_kasva_ws/install/interfaces/lib/python3.12/site-packages/interfaces/interfaces_s__rosidl_typesupport_introspection_c.so
[3.794s] -- Set non-toolchain portion of runtime path of "/home/eren/ern/projects/main_kasva_ws/install/interfaces/lib/python3.12/site-packages/interfaces/interfaces_s__rosidl_typesupport_introspection_c.so" to ""
[3.794s] -- Installing: /home/eren/ern/projects/main_kasva_ws/install/interfaces/lib/python3.12/site-packages/interfaces/interfaces_s__rosidl_typesupport_c.so
[3.794s] -- Set non-toolchain portion of runtime path of "/home/eren/ern/projects/main_kasva_ws/install/interfaces/lib/python3.12/site-packages/interfaces/interfaces_s__rosidl_typesupport_c.so" to ""
[3.794s] -- Installing: /home/eren/ern/projects/main_kasva_ws/install/interfaces/lib/libinterfaces__rosidl_generator_py.so
[3.794s] -- Set non-toolchain portion of runtime path of "/home/eren/ern/projects/main_kasva_ws/install/interfaces/lib/libinterfaces__rosidl_generator_py.so" to ""
[3.795s] -- Installing: /home/eren/ern/projects/main_kasva_ws/install/interfaces/share/interfaces/srv/Permission.idl
[3.795s] -- Installing: /home/eren/ern/projects/main_kasva_ws/install/interfaces/share/interfaces/srv/Permission.srv
[3.795s] -- Installing: /home/eren/ern/projects/main_kasva_ws/install/interfaces/share/ament_index/resource_index/package_run_dependencies/interfaces
[3.795s] -- Installing: /home/eren/ern/projects/main_kasva_ws/install/interfaces/share/ament_index/resource_index/parent_prefix_path/interfaces
[3.795s] -- Installing: /home/eren/ern/projects/main_kasva_ws/install/interfaces/share/interfaces/environment/ament_prefix_path.sh
[3.795s] -- Installing: /home/eren/ern/projects/main_kasva_ws/install/interfaces/share/interfaces/environment/ament_prefix_path.dsv
[3.795s] -- Installing: /home/eren/ern/projects/main_kasva_ws/install/interfaces/share/interfaces/environment/path.sh
[3.795s] -- Installing: /home/eren/ern/projects/main_kasva_ws/install/interfaces/share/interfaces/environment/path.dsv
[3.795s] -- Installing: /home/eren/ern/projects/main_kasva_ws/install/interfaces/share/interfaces/local_setup.bash
[3.795s] -- Installing: /home/eren/ern/projects/main_kasva_ws/install/interfaces/share/interfaces/local_setup.sh
[3.795s] -- Installing: /home/eren/ern/projects/main_kasva_ws/install/interfaces/share/interfaces/local_setup.zsh
[3.795s] -- Installing: /home/eren/ern/projects/main_kasva_ws/install/interfaces/share/interfaces/local_setup.dsv
[3.795s] -- Installing: /home/eren/ern/projects/main_kasva_ws/install/interfaces/share/interfaces/package.dsv
[3.795s] -- Installing: /home/eren/ern/projects/main_kasva_ws/install/interfaces/share/ament_index/resource_index/packages/interfaces
[3.796s] -- Installing: /home/eren/ern/projects/main_kasva_ws/install/interfaces/share/interfaces/cmake/export_interfaces__rosidl_generator_cExport.cmake
[3.796s] -- Installing: /home/eren/ern/projects/main_kasva_ws/install/interfaces/share/interfaces/cmake/export_interfaces__rosidl_generator_cExport-noconfig.cmake
[3.796s] -- Installing: /home/eren/ern/projects/main_kasva_ws/install/interfaces/share/interfaces/cmake/export_interfaces__rosidl_typesupport_fastrtps_cExport.cmake
[3.796s] -- Installing: /home/eren/ern/projects/main_kasva_ws/install/interfaces/share/interfaces/cmake/export_interfaces__rosidl_typesupport_fastrtps_cExport-noconfig.cmake
[3.796s] -- Installing: /home/eren/ern/projects/main_kasva_ws/install/interfaces/share/interfaces/cmake/interfaces__rosidl_typesupport_introspection_cExport.cmake
[3.796s] -- Installing: /home/eren/ern/projects/main_kasva_ws/install/interfaces/share/interfaces/cmake/interfaces__rosidl_typesupport_introspection_cExport-noconfig.cmake
[3.796s] -- Installing: /home/eren/ern/projects/main_kasva_ws/install/interfaces/share/interfaces/cmake/interfaces__rosidl_typesupport_cExport.cmake
[3.796s] -- Installing: /home/eren/ern/projects/main_kasva_ws/install/interfaces/share/interfaces/cmake/interfaces__rosidl_typesupport_cExport-noconfig.cmake
[3.796s] -- Installing: /home/eren/ern/projects/main_kasva_ws/install/interfaces/share/interfaces/cmake/export_interfaces__rosidl_generator_cppExport.cmake
[3.796s] -- Installing: /home/eren/ern/projects/main_kasva_ws/install/interfaces/share/interfaces/cmake/export_interfaces__rosidl_typesupport_fastrtps_cppExport.cmake
[3.796s] -- Installing: /home/eren/ern/projects/main_kasva_ws/install/interfaces/share/interfaces/cmake/export_interfaces__rosidl_typesupport_fastrtps_cppExport-noconfig.cmake
[3.796s] -- Installing: /home/eren/ern/projects/main_kasva_ws/install/interfaces/share/interfaces/cmake/interfaces__rosidl_typesupport_introspection_cppExport.cmake
[3.797s] -- Installing: /home/eren/ern/projects/main_kasva_ws/install/interfaces/share/interfaces/cmake/interfaces__rosidl_typesupport_introspection_cppExport-noconfig.cmake
[3.797s] -- Installing: /home/eren/ern/projects/main_kasva_ws/install/interfaces/share/interfaces/cmake/interfaces__rosidl_typesupport_cppExport.cmake
[3.797s] -- Installing: /home/eren/ern/projects/main_kasva_ws/install/interfaces/share/interfaces/cmake/interfaces__rosidl_typesupport_cppExport-noconfig.cmake
[3.797s] -- Installing: /home/eren/ern/projects/main_kasva_ws/install/interfaces/share/interfaces/cmake/export_interfaces__rosidl_generator_pyExport.cmake
[3.797s] -- Installing: /home/eren/ern/projects/main_kasva_ws/install/interfaces/share/interfaces/cmake/export_interfaces__rosidl_generator_pyExport-noconfig.cmake
[3.797s] -- Installing: /home/eren/ern/projects/main_kasva_ws/install/interfaces/share/interfaces/cmake/rosidl_cmake-extras.cmake
[3.797s] -- Installing: /home/eren/ern/projects/main_kasva_ws/install/interfaces/share/interfaces/cmake/ament_cmake_export_dependencies-extras.cmake
[3.797s] -- Installing: /home/eren/ern/projects/main_kasva_ws/install/interfaces/share/interfaces/cmake/ament_cmake_export_include_directories-extras.cmake
[3.797s] -- Installing: /home/eren/ern/projects/main_kasva_ws/install/interfaces/share/interfaces/cmake/ament_cmake_export_libraries-extras.cmake
[3.797s] -- Installing: /home/eren/ern/projects/main_kasva_ws/install/interfaces/share/interfaces/cmake/ament_cmake_export_targets-extras.cmake
[3.797s] -- Installing: /home/eren/ern/projects/main_kasva_ws/install/interfaces/share/interfaces/cmake/rosidl_cmake_export_typesupport_targets-extras.cmake
[3.797s] -- Installing: /home/eren/ern/projects/main_kasva_ws/install/interfaces/share/interfaces/cmake/rosidl_cmake_export_typesupport_libraries-extras.cmake
[3.797s] -- Installing: /home/eren/ern/projects/main_kasva_ws/install/interfaces/share/interfaces/cmake/interfacesConfig.cmake
[3.797s] -- Installing: /home/eren/ern/projects/main_kasva_ws/install/interfaces/share/interfaces/cmake/interfacesConfig-version.cmake
[3.797s] -- Installing: /home/eren/ern/projects/main_kasva_ws/install/interfaces/share/interfaces/package.xml
[3.799s] Invoked command in '/home/eren/ern/projects/main_kasva_ws/build/interfaces' returned '0': CMAKE_PREFIX_PATH=${CMAKE_PREFIX_PATH}:/home/eren/ern/projects/main_kasva_ws/install/obstacle:/home/eren/ern/projects/main_kasva_ws/install/manager:/home/eren/ern/projects/main_kasva_ws/install/img_pro:/home/eren/ern/projects/main_kasva_ws/install/gui:/opt/ros/jazzy DEBUGINFOD_URLS=https://debuginfod.ubuntu.com /usr/bin/cmake --install /home/eren/ern/projects/main_kasva_ws/build/interfaces
