[0.414s] Invoking command in '/home/eren/ern/projects/main_kasva_ws/src/img_pro': DEBUGINFOD_URLS=https://debuginfod.ubuntu.com PYTHONPATH=/home/eren/ern/projects/main_kasva_ws/build/img_pro/prefix_override:/usr/lib/python3/dist-packages/colcon_core/task/python/colcon_distutils_commands:/home/eren/ern/projects/main_kasva_ws/install/img_pro/lib/python3.12/site-packages:${PYTHONPATH} /usr/bin/python3 -W ignore:setup.py install is deprecated -W ignore:easy_install command is deprecated setup.py egg_info --egg-base ../../build/img_pro build --build-base /home/eren/ern/projects/main_kasva_ws/build/img_pro/build install --record /home/eren/ern/projects/main_kasva_ws/build/img_pro/install.log --single-version-externally-managed install_data
[0.558s] running egg_info
[0.568s] writing ../../build/img_pro/img_pro.egg-info/PKG-INFO
[0.568s] writing dependency_links to ../../build/img_pro/img_pro.egg-info/dependency_links.txt
[0.568s] writing entry points to ../../build/img_pro/img_pro.egg-info/entry_points.txt
[0.568s] writing requirements to ../../build/img_pro/img_pro.egg-info/requires.txt
[0.568s] writing top-level names to ../../build/img_pro/img_pro.egg-info/top_level.txt
[0.587s] reading manifest file '../../build/img_pro/img_pro.egg-info/SOURCES.txt'
[0.588s] writing manifest file '../../build/img_pro/img_pro.egg-info/SOURCES.txt'
[0.588s] running build
[0.588s] running build_py
[0.588s] running install
[0.592s] running install_lib
[0.601s] running install_data
[0.602s] running install_egg_info
[0.612s] removing '/home/eren/ern/projects/main_kasva_ws/install/img_pro/lib/python3.12/site-packages/img_pro-0.0.0-py3.12.egg-info' (and everything under it)
[0.612s] Copying ../../build/img_pro/img_pro.egg-info to /home/eren/ern/projects/main_kasva_ws/install/img_pro/lib/python3.12/site-packages/img_pro-0.0.0-py3.12.egg-info
[0.612s] running install_scripts
[0.679s] Installing line_folower script to /home/eren/ern/projects/main_kasva_ws/install/img_pro/lib/img_pro
[0.679s] writing list of installed files to '/home/eren/ern/projects/main_kasva_ws/build/img_pro/install.log'
[0.694s] Invoked command in '/home/eren/ern/projects/main_kasva_ws/src/img_pro' returned '0': DEBUGINFOD_URLS=https://debuginfod.ubuntu.com PYTHONPATH=/home/eren/ern/projects/main_kasva_ws/build/img_pro/prefix_override:/usr/lib/python3/dist-packages/colcon_core/task/python/colcon_distutils_commands:/home/eren/ern/projects/main_kasva_ws/install/img_pro/lib/python3.12/site-packages:${PYTHONPATH} /usr/bin/python3 -W ignore:setup.py install is deprecated -W ignore:easy_install command is deprecated setup.py egg_info --egg-base ../../build/img_pro build --build-base /home/eren/ern/projects/main_kasva_ws/build/img_pro/build install --record /home/eren/ern/projects/main_kasva_ws/build/img_pro/install.log --single-version-externally-managed install_data
