[0.956s] Invoking command in '/home/eren/ern/projects/main_kasva_ws/src/manager': DEBUGINFOD_URLS=https://debuginfod.ubuntu.com PYTHONPATH=/home/eren/ern/projects/main_kasva_ws/build/manager/prefix_override:/usr/lib/python3/dist-packages/colcon_core/task/python/colcon_distutils_commands:/home/eren/ern/projects/main_kasva_ws/install/manager/lib/python3.12/site-packages:${PYTHONPATH} /usr/bin/python3 -W ignore:setup.py install is deprecated -W ignore:easy_install command is deprecated setup.py egg_info --egg-base ../../build/manager build --build-base /home/eren/ern/projects/main_kasva_ws/build/manager/build install --record /home/eren/ern/projects/main_kasva_ws/build/manager/install.log --single-version-externally-managed install_data
[1.137s] running egg_info
[1.148s] writing ../../build/manager/manager.egg-info/PKG-INFO
[1.148s] writing dependency_links to ../../build/manager/manager.egg-info/dependency_links.txt
[1.148s] writing entry points to ../../build/manager/manager.egg-info/entry_points.txt
[1.148s] writing requirements to ../../build/manager/manager.egg-info/requires.txt
[1.148s] writing top-level names to ../../build/manager/manager.egg-info/top_level.txt
[1.171s] reading manifest file '../../build/manager/manager.egg-info/SOURCES.txt'
[1.171s] writing manifest file '../../build/manager/manager.egg-info/SOURCES.txt'
[1.171s] running build
[1.172s] running build_py
[1.172s] running install
[1.176s] running install_lib
[1.187s] running install_data
[1.188s] running install_egg_info
[1.200s] removing '/home/eren/ern/projects/main_kasva_ws/install/manager/lib/python3.12/site-packages/manager-0.0.0-py3.12.egg-info' (and everything under it)
[1.200s] Copying ../../build/manager/manager.egg-info to /home/eren/ern/projects/main_kasva_ws/install/manager/lib/python3.12/site-packages/manager-0.0.0-py3.12.egg-info
[1.201s] running install_scripts
[1.281s] Installing komutan script to /home/eren/ern/projects/main_kasva_ws/install/manager/lib/manager
[1.281s] writing list of installed files to '/home/eren/ern/projects/main_kasva_ws/build/manager/install.log'
[1.320s] Invoked command in '/home/eren/ern/projects/main_kasva_ws/src/manager' returned '0': DEBUGINFOD_URLS=https://debuginfod.ubuntu.com PYTHONPATH=/home/eren/ern/projects/main_kasva_ws/build/manager/prefix_override:/usr/lib/python3/dist-packages/colcon_core/task/python/colcon_distutils_commands:/home/eren/ern/projects/main_kasva_ws/install/manager/lib/python3.12/site-packages:${PYTHONPATH} /usr/bin/python3 -W ignore:setup.py install is deprecated -W ignore:easy_install command is deprecated setup.py egg_info --egg-base ../../build/manager build --build-base /home/eren/ern/projects/main_kasva_ws/build/manager/build install --record /home/eren/ern/projects/main_kasva_ws/build/manager/install.log --single-version-externally-managed install_data
