running egg_info
writing ../../build/gui/gui.egg-info/PKG-INFO
writing dependency_links to ../../build/gui/gui.egg-info/dependency_links.txt
writing entry points to ../../build/gui/gui.egg-info/entry_points.txt
writing requirements to ../../build/gui/gui.egg-info/requires.txt
writing top-level names to ../../build/gui/gui.egg-info/top_level.txt
reading manifest file '../../build/gui/gui.egg-info/SOURCES.txt'
writing manifest file '../../build/gui/gui.egg-info/SOURCES.txt'
running build
running build_py
copying gui/kasva_gui.py -> /home/eren/ern/projects/main_kasva_ws/build/gui/build/lib/gui
running install
running install_lib
copying /home/eren/ern/projects/main_kasva_ws/build/gui/build/lib/gui/kasva_gui.py -> /home/eren/ern/projects/main_kasva_ws/install/gui/lib/python3.12/site-packages/gui
byte-compiling /home/eren/ern/projects/main_kasva_ws/install/gui/lib/python3.12/site-packages/gui/kasva_gui.py to kasva_gui.cpython-312.pyc
running install_data
running install_egg_info
removing '/home/eren/ern/projects/main_kasva_ws/install/gui/lib/python3.12/site-packages/gui-0.0.0-py3.12.egg-info' (and everything under it)
Copying ../../build/gui/gui.egg-info to /home/eren/ern/projects/main_kasva_ws/install/gui/lib/python3.12/site-packages/gui-0.0.0-py3.12.egg-info
running install_scripts
Installing kasva_gui script to /home/eren/ern/projects/main_kasva_ws/install/gui/lib/gui
writing list of installed files to '/home/eren/ern/projects/main_kasva_ws/build/gui/install.log'
