[0.057s] DEBUG:colcon:Command line arguments: ['/usr/bin/colcon', 'build']
[0.057s] DEBUG:colcon:Parsed command line arguments: Namespace(log_base=None, log_level=None, verb_name='build', build_base='build', install_base='install', merge_install=False, symlink_install=False, test_result_base=None, continue_on_error=False, executor='parallel', parallel_workers=20, event_handlers=None, ignore_user_meta=False, metas=['./colcon.meta'], base_paths=['.'], packages_ignore=None, packages_ignore_regex=None, paths=None, packages_up_to=None, packages_up_to_regex=None, packages_above=None, packages_above_and_dependencies=None, packages_above_depth=None, packages_select_by_dep=None, packages_skip_by_dep=None, packages_skip_up_to=None, packages_select_build_failed=False, packages_skip_build_finished=False, packages_select_test_failures=False, packages_skip_test_passed=False, packages_select=None, packages_skip=None, packages_select_regex=None, packages_skip_regex=None, packages_start=None, packages_end=None, allow_overriding=[], cmake_args=None, cmake_target=None, cmake_target_skip_unavailable=False, cmake_clean_cache=False, cmake_clean_first=False, cmake_force_configure=False, ament_cmake_args=None, catkin_cmake_args=None, catkin_skip_building_tests=False, mixin_files=None, mixin=None, verb_parser=<colcon_mixin.mixin.mixin_argument.MixinArgumentDecorator object at 0x7d201b69c650>, verb_extension=<colcon_core.verb.build.BuildVerb object at 0x7d201b673f80>, main=<bound method BuildVerb.main of <colcon_core.verb.build.BuildVerb object at 0x7d201b673f80>>, mixin_verb=('build',))
[0.078s] Level 1:colcon.colcon_core.package_discovery:discover_packages(colcon_meta) check parameters
[0.078s] Level 1:colcon.colcon_core.package_discovery:discover_packages(recursive) check parameters
[0.078s] Level 1:colcon.colcon_core.package_discovery:discover_packages(ignore) check parameters
[0.078s] Level 1:colcon.colcon_core.package_discovery:discover_packages(path) check parameters
[0.078s] Level 1:colcon.colcon_core.package_discovery:discover_packages(colcon_meta) discover
[0.078s] Level 1:colcon.colcon_core.package_discovery:discover_packages(recursive) discover
[0.078s] INFO:colcon.colcon_core.package_discovery:Crawling recursively for packages in '/home/eren/ern/projects/main_kasva_ws'
[0.078s] Level 1:colcon.colcon_core.package_identification:_identify(.) by extensions ['ignore', 'ignore_ament_install']
[0.078s] Level 1:colcon.colcon_core.package_identification:_identify(.) by extension 'ignore'
[0.078s] Level 1:colcon.colcon_core.package_identification:_identify(.) by extension 'ignore_ament_install'
[0.078s] Level 1:colcon.colcon_core.package_identification:_identify(.) by extensions ['colcon_pkg']
[0.078s] Level 1:colcon.colcon_core.package_identification:_identify(.) by extension 'colcon_pkg'
[0.078s] Level 1:colcon.colcon_core.package_identification:_identify(.) by extensions ['colcon_meta']
[0.078s] Level 1:colcon.colcon_core.package_identification:_identify(.) by extension 'colcon_meta'
[0.078s] Level 1:colcon.colcon_core.package_identification:_identify(.) by extensions ['ros']
[0.078s] Level 1:colcon.colcon_core.package_identification:_identify(.) by extension 'ros'
[0.093s] Level 1:colcon.colcon_core.package_identification:_identify(.) by extensions ['cmake', 'python']
[0.093s] Level 1:colcon.colcon_core.package_identification:_identify(.) by extension 'cmake'
[0.093s] Level 1:colcon.colcon_core.package_identification:_identify(.) by extension 'python'
[0.093s] Level 1:colcon.colcon_core.package_identification:_identify(.) by extensions ['python_setup_py']
[0.093s] Level 1:colcon.colcon_core.package_identification:_identify(.) by extension 'python_setup_py'
[0.093s] Level 1:colcon.colcon_core.package_identification:_identify(build) by extensions ['ignore', 'ignore_ament_install']
[0.093s] Level 1:colcon.colcon_core.package_identification:_identify(build) by extension 'ignore'
[0.094s] Level 1:colcon.colcon_core.package_identification:_identify(build) ignored
[0.094s] Level 1:colcon.colcon_core.package_identification:_identify(install) by extensions ['ignore', 'ignore_ament_install']
[0.094s] Level 1:colcon.colcon_core.package_identification:_identify(install) by extension 'ignore'
[0.094s] Level 1:colcon.colcon_core.package_identification:_identify(install) ignored
[0.094s] Level 1:colcon.colcon_core.package_identification:_identify(log) by extensions ['ignore', 'ignore_ament_install']
[0.094s] Level 1:colcon.colcon_core.package_identification:_identify(log) by extension 'ignore'
[0.094s] Level 1:colcon.colcon_core.package_identification:_identify(log) ignored
[0.094s] Level 1:colcon.colcon_core.package_identification:_identify(src) by extensions ['ignore', 'ignore_ament_install']
[0.094s] Level 1:colcon.colcon_core.package_identification:_identify(src) by extension 'ignore'
[0.094s] Level 1:colcon.colcon_core.package_identification:_identify(src) by extension 'ignore_ament_install'
[0.094s] Level 1:colcon.colcon_core.package_identification:_identify(src) by extensions ['colcon_pkg']
[0.094s] Level 1:colcon.colcon_core.package_identification:_identify(src) by extension 'colcon_pkg'
[0.094s] Level 1:colcon.colcon_core.package_identification:_identify(src) by extensions ['colcon_meta']
[0.094s] Level 1:colcon.colcon_core.package_identification:_identify(src) by extension 'colcon_meta'
[0.094s] Level 1:colcon.colcon_core.package_identification:_identify(src) by extensions ['ros']
[0.094s] Level 1:colcon.colcon_core.package_identification:_identify(src) by extension 'ros'
[0.094s] Level 1:colcon.colcon_core.package_identification:_identify(src) by extensions ['cmake', 'python']
[0.094s] Level 1:colcon.colcon_core.package_identification:_identify(src) by extension 'cmake'
[0.094s] Level 1:colcon.colcon_core.package_identification:_identify(src) by extension 'python'
[0.094s] Level 1:colcon.colcon_core.package_identification:_identify(src) by extensions ['python_setup_py']
[0.094s] Level 1:colcon.colcon_core.package_identification:_identify(src) by extension 'python_setup_py'
[0.094s] Level 1:colcon.colcon_core.package_identification:_identify(src/gui) by extensions ['ignore', 'ignore_ament_install']
[0.094s] Level 1:colcon.colcon_core.package_identification:_identify(src/gui) by extension 'ignore'
[0.094s] Level 1:colcon.colcon_core.package_identification:_identify(src/gui) by extension 'ignore_ament_install'
[0.094s] Level 1:colcon.colcon_core.package_identification:_identify(src/gui) by extensions ['colcon_pkg']
[0.094s] Level 1:colcon.colcon_core.package_identification:_identify(src/gui) by extension 'colcon_pkg'
[0.094s] Level 1:colcon.colcon_core.package_identification:_identify(src/gui) by extensions ['colcon_meta']
[0.094s] Level 1:colcon.colcon_core.package_identification:_identify(src/gui) by extension 'colcon_meta'
[0.094s] Level 1:colcon.colcon_core.package_identification:_identify(src/gui) by extensions ['ros']
[0.094s] Level 1:colcon.colcon_core.package_identification:_identify(src/gui) by extension 'ros'
[0.096s] DEBUG:colcon.colcon_core.package_identification:Package 'src/gui' with type 'ros.ament_python' and name 'gui'
[0.096s] Level 1:colcon.colcon_core.package_identification:_identify(src/img_pro) by extensions ['ignore', 'ignore_ament_install']
[0.096s] Level 1:colcon.colcon_core.package_identification:_identify(src/img_pro) by extension 'ignore'
[0.096s] Level 1:colcon.colcon_core.package_identification:_identify(src/img_pro) by extension 'ignore_ament_install'
[0.096s] Level 1:colcon.colcon_core.package_identification:_identify(src/img_pro) by extensions ['colcon_pkg']
[0.096s] Level 1:colcon.colcon_core.package_identification:_identify(src/img_pro) by extension 'colcon_pkg'
[0.096s] Level 1:colcon.colcon_core.package_identification:_identify(src/img_pro) by extensions ['colcon_meta']
[0.096s] Level 1:colcon.colcon_core.package_identification:_identify(src/img_pro) by extension 'colcon_meta'
[0.096s] Level 1:colcon.colcon_core.package_identification:_identify(src/img_pro) by extensions ['ros']
[0.096s] Level 1:colcon.colcon_core.package_identification:_identify(src/img_pro) by extension 'ros'
[0.096s] DEBUG:colcon.colcon_core.package_identification:Package 'src/img_pro' with type 'ros.ament_python' and name 'img_pro'
[0.096s] Level 1:colcon.colcon_core.package_identification:_identify(src/interfaces) by extensions ['ignore', 'ignore_ament_install']
[0.096s] Level 1:colcon.colcon_core.package_identification:_identify(src/interfaces) by extension 'ignore'
[0.096s] Level 1:colcon.colcon_core.package_identification:_identify(src/interfaces) by extension 'ignore_ament_install'
[0.096s] Level 1:colcon.colcon_core.package_identification:_identify(src/interfaces) by extensions ['colcon_pkg']
[0.096s] Level 1:colcon.colcon_core.package_identification:_identify(src/interfaces) by extension 'colcon_pkg'
[0.096s] Level 1:colcon.colcon_core.package_identification:_identify(src/interfaces) by extensions ['colcon_meta']
[0.096s] Level 1:colcon.colcon_core.package_identification:_identify(src/interfaces) by extension 'colcon_meta'
[0.096s] Level 1:colcon.colcon_core.package_identification:_identify(src/interfaces) by extensions ['ros']
[0.096s] Level 1:colcon.colcon_core.package_identification:_identify(src/interfaces) by extension 'ros'
[0.097s] DEBUG:colcon.colcon_core.package_identification:Package 'src/interfaces' with type 'ros.ament_cmake' and name 'interfaces'
[0.097s] Level 1:colcon.colcon_core.package_identification:_identify(src/kasva_odom) by extensions ['ignore', 'ignore_ament_install']
[0.097s] Level 1:colcon.colcon_core.package_identification:_identify(src/kasva_odom) by extension 'ignore'
[0.097s] Level 1:colcon.colcon_core.package_identification:_identify(src/kasva_odom) by extension 'ignore_ament_install'
[0.097s] Level 1:colcon.colcon_core.package_identification:_identify(src/kasva_odom) by extensions ['colcon_pkg']
[0.097s] Level 1:colcon.colcon_core.package_identification:_identify(src/kasva_odom) by extension 'colcon_pkg'
[0.097s] Level 1:colcon.colcon_core.package_identification:_identify(src/kasva_odom) by extensions ['colcon_meta']
[0.097s] Level 1:colcon.colcon_core.package_identification:_identify(src/kasva_odom) by extension 'colcon_meta'
[0.097s] Level 1:colcon.colcon_core.package_identification:_identify(src/kasva_odom) by extensions ['ros']
[0.097s] Level 1:colcon.colcon_core.package_identification:_identify(src/kasva_odom) by extension 'ros'
[0.097s] DEBUG:colcon.colcon_core.package_identification:Package 'src/kasva_odom' with type 'ros.ament_cmake' and name 'kasva_odom'
[0.097s] Level 1:colcon.colcon_core.package_identification:_identify(src/kasva_sekli) by extensions ['ignore', 'ignore_ament_install']
[0.097s] Level 1:colcon.colcon_core.package_identification:_identify(src/kasva_sekli) by extension 'ignore'
[0.098s] Level 1:colcon.colcon_core.package_identification:_identify(src/kasva_sekli) by extension 'ignore_ament_install'
[0.098s] Level 1:colcon.colcon_core.package_identification:_identify(src/kasva_sekli) by extensions ['colcon_pkg']
[0.098s] Level 1:colcon.colcon_core.package_identification:_identify(src/kasva_sekli) by extension 'colcon_pkg'
[0.098s] Level 1:colcon.colcon_core.package_identification:_identify(src/kasva_sekli) by extensions ['colcon_meta']
[0.098s] Level 1:colcon.colcon_core.package_identification:_identify(src/kasva_sekli) by extension 'colcon_meta'
[0.098s] Level 1:colcon.colcon_core.package_identification:_identify(src/kasva_sekli) by extensions ['ros']
[0.098s] Level 1:colcon.colcon_core.package_identification:_identify(src/kasva_sekli) by extension 'ros'
[0.098s] DEBUG:colcon.colcon_core.package_identification:Package 'src/kasva_sekli' with type 'ros.ament_cmake' and name 'kasva_sekli'
[0.098s] Level 1:colcon.colcon_core.package_identification:_identify(src/manager) by extensions ['ignore', 'ignore_ament_install']
[0.098s] Level 1:colcon.colcon_core.package_identification:_identify(src/manager) by extension 'ignore'
[0.098s] Level 1:colcon.colcon_core.package_identification:_identify(src/manager) by extension 'ignore_ament_install'
[0.098s] Level 1:colcon.colcon_core.package_identification:_identify(src/manager) by extensions ['colcon_pkg']
[0.098s] Level 1:colcon.colcon_core.package_identification:_identify(src/manager) by extension 'colcon_pkg'
[0.098s] Level 1:colcon.colcon_core.package_identification:_identify(src/manager) by extensions ['colcon_meta']
[0.098s] Level 1:colcon.colcon_core.package_identification:_identify(src/manager) by extension 'colcon_meta'
[0.098s] Level 1:colcon.colcon_core.package_identification:_identify(src/manager) by extensions ['ros']
[0.098s] Level 1:colcon.colcon_core.package_identification:_identify(src/manager) by extension 'ros'
[0.098s] DEBUG:colcon.colcon_core.package_identification:Package 'src/manager' with type 'ros.ament_python' and name 'manager'
[0.098s] Level 1:colcon.colcon_core.package_identification:_identify(src/obstacle) by extensions ['ignore', 'ignore_ament_install']
[0.098s] Level 1:colcon.colcon_core.package_identification:_identify(src/obstacle) by extension 'ignore'
[0.098s] Level 1:colcon.colcon_core.package_identification:_identify(src/obstacle) by extension 'ignore_ament_install'
[0.098s] Level 1:colcon.colcon_core.package_identification:_identify(src/obstacle) by extensions ['colcon_pkg']
[0.098s] Level 1:colcon.colcon_core.package_identification:_identify(src/obstacle) by extension 'colcon_pkg'
[0.098s] Level 1:colcon.colcon_core.package_identification:_identify(src/obstacle) by extensions ['colcon_meta']
[0.098s] Level 1:colcon.colcon_core.package_identification:_identify(src/obstacle) by extension 'colcon_meta'
[0.098s] Level 1:colcon.colcon_core.package_identification:_identify(src/obstacle) by extensions ['ros']
[0.099s] Level 1:colcon.colcon_core.package_identification:_identify(src/obstacle) by extension 'ros'
[0.099s] DEBUG:colcon.colcon_core.package_identification:Package 'src/obstacle' with type 'ros.ament_python' and name 'obstacle'
[0.099s] Level 1:colcon.colcon_core.package_discovery:discover_packages(recursive) using defaults
[0.099s] Level 1:colcon.colcon_core.package_discovery:discover_packages(ignore) discover
[0.099s] Level 1:colcon.colcon_core.package_discovery:discover_packages(ignore) using defaults
[0.099s] Level 1:colcon.colcon_core.package_discovery:discover_packages(path) discover
[0.099s] Level 1:colcon.colcon_core.package_discovery:discover_packages(path) using defaults
[0.109s] Level 1:colcon.colcon_core.package_discovery:discover_packages(prefix_path) check parameters
[0.109s] Level 1:colcon.colcon_core.package_discovery:discover_packages(prefix_path) discover
[0.110s] DEBUG:colcon.colcon_installed_package_information.package_discovery:Found 7 installed packages in /home/eren/ern/projects/main_kasva_ws/install
[0.110s] DEBUG:colcon.colcon_installed_package_information.package_discovery:Found 1 installed packages in /home/eren/ern/projects/arti_ws/install
[0.111s] DEBUG:colcon.colcon_installed_package_information.package_discovery:Found 367 installed packages in /opt/ros/jazzy
[0.112s] Level 1:colcon.colcon_core.package_discovery:discover_packages(prefix_path) using defaults
[0.135s] Level 5:colcon.colcon_core.verb:set package 'gui' build argument 'cmake_args' from command line to 'None'
[0.136s] Level 5:colcon.colcon_core.verb:set package 'gui' build argument 'cmake_target' from command line to 'None'
[0.136s] Level 5:colcon.colcon_core.verb:set package 'gui' build argument 'cmake_target_skip_unavailable' from command line to 'False'
[0.136s] Level 5:colcon.colcon_core.verb:set package 'gui' build argument 'cmake_clean_cache' from command line to 'False'
[0.136s] Level 5:colcon.colcon_core.verb:set package 'gui' build argument 'cmake_clean_first' from command line to 'False'
[0.136s] Level 5:colcon.colcon_core.verb:set package 'gui' build argument 'cmake_force_configure' from command line to 'False'
[0.136s] Level 5:colcon.colcon_core.verb:set package 'gui' build argument 'ament_cmake_args' from command line to 'None'
[0.136s] Level 5:colcon.colcon_core.verb:set package 'gui' build argument 'catkin_cmake_args' from command line to 'None'
[0.136s] Level 5:colcon.colcon_core.verb:set package 'gui' build argument 'catkin_skip_building_tests' from command line to 'False'
[0.136s] DEBUG:colcon.colcon_core.verb:Building package 'gui' with the following arguments: {'ament_cmake_args': None, 'build_base': '/home/eren/ern/projects/main_kasva_ws/build/gui', 'catkin_cmake_args': None, 'catkin_skip_building_tests': False, 'cmake_args': None, 'cmake_clean_cache': False, 'cmake_clean_first': False, 'cmake_force_configure': False, 'cmake_target': None, 'cmake_target_skip_unavailable': False, 'install_base': '/home/eren/ern/projects/main_kasva_ws/install/gui', 'merge_install': False, 'path': '/home/eren/ern/projects/main_kasva_ws/src/gui', 'symlink_install': False, 'test_result_base': None}
[0.136s] Level 5:colcon.colcon_core.verb:set package 'img_pro' build argument 'cmake_args' from command line to 'None'
[0.136s] Level 5:colcon.colcon_core.verb:set package 'img_pro' build argument 'cmake_target' from command line to 'None'
[0.136s] Level 5:colcon.colcon_core.verb:set package 'img_pro' build argument 'cmake_target_skip_unavailable' from command line to 'False'
[0.136s] Level 5:colcon.colcon_core.verb:set package 'img_pro' build argument 'cmake_clean_cache' from command line to 'False'
[0.136s] Level 5:colcon.colcon_core.verb:set package 'img_pro' build argument 'cmake_clean_first' from command line to 'False'
[0.136s] Level 5:colcon.colcon_core.verb:set package 'img_pro' build argument 'cmake_force_configure' from command line to 'False'
[0.136s] Level 5:colcon.colcon_core.verb:set package 'img_pro' build argument 'ament_cmake_args' from command line to 'None'
[0.136s] Level 5:colcon.colcon_core.verb:set package 'img_pro' build argument 'catkin_cmake_args' from command line to 'None'
[0.136s] Level 5:colcon.colcon_core.verb:set package 'img_pro' build argument 'catkin_skip_building_tests' from command line to 'False'
[0.136s] DEBUG:colcon.colcon_core.verb:Building package 'img_pro' with the following arguments: {'ament_cmake_args': None, 'build_base': '/home/eren/ern/projects/main_kasva_ws/build/img_pro', 'catkin_cmake_args': None, 'catkin_skip_building_tests': False, 'cmake_args': None, 'cmake_clean_cache': False, 'cmake_clean_first': False, 'cmake_force_configure': False, 'cmake_target': None, 'cmake_target_skip_unavailable': False, 'install_base': '/home/eren/ern/projects/main_kasva_ws/install/img_pro', 'merge_install': False, 'path': '/home/eren/ern/projects/main_kasva_ws/src/img_pro', 'symlink_install': False, 'test_result_base': None}
[0.136s] Level 5:colcon.colcon_core.verb:set package 'interfaces' build argument 'cmake_args' from command line to 'None'
[0.136s] Level 5:colcon.colcon_core.verb:set package 'interfaces' build argument 'cmake_target' from command line to 'None'
[0.136s] Level 5:colcon.colcon_core.verb:set package 'interfaces' build argument 'cmake_target_skip_unavailable' from command line to 'False'
[0.136s] Level 5:colcon.colcon_core.verb:set package 'interfaces' build argument 'cmake_clean_cache' from command line to 'False'
[0.136s] Level 5:colcon.colcon_core.verb:set package 'interfaces' build argument 'cmake_clean_first' from command line to 'False'
[0.136s] Level 5:colcon.colcon_core.verb:set package 'interfaces' build argument 'cmake_force_configure' from command line to 'False'
[0.136s] Level 5:colcon.colcon_core.verb:set package 'interfaces' build argument 'ament_cmake_args' from command line to 'None'
[0.136s] Level 5:colcon.colcon_core.verb:set package 'interfaces' build argument 'catkin_cmake_args' from command line to 'None'
[0.136s] Level 5:colcon.colcon_core.verb:set package 'interfaces' build argument 'catkin_skip_building_tests' from command line to 'False'
[0.136s] DEBUG:colcon.colcon_core.verb:Building package 'interfaces' with the following arguments: {'ament_cmake_args': None, 'build_base': '/home/eren/ern/projects/main_kasva_ws/build/interfaces', 'catkin_cmake_args': None, 'catkin_skip_building_tests': False, 'cmake_args': None, 'cmake_clean_cache': False, 'cmake_clean_first': False, 'cmake_force_configure': False, 'cmake_target': None, 'cmake_target_skip_unavailable': False, 'install_base': '/home/eren/ern/projects/main_kasva_ws/install/interfaces', 'merge_install': False, 'path': '/home/eren/ern/projects/main_kasva_ws/src/interfaces', 'symlink_install': False, 'test_result_base': None}
[0.136s] Level 5:colcon.colcon_core.verb:set package 'kasva_odom' build argument 'cmake_args' from command line to 'None'
[0.136s] Level 5:colcon.colcon_core.verb:set package 'kasva_odom' build argument 'cmake_target' from command line to 'None'
[0.136s] Level 5:colcon.colcon_core.verb:set package 'kasva_odom' build argument 'cmake_target_skip_unavailable' from command line to 'False'
[0.136s] Level 5:colcon.colcon_core.verb:set package 'kasva_odom' build argument 'cmake_clean_cache' from command line to 'False'
[0.136s] Level 5:colcon.colcon_core.verb:set package 'kasva_odom' build argument 'cmake_clean_first' from command line to 'False'
[0.136s] Level 5:colcon.colcon_core.verb:set package 'kasva_odom' build argument 'cmake_force_configure' from command line to 'False'
[0.136s] Level 5:colcon.colcon_core.verb:set package 'kasva_odom' build argument 'ament_cmake_args' from command line to 'None'
[0.136s] Level 5:colcon.colcon_core.verb:set package 'kasva_odom' build argument 'catkin_cmake_args' from command line to 'None'
[0.136s] Level 5:colcon.colcon_core.verb:set package 'kasva_odom' build argument 'catkin_skip_building_tests' from command line to 'False'
[0.136s] DEBUG:colcon.colcon_core.verb:Building package 'kasva_odom' with the following arguments: {'ament_cmake_args': None, 'build_base': '/home/eren/ern/projects/main_kasva_ws/build/kasva_odom', 'catkin_cmake_args': None, 'catkin_skip_building_tests': False, 'cmake_args': None, 'cmake_clean_cache': False, 'cmake_clean_first': False, 'cmake_force_configure': False, 'cmake_target': None, 'cmake_target_skip_unavailable': False, 'install_base': '/home/eren/ern/projects/main_kasva_ws/install/kasva_odom', 'merge_install': False, 'path': '/home/eren/ern/projects/main_kasva_ws/src/kasva_odom', 'symlink_install': False, 'test_result_base': None}
[0.136s] Level 5:colcon.colcon_core.verb:set package 'kasva_sekli' build argument 'cmake_args' from command line to 'None'
[0.136s] Level 5:colcon.colcon_core.verb:set package 'kasva_sekli' build argument 'cmake_target' from command line to 'None'
[0.136s] Level 5:colcon.colcon_core.verb:set package 'kasva_sekli' build argument 'cmake_target_skip_unavailable' from command line to 'False'
[0.136s] Level 5:colcon.colcon_core.verb:set package 'kasva_sekli' build argument 'cmake_clean_cache' from command line to 'False'
[0.136s] Level 5:colcon.colcon_core.verb:set package 'kasva_sekli' build argument 'cmake_clean_first' from command line to 'False'
[0.136s] Level 5:colcon.colcon_core.verb:set package 'kasva_sekli' build argument 'cmake_force_configure' from command line to 'False'
[0.136s] Level 5:colcon.colcon_core.verb:set package 'kasva_sekli' build argument 'ament_cmake_args' from command line to 'None'
[0.136s] Level 5:colcon.colcon_core.verb:set package 'kasva_sekli' build argument 'catkin_cmake_args' from command line to 'None'
[0.136s] Level 5:colcon.colcon_core.verb:set package 'kasva_sekli' build argument 'catkin_skip_building_tests' from command line to 'False'
[0.136s] DEBUG:colcon.colcon_core.verb:Building package 'kasva_sekli' with the following arguments: {'ament_cmake_args': None, 'build_base': '/home/eren/ern/projects/main_kasva_ws/build/kasva_sekli', 'catkin_cmake_args': None, 'catkin_skip_building_tests': False, 'cmake_args': None, 'cmake_clean_cache': False, 'cmake_clean_first': False, 'cmake_force_configure': False, 'cmake_target': None, 'cmake_target_skip_unavailable': False, 'install_base': '/home/eren/ern/projects/main_kasva_ws/install/kasva_sekli', 'merge_install': False, 'path': '/home/eren/ern/projects/main_kasva_ws/src/kasva_sekli', 'symlink_install': False, 'test_result_base': None}
[0.137s] Level 5:colcon.colcon_core.verb:set package 'manager' build argument 'cmake_args' from command line to 'None'
[0.137s] Level 5:colcon.colcon_core.verb:set package 'manager' build argument 'cmake_target' from command line to 'None'
[0.137s] Level 5:colcon.colcon_core.verb:set package 'manager' build argument 'cmake_target_skip_unavailable' from command line to 'False'
[0.137s] Level 5:colcon.colcon_core.verb:set package 'manager' build argument 'cmake_clean_cache' from command line to 'False'
[0.137s] Level 5:colcon.colcon_core.verb:set package 'manager' build argument 'cmake_clean_first' from command line to 'False'
[0.137s] Level 5:colcon.colcon_core.verb:set package 'manager' build argument 'cmake_force_configure' from command line to 'False'
[0.137s] Level 5:colcon.colcon_core.verb:set package 'manager' build argument 'ament_cmake_args' from command line to 'None'
[0.137s] Level 5:colcon.colcon_core.verb:set package 'manager' build argument 'catkin_cmake_args' from command line to 'None'
[0.137s] Level 5:colcon.colcon_core.verb:set package 'manager' build argument 'catkin_skip_building_tests' from command line to 'False'
[0.137s] DEBUG:colcon.colcon_core.verb:Building package 'manager' with the following arguments: {'ament_cmake_args': None, 'build_base': '/home/eren/ern/projects/main_kasva_ws/build/manager', 'catkin_cmake_args': None, 'catkin_skip_building_tests': False, 'cmake_args': None, 'cmake_clean_cache': False, 'cmake_clean_first': False, 'cmake_force_configure': False, 'cmake_target': None, 'cmake_target_skip_unavailable': False, 'install_base': '/home/eren/ern/projects/main_kasva_ws/install/manager', 'merge_install': False, 'path': '/home/eren/ern/projects/main_kasva_ws/src/manager', 'symlink_install': False, 'test_result_base': None}
[0.137s] Level 5:colcon.colcon_core.verb:set package 'obstacle' build argument 'cmake_args' from command line to 'None'
[0.137s] Level 5:colcon.colcon_core.verb:set package 'obstacle' build argument 'cmake_target' from command line to 'None'
[0.137s] Level 5:colcon.colcon_core.verb:set package 'obstacle' build argument 'cmake_target_skip_unavailable' from command line to 'False'
[0.137s] Level 5:colcon.colcon_core.verb:set package 'obstacle' build argument 'cmake_clean_cache' from command line to 'False'
[0.137s] Level 5:colcon.colcon_core.verb:set package 'obstacle' build argument 'cmake_clean_first' from command line to 'False'
[0.137s] Level 5:colcon.colcon_core.verb:set package 'obstacle' build argument 'cmake_force_configure' from command line to 'False'
[0.137s] Level 5:colcon.colcon_core.verb:set package 'obstacle' build argument 'ament_cmake_args' from command line to 'None'
[0.137s] Level 5:colcon.colcon_core.verb:set package 'obstacle' build argument 'catkin_cmake_args' from command line to 'None'
[0.137s] Level 5:colcon.colcon_core.verb:set package 'obstacle' build argument 'catkin_skip_building_tests' from command line to 'False'
[0.137s] DEBUG:colcon.colcon_core.verb:Building package 'obstacle' with the following arguments: {'ament_cmake_args': None, 'build_base': '/home/eren/ern/projects/main_kasva_ws/build/obstacle', 'catkin_cmake_args': None, 'catkin_skip_building_tests': False, 'cmake_args': None, 'cmake_clean_cache': False, 'cmake_clean_first': False, 'cmake_force_configure': False, 'cmake_target': None, 'cmake_target_skip_unavailable': False, 'install_base': '/home/eren/ern/projects/main_kasva_ws/install/obstacle', 'merge_install': False, 'path': '/home/eren/ern/projects/main_kasva_ws/src/obstacle', 'symlink_install': False, 'test_result_base': None}
[0.137s] INFO:colcon.colcon_core.executor:Executing jobs using 'parallel' executor
[0.138s] DEBUG:colcon.colcon_parallel_executor.executor.parallel:run_until_complete
[0.138s] INFO:colcon.colcon_ros.task.ament_python.build:Building ROS package in '/home/eren/ern/projects/main_kasva_ws/src/gui' with build type 'ament_python'
[0.138s] Level 1:colcon.colcon_core.shell:create_environment_hook('gui', 'ament_prefix_path')
[0.139s] INFO:colcon.colcon_core.plugin_system:Skipping extension 'colcon_core.shell.bat': Not used on non-Windows systems
[0.139s] INFO:colcon.colcon_core.shell:Creating environment hook '/home/eren/ern/projects/main_kasva_ws/install/gui/share/gui/hook/ament_prefix_path.ps1'
[0.140s] INFO:colcon.colcon_core.shell:Creating environment descriptor '/home/eren/ern/projects/main_kasva_ws/install/gui/share/gui/hook/ament_prefix_path.dsv'
[0.140s] INFO:colcon.colcon_core.shell:Creating environment hook '/home/eren/ern/projects/main_kasva_ws/install/gui/share/gui/hook/ament_prefix_path.sh'
[0.140s] INFO:colcon.colcon_core.shell:Skip shell extension 'powershell' for command environment: Not usable outside of PowerShell
[0.140s] DEBUG:colcon.colcon_core.shell:Skip shell extension 'dsv' for command environment
[0.143s] INFO:colcon.colcon_ros.task.ament_python.build:Building ROS package in '/home/eren/ern/projects/main_kasva_ws/src/img_pro' with build type 'ament_python'
[0.143s] Level 1:colcon.colcon_core.shell:create_environment_hook('img_pro', 'ament_prefix_path')
[0.143s] INFO:colcon.colcon_core.shell:Creating environment hook '/home/eren/ern/projects/main_kasva_ws/install/img_pro/share/img_pro/hook/ament_prefix_path.ps1'
[0.143s] INFO:colcon.colcon_core.shell:Creating environment descriptor '/home/eren/ern/projects/main_kasva_ws/install/img_pro/share/img_pro/hook/ament_prefix_path.dsv'
[0.143s] INFO:colcon.colcon_core.shell:Creating environment hook '/home/eren/ern/projects/main_kasva_ws/install/img_pro/share/img_pro/hook/ament_prefix_path.sh'
[0.144s] INFO:colcon.colcon_core.shell:Skip shell extension 'powershell' for command environment: Not usable outside of PowerShell
[0.144s] DEBUG:colcon.colcon_core.shell:Skip shell extension 'dsv' for command environment
[0.146s] INFO:colcon.colcon_ros.task.ament_cmake.build:Building ROS package in '/home/eren/ern/projects/main_kasva_ws/src/interfaces' with build type 'ament_cmake'
[0.146s] INFO:colcon.colcon_cmake.task.cmake.build:Building CMake package in '/home/eren/ern/projects/main_kasva_ws/src/interfaces'
[0.146s] INFO:colcon.colcon_core.shell:Skip shell extension 'powershell' for command environment: Not usable outside of PowerShell
[0.146s] DEBUG:colcon.colcon_core.shell:Skip shell extension 'dsv' for command environment
[0.148s] INFO:colcon.colcon_ros.task.ament_cmake.build:Building ROS package in '/home/eren/ern/projects/main_kasva_ws/src/kasva_odom' with build type 'ament_cmake'
[0.148s] INFO:colcon.colcon_cmake.task.cmake.build:Building CMake package in '/home/eren/ern/projects/main_kasva_ws/src/kasva_odom'
[0.148s] INFO:colcon.colcon_core.shell:Skip shell extension 'powershell' for command environment: Not usable outside of PowerShell
[0.148s] DEBUG:colcon.colcon_core.shell:Skip shell extension 'dsv' for command environment
[0.150s] INFO:colcon.colcon_ros.task.ament_cmake.build:Building ROS package in '/home/eren/ern/projects/main_kasva_ws/src/kasva_sekli' with build type 'ament_cmake'
[0.150s] INFO:colcon.colcon_cmake.task.cmake.build:Building CMake package in '/home/eren/ern/projects/main_kasva_ws/src/kasva_sekli'
[0.150s] INFO:colcon.colcon_core.shell:Skip shell extension 'powershell' for command environment: Not usable outside of PowerShell
[0.150s] DEBUG:colcon.colcon_core.shell:Skip shell extension 'dsv' for command environment
[0.152s] INFO:colcon.colcon_ros.task.ament_python.build:Building ROS package in '/home/eren/ern/projects/main_kasva_ws/src/manager' with build type 'ament_python'
[0.152s] Level 1:colcon.colcon_core.shell:create_environment_hook('manager', 'ament_prefix_path')
[0.152s] INFO:colcon.colcon_core.shell:Creating environment hook '/home/eren/ern/projects/main_kasva_ws/install/manager/share/manager/hook/ament_prefix_path.ps1'
[0.153s] INFO:colcon.colcon_core.shell:Creating environment descriptor '/home/eren/ern/projects/main_kasva_ws/install/manager/share/manager/hook/ament_prefix_path.dsv'
[0.153s] INFO:colcon.colcon_core.shell:Creating environment hook '/home/eren/ern/projects/main_kasva_ws/install/manager/share/manager/hook/ament_prefix_path.sh'
[0.153s] INFO:colcon.colcon_core.shell:Skip shell extension 'powershell' for command environment: Not usable outside of PowerShell
[0.153s] DEBUG:colcon.colcon_core.shell:Skip shell extension 'dsv' for command environment
[0.155s] INFO:colcon.colcon_ros.task.ament_python.build:Building ROS package in '/home/eren/ern/projects/main_kasva_ws/src/obstacle' with build type 'ament_python'
[0.155s] Level 1:colcon.colcon_core.shell:create_environment_hook('obstacle', 'ament_prefix_path')
[0.155s] INFO:colcon.colcon_core.shell:Creating environment hook '/home/eren/ern/projects/main_kasva_ws/install/obstacle/share/obstacle/hook/ament_prefix_path.ps1'
[0.156s] INFO:colcon.colcon_core.shell:Creating environment descriptor '/home/eren/ern/projects/main_kasva_ws/install/obstacle/share/obstacle/hook/ament_prefix_path.dsv'
[0.156s] INFO:colcon.colcon_core.shell:Creating environment hook '/home/eren/ern/projects/main_kasva_ws/install/obstacle/share/obstacle/hook/ament_prefix_path.sh'
[0.156s] INFO:colcon.colcon_core.shell:Skip shell extension 'powershell' for command environment: Not usable outside of PowerShell
[0.156s] DEBUG:colcon.colcon_core.shell:Skip shell extension 'dsv' for command environment
[0.277s] INFO:colcon.colcon_core.task.python.build:Building Python package in '/home/eren/ern/projects/main_kasva_ws/src/gui'
[0.277s] INFO:colcon.colcon_core.shell:Skip shell extension 'powershell' for command environment: Not usable outside of PowerShell
[0.277s] DEBUG:colcon.colcon_core.shell:Skip shell extension 'dsv' for command environment
[0.397s] INFO:colcon.colcon_core.task.python.build:Building Python package in '/home/eren/ern/projects/main_kasva_ws/src/img_pro'
[0.397s] INFO:colcon.colcon_core.shell:Skip shell extension 'powershell' for command environment: Not usable outside of PowerShell
[0.397s] DEBUG:colcon.colcon_core.shell:Skip shell extension 'dsv' for command environment
[0.401s] DEBUG:colcon.colcon_core.event_handler.log_command:Invoking command in '/home/eren/ern/projects/main_kasva_ws/build/interfaces': CMAKE_PREFIX_PATH=${CMAKE_PREFIX_PATH}:/home/eren/ern/projects/main_kasva_ws/install/obstacle:/home/eren/ern/projects/main_kasva_ws/install/manager:/home/eren/ern/projects/main_kasva_ws/install/img_pro:/home/eren/ern/projects/main_kasva_ws/install/gui:/opt/ros/jazzy DEBUGINFOD_URLS=https://debuginfod.ubuntu.com /usr/bin/cmake --build /home/eren/ern/projects/main_kasva_ws/build/interfaces -- -j20 -l20
[0.403s] DEBUG:colcon.colcon_core.event_handler.log_command:Invoking command in '/home/eren/ern/projects/main_kasva_ws/build/kasva_odom': CMAKE_PREFIX_PATH=${CMAKE_PREFIX_PATH}:/home/eren/ern/projects/main_kasva_ws/install/obstacle:/home/eren/ern/projects/main_kasva_ws/install/manager:/home/eren/ern/projects/main_kasva_ws/install/img_pro:/home/eren/ern/projects/main_kasva_ws/install/gui:/opt/ros/jazzy DEBUGINFOD_URLS=https://debuginfod.ubuntu.com /usr/bin/cmake --build /home/eren/ern/projects/main_kasva_ws/build/kasva_odom -- -j20 -l20
[0.404s] DEBUG:colcon.colcon_core.event_handler.log_command:Invoking command in '/home/eren/ern/projects/main_kasva_ws/build/kasva_sekli': CMAKE_PREFIX_PATH=${CMAKE_PREFIX_PATH}:/home/eren/ern/projects/main_kasva_ws/install/obstacle:/home/eren/ern/projects/main_kasva_ws/install/manager:/home/eren/ern/projects/main_kasva_ws/install/img_pro:/home/eren/ern/projects/main_kasva_ws/install/gui:/opt/ros/jazzy DEBUGINFOD_URLS=https://debuginfod.ubuntu.com /usr/bin/cmake --build /home/eren/ern/projects/main_kasva_ws/build/kasva_sekli -- -j20 -l20
[0.537s] INFO:colcon.colcon_core.task.python.build:Building Python package in '/home/eren/ern/projects/main_kasva_ws/src/manager'
[0.537s] INFO:colcon.colcon_core.shell:Skip shell extension 'powershell' for command environment: Not usable outside of PowerShell
[0.537s] DEBUG:colcon.colcon_core.shell:Skip shell extension 'dsv' for command environment
[0.544s] DEBUG:colcon.colcon_core.event_handler.log_command:Invoked command in '/home/eren/ern/projects/main_kasva_ws/build/kasva_odom' returned '0': CMAKE_PREFIX_PATH=${CMAKE_PREFIX_PATH}:/home/eren/ern/projects/main_kasva_ws/install/obstacle:/home/eren/ern/projects/main_kasva_ws/install/manager:/home/eren/ern/projects/main_kasva_ws/install/img_pro:/home/eren/ern/projects/main_kasva_ws/install/gui:/opt/ros/jazzy DEBUGINFOD_URLS=https://debuginfod.ubuntu.com /usr/bin/cmake --build /home/eren/ern/projects/main_kasva_ws/build/kasva_odom -- -j20 -l20
[0.550s] DEBUG:colcon.colcon_core.event_handler.log_command:Invoking command in '/home/eren/ern/projects/main_kasva_ws/build/kasva_odom': CMAKE_PREFIX_PATH=${CMAKE_PREFIX_PATH}:/home/eren/ern/projects/main_kasva_ws/install/obstacle:/home/eren/ern/projects/main_kasva_ws/install/manager:/home/eren/ern/projects/main_kasva_ws/install/img_pro:/home/eren/ern/projects/main_kasva_ws/install/gui:/opt/ros/jazzy DEBUGINFOD_URLS=https://debuginfod.ubuntu.com /usr/bin/cmake --install /home/eren/ern/projects/main_kasva_ws/build/kasva_odom
[0.551s] DEBUG:colcon.colcon_core.event_handler.log_command:Invoked command in '/home/eren/ern/projects/main_kasva_ws/build/kasva_sekli' returned '0': CMAKE_PREFIX_PATH=${CMAKE_PREFIX_PATH}:/home/eren/ern/projects/main_kasva_ws/install/obstacle:/home/eren/ern/projects/main_kasva_ws/install/manager:/home/eren/ern/projects/main_kasva_ws/install/img_pro:/home/eren/ern/projects/main_kasva_ws/install/gui:/opt/ros/jazzy DEBUGINFOD_URLS=https://debuginfod.ubuntu.com /usr/bin/cmake --build /home/eren/ern/projects/main_kasva_ws/build/kasva_sekli -- -j20 -l20
[0.552s] DEBUG:colcon.colcon_core.event_handler.log_command:Invoking command in '/home/eren/ern/projects/main_kasva_ws/build/kasva_sekli': CMAKE_PREFIX_PATH=${CMAKE_PREFIX_PATH}:/home/eren/ern/projects/main_kasva_ws/install/obstacle:/home/eren/ern/projects/main_kasva_ws/install/manager:/home/eren/ern/projects/main_kasva_ws/install/img_pro:/home/eren/ern/projects/main_kasva_ws/install/gui:/opt/ros/jazzy DEBUGINFOD_URLS=https://debuginfod.ubuntu.com /usr/bin/cmake --install /home/eren/ern/projects/main_kasva_ws/build/kasva_sekli
[0.675s] INFO:colcon.colcon_core.task.python.build:Building Python package in '/home/eren/ern/projects/main_kasva_ws/src/obstacle'
[0.675s] INFO:colcon.colcon_core.shell:Skip shell extension 'powershell' for command environment: Not usable outside of PowerShell
[0.675s] DEBUG:colcon.colcon_core.shell:Skip shell extension 'dsv' for command environment
[0.685s] Level 1:colcon.colcon_core.environment:create_environment_scripts_only(kasva_sekli)
[0.685s] DEBUG:colcon.colcon_core.event_handler.log_command:Invoked command in '/home/eren/ern/projects/main_kasva_ws/build/kasva_sekli' returned '0': CMAKE_PREFIX_PATH=${CMAKE_PREFIX_PATH}:/home/eren/ern/projects/main_kasva_ws/install/obstacle:/home/eren/ern/projects/main_kasva_ws/install/manager:/home/eren/ern/projects/main_kasva_ws/install/img_pro:/home/eren/ern/projects/main_kasva_ws/install/gui:/opt/ros/jazzy DEBUGINFOD_URLS=https://debuginfod.ubuntu.com /usr/bin/cmake --install /home/eren/ern/projects/main_kasva_ws/build/kasva_sekli
[0.686s] Level 1:colcon.colcon_core.environment:checking '/home/eren/ern/projects/main_kasva_ws/install/kasva_sekli' for CMake module files
[0.686s] Level 1:colcon.colcon_core.environment:checking '/home/eren/ern/projects/main_kasva_ws/install/kasva_sekli' for CMake config files
[0.686s] Level 1:colcon.colcon_core.shell:create_environment_hook('kasva_sekli', 'cmake_prefix_path')
[0.687s] INFO:colcon.colcon_core.shell:Creating environment hook '/home/eren/ern/projects/main_kasva_ws/install/kasva_sekli/share/kasva_sekli/hook/cmake_prefix_path.ps1'
[0.687s] INFO:colcon.colcon_core.shell:Creating environment descriptor '/home/eren/ern/projects/main_kasva_ws/install/kasva_sekli/share/kasva_sekli/hook/cmake_prefix_path.dsv'
[0.687s] INFO:colcon.colcon_core.shell:Creating environment hook '/home/eren/ern/projects/main_kasva_ws/install/kasva_sekli/share/kasva_sekli/hook/cmake_prefix_path.sh'
[0.687s] Level 1:colcon.colcon_core.environment:checking '/home/eren/ern/projects/main_kasva_ws/install/kasva_sekli/bin'
[0.687s] Level 1:colcon.colcon_core.environment:checking '/home/eren/ern/projects/main_kasva_ws/install/kasva_sekli/lib/pkgconfig/kasva_sekli.pc'
[0.687s] Level 1:colcon.colcon_core.environment:checking '/home/eren/ern/projects/main_kasva_ws/install/kasva_sekli/lib/python3.12/site-packages'
[0.688s] Level 1:colcon.colcon_core.environment:checking '/home/eren/ern/projects/main_kasva_ws/install/kasva_sekli/bin'
[0.688s] INFO:colcon.colcon_core.shell:Creating package script '/home/eren/ern/projects/main_kasva_ws/install/kasva_sekli/share/kasva_sekli/package.ps1'
[0.688s] INFO:colcon.colcon_core.shell:Creating package descriptor '/home/eren/ern/projects/main_kasva_ws/install/kasva_sekli/share/kasva_sekli/package.dsv'
[0.688s] INFO:colcon.colcon_core.shell:Creating package script '/home/eren/ern/projects/main_kasva_ws/install/kasva_sekli/share/kasva_sekli/package.sh'
[0.689s] INFO:colcon.colcon_core.shell:Creating package script '/home/eren/ern/projects/main_kasva_ws/install/kasva_sekli/share/kasva_sekli/package.bash'
[0.689s] INFO:colcon.colcon_core.shell:Creating package script '/home/eren/ern/projects/main_kasva_ws/install/kasva_sekli/share/kasva_sekli/package.zsh'
[0.689s] Level 1:colcon.colcon_core.environment:create_file_with_runtime_dependencies(/home/eren/ern/projects/main_kasva_ws/install/kasva_sekli/share/colcon-core/packages/kasva_sekli)
[0.690s] Level 1:colcon.colcon_core.environment:create_environment_scripts_only(kasva_sekli)
[0.690s] Level 1:colcon.colcon_core.environment:checking '/home/eren/ern/projects/main_kasva_ws/install/kasva_sekli' for CMake module files
[0.690s] Level 1:colcon.colcon_core.environment:checking '/home/eren/ern/projects/main_kasva_ws/install/kasva_sekli' for CMake config files
[0.690s] Level 1:colcon.colcon_core.shell:create_environment_hook('kasva_sekli', 'cmake_prefix_path')
[0.690s] INFO:colcon.colcon_core.shell:Creating environment hook '/home/eren/ern/projects/main_kasva_ws/install/kasva_sekli/share/kasva_sekli/hook/cmake_prefix_path.ps1'
[0.691s] INFO:colcon.colcon_core.shell:Creating environment descriptor '/home/eren/ern/projects/main_kasva_ws/install/kasva_sekli/share/kasva_sekli/hook/cmake_prefix_path.dsv'
[0.691s] INFO:colcon.colcon_core.shell:Creating environment hook '/home/eren/ern/projects/main_kasva_ws/install/kasva_sekli/share/kasva_sekli/hook/cmake_prefix_path.sh'
[0.691s] Level 1:colcon.colcon_core.environment:checking '/home/eren/ern/projects/main_kasva_ws/install/kasva_sekli/bin'
[0.691s] Level 1:colcon.colcon_core.environment:checking '/home/eren/ern/projects/main_kasva_ws/install/kasva_sekli/lib/pkgconfig/kasva_sekli.pc'
[0.691s] Level 1:colcon.colcon_core.environment:checking '/home/eren/ern/projects/main_kasva_ws/install/kasva_sekli/lib/python3.12/site-packages'
[0.691s] Level 1:colcon.colcon_core.environment:checking '/home/eren/ern/projects/main_kasva_ws/install/kasva_sekli/bin'
[0.691s] INFO:colcon.colcon_core.shell:Creating package script '/home/eren/ern/projects/main_kasva_ws/install/kasva_sekli/share/kasva_sekli/package.ps1'
[0.692s] INFO:colcon.colcon_core.shell:Creating package descriptor '/home/eren/ern/projects/main_kasva_ws/install/kasva_sekli/share/kasva_sekli/package.dsv'
[0.692s] INFO:colcon.colcon_core.shell:Creating package script '/home/eren/ern/projects/main_kasva_ws/install/kasva_sekli/share/kasva_sekli/package.sh'
[0.692s] INFO:colcon.colcon_core.shell:Creating package script '/home/eren/ern/projects/main_kasva_ws/install/kasva_sekli/share/kasva_sekli/package.bash'
[0.692s] INFO:colcon.colcon_core.shell:Creating package script '/home/eren/ern/projects/main_kasva_ws/install/kasva_sekli/share/kasva_sekli/package.zsh'
[0.693s] Level 1:colcon.colcon_core.environment:create_file_with_runtime_dependencies(/home/eren/ern/projects/main_kasva_ws/install/kasva_sekli/share/colcon-core/packages/kasva_sekli)
[0.693s] Level 1:colcon.colcon_core.environment:create_environment_scripts_only(kasva_odom)
[0.693s] Level 1:colcon.colcon_core.environment:checking '/home/eren/ern/projects/main_kasva_ws/install/kasva_odom' for CMake module files
[0.693s] Level 1:colcon.colcon_core.environment:checking '/home/eren/ern/projects/main_kasva_ws/install/kasva_odom' for CMake config files
[0.694s] DEBUG:colcon.colcon_core.event_handler.log_command:Invoked command in '/home/eren/ern/projects/main_kasva_ws/build/kasva_odom' returned '0': CMAKE_PREFIX_PATH=${CMAKE_PREFIX_PATH}:/home/eren/ern/projects/main_kasva_ws/install/obstacle:/home/eren/ern/projects/main_kasva_ws/install/manager:/home/eren/ern/projects/main_kasva_ws/install/img_pro:/home/eren/ern/projects/main_kasva_ws/install/gui:/opt/ros/jazzy DEBUGINFOD_URLS=https://debuginfod.ubuntu.com /usr/bin/cmake --install /home/eren/ern/projects/main_kasva_ws/build/kasva_odom
[0.694s] Level 1:colcon.colcon_core.shell:create_environment_hook('kasva_odom', 'cmake_prefix_path')
[0.694s] INFO:colcon.colcon_core.shell:Creating environment hook '/home/eren/ern/projects/main_kasva_ws/install/kasva_odom/share/kasva_odom/hook/cmake_prefix_path.ps1'
[0.694s] INFO:colcon.colcon_core.shell:Creating environment descriptor '/home/eren/ern/projects/main_kasva_ws/install/kasva_odom/share/kasva_odom/hook/cmake_prefix_path.dsv'
[0.694s] INFO:colcon.colcon_core.shell:Creating environment hook '/home/eren/ern/projects/main_kasva_ws/install/kasva_odom/share/kasva_odom/hook/cmake_prefix_path.sh'
[0.695s] Level 1:colcon.colcon_core.environment:checking '/home/eren/ern/projects/main_kasva_ws/install/kasva_odom/lib'
[0.695s] Level 1:colcon.colcon_core.environment:checking '/home/eren/ern/projects/main_kasva_ws/install/kasva_odom/bin'
[0.695s] Level 1:colcon.colcon_core.environment:checking '/home/eren/ern/projects/main_kasva_ws/install/kasva_odom/lib/pkgconfig/kasva_odom.pc'
[0.695s] Level 1:colcon.colcon_core.environment:checking '/home/eren/ern/projects/main_kasva_ws/install/kasva_odom/lib/python3.12/site-packages'
[0.695s] Level 1:colcon.colcon_core.environment:checking '/home/eren/ern/projects/main_kasva_ws/install/kasva_odom/bin'
[0.695s] INFO:colcon.colcon_core.shell:Creating package script '/home/eren/ern/projects/main_kasva_ws/install/kasva_odom/share/kasva_odom/package.ps1'
[0.696s] INFO:colcon.colcon_core.shell:Creating package descriptor '/home/eren/ern/projects/main_kasva_ws/install/kasva_odom/share/kasva_odom/package.dsv'
[0.696s] INFO:colcon.colcon_core.shell:Creating package script '/home/eren/ern/projects/main_kasva_ws/install/kasva_odom/share/kasva_odom/package.sh'
[0.696s] INFO:colcon.colcon_core.shell:Creating package script '/home/eren/ern/projects/main_kasva_ws/install/kasva_odom/share/kasva_odom/package.bash'
[0.696s] INFO:colcon.colcon_core.shell:Creating package script '/home/eren/ern/projects/main_kasva_ws/install/kasva_odom/share/kasva_odom/package.zsh'
[0.696s] Level 1:colcon.colcon_core.environment:create_file_with_runtime_dependencies(/home/eren/ern/projects/main_kasva_ws/install/kasva_odom/share/colcon-core/packages/kasva_odom)
[0.697s] Level 1:colcon.colcon_core.environment:create_environment_scripts_only(kasva_odom)
[0.697s] Level 1:colcon.colcon_core.environment:checking '/home/eren/ern/projects/main_kasva_ws/install/kasva_odom' for CMake module files
[0.697s] Level 1:colcon.colcon_core.environment:checking '/home/eren/ern/projects/main_kasva_ws/install/kasva_odom' for CMake config files
[0.697s] Level 1:colcon.colcon_core.shell:create_environment_hook('kasva_odom', 'cmake_prefix_path')
[0.697s] INFO:colcon.colcon_core.shell:Creating environment hook '/home/eren/ern/projects/main_kasva_ws/install/kasva_odom/share/kasva_odom/hook/cmake_prefix_path.ps1'
[0.697s] INFO:colcon.colcon_core.shell:Creating environment descriptor '/home/eren/ern/projects/main_kasva_ws/install/kasva_odom/share/kasva_odom/hook/cmake_prefix_path.dsv'
[0.698s] INFO:colcon.colcon_core.shell:Creating environment hook '/home/eren/ern/projects/main_kasva_ws/install/kasva_odom/share/kasva_odom/hook/cmake_prefix_path.sh'
[0.698s] Level 1:colcon.colcon_core.environment:checking '/home/eren/ern/projects/main_kasva_ws/install/kasva_odom/lib'
[0.698s] Level 1:colcon.colcon_core.environment:checking '/home/eren/ern/projects/main_kasva_ws/install/kasva_odom/bin'
[0.698s] Level 1:colcon.colcon_core.environment:checking '/home/eren/ern/projects/main_kasva_ws/install/kasva_odom/lib/pkgconfig/kasva_odom.pc'
[0.698s] Level 1:colcon.colcon_core.environment:checking '/home/eren/ern/projects/main_kasva_ws/install/kasva_odom/lib/python3.12/site-packages'
[0.698s] Level 1:colcon.colcon_core.environment:checking '/home/eren/ern/projects/main_kasva_ws/install/kasva_odom/bin'
[0.698s] INFO:colcon.colcon_core.shell:Creating package script '/home/eren/ern/projects/main_kasva_ws/install/kasva_odom/share/kasva_odom/package.ps1'
[0.699s] INFO:colcon.colcon_core.shell:Creating package descriptor '/home/eren/ern/projects/main_kasva_ws/install/kasva_odom/share/kasva_odom/package.dsv'
[0.699s] INFO:colcon.colcon_core.shell:Creating package script '/home/eren/ern/projects/main_kasva_ws/install/kasva_odom/share/kasva_odom/package.sh'
[0.699s] INFO:colcon.colcon_core.shell:Creating package script '/home/eren/ern/projects/main_kasva_ws/install/kasva_odom/share/kasva_odom/package.bash'
[0.699s] INFO:colcon.colcon_core.shell:Creating package script '/home/eren/ern/projects/main_kasva_ws/install/kasva_odom/share/kasva_odom/package.zsh'
[0.699s] Level 1:colcon.colcon_core.environment:create_file_with_runtime_dependencies(/home/eren/ern/projects/main_kasva_ws/install/kasva_odom/share/colcon-core/packages/kasva_odom)
[0.700s] DEBUG:colcon.colcon_core.event_handler.log_command:Invoked command in '/home/eren/ern/projects/main_kasva_ws/build/interfaces' returned '0': CMAKE_PREFIX_PATH=${CMAKE_PREFIX_PATH}:/home/eren/ern/projects/main_kasva_ws/install/obstacle:/home/eren/ern/projects/main_kasva_ws/install/manager:/home/eren/ern/projects/main_kasva_ws/install/img_pro:/home/eren/ern/projects/main_kasva_ws/install/gui:/opt/ros/jazzy DEBUGINFOD_URLS=https://debuginfod.ubuntu.com /usr/bin/cmake --build /home/eren/ern/projects/main_kasva_ws/build/interfaces -- -j20 -l20
[0.701s] DEBUG:colcon.colcon_core.event_handler.log_command:Invoking command in '/home/eren/ern/projects/main_kasva_ws/build/interfaces': CMAKE_PREFIX_PATH=${CMAKE_PREFIX_PATH}:/home/eren/ern/projects/main_kasva_ws/install/obstacle:/home/eren/ern/projects/main_kasva_ws/install/manager:/home/eren/ern/projects/main_kasva_ws/install/img_pro:/home/eren/ern/projects/main_kasva_ws/install/gui:/opt/ros/jazzy DEBUGINFOD_URLS=https://debuginfod.ubuntu.com /usr/bin/cmake --install /home/eren/ern/projects/main_kasva_ws/build/interfaces
[0.757s] Level 1:colcon.colcon_core.environment:create_environment_scripts_only(interfaces)
[0.757s] Level 1:colcon.colcon_core.environment:checking '/home/eren/ern/projects/main_kasva_ws/install/interfaces' for CMake module files
[0.757s] DEBUG:colcon.colcon_core.event_handler.log_command:Invoked command in '/home/eren/ern/projects/main_kasva_ws/build/interfaces' returned '0': CMAKE_PREFIX_PATH=${CMAKE_PREFIX_PATH}:/home/eren/ern/projects/main_kasva_ws/install/obstacle:/home/eren/ern/projects/main_kasva_ws/install/manager:/home/eren/ern/projects/main_kasva_ws/install/img_pro:/home/eren/ern/projects/main_kasva_ws/install/gui:/opt/ros/jazzy DEBUGINFOD_URLS=https://debuginfod.ubuntu.com /usr/bin/cmake --install /home/eren/ern/projects/main_kasva_ws/build/interfaces
[0.758s] Level 1:colcon.colcon_core.environment:checking '/home/eren/ern/projects/main_kasva_ws/install/interfaces' for CMake config files
[0.758s] Level 1:colcon.colcon_core.shell:create_environment_hook('interfaces', 'cmake_prefix_path')
[0.758s] INFO:colcon.colcon_core.shell:Creating environment hook '/home/eren/ern/projects/main_kasva_ws/install/interfaces/share/interfaces/hook/cmake_prefix_path.ps1'
[0.759s] INFO:colcon.colcon_core.shell:Creating environment descriptor '/home/eren/ern/projects/main_kasva_ws/install/interfaces/share/interfaces/hook/cmake_prefix_path.dsv'
[0.759s] INFO:colcon.colcon_core.shell:Creating environment hook '/home/eren/ern/projects/main_kasva_ws/install/interfaces/share/interfaces/hook/cmake_prefix_path.sh'
[0.760s] Level 1:colcon.colcon_core.environment:checking '/home/eren/ern/projects/main_kasva_ws/install/interfaces/lib'
[0.760s] Level 1:colcon.colcon_core.shell:create_environment_hook('interfaces', 'ld_library_path_lib')
[0.760s] INFO:colcon.colcon_core.shell:Creating environment hook '/home/eren/ern/projects/main_kasva_ws/install/interfaces/share/interfaces/hook/ld_library_path_lib.ps1'
[0.760s] INFO:colcon.colcon_core.shell:Creating environment descriptor '/home/eren/ern/projects/main_kasva_ws/install/interfaces/share/interfaces/hook/ld_library_path_lib.dsv'
[0.761s] INFO:colcon.colcon_core.shell:Creating environment hook '/home/eren/ern/projects/main_kasva_ws/install/interfaces/share/interfaces/hook/ld_library_path_lib.sh'
[0.761s] Level 1:colcon.colcon_core.environment:checking '/home/eren/ern/projects/main_kasva_ws/install/interfaces/bin'
[0.761s] Level 1:colcon.colcon_core.environment:checking '/home/eren/ern/projects/main_kasva_ws/install/interfaces/lib/pkgconfig/interfaces.pc'
[0.761s] Level 1:colcon.colcon_core.environment:checking '/home/eren/ern/projects/main_kasva_ws/install/interfaces/lib/python3.12/site-packages'
[0.761s] Level 1:colcon.colcon_core.shell:create_environment_hook('interfaces', 'pythonpath')
[0.762s] INFO:colcon.colcon_core.shell:Creating environment hook '/home/eren/ern/projects/main_kasva_ws/install/interfaces/share/interfaces/hook/pythonpath.ps1'
[0.762s] INFO:colcon.colcon_core.shell:Creating environment descriptor '/home/eren/ern/projects/main_kasva_ws/install/interfaces/share/interfaces/hook/pythonpath.dsv'
[0.762s] INFO:colcon.colcon_core.shell:Creating environment hook '/home/eren/ern/projects/main_kasva_ws/install/interfaces/share/interfaces/hook/pythonpath.sh'
[0.763s] Level 1:colcon.colcon_core.environment:checking '/home/eren/ern/projects/main_kasva_ws/install/interfaces/bin'
[0.763s] INFO:colcon.colcon_core.shell:Creating package script '/home/eren/ern/projects/main_kasva_ws/install/interfaces/share/interfaces/package.ps1'
[0.763s] INFO:colcon.colcon_core.shell:Creating package descriptor '/home/eren/ern/projects/main_kasva_ws/install/interfaces/share/interfaces/package.dsv'
[0.764s] INFO:colcon.colcon_core.shell:Creating package script '/home/eren/ern/projects/main_kasva_ws/install/interfaces/share/interfaces/package.sh'
[0.764s] INFO:colcon.colcon_core.shell:Creating package script '/home/eren/ern/projects/main_kasva_ws/install/interfaces/share/interfaces/package.bash'
[0.764s] INFO:colcon.colcon_core.shell:Creating package script '/home/eren/ern/projects/main_kasva_ws/install/interfaces/share/interfaces/package.zsh'
[0.764s] Level 1:colcon.colcon_core.environment:create_file_with_runtime_dependencies(/home/eren/ern/projects/main_kasva_ws/install/interfaces/share/colcon-core/packages/interfaces)
[0.764s] Level 1:colcon.colcon_core.environment:create_environment_scripts_only(interfaces)
[0.764s] Level 1:colcon.colcon_core.environment:checking '/home/eren/ern/projects/main_kasva_ws/install/interfaces' for CMake module files
[0.765s] Level 1:colcon.colcon_core.environment:checking '/home/eren/ern/projects/main_kasva_ws/install/interfaces' for CMake config files
[0.765s] Level 1:colcon.colcon_core.shell:create_environment_hook('interfaces', 'cmake_prefix_path')
[0.765s] INFO:colcon.colcon_core.shell:Creating environment hook '/home/eren/ern/projects/main_kasva_ws/install/interfaces/share/interfaces/hook/cmake_prefix_path.ps1'
[0.765s] INFO:colcon.colcon_core.shell:Creating environment descriptor '/home/eren/ern/projects/main_kasva_ws/install/interfaces/share/interfaces/hook/cmake_prefix_path.dsv'
[0.765s] INFO:colcon.colcon_core.shell:Creating environment hook '/home/eren/ern/projects/main_kasva_ws/install/interfaces/share/interfaces/hook/cmake_prefix_path.sh'
[0.766s] Level 1:colcon.colcon_core.environment:checking '/home/eren/ern/projects/main_kasva_ws/install/interfaces/lib'
[0.766s] Level 1:colcon.colcon_core.shell:create_environment_hook('interfaces', 'ld_library_path_lib')
[0.766s] INFO:colcon.colcon_core.shell:Creating environment hook '/home/eren/ern/projects/main_kasva_ws/install/interfaces/share/interfaces/hook/ld_library_path_lib.ps1'
[0.766s] INFO:colcon.colcon_core.shell:Creating environment descriptor '/home/eren/ern/projects/main_kasva_ws/install/interfaces/share/interfaces/hook/ld_library_path_lib.dsv'
[0.766s] INFO:colcon.colcon_core.shell:Creating environment hook '/home/eren/ern/projects/main_kasva_ws/install/interfaces/share/interfaces/hook/ld_library_path_lib.sh'
[0.766s] Level 1:colcon.colcon_core.environment:checking '/home/eren/ern/projects/main_kasva_ws/install/interfaces/bin'
[0.766s] Level 1:colcon.colcon_core.environment:checking '/home/eren/ern/projects/main_kasva_ws/install/interfaces/lib/pkgconfig/interfaces.pc'
[0.767s] Level 1:colcon.colcon_core.environment:checking '/home/eren/ern/projects/main_kasva_ws/install/interfaces/lib/python3.12/site-packages'
[0.767s] Level 1:colcon.colcon_core.shell:create_environment_hook('interfaces', 'pythonpath')
[0.767s] INFO:colcon.colcon_core.shell:Creating environment hook '/home/eren/ern/projects/main_kasva_ws/install/interfaces/share/interfaces/hook/pythonpath.ps1'
[0.767s] INFO:colcon.colcon_core.shell:Creating environment descriptor '/home/eren/ern/projects/main_kasva_ws/install/interfaces/share/interfaces/hook/pythonpath.dsv'
[0.767s] INFO:colcon.colcon_core.shell:Creating environment hook '/home/eren/ern/projects/main_kasva_ws/install/interfaces/share/interfaces/hook/pythonpath.sh'
[0.768s] Level 1:colcon.colcon_core.environment:checking '/home/eren/ern/projects/main_kasva_ws/install/interfaces/bin'
[0.768s] INFO:colcon.colcon_core.shell:Creating package script '/home/eren/ern/projects/main_kasva_ws/install/interfaces/share/interfaces/package.ps1'
[0.768s] INFO:colcon.colcon_core.shell:Creating package descriptor '/home/eren/ern/projects/main_kasva_ws/install/interfaces/share/interfaces/package.dsv'
[0.768s] INFO:colcon.colcon_core.shell:Creating package script '/home/eren/ern/projects/main_kasva_ws/install/interfaces/share/interfaces/package.sh'
[0.769s] INFO:colcon.colcon_core.shell:Creating package script '/home/eren/ern/projects/main_kasva_ws/install/interfaces/share/interfaces/package.bash'
[0.769s] INFO:colcon.colcon_core.shell:Creating package script '/home/eren/ern/projects/main_kasva_ws/install/interfaces/share/interfaces/package.zsh'
[0.769s] Level 1:colcon.colcon_core.environment:create_file_with_runtime_dependencies(/home/eren/ern/projects/main_kasva_ws/install/interfaces/share/colcon-core/packages/interfaces)
[1.040s] DEBUG:colcon.colcon_core.event_handler.log_command:Invoking command in '/home/eren/ern/projects/main_kasva_ws/src/manager': DEBUGINFOD_URLS=https://debuginfod.ubuntu.com PYTHONPATH=/home/eren/ern/projects/main_kasva_ws/build/manager/prefix_override:/usr/lib/python3/dist-packages/colcon_core/task/python/colcon_distutils_commands:/home/eren/ern/projects/main_kasva_ws/install/manager/lib/python3.12/site-packages:${PYTHONPATH} /usr/bin/python3 -W ignore:setup.py install is deprecated -W ignore:easy_install command is deprecated setup.py egg_info --egg-base ../../build/manager build --build-base /home/eren/ern/projects/main_kasva_ws/build/manager/build install --record /home/eren/ern/projects/main_kasva_ws/build/manager/install.log --single-version-externally-managed install_data
[1.041s] DEBUG:colcon.colcon_core.event_handler.log_command:Invoking command in '/home/eren/ern/projects/main_kasva_ws/src/img_pro': DEBUGINFOD_URLS=https://debuginfod.ubuntu.com PYTHONPATH=/home/eren/ern/projects/main_kasva_ws/build/img_pro/prefix_override:/usr/lib/python3/dist-packages/colcon_core/task/python/colcon_distutils_commands:/home/eren/ern/projects/main_kasva_ws/install/img_pro/lib/python3.12/site-packages:${PYTHONPATH} /usr/bin/python3 -W ignore:setup.py install is deprecated -W ignore:easy_install command is deprecated setup.py egg_info --egg-base ../../build/img_pro build --build-base /home/eren/ern/projects/main_kasva_ws/build/img_pro/build install --record /home/eren/ern/projects/main_kasva_ws/build/img_pro/install.log --single-version-externally-managed install_data
[1.041s] DEBUG:colcon.colcon_core.event_handler.log_command:Invoking command in '/home/eren/ern/projects/main_kasva_ws/src/gui': DEBUGINFOD_URLS=https://debuginfod.ubuntu.com PYTHONPATH=/home/eren/ern/projects/main_kasva_ws/build/gui/prefix_override:/usr/lib/python3/dist-packages/colcon_core/task/python/colcon_distutils_commands:/home/eren/ern/projects/main_kasva_ws/install/gui/lib/python3.12/site-packages:${PYTHONPATH} /usr/bin/python3 -W ignore:setup.py install is deprecated -W ignore:easy_install command is deprecated setup.py egg_info --egg-base ../../build/gui build --build-base /home/eren/ern/projects/main_kasva_ws/build/gui/build install --record /home/eren/ern/projects/main_kasva_ws/build/gui/install.log --single-version-externally-managed install_data
[1.053s] DEBUG:colcon.colcon_core.event_handler.log_command:Invoking command in '/home/eren/ern/projects/main_kasva_ws/src/obstacle': DEBUGINFOD_URLS=https://debuginfod.ubuntu.com PYTHONPATH=/home/eren/ern/projects/main_kasva_ws/build/obstacle/prefix_override:/usr/lib/python3/dist-packages/colcon_core/task/python/colcon_distutils_commands:/home/eren/ern/projects/main_kasva_ws/install/obstacle/lib/python3.12/site-packages:${PYTHONPATH} /usr/bin/python3 -W ignore:setup.py install is deprecated -W ignore:easy_install command is deprecated setup.py egg_info --egg-base ../../build/obstacle build --build-base /home/eren/ern/projects/main_kasva_ws/build/obstacle/build install --record /home/eren/ern/projects/main_kasva_ws/build/obstacle/install.log --single-version-externally-managed install_data
[1.352s] Level 1:colcon.colcon_core.environment:checking '/home/eren/ern/projects/main_kasva_ws/install/manager' for CMake module files
[1.353s] DEBUG:colcon.colcon_core.event_handler.log_command:Invoked command in '/home/eren/ern/projects/main_kasva_ws/src/manager' returned '0': DEBUGINFOD_URLS=https://debuginfod.ubuntu.com PYTHONPATH=/home/eren/ern/projects/main_kasva_ws/build/manager/prefix_override:/usr/lib/python3/dist-packages/colcon_core/task/python/colcon_distutils_commands:/home/eren/ern/projects/main_kasva_ws/install/manager/lib/python3.12/site-packages:${PYTHONPATH} /usr/bin/python3 -W ignore:setup.py install is deprecated -W ignore:easy_install command is deprecated setup.py egg_info --egg-base ../../build/manager build --build-base /home/eren/ern/projects/main_kasva_ws/build/manager/build install --record /home/eren/ern/projects/main_kasva_ws/build/manager/install.log --single-version-externally-managed install_data
[1.353s] Level 1:colcon.colcon_core.environment:checking '/home/eren/ern/projects/main_kasva_ws/install/manager' for CMake config files
[1.354s] Level 1:colcon.colcon_core.environment:checking '/home/eren/ern/projects/main_kasva_ws/install/manager/lib'
[1.354s] Level 1:colcon.colcon_core.environment:checking '/home/eren/ern/projects/main_kasva_ws/install/manager/bin'
[1.354s] Level 1:colcon.colcon_core.environment:checking '/home/eren/ern/projects/main_kasva_ws/install/manager/lib/pkgconfig/manager.pc'
[1.354s] Level 1:colcon.colcon_core.environment:checking '/home/eren/ern/projects/main_kasva_ws/install/manager/lib/python3.12/site-packages'
[1.354s] Level 1:colcon.colcon_core.shell:create_environment_hook('manager', 'pythonpath')
[1.354s] INFO:colcon.colcon_core.shell:Creating environment hook '/home/eren/ern/projects/main_kasva_ws/install/manager/share/manager/hook/pythonpath.ps1'
[1.354s] INFO:colcon.colcon_core.shell:Creating environment descriptor '/home/eren/ern/projects/main_kasva_ws/install/manager/share/manager/hook/pythonpath.dsv'
[1.355s] INFO:colcon.colcon_core.shell:Creating environment hook '/home/eren/ern/projects/main_kasva_ws/install/manager/share/manager/hook/pythonpath.sh'
[1.355s] Level 1:colcon.colcon_core.environment:checking '/home/eren/ern/projects/main_kasva_ws/install/manager/bin'
[1.355s] Level 1:colcon.colcon_core.environment:create_environment_scripts_only(manager)
[1.355s] INFO:colcon.colcon_core.shell:Creating package script '/home/eren/ern/projects/main_kasva_ws/install/manager/share/manager/package.ps1'
[1.355s] INFO:colcon.colcon_core.shell:Creating package descriptor '/home/eren/ern/projects/main_kasva_ws/install/manager/share/manager/package.dsv'
[1.356s] INFO:colcon.colcon_core.shell:Creating package script '/home/eren/ern/projects/main_kasva_ws/install/manager/share/manager/package.sh'
[1.356s] INFO:colcon.colcon_core.shell:Creating package script '/home/eren/ern/projects/main_kasva_ws/install/manager/share/manager/package.bash'
[1.356s] INFO:colcon.colcon_core.shell:Creating package script '/home/eren/ern/projects/main_kasva_ws/install/manager/share/manager/package.zsh'
[1.356s] Level 1:colcon.colcon_core.environment:create_file_with_runtime_dependencies(/home/eren/ern/projects/main_kasva_ws/install/manager/share/colcon-core/packages/manager)
[1.357s] Level 1:colcon.colcon_core.environment:checking '/home/eren/ern/projects/main_kasva_ws/install/gui' for CMake module files
[1.357s] DEBUG:colcon.colcon_core.event_handler.log_command:Invoked command in '/home/eren/ern/projects/main_kasva_ws/src/gui' returned '0': DEBUGINFOD_URLS=https://debuginfod.ubuntu.com PYTHONPATH=/home/eren/ern/projects/main_kasva_ws/build/gui/prefix_override:/usr/lib/python3/dist-packages/colcon_core/task/python/colcon_distutils_commands:/home/eren/ern/projects/main_kasva_ws/install/gui/lib/python3.12/site-packages:${PYTHONPATH} /usr/bin/python3 -W ignore:setup.py install is deprecated -W ignore:easy_install command is deprecated setup.py egg_info --egg-base ../../build/gui build --build-base /home/eren/ern/projects/main_kasva_ws/build/gui/build install --record /home/eren/ern/projects/main_kasva_ws/build/gui/install.log --single-version-externally-managed install_data
[1.357s] Level 1:colcon.colcon_core.environment:checking '/home/eren/ern/projects/main_kasva_ws/install/gui' for CMake config files
[1.357s] Level 1:colcon.colcon_core.environment:checking '/home/eren/ern/projects/main_kasva_ws/install/gui/lib'
[1.358s] Level 1:colcon.colcon_core.environment:checking '/home/eren/ern/projects/main_kasva_ws/install/gui/bin'
[1.358s] Level 1:colcon.colcon_core.environment:checking '/home/eren/ern/projects/main_kasva_ws/install/gui/lib/pkgconfig/gui.pc'
[1.358s] Level 1:colcon.colcon_core.environment:checking '/home/eren/ern/projects/main_kasva_ws/install/gui/lib/python3.12/site-packages'
[1.358s] Level 1:colcon.colcon_core.shell:create_environment_hook('gui', 'pythonpath')
[1.358s] INFO:colcon.colcon_core.shell:Creating environment hook '/home/eren/ern/projects/main_kasva_ws/install/gui/share/gui/hook/pythonpath.ps1'
[1.358s] INFO:colcon.colcon_core.shell:Creating environment descriptor '/home/eren/ern/projects/main_kasva_ws/install/gui/share/gui/hook/pythonpath.dsv'
[1.358s] INFO:colcon.colcon_core.shell:Creating environment hook '/home/eren/ern/projects/main_kasva_ws/install/gui/share/gui/hook/pythonpath.sh'
[1.359s] Level 1:colcon.colcon_core.environment:checking '/home/eren/ern/projects/main_kasva_ws/install/gui/bin'
[1.359s] Level 1:colcon.colcon_core.environment:create_environment_scripts_only(gui)
[1.359s] INFO:colcon.colcon_core.shell:Creating package script '/home/eren/ern/projects/main_kasva_ws/install/gui/share/gui/package.ps1'
[1.359s] INFO:colcon.colcon_core.shell:Creating package descriptor '/home/eren/ern/projects/main_kasva_ws/install/gui/share/gui/package.dsv'
[1.359s] INFO:colcon.colcon_core.shell:Creating package script '/home/eren/ern/projects/main_kasva_ws/install/gui/share/gui/package.sh'
[1.359s] INFO:colcon.colcon_core.shell:Creating package script '/home/eren/ern/projects/main_kasva_ws/install/gui/share/gui/package.bash'
[1.360s] INFO:colcon.colcon_core.shell:Creating package script '/home/eren/ern/projects/main_kasva_ws/install/gui/share/gui/package.zsh'
[1.360s] Level 1:colcon.colcon_core.environment:create_file_with_runtime_dependencies(/home/eren/ern/projects/main_kasva_ws/install/gui/share/colcon-core/packages/gui)
[1.361s] Level 1:colcon.colcon_core.environment:checking '/home/eren/ern/projects/main_kasva_ws/install/img_pro' for CMake module files
[1.361s] DEBUG:colcon.colcon_core.event_handler.log_command:Invoked command in '/home/eren/ern/projects/main_kasva_ws/src/img_pro' returned '0': DEBUGINFOD_URLS=https://debuginfod.ubuntu.com PYTHONPATH=/home/eren/ern/projects/main_kasva_ws/build/img_pro/prefix_override:/usr/lib/python3/dist-packages/colcon_core/task/python/colcon_distutils_commands:/home/eren/ern/projects/main_kasva_ws/install/img_pro/lib/python3.12/site-packages:${PYTHONPATH} /usr/bin/python3 -W ignore:setup.py install is deprecated -W ignore:easy_install command is deprecated setup.py egg_info --egg-base ../../build/img_pro build --build-base /home/eren/ern/projects/main_kasva_ws/build/img_pro/build install --record /home/eren/ern/projects/main_kasva_ws/build/img_pro/install.log --single-version-externally-managed install_data
[1.361s] Level 1:colcon.colcon_core.environment:checking '/home/eren/ern/projects/main_kasva_ws/install/img_pro' for CMake config files
[1.361s] Level 1:colcon.colcon_core.environment:checking '/home/eren/ern/projects/main_kasva_ws/install/img_pro/lib'
[1.361s] Level 1:colcon.colcon_core.environment:checking '/home/eren/ern/projects/main_kasva_ws/install/img_pro/bin'
[1.361s] Level 1:colcon.colcon_core.environment:checking '/home/eren/ern/projects/main_kasva_ws/install/img_pro/lib/pkgconfig/img_pro.pc'
[1.362s] Level 1:colcon.colcon_core.environment:checking '/home/eren/ern/projects/main_kasva_ws/install/img_pro/lib/python3.12/site-packages'
[1.362s] Level 1:colcon.colcon_core.shell:create_environment_hook('img_pro', 'pythonpath')
[1.362s] INFO:colcon.colcon_core.shell:Creating environment hook '/home/eren/ern/projects/main_kasva_ws/install/img_pro/share/img_pro/hook/pythonpath.ps1'
[1.362s] INFO:colcon.colcon_core.shell:Creating environment descriptor '/home/eren/ern/projects/main_kasva_ws/install/img_pro/share/img_pro/hook/pythonpath.dsv'
[1.362s] INFO:colcon.colcon_core.shell:Creating environment hook '/home/eren/ern/projects/main_kasva_ws/install/img_pro/share/img_pro/hook/pythonpath.sh'
[1.362s] Level 1:colcon.colcon_core.environment:checking '/home/eren/ern/projects/main_kasva_ws/install/img_pro/bin'
[1.362s] Level 1:colcon.colcon_core.environment:create_environment_scripts_only(img_pro)
[1.363s] INFO:colcon.colcon_core.shell:Creating package script '/home/eren/ern/projects/main_kasva_ws/install/img_pro/share/img_pro/package.ps1'
[1.363s] INFO:colcon.colcon_core.shell:Creating package descriptor '/home/eren/ern/projects/main_kasva_ws/install/img_pro/share/img_pro/package.dsv'
[1.363s] INFO:colcon.colcon_core.shell:Creating package script '/home/eren/ern/projects/main_kasva_ws/install/img_pro/share/img_pro/package.sh'
[1.363s] INFO:colcon.colcon_core.shell:Creating package script '/home/eren/ern/projects/main_kasva_ws/install/img_pro/share/img_pro/package.bash'
[1.363s] INFO:colcon.colcon_core.shell:Creating package script '/home/eren/ern/projects/main_kasva_ws/install/img_pro/share/img_pro/package.zsh'
[1.364s] Level 1:colcon.colcon_core.environment:create_file_with_runtime_dependencies(/home/eren/ern/projects/main_kasva_ws/install/img_pro/share/colcon-core/packages/img_pro)
[1.365s] Level 1:colcon.colcon_core.environment:checking '/home/eren/ern/projects/main_kasva_ws/install/obstacle' for CMake module files
[1.365s] DEBUG:colcon.colcon_core.event_handler.log_command:Invoked command in '/home/eren/ern/projects/main_kasva_ws/src/obstacle' returned '0': DEBUGINFOD_URLS=https://debuginfod.ubuntu.com PYTHONPATH=/home/eren/ern/projects/main_kasva_ws/build/obstacle/prefix_override:/usr/lib/python3/dist-packages/colcon_core/task/python/colcon_distutils_commands:/home/eren/ern/projects/main_kasva_ws/install/obstacle/lib/python3.12/site-packages:${PYTHONPATH} /usr/bin/python3 -W ignore:setup.py install is deprecated -W ignore:easy_install command is deprecated setup.py egg_info --egg-base ../../build/obstacle build --build-base /home/eren/ern/projects/main_kasva_ws/build/obstacle/build install --record /home/eren/ern/projects/main_kasva_ws/build/obstacle/install.log --single-version-externally-managed install_data
[1.365s] Level 1:colcon.colcon_core.environment:checking '/home/eren/ern/projects/main_kasva_ws/install/obstacle' for CMake config files
[1.366s] Level 1:colcon.colcon_core.environment:checking '/home/eren/ern/projects/main_kasva_ws/install/obstacle/lib'
[1.366s] Level 1:colcon.colcon_core.environment:checking '/home/eren/ern/projects/main_kasva_ws/install/obstacle/bin'
[1.366s] Level 1:colcon.colcon_core.environment:checking '/home/eren/ern/projects/main_kasva_ws/install/obstacle/lib/pkgconfig/obstacle.pc'
[1.366s] Level 1:colcon.colcon_core.environment:checking '/home/eren/ern/projects/main_kasva_ws/install/obstacle/lib/python3.12/site-packages'
[1.366s] Level 1:colcon.colcon_core.shell:create_environment_hook('obstacle', 'pythonpath')
[1.366s] INFO:colcon.colcon_core.shell:Creating environment hook '/home/eren/ern/projects/main_kasva_ws/install/obstacle/share/obstacle/hook/pythonpath.ps1'
[1.366s] INFO:colcon.colcon_core.shell:Creating environment descriptor '/home/eren/ern/projects/main_kasva_ws/install/obstacle/share/obstacle/hook/pythonpath.dsv'
[1.366s] INFO:colcon.colcon_core.shell:Creating environment hook '/home/eren/ern/projects/main_kasva_ws/install/obstacle/share/obstacle/hook/pythonpath.sh'
[1.367s] Level 1:colcon.colcon_core.environment:checking '/home/eren/ern/projects/main_kasva_ws/install/obstacle/bin'
[1.367s] Level 1:colcon.colcon_core.environment:create_environment_scripts_only(obstacle)
[1.367s] INFO:colcon.colcon_core.shell:Creating package script '/home/eren/ern/projects/main_kasva_ws/install/obstacle/share/obstacle/package.ps1'
[1.367s] INFO:colcon.colcon_core.shell:Creating package descriptor '/home/eren/ern/projects/main_kasva_ws/install/obstacle/share/obstacle/package.dsv'
[1.367s] INFO:colcon.colcon_core.shell:Creating package script '/home/eren/ern/projects/main_kasva_ws/install/obstacle/share/obstacle/package.sh'
[1.367s] INFO:colcon.colcon_core.shell:Creating package script '/home/eren/ern/projects/main_kasva_ws/install/obstacle/share/obstacle/package.bash'
[1.368s] INFO:colcon.colcon_core.shell:Creating package script '/home/eren/ern/projects/main_kasva_ws/install/obstacle/share/obstacle/package.zsh'
[1.368s] Level 1:colcon.colcon_core.environment:create_file_with_runtime_dependencies(/home/eren/ern/projects/main_kasva_ws/install/obstacle/share/colcon-core/packages/obstacle)
[1.368s] DEBUG:colcon.colcon_parallel_executor.executor.parallel:closing loop
[1.368s] DEBUG:colcon.colcon_parallel_executor.executor.parallel:loop closed
[1.368s] DEBUG:colcon.colcon_parallel_executor.executor.parallel:run_until_complete finished with '0'
[1.368s] DEBUG:colcon.colcon_core.event_reactor:joining thread
[1.372s] INFO:colcon.colcon_core.plugin_system:Skipping extension 'colcon_notification.desktop_notification.terminal_notifier': Not used on non-Darwin systems
[1.372s] INFO:colcon.colcon_core.plugin_system:Skipping extension 'colcon_notification.desktop_notification.win32': Not used on non-Windows systems
[1.372s] INFO:colcon.colcon_notification.desktop_notification:Sending desktop notification using 'notify2'
[1.387s] DEBUG:colcon.colcon_core.event_reactor:joined thread
[1.387s] INFO:colcon.colcon_core.shell:Creating prefix script '/home/eren/ern/projects/main_kasva_ws/install/local_setup.ps1'
[1.388s] INFO:colcon.colcon_core.shell:Creating prefix util module '/home/eren/ern/projects/main_kasva_ws/install/_local_setup_util_ps1.py'
[1.388s] INFO:colcon.colcon_core.shell:Creating prefix chain script '/home/eren/ern/projects/main_kasva_ws/install/setup.ps1'
[1.389s] INFO:colcon.colcon_core.shell:Creating prefix script '/home/eren/ern/projects/main_kasva_ws/install/local_setup.sh'
[1.389s] INFO:colcon.colcon_core.shell:Creating prefix util module '/home/eren/ern/projects/main_kasva_ws/install/_local_setup_util_sh.py'
[1.390s] INFO:colcon.colcon_core.shell:Creating prefix chain script '/home/eren/ern/projects/main_kasva_ws/install/setup.sh'
[1.390s] INFO:colcon.colcon_core.shell:Creating prefix script '/home/eren/ern/projects/main_kasva_ws/install/local_setup.bash'
[1.391s] INFO:colcon.colcon_core.shell:Creating prefix chain script '/home/eren/ern/projects/main_kasva_ws/install/setup.bash'
[1.391s] INFO:colcon.colcon_core.shell:Creating prefix script '/home/eren/ern/projects/main_kasva_ws/install/local_setup.zsh'
[1.392s] INFO:colcon.colcon_core.shell:Creating prefix chain script '/home/eren/ern/projects/main_kasva_ws/install/setup.zsh'
