[0.975s] Invoking command in '/home/eren/ern/projects/main_kasva_ws/src/gui': DEBUGINFOD_URLS=https://debuginfod.ubuntu.com PYTHONPATH=/home/eren/ern/projects/main_kasva_ws/build/gui/prefix_override:/usr/lib/python3/dist-packages/colcon_core/task/python/colcon_distutils_commands:/home/eren/ern/projects/main_kasva_ws/install/gui/lib/python3.12/site-packages:${PYTHONPATH} /usr/bin/python3 -W ignore:setup.py install is deprecated -W ignore:easy_install command is deprecated setup.py egg_info --egg-base ../../build/gui build --build-base /home/eren/ern/projects/main_kasva_ws/build/gui/build install --record /home/eren/ern/projects/main_kasva_ws/build/gui/install.log --single-version-externally-managed install_data
[1.149s] running egg_info
[1.160s] writing ../../build/gui/gui.egg-info/PKG-INFO
[1.160s] writing dependency_links to ../../build/gui/gui.egg-info/dependency_links.txt
[1.161s] writing entry points to ../../build/gui/gui.egg-info/entry_points.txt
[1.161s] writing requirements to ../../build/gui/gui.egg-info/requires.txt
[1.161s] writing top-level names to ../../build/gui/gui.egg-info/top_level.txt
[1.183s] reading manifest file '../../build/gui/gui.egg-info/SOURCES.txt'
[1.184s] writing manifest file '../../build/gui/gui.egg-info/SOURCES.txt'
[1.184s] running build
[1.184s] running build_py
[1.184s] running install
[1.188s] running install_lib
[1.200s] running install_data
[1.200s] running install_egg_info
[1.212s] removing '/home/eren/ern/projects/main_kasva_ws/install/gui/lib/python3.12/site-packages/gui-0.0.0-py3.12.egg-info' (and everything under it)
[1.213s] Copying ../../build/gui/gui.egg-info to /home/eren/ern/projects/main_kasva_ws/install/gui/lib/python3.12/site-packages/gui-0.0.0-py3.12.egg-info
[1.213s] running install_scripts
[1.294s] Installing kasva_gui script to /home/eren/ern/projects/main_kasva_ws/install/gui/lib/gui
[1.294s] writing list of installed files to '/home/eren/ern/projects/main_kasva_ws/build/gui/install.log'
[1.338s] Invoked command in '/home/eren/ern/projects/main_kasva_ws/src/gui' returned '0': DEBUGINFOD_URLS=https://debuginfod.ubuntu.com PYTHONPATH=/home/eren/ern/projects/main_kasva_ws/build/gui/prefix_override:/usr/lib/python3/dist-packages/colcon_core/task/python/colcon_distutils_commands:/home/eren/ern/projects/main_kasva_ws/install/gui/lib/python3.12/site-packages:${PYTHONPATH} /usr/bin/python3 -W ignore:setup.py install is deprecated -W ignore:easy_install command is deprecated setup.py egg_info --egg-base ../../build/gui build --build-base /home/eren/ern/projects/main_kasva_ws/build/gui/build install --record /home/eren/ern/projects/main_kasva_ws/build/gui/install.log --single-version-externally-managed install_data
