[0.007s] Invoking command in '/home/eren/ern/projects/main_kasva_ws/build/kasva_sekli': CMAKE_PREFIX_PATH=${CMAKE_PREFIX_PATH}:/opt/ros/jazzy DEBUGINFOD_URLS=https://debuginfod.ubuntu.com /usr/bin/cmake --build /home/eren/ern/projects/main_kasva_ws/build/kasva_sekli -- -j20 -l20
[0.024s] -- Found ament_cmake: 2.5.3 (/opt/ros/jazzy/share/ament_cmake/cmake)
[0.172s] -- Found ament_lint_auto: 0.17.1 (/opt/ros/jazzy/share/ament_lint_auto/cmake)
[0.236s] -- Added test 'flake8' to check Python code syntax and style conventions
[0.236s] -- Configured 'flake8' exclude dirs and/or files: 
[0.236s] -- Added test 'lint_cmake' to check CMake code style
[0.236s] -- Added test 'pep257' to check Python code against some of the docstring style conventions in PEP 257
[0.237s] -- Added test 'xmllint' to check XML markup files
[0.237s] -- Configuring done (0.2s)
[0.239s] -- Generating done (0.0s)
[0.240s] -- Build files have been written to: /home/eren/ern/projects/main_kasva_ws/build/kasva_sekli
[0.258s] Invoked command in '/home/eren/ern/projects/main_kasva_ws/build/kasva_sekli' returned '0': CMAKE_PREFIX_PATH=${CMAKE_PREFIX_PATH}:/opt/ros/jazzy DEBUGINFOD_URLS=https://debuginfod.ubuntu.com /usr/bin/cmake --build /home/eren/ern/projects/main_kasva_ws/build/kasva_sekli -- -j20 -l20
[0.266s] Invoking command in '/home/eren/ern/projects/main_kasva_ws/build/kasva_sekli': CMAKE_PREFIX_PATH=${CMAKE_PREFIX_PATH}:/opt/ros/jazzy DEBUGINFOD_URLS=https://debuginfod.ubuntu.com /usr/bin/cmake --install /home/eren/ern/projects/main_kasva_ws/build/kasva_sekli
[0.273s] -- Install configuration: ""
[0.273s] -- Installing: /home/eren/ern/projects/main_kasva_ws/install/kasva_sekli/share/kasva_sekli/config
[0.273s] -- Installing: /home/eren/ern/projects/main_kasva_ws/install/kasva_sekli/share/kasva_sekli/config/gz_bridge.yaml
[0.273s] -- Installing: /home/eren/ern/projects/main_kasva_ws/install/kasva_sekli/share/kasva_sekli/config/my_controllers.yaml
[0.273s] -- Installing: /home/eren/ern/projects/main_kasva_ws/install/kasva_sekli/share/kasva_sekli/description
[0.273s] -- Installing: /home/eren/ern/projects/main_kasva_ws/install/kasva_sekli/share/kasva_sekli/description/camera.xacro
[0.273s] -- Installing: /home/eren/ern/projects/main_kasva_ws/install/kasva_sekli/share/kasva_sekli/description/lidar.xacro
[0.273s] -- Installing: /home/eren/ern/projects/main_kasva_ws/install/kasva_sekli/share/kasva_sekli/description/robot.urdf.xacro
[0.273s] -- Installing: /home/eren/ern/projects/main_kasva_ws/install/kasva_sekli/share/kasva_sekli/description/inertial_macros.xacro
[0.273s] -- Installing: /home/eren/ern/projects/main_kasva_ws/install/kasva_sekli/share/kasva_sekli/description/robot_core.xacro
[0.273s] -- Installing: /home/eren/ern/projects/main_kasva_ws/install/kasva_sekli/share/kasva_sekli/description/gazebo_control.xacro
[0.273s] -- Installing: /home/eren/ern/projects/main_kasva_ws/install/kasva_sekli/share/kasva_sekli/launch
[0.274s] -- Installing: /home/eren/ern/projects/main_kasva_ws/install/kasva_sekli/share/kasva_sekli/launch/launch_sim.launch.py
[0.274s] -- Installing: /home/eren/ern/projects/main_kasva_ws/install/kasva_sekli/share/kasva_sekli/worlds
[0.274s] -- Installing: /home/eren/ern/projects/main_kasva_ws/install/kasva_sekli/share/kasva_sekli/worlds/empty.world
[0.274s] -- Up-to-date: /home/eren/ern/projects/main_kasva_ws/install/kasva_sekli/share/ament_index/resource_index/package_run_dependencies/kasva_sekli
[0.274s] -- Installing: /home/eren/ern/projects/main_kasva_ws/install/kasva_sekli/share/ament_index/resource_index/parent_prefix_path/kasva_sekli
[0.274s] -- Up-to-date: /home/eren/ern/projects/main_kasva_ws/install/kasva_sekli/share/kasva_sekli/environment/ament_prefix_path.sh
[0.274s] -- Up-to-date: /home/eren/ern/projects/main_kasva_ws/install/kasva_sekli/share/kasva_sekli/environment/ament_prefix_path.dsv
[0.274s] -- Up-to-date: /home/eren/ern/projects/main_kasva_ws/install/kasva_sekli/share/kasva_sekli/environment/path.sh
[0.274s] -- Up-to-date: /home/eren/ern/projects/main_kasva_ws/install/kasva_sekli/share/kasva_sekli/environment/path.dsv
[0.274s] -- Up-to-date: /home/eren/ern/projects/main_kasva_ws/install/kasva_sekli/share/kasva_sekli/local_setup.bash
[0.274s] -- Up-to-date: /home/eren/ern/projects/main_kasva_ws/install/kasva_sekli/share/kasva_sekli/local_setup.sh
[0.274s] -- Up-to-date: /home/eren/ern/projects/main_kasva_ws/install/kasva_sekli/share/kasva_sekli/local_setup.zsh
[0.274s] -- Up-to-date: /home/eren/ern/projects/main_kasva_ws/install/kasva_sekli/share/kasva_sekli/local_setup.dsv
[0.274s] -- Up-to-date: /home/eren/ern/projects/main_kasva_ws/install/kasva_sekli/share/kasva_sekli/package.dsv
[0.274s] -- Up-to-date: /home/eren/ern/projects/main_kasva_ws/install/kasva_sekli/share/ament_index/resource_index/packages/kasva_sekli
[0.274s] -- Up-to-date: /home/eren/ern/projects/main_kasva_ws/install/kasva_sekli/share/kasva_sekli/cmake/kasva_sekliConfig.cmake
[0.274s] -- Up-to-date: /home/eren/ern/projects/main_kasva_ws/install/kasva_sekli/share/kasva_sekli/cmake/kasva_sekliConfig-version.cmake
[0.274s] -- Up-to-date: /home/eren/ern/projects/main_kasva_ws/install/kasva_sekli/share/kasva_sekli/package.xml
[0.275s] Invoked command in '/home/eren/ern/projects/main_kasva_ws/build/kasva_sekli' returned '0': CMAKE_PREFIX_PATH=${CMAKE_PREFIX_PATH}:/opt/ros/jazzy DEBUGINFOD_URLS=https://debuginfod.ubuntu.com /usr/bin/cmake --install /home/eren/ern/projects/main_kasva_ws/build/kasva_sekli
